[16:05:46] This is prokka 1.13
[16:05:46] Written by Torsten Seemann <torsten.seemann@gmail.com>
[16:05:46] Homepage is https://github.com/tseemann/prokka
[16:05:46] Local time is Wed Apr  1 16:05:46 2020
[16:05:46] You are emcdaniel
[16:05:46] Operating system is darwin
[16:05:46] You have BioPerl 1.006924
[16:05:46] System has 4 cores.
[16:05:46] Will use maximum of 1 cores.
[16:05:46] Annotating as >>> Bacteria <<<
[16:05:46] Generating locus_tag from '2687453699.fna' contents.
[16:05:46] Setting --locustag PEBOPBNB from MD5 9eb89b7b4bbbfb65b783d1cd893191a0
[16:05:46] Enabling options to ensure Genbank/ENA/DDJB submission compliance.
[16:05:46] Creating new output folder: 2687453699
[16:05:46] Running: mkdir -p 2687453699
[16:05:46] Using filename prefix: 2687453699.XXX
[16:05:46] Setting HMMER_NCPU=1
[16:05:46] Writing log to: 2687453699/2687453699.log
[16:05:46] Command: /Users/emcdaniel/anaconda3/bin/prokka --outdir 2687453699 --prefix 2687453699 --cpus 1 2687453699.fna --centre X --compliant
[16:05:46] Appending to PATH: /Users/emcdaniel/anaconda3/bin
[16:05:46] Looking for 'aragorn' - found /Users/emcdaniel/anaconda3/bin/aragorn
[16:05:46] Determined aragorn version is 1.2
[16:05:46] Looking for 'barrnap' - found /Users/emcdaniel/anaconda3/bin/barrnap
[16:05:46] Determined barrnap version is 0.9
[16:05:46] Looking for 'blastp' - found /Users/emcdaniel/anaconda3/bin/blastp
[16:05:47] Determined blastp version is 2.9
[16:05:47] Looking for 'cmpress' - found /Users/emcdaniel/anaconda3/bin/cmpress
[16:05:47] Determined cmpress version is 1.1
[16:05:47] Looking for 'cmscan' - found /Users/emcdaniel/anaconda3/bin/cmscan
[16:05:47] Determined cmscan version is 1.1
[16:05:47] Looking for 'egrep' - found /usr/bin/egrep
[16:05:47] Looking for 'find' - found /usr/bin/find
[16:05:47] Looking for 'grep' - found /usr/bin/grep
[16:05:47] Looking for 'hmmpress' - found /Users/emcdaniel/anaconda3/bin/hmmpress
[16:05:47] Determined hmmpress version is 3.3
[16:05:47] Looking for 'hmmscan' - found /Users/emcdaniel/anaconda3/bin/hmmscan
[16:05:47] Determined hmmscan version is 3.3
[16:05:47] Looking for 'java' - found /Users/emcdaniel/anaconda3/bin/java
[16:05:47] Looking for 'less' - found /usr/bin/less
[16:05:47] Looking for 'makeblastdb' - found /Users/emcdaniel/anaconda3/bin/makeblastdb
[16:05:47] Determined makeblastdb version is 2.9
[16:05:47] Looking for 'minced' - found /Users/emcdaniel/anaconda3/bin/minced
[16:05:47] Determined minced version is 4.2
[16:05:47] Looking for 'parallel' - found /Users/emcdaniel/anaconda3/bin/parallel
[16:05:47] Determined parallel version is 20170422
[16:05:47] Looking for 'prodigal' - found /Users/emcdaniel/anaconda3/bin/prodigal
[16:05:47] Determined prodigal version is 2.6
[16:05:47] Looking for 'prokka-genbank_to_fasta_db' - found /Users/emcdaniel/anaconda3/bin/prokka-genbank_to_fasta_db
[16:05:47] Looking for 'sed' - found /usr/bin/sed
[16:05:47] Looking for 'tbl2asn' - found /Users/emcdaniel/anaconda3/bin/tbl2asn
[16:05:47] Determined tbl2asn version is 25.7
[16:05:47] Using genetic code table 11.
[16:05:47] Loading and checking input file: 2687453699.fna
[16:05:48] Wrote 6 contigs totalling 4329894 bp.
[16:05:48] Predicting tRNAs and tmRNAs
[16:05:48] Running: aragorn -l -gc11  -w 2687453699\/2687453699\.fna
[16:05:51] 1 tRNA-Lys [271751,271826] 34 (ttt)
[16:05:51] 2 tRNA-Arg [439261,439337] 35 (acg)
[16:05:51] 3 tRNA-Ala [640918,640993] 34 (cgc)
[16:05:51] 4 tRNA-Met c[715224,715300] 35 (cat)
[16:05:51] 5 tRNA-Thr [908945,909018] 33 (tgt)
[16:05:51] 6 tRNA-Glu [1082982,1083058] 36 (ttc)
[16:05:51] 7 tRNA-Ala [1112645,1112722] 38 (ggc)
[16:05:51] 8 tRNA-Val c[1303293,1303367] 33 (cac)
[16:05:51] 9 tRNA-Ser [1402897,1402984] 35 (tga)
[16:05:51] 10 tmRNA* [1763523,1763828] 183,215 ANDERFAMAA*
[16:05:51] 11 tRNA-Ser [2574648,2574738] 35 (gga)
[16:05:51] 12 tRNA-Met [2772817,2772890] 36 (cat)
[16:05:51] 1 tRNA-Arg c[3173,3247] 34 (cct)
[16:05:51] 2 tRNA-Val [130130,130206] 35 (gac)
[16:05:51] 3 tRNA-Asn c[240981,241056] 34 (gtt)
[16:05:51] 4 tRNA-Leu c[281976,282062] 35 (caa)
[16:05:51] 5 tRNA-His [504114,504189] 34 (gtg)
[16:05:51] 6 tRNA-Asn c[520800,520890] 31 (att)
[16:05:51] 7 tRNA-Asp [537045,537117] 31 (gtc)
[16:05:51] 8 tRNA-Leu c[727333,727417] 35 (taa)
[16:05:51] 1 tRNA-Leu c[28785,28881] 36 (cag)
[16:05:51] 2 tRNA-Ala c[421832,421927] 39 (agc)
[16:05:51] Found 22 tRNAs
[16:05:51] Predicting Ribosomal RNAs
[16:05:51] Running Barrnap with 1 threads
[16:05:54] Found 0 rRNAs
[16:05:54] Skipping ncRNA search, enable with --rfam if desired.
[16:05:54] Total of 21 tRNA + rRNA features
[16:05:54] Searching for CRISPR repeats
[16:05:55] Found 0 CRISPRs
[16:05:55] Predicting coding sequences
[16:05:55] Contigs total 4329894 bp, so using single mode
[16:05:55] Running: prodigal -i 2687453699\/2687453699\.fna -c -m -g 11 -p single -f sco -q
[16:06:04] Excluding CDS which overlaps existing RNA (tRNA) at gnl|X|PEBOPBNB_1:1402924..1403562 on - strand
[16:06:05] Excluding CDS which overlaps existing RNA (tRNA) at gnl|X|PEBOPBNB_2:519619..521343 on + strand
[16:06:06] Excluding CDS which overlaps existing RNA (tRNA) at gnl|X|PEBOPBNB_3:26179..42426 on + strand
[16:06:06] Found 3771 CDS
[16:06:06] Connecting features back to sequences
[16:06:06] Not using genus-specific database. Try --usegenus to enable it.
[16:06:06] Annotating CDS, please be patient.
[16:06:06] Will use 1 CPUs for similarity searching.
[16:06:09] There are still 3771 unannotated CDS left (started with 3771)
[16:06:09] Will use blast to search against /Users/emcdaniel/anaconda3/bin/../db/kingdom/Bacteria/sprot with 1 CPUs
[16:06:09] Running: cat 2687453699\/sprot\.faa | parallel --gnu --plain -j 1 --block 647626 --recstart '>' --pipe blastp -query - -db /Users/emcdaniel/anaconda3/bin/../db/kingdom/Bacteria/sprot -evalue 1e-06 -num_threads 1 -num_descriptions 1 -num_alignments 1 -seg no > 2687453699\/sprot\.blast 2> /dev/null
[16:11:28] Modify product: UPF0301 protein VC_0467 => hypothetical protein
[16:11:28] Modify product: UPF0235 protein YggU => hypothetical protein
[16:11:28] Modify product: Probable histidine-binding protein => putative histidine-binding protein
[16:11:28] Modify product: Probable ATP-dependent helicase DinG homolog => putative ATP-dependent helicase DinG 
[16:11:28] Modify product: Probable parvulin-type peptidyl-prolyl cis-trans isomerase => putative parvulin-type peptidyl-prolyl cis-trans isomerase
[16:11:28] Modify product: Uncharacterized signaling protein PA1727 => putative signaling protein
[16:11:28] Modify product: Uncharacterized protein MT2060 => putative protein
[16:11:28] Modify product: Probable enoyl-CoA hydratase echA8 => putative enoyl-CoA hydratase echA8
[16:11:28] Modify product: Probable phospholipid import ATP-binding protein MlaF => putative phospholipid import ATP-binding protein MlaF
[16:11:28] Modify product: Probable phospholipid ABC transporter permease protein MlaE => putative phospholipid ABC transporter permease protein MlaE
[16:11:28] Modify product: UPF0271 protein YbgL => hypothetical protein
[16:11:28] Modify product: Uncharacterized protein YbgK => putative protein YbgK
[16:11:28] Modify product: UPF0053 inner membrane protein YoaE => hypothetical protein
[16:11:28] Modify product: SCO1 protein homolog => SCO1 protein 
[16:11:28] Modify product: Uncharacterized protein Rv2575 => putative protein
[16:11:28] Modify product: RNA-binding protein HI_1333 => RNA-binding protein
[16:11:28] Modify product: UPF0502 protein YceH => hypothetical protein
[16:11:28] Modify product: Probable cyclic di-GMP phosphodiesterase VC_1348 => putative cyclic di-GMP phosphodiesterase
[16:11:28] Modify product: Uncharacterized ABC transporter ATP-binding protein TM_0288 => putative ABC transporter ATP-binding protein
[16:11:28] Modify product: UPF0225 protein YchJ => hypothetical protein
[16:11:28] Modify product: Probable formate transporter 1 => putative formate transporter 1
[16:11:28] Modify product: Peroxiredoxin sll1621 => Peroxiredoxin
[16:11:28] Modify product: Uncharacterized protein Rv2569c => putative protein
[16:11:28] Modify product: Uncharacterized zinc protease Rv2782c => putative zinc protease
[16:11:28] Modify product: Uncharacterized zinc protease Rv2782c => putative zinc protease
[16:11:28] Modify product: Probable Fe(2+)-trafficking protein => putative Fe(2+)-trafficking protein
[16:11:28] Modify product: Probable siderophore biosynthesis protein SbnA => putative siderophore biosynthesis protein SbnA
[16:11:28] Modify product: UPF0053 protein Rv1842c => hypothetical protein
[16:11:28] Modify product: GTP cyclohydrolase 1 type 2 homolog => GTP cyclohydrolase 1 type 2 
[16:11:28] Modify product: Probable phospholipid ABC transporter permease protein MlaE => putative phospholipid ABC transporter permease protein MlaE
[16:11:28] Modify product: Uncharacterized lipoprotein YfhM => putative lipoprotein YfhM
[16:11:28] Modify product: UPF0126 inner membrane protein YadS => hypothetical protein
[16:11:29] Modify product: Uncharacterized protein NMB0459 => putative protein
[16:11:29] Modify product: Stringent starvation protein A homolog => Stringent starvation protein A 
[16:11:29] Modify product: Uncharacterized protease YdcP => putative protease YdcP
[16:11:29] Modify product: UPF0307 protein YjgA => hypothetical protein
[16:11:29] Modify product: Probable peptidoglycan glycosyltransferase FtsW => putative peptidoglycan glycosyltransferase FtsW
[16:11:29] Modify product: Probable peptidoglycan D,D-transpeptidase PenA => putative peptidoglycan D,D-transpeptidase PenA
[16:11:29] Modify product: UPF0102 protein RPA0323 => hypothetical protein
[16:11:29] Modify product: Uncharacterized FAD-linked oxidoreductase Rv2280 => putative FAD-linked oxidoreductase
[16:11:29] Modify product: Uncharacterized signaling protein PA1727 => putative signaling protein
[16:11:29] Modify product: Uncharacterized signaling protein PA1727 => putative signaling protein
[16:11:29] Modify product: PGL/p-HBAD biosynthesis glycosyltransferase Rv2957 => PGL/p-HBAD biosynthesis glycosyltransferase
[16:11:29] Modify product: Uncharacterized MscS family protein HI_0195.1 => putative MscS family protein.1
[16:11:29] Modify product: Uncharacterized protein YciH => putative protein YciH
[16:11:29] Modify product: Probable GTP-binding protein EngB => putative GTP-binding protein EngB
[16:11:29] Modify product: Uncharacterized signaling protein PA1727 => putative signaling protein
[16:11:29] Modify product: Uncharacterized ABC transporter ATP-binding protein YknY => putative ABC transporter ATP-binding protein YknY
[16:11:29] Modify product: Uncharacterized protein YfgD => putative protein YfgD
[16:11:29] Modify product: Cyclic di-GMP phosphodiesterase TM_0186 => Cyclic di-GMP phosphodiesterase
[16:11:29] Modify product: Probable diguanylate cyclase DgcC => putative diguanylate cyclase DgcC
[16:11:29] Modify product: Probable glycerol-3-phosphate acyltransferase => putative glycerol-3-phosphate acyltransferase
[16:11:29] Modify product: Universal stress protein MT2698 => Universal stress protein
[16:11:29] Modify product: UPF0053 inner membrane protein YfjD => hypothetical protein
[16:11:29] Modify product: UPF0053 protein HI_0107 => hypothetical protein
[16:11:29] Modify product: Probable chromosome-partitioning protein ParB => putative chromosome-partitioning protein ParB
[16:11:29] Modify product: Probable membrane transporter protein YfcA => putative membrane transporter protein YfcA
[16:11:29] Modify product: Protease HtpX homolog => Protease HtpX 
[16:11:29] Modify product: Putative glutamine amidotransferase Rv2859c => Putative glutamine amidotransferase
[16:11:29] Modify product: Glycogen operon protein GlgX homolog => Glycogen operon protein GlgX 
[16:11:29] Modify product: Uncharacterized HTH-type transcriptional regulator YusO => putative HTH-type transcriptional regulator YusO
[16:11:29] Modify product: Probable type I restriction enzyme BthVORF4518P M protein => putative type I restriction enzymeP M protein
[16:11:29] Modify product: Uncharacterized oxidoreductase YdhV => putative oxidoreductase YdhV
[16:11:29] Modify product: Stringent starvation protein B homolog => Stringent starvation protein B 
[16:11:29] Modify product: Uncharacterized signaling protein PA1727 => putative signaling protein
[16:11:29] Modify product: Uncharacterized NTE family protein Rv1063c => putative NTE family protein
[16:11:29] Modify product: Uncharacterized protein HI_1163 => putative protein
[16:11:29] Modify product: Probable type II secretion system protein HxcR => putative type II secretion system protein HxcR
[16:11:29] Modify product: UPF0053 inner membrane protein YtfL => hypothetical protein
[16:11:29] Modify product: Cyclic diguanosine monophosphate-binding protein PA4608 => Cyclic diguanosine monophosphate-binding protein
[16:11:29] Modify product: Probable amino-acid metabolite efflux pump => putative amino-acid metabolite efflux pump
[16:11:29] Modify product: UPF0434 protein BB2007 => hypothetical protein
[16:11:29] Modify product: UPF0098 protein YbhB => hypothetical protein
[16:11:29] Modify product: Probable lipid II flippase MurJ => putative lipid II flippase MurJ
[16:11:29] Modify product: Probable enoyl-CoA hydratase echA8 => putative enoyl-CoA hydratase echA8
[16:11:29] Modify product: Probable thiol:disulfide interchange protein DsbC => putative thiol:disulfide interchange protein DsbC
[16:11:29] Modify product: Uncharacterized protein YqeY => putative protein YqeY
[16:11:29] Modify product: UPF0053 protein HI_0107 => hypothetical protein
[16:11:29] Modify product: UPF0053 protein HI_0107 => hypothetical protein
[16:11:29] Modify product: UPF0053 protein HI_0107 => hypothetical protein
[16:11:29] Modify product: Uncharacterized protein Rv2569c => putative protein
[16:11:29] Modify product: Uncharacterized protein Rv2567 => putative protein
[16:11:29] Modify product: Uncharacterized protein Rv2569c => putative protein
[16:11:29] Modify product: Uncharacterized protein Rv2411c => putative protein
[16:11:29] Modify product: UPF0145 protein BC_1012 => hypothetical protein
[16:11:29] Modify product: Uncharacterized protein Rv1278 => putative protein
[16:11:29] Modify product: Uncharacterized signaling protein PA1727 => putative signaling protein
[16:11:29] Modify product: Uncharacterized signaling protein PA1727 => putative signaling protein
[16:11:29] Modify product: Probable phospholipid import ATP-binding protein MlaF => putative phospholipid import ATP-binding protein MlaF
[16:11:29] Modify product: Probable phospholipid ABC transporter permease protein MlaE => putative phospholipid ABC transporter permease protein MlaE
[16:11:29] Modify product: Probable phospholipid ABC transporter-binding protein MlaD => putative phospholipid ABC transporter-binding protein MlaD
[16:11:29] Modify product: Probable phospholipid-binding lipoprotein MlaA => putative phospholipid-binding lipoprotein MlaA
[16:11:29] Modify product: Probable phospholipid-binding protein MlaC => putative phospholipid-binding protein MlaC
[16:11:29] Modify product: Uncharacterized ABC transporter ATP-binding protein YadG => putative ABC transporter ATP-binding protein YadG
[16:11:29] Modify product: Uncharacterized HTH-type transcriptional regulator Rv1395 => putative HTH-type transcriptional regulator
[16:11:29] Modify product: UPF0225 protein YchJ => hypothetical protein
[16:11:29] Modify product: UPF0178 protein YaiI => hypothetical protein
[16:11:29] Modify product: Probable cation-transporting ATPase F => putative cation-transporting ATPase F
[16:11:29] Modify product: UPF0098 protein CT_736 => hypothetical protein
[16:11:29] Modify product: UPF0761 membrane protein YihY => hypothetical protein
[16:11:29] Modify product: Uncharacterized protein Rv0887c => putative protein
[16:11:29] Modify product: Glycogen operon protein GlgX homolog => Glycogen operon protein GlgX 
[16:11:29] Modify product: Uncharacterized FAD-linked oxidoreductase Rv2280 => putative FAD-linked oxidoreductase
[16:11:29] Modify product: Uncharacterized protein HI_0103 => putative protein
[16:11:29] Modify product: Cyclic di-GMP phosphodiesterase PA4108 => Cyclic di-GMP phosphodiesterase
[16:11:30] Modify product: UPF0166 protein TM_0021 => hypothetical protein
[16:11:30] Modify product: Uncharacterized protease YhbU => putative protease YhbU
[16:11:30] Modify product: Uncharacterized oxidoreductase Rv0945 => putative oxidoreductase
[16:11:30] Modify product: Probable protein kinase UbiB => putative protein kinase UbiB
[16:11:30] Modify product: Probable nicotinate-nucleotide adenylyltransferase => putative nicotinate-nucleotide adenylyltransferase
[16:11:30] Modify product: Probable GTPase Rv1496 => putative GTPase
[16:11:30] Modify product: Probable enoyl-CoA hydratase echA8 => putative enoyl-CoA hydratase echA8
[16:11:30] Modify product: Sulfurtransferase Alvin_2599 => Sulfurtransferase
[16:11:30] Modify product: Probable cation efflux system protein Rv2025c => putative cation efflux system protein
[16:11:30] Modify product: Uncharacterized protein YibN => putative protein YibN
[16:11:30] Modify product: Uncharacterized protein YciO => putative protein YciO
[16:11:30] Modify product: Segregation and condensation protein B homolog => Segregation and condensation protein B 
[16:11:30] Modify product: Uncharacterized protein Rv0628c => putative protein
[16:11:30] Modify product: Phosphate-specific transport system accessory protein PhoU homolog => Phosphate-specific transport system accessory protein PhoU 
[16:11:30] Modify product: Uncharacterized protein YgaU => putative protein YgaU
[16:11:30] Modify product: Uncharacterized zinc protease Rv2782c => putative zinc protease
[16:11:30] Modify product: Probable sulfate transporter Rv1739c => putative sulfate transporter
[16:11:30] Modify product: Uncharacterized FAD-linked oxidoreductase Rv2280 => putative FAD-linked oxidoreductase
[16:11:30] Modify product: Uncharacterized FAD-linked oxidoreductase Rv2280 => putative FAD-linked oxidoreductase
[16:11:30] Modify product: Putative multidrug export ATP-binding/permease protein SA1683 => Putative multidrug export ATP-binding/permease protein
[16:11:30] Modify product: Uncharacterized protein YaeQ => putative protein YaeQ
[16:11:30] Modify product: Uncharacterized signaling protein PA1727 => putative signaling protein
[16:11:30] Modify product: Uncharacterized ABC transporter ATP-binding protein YxlF => putative ABC transporter ATP-binding protein YxlF
[16:11:30] Modify product: Probable sulfate transporter Rv1739c => putative sulfate transporter
[16:11:30] Modify product: Probable S-adenosylmethionine-dependent methyltransferase MSMEG_2350/MSMEI_2290 => putative S-adenosylmethionine-dependent methyltransferase/MSMEI_2290
[16:11:30] Modify product: UPF0234 protein HI_1034 => hypothetical protein
[16:11:30] Modify product: Uncharacterized glycosyltransferase sll0501 => putative glycosyltransferase
[16:11:30] Modify product: Oxygen-independent coproporphyrinogen-III oxidase-like protein LL1139 => Oxygen-independent coproporphyrinogen-III oxidase-like protein
[16:11:30] Modify product: UPF0701 protein HI_0467 => hypothetical protein
[16:11:30] Modify product: Uncharacterized metal-dependent hydrolase YjjV => putative metal-dependent hydrolase YjjV
[16:11:30] Modify product: Uncharacterized protein NMB0928 => putative protein
[16:11:30] Modify product: Probable cyclic di-GMP phosphodiesterase VC_1348 => putative cyclic di-GMP phosphodiesterase
[16:11:30] Modify product: Cyclic di-GMP phosphodiesterase PA4108 => Cyclic di-GMP phosphodiesterase
[16:11:30] Modify product: Probable 3-phenylpropionic acid transporter => putative 3-phenylpropionic acid transporter
[16:11:30] Modify product: Putative universal stress protein SA1532 => Putative universal stress protein
[16:11:30] Modify product: Uncharacterized protein YqiC => putative protein YqiC
[16:11:30] Modify product: Probable sulfoacetate transporter SauU => putative sulfoacetate transporter SauU
[16:11:30] Modify product: Probable tRNA-dihydrouridine synthase => putative tRNA-dihydrouridine synthase
[16:11:30] Modify product: Probable sulfate transporter Rv1739c => putative sulfate transporter
[16:11:30] Modify product: Probable parvulin-type peptidyl-prolyl cis-trans isomerase => putative parvulin-type peptidyl-prolyl cis-trans isomerase
[16:11:30] Modify product: Uncharacterized oxidoreductase SA2266 => putative oxidoreductase
[16:11:30] Modify product: Probable type I restriction enzyme BthVORF4518P M protein => putative type I restriction enzymeP M protein
[16:11:30] Modify product: Uncharacterized glycosyltransferase YkoT => putative glycosyltransferase YkoT
[16:11:30] Modify product: Arabinogalactan biosynthesis recruiting protein Rv3789 => Arabinogalactan biosynthesis recruiting protein
[16:11:30] Modify product: Uncharacterized glycosyltransferase EpsJ => putative glycosyltransferase EpsJ
[16:11:30] Modify product: Uncharacterized signaling protein PA1727 => putative signaling protein
[16:11:30] Modify product: Uncharacterized ABC transporter ATP-binding protein YheS => putative ABC transporter ATP-binding protein YheS
[16:11:30] Modify product: Uncharacterized signaling protein PA1727 => putative signaling protein
[16:11:30] Modify product: Uncharacterized ABC transporter ATP-binding protein YbiT => putative ABC transporter ATP-binding protein YbiT
[16:11:30] Modify product: Probable lipoprotein YiaD => putative lipoprotein YiaD
[16:11:30] Modify product: UPF0056 inner membrane protein MarC => hypothetical protein
[16:11:30] Modify product: Uncharacterized NTE family protein Rv1063c => putative NTE family protein
[16:11:31] Modify product: Probable acetyl-CoA acyltransferase => putative acetyl-CoA acyltransferase
[16:11:31] Modify product: Probable 3-hydroxyacyl-CoA dehydrogenase => putative 3-hydroxyacyl-CoA dehydrogenase
[16:11:31] Modify product: Uncharacterized protein Rv0647c => putative protein
[16:11:31] Modify product: Uncharacterized signaling protein PA1727 => putative signaling protein
[16:11:31] Modify product: Uncharacterized ABC transporter ATP-binding protein YknY => putative ABC transporter ATP-binding protein YknY
[16:11:31] Modify product: Uncharacterized ABC transporter ATP-binding protein YknY => putative ABC transporter ATP-binding protein YknY
[16:11:31] Modify product: Universal stress protein MSMEG_3950/MSMEI_3859 => Universal stress protein/MSMEI_3859
[16:11:31] Modify product: Probable cation-transporting ATPase F => putative cation-transporting ATPase F
[16:11:31] Modify product: Phosphate-specific transport system accessory protein PhoU homolog => Phosphate-specific transport system accessory protein PhoU 
[16:11:31] Modify product: Probable acyltransferase YihG => putative acyltransferase YihG
[16:11:31] Modify product: UPF0111 protein HI_1603 => hypothetical protein
[16:11:31] Modify product: Uncharacterized protein MT2059 => putative protein
[16:11:31] Modify product: Uncharacterized signaling protein PA1727 => putative signaling protein
[16:11:31] Modify product: Probable 2-phosphosulfolactate phosphatase => putative 2-phosphosulfolactate phosphatase
[16:11:31] Modify product: Probable Ni/Fe-hydrogenase 2 b-type cytochrome subunit => putative Ni/Fe-hydrogenase 2 b-type cytochrome subunit
[16:11:31] Modify product: Probable enoyl-CoA hydratase echA8 => putative enoyl-CoA hydratase echA8
[16:11:31] Modify product: Lactate-binding periplasmic protein TTHA0766 => Lactate-binding periplasmic protein
[16:11:31] Modify product: Uncharacterized oxidoreductase Rv1144 => putative oxidoreductase
[16:11:31] Modify product: UPF0336 protein Rv0635 => hypothetical protein
[16:11:31] Modify product: Putative formate dehydrogenase SA2102 => Putative formate dehydrogenase
[16:11:31] Modify product: Uncharacterized protein NMB0459 => putative protein
[16:11:31] Modify product: Glycogen operon protein GlgX homolog => Glycogen operon protein GlgX 
[16:11:31] Modify product: Uncharacterized MscS family protein HI_0195.1 => putative MscS family protein.1
[16:11:31] Modify product: UPF0299 membrane protein YohJ => hypothetical protein
[16:11:31] Modify product: Probable copper-importing P-type ATPase A => putative copper-importing P-type ATPase A
[16:11:31] Modify product: Glycogen operon protein GlgX homolog => Glycogen operon protein GlgX 
[16:11:31] Modify product: Uncharacterized GST-like protein YibF => putative GST-like protein YibF
[16:11:31] Modify product: Probable endoribonuclease MazF => putative endoribonuclease MazF
[16:11:31] Modify product: Uncharacterized HTH-type transcriptional regulator Rv1985c => putative HTH-type transcriptional regulator
[16:11:31] Modify product: Probable ABC transporter-binding protein DR_1438 => putative ABC transporter-binding protein
[16:11:31] Modify product: Putative diacyglycerol O-acyltransferase Rv3480c => Putative diacyglycerol O-acyltransferase
[16:11:31] Modify product: Probable multidrug ABC transporter permease YbhR => putative multidrug ABC transporter permease YbhR
[16:11:31] Modify product: Probable multidrug ABC transporter permease YbhS => putative multidrug ABC transporter permease YbhS
[16:11:31] Modify product: Probable multidrug ABC transporter ATP-binding protein YbhF => putative multidrug ABC transporter ATP-binding protein YbhF
[16:11:31] Modify product: UPF0194 membrane protein YbhG => hypothetical protein
[16:11:31] Modify product: Uncharacterized ABC transporter ATP-binding protein Rv0986 => putative ABC transporter ATP-binding protein
[16:11:31] Modify product: Uncharacterized GMC-type oxidoreductase Rv0492c => putative GMC-type oxidoreductase
[16:11:31] Modify product: UPF0073 inner membrane protein YqfA => hypothetical protein
[16:11:31] Modify product: Probable 4-deoxy-4-formamido-L-arabinose-phosphoundecaprenol deformylase ArnD => putative 4-deoxy-4-formamido-L-arabinose-phosphoundecaprenol deformylase ArnD
[16:11:31] Modify product: Probable 4-amino-4-deoxy-L-arabinose-phosphoundecaprenol flippase subunit ArnF => putative 4-amino-4-deoxy-L-arabinose-phosphoundecaprenol flippase subunit ArnF
[16:11:31] Modify product: Uncharacterized signaling protein PA1727 => putative signaling protein
[16:11:31] Modify product: Cytochrome b561 homolog 2 => Cytochrome b561 
[16:11:31] Modify product: Probable malonic semialdehyde reductase RutE => putative malonic semialdehyde reductase RutE
[16:11:31] Modify product: Uncharacterized HTH-type transcriptional regulator YusO => putative HTH-type transcriptional regulator YusO
[16:11:31] Modify product: Uncharacterized protein Rv2307c => putative protein
[16:11:31] Modify product: Uncharacterized NTE family protein Rv1063c => putative NTE family protein
[16:11:31] Modify product: UPF0246 protein YaaA => hypothetical protein
[16:11:31] Modify product: Uncharacterized HTH-type transcriptional regulator YtcD => putative HTH-type transcriptional regulator YtcD
[16:11:31] Modify product: UPF0047 protein Rv2556c => hypothetical protein
[16:11:31] Modify product: Putative phosphoribosyl transferase MT0597 => Putative phosphoribosyl transferase
[16:11:31] Modify product: Uncharacterized metal-dependent hydrolase YcfH => putative metal-dependent hydrolase YcfH
[16:11:31] Modify product: Actin-binding protein Smlt3054 => Actin-binding protein
[16:11:31] Modify product: Probable iron export permease protein FetB => putative iron export permease protein FetB
[16:11:31] Modify product: Probable iron export ATP-binding protein FetA => putative iron export ATP-binding protein FetA
[16:11:31] Modify product: Leu/Ile/Val-binding protein homolog 3 => Leu/Ile/Val-binding protein 
[16:11:31] Modify product: Uncharacterized signaling protein PA1727 => putative signaling protein
[16:11:31] Modify product: Probable DNA endonuclease SmrA => putative DNA endonuclease SmrA
[16:11:31] Modify product: Uncharacterized signaling protein PA1727 => putative signaling protein
[16:11:31] Modify product: Uncharacterized signaling protein PA1727 => putative signaling protein
[16:11:31] Modify product: Uncharacterized protein Rv1276c => putative protein
[16:11:32] Modify product: UPF0337 protein YjbJ => hypothetical protein
[16:11:32] Modify product: UPF0337 protein YjbJ => hypothetical protein
[16:11:32] Modify product: Putative esterase aq_1494 => Putative esterase
[16:11:32] Modify product: Probable membrane transporter protein YfcA => putative membrane transporter protein YfcA
[16:11:32] Modify product: Uncharacterized oxidoreductase Rv1144 => putative oxidoreductase
[16:11:32] Modify product: Uncharacterized protein HI_1048 => putative protein
[16:11:32] Modify product: UPF0070 protein HI_0370 => hypothetical protein
[16:11:32] Modify product: Probable Ni/Fe-hydrogenase B-type cytochrome subunit => putative Ni/Fe-hydrogenase B-type cytochrome subunit
[16:11:32] Modify product: Uncharacterized protein Rv2232 => putative protein
[16:11:32] Modify product: Probable cyclic di-GMP phosphodiesterase PdeB => putative cyclic di-GMP phosphodiesterase PdeB
[16:11:32] Modify product: UPF0173 metal-dependent hydrolase SA1529 => hypothetical protein
[16:11:32] Modify product: Putative monooxygenase Rv0793 => Putative monooxygenase
[16:11:32] Modify product: Zinc-type alcohol dehydrogenase-like protein SA1988 => Zinc-type alcohol dehydrogenase-like protein
[16:11:32] Modify product: Probable ABC transporter permease protein NosY => putative ABC transporter permease protein NosY
[16:11:32] Modify product: Probable ABC transporter binding protein NosD => putative ABC transporter binding protein NosD
[16:11:32] Modify product: Probable cyclic di-GMP phosphodiesterase VC_1348 => putative cyclic di-GMP phosphodiesterase
[16:11:32] Modify product: UPF0758 protein YsxA => hypothetical protein
[16:11:32] Modify product: Stringent starvation protein A homolog => Stringent starvation protein A 
[16:11:32] Modify product: Uncharacterized ABC transporter ATP-binding protein Rv1281c => putative ABC transporter ATP-binding protein
[16:11:32] Modify product: Uncharacterized HTH-type transcriptional regulator YurK => putative HTH-type transcriptional regulator YurK
[16:11:32] Modify product: Probable cation-transporting ATPase F => putative cation-transporting ATPase F
[16:11:32] Modify product: Uncharacterized protein Rv0647c => putative protein
[16:11:32] Modify product: Uncharacterized ABC transporter ATP-binding protein YadG => putative ABC transporter ATP-binding protein YadG
[16:11:32] Modify product: Uncharacterized protein Rv2102 => putative protein
[16:11:32] Modify product: Probable sulfate transporter Rv1739c => putative sulfate transporter
[16:11:32] Modify product: Zinc-type alcohol dehydrogenase-like protein SA1988 => Zinc-type alcohol dehydrogenase-like protein
[16:11:32] Modify product: Uncharacterized methyltransferase YcgJ => putative methyltransferase YcgJ
[16:11:32] Modify product: Uncharacterized signaling protein PA1727 => putative signaling protein
[16:11:32] Modify product: SCO1 protein homolog => SCO1 protein 
[16:11:32] Modify product: SCO1 protein homolog => SCO1 protein 
[16:11:32] Modify product: Uncharacterized protein NMB0459 => putative protein
[16:11:32] Modify product: UPF0056 inner membrane protein YhgN => hypothetical protein
[16:11:32] Modify product: Bifunctional protein FolD => Bifunctional protein FolD protein
[16:11:32] Modify product: Uncharacterized protein YbiB => putative protein YbiB
[16:11:32] Modify product: Probable cardiolipin synthase YwiE => putative cardiolipin synthase YwiE
[16:11:32] Modify product: Probable phosphatase Rv3661 => putative phosphatase
[16:11:32] Modify product: Uncharacterized signaling protein PA1727 => putative signaling protein
[16:11:32] Modify product: Uncharacterized signaling protein PA1727 => putative signaling protein
[16:11:32] Modify product: Probable diguanylate cyclase DgcE => putative diguanylate cyclase DgcE
[16:11:32] Modify product: Uncharacterized protein MSMEG_1279/MSMEI_1241 => putative protein/MSMEI_1241
[16:11:32] Modify product: Uncharacterized signaling protein PA1727 => putative signaling protein
[16:11:32] Modify product: UPF0250 protein YbeD => hypothetical protein
[16:11:32] Modify product: Uncharacterized protein YqjD => putative protein YqjD
[16:11:32] Modify product: Solute-binding protein Veis_3954 => Solute-binding protein
[16:11:33] Modify product: Uncharacterized protein Rv1507c => putative protein
[16:11:33] Modify product: Probable S-adenosylmethionine-dependent methyltransferase MSMEG_2350/MSMEI_2290 => putative S-adenosylmethionine-dependent methyltransferase/MSMEI_2290
[16:11:33] Modify product: Leu/Ile/Val-binding protein homolog 3 => Leu/Ile/Val-binding protein 
[16:11:33] Modify product: Probable hydrolase YcaC => putative hydrolase YcaC
[16:11:33] Modify product: Putative diacyglycerol O-acyltransferase Rv1425 => Putative diacyglycerol O-acyltransferase
[16:11:33] Modify product: Uncharacterized HTH-type transcriptional regulator TtgW => putative HTH-type transcriptional regulator TtgW
[16:11:33] Modify product: Uncharacterized NTE family protein Rv2565 => putative NTE family protein
[16:11:33] Modify product: Probable low molecular weight protein-tyrosine-phosphatase AmsI => putative low molecular weight protein-tyrosine-phosphatase AmsI
[16:11:33] Modify product: Uncharacterized protein Rv2307c => putative protein
[16:11:33] Modify product: Probable ABC transporter phosphite binding protein PhnD1 => putative ABC transporter phosphite binding protein PhnD1
[16:11:33] Modify product: Uncharacterized transporter Rv2685 => putative transporter
[16:11:33] Modify product: Uncharacterized protein NMB1437 => putative protein
[16:11:33] Modify product: Probable cadmium-transporting ATPase => putative cadmium-transporting ATPase
[16:11:33] Cleaned 274 /product names
[16:11:33] Deleting unwanted file: 2687453699/sprot.faa
[16:11:33] Deleting unwanted file: 2687453699/sprot.blast
[16:11:34] There are still 1418 unannotated CDS left (started with 3771)
[16:11:34] Will use hmmer3 to search against /Users/emcdaniel/anaconda3/bin/../db/hmm/HAMAP.hmm with 1 CPUs
[16:11:34] Running: cat 2687453699\/HAMAP\.hmm\.faa | parallel --gnu --plain -j 1 --block 199732 --recstart '>' --pipe hmmscan --noali --notextw --acc -E 1e-06 --cpu 1 /Users/emcdaniel/anaconda3/bin/../db/hmm/HAMAP.hmm /dev/stdin > 2687453699\/HAMAP\.hmm\.hmmer3 2> /dev/null
[16:13:02] Modify product: Uncharacterized Nudix hydrolase NudL => putative Nudix hydrolase NudL
[16:13:02] Cleaned 1 /product names
[16:13:02] Deleting unwanted file: 2687453699/HAMAP.hmm.faa
[16:13:02] Deleting unwanted file: 2687453699/HAMAP.hmm.hmmer3
[16:13:02] Labelling remaining 1325 proteins as 'hypothetical protein'
[16:13:02] Possible /pseudo 'Twitching mobility protein' at gnl|X|PEBOPBNB_1 position 39563
[16:13:02] Possible /pseudo 'High-affinity branched-chain amino acid transport system permease protein LivH' at gnl|X|PEBOPBNB_1 position 65574
[16:13:02] Possible /pseudo 'Signal transduction histidine-protein kinase BarA' at gnl|X|PEBOPBNB_1 position 185025
[16:13:02] Possible /pseudo 'Type II secretion system protein G' at gnl|X|PEBOPBNB_1 position 279767
[16:13:02] Possible /pseudo 'Cyanophycin synthetase' at gnl|X|PEBOPBNB_1 position 411307
[16:13:02] Possible /pseudo 'putative zinc protease' at gnl|X|PEBOPBNB_1 position 472927
[16:13:02] Possible /pseudo 'Copper-transporting P-type ATPase' at gnl|X|PEBOPBNB_1 position 518439
[16:13:02] Possible /pseudo 'NADH-quinone oxidoreductase subunit M' at gnl|X|PEBOPBNB_1 position 564376
[16:13:02] Possible /pseudo 'UDP-2-acetamido-2-deoxy-3-oxo-D-glucuronate aminotransferase' at gnl|X|PEBOPBNB_1 position 602540
[16:13:02] Possible /pseudo 'Quaternary ammonium compound-resistance protein SugE' at gnl|X|PEBOPBNB_1 position 843791
[16:13:02] Possible /pseudo 'Phytochrome-like protein cph1' at gnl|X|PEBOPBNB_1 position 912323
[16:13:02] Possible /pseudo 'putative protein' at gnl|X|PEBOPBNB_1 position 1226197
[16:13:02] Possible /pseudo 'putative protein' at gnl|X|PEBOPBNB_1 position 1228795
[16:13:02] Possible /pseudo 'Tyrosine recombinase XerD' at gnl|X|PEBOPBNB_1 position 1347248
[16:13:02] Possible /pseudo 'Lipopolysaccharide core heptose(I) kinase RfaP' at gnl|X|PEBOPBNB_1 position 1457802
[16:13:02] Possible /pseudo 'Outer membrane porin protein 32' at gnl|X|PEBOPBNB_1 position 1575747
[16:13:02] Possible /pseudo 'putative FAD-linked oxidoreductase' at gnl|X|PEBOPBNB_1 position 1674075
[16:13:02] Possible /pseudo 'Chemotaxis protein CheV' at gnl|X|PEBOPBNB_1 position 1733767
[16:13:02] Possible /pseudo 'PPi-type phosphoenolpyruvate carboxykinase' at gnl|X|PEBOPBNB_1 position 2148331
[16:13:02] Possible /pseudo 'Bifunctional PGK/TIM' at gnl|X|PEBOPBNB_1 position 2452502
[16:13:02] Possible /pseudo 'Bifunctional polymyxin resistance protein ArnA' at gnl|X|PEBOPBNB_1 position 2775032
[16:13:02] Possible /pseudo 'Protein YceI' at gnl|X|PEBOPBNB_1 position 2804622
[16:13:02] Possible /pseudo '2-hydroxy-3-oxopropionate reductase' at gnl|X|PEBOPBNB_2 position 47484
[16:13:02] Possible /pseudo 'Chaperone protein DnaK' at gnl|X|PEBOPBNB_2 position 51876
[16:13:02] Possible /pseudo 'Indole-3-pyruvate decarboxylase' at gnl|X|PEBOPBNB_2 position 77496
[16:13:02] Possible /pseudo 'putative signaling protein' at gnl|X|PEBOPBNB_2 position 160704
[16:13:02] Possible /pseudo 'Spore protein SP21' at gnl|X|PEBOPBNB_2 position 395251
[16:13:02] Possible /pseudo 'Cytochrome c4' at gnl|X|PEBOPBNB_2 position 476428
[16:13:02] Possible /pseudo 'Heme A synthase' at gnl|X|PEBOPBNB_2 position 740783
[16:13:02] Possible /pseudo 'Heme exporter protein C' at gnl|X|PEBOPBNB_3 position 271359
[16:13:02] Possible /pseudo 'Hydroxypyruvate isomerase' at gnl|X|PEBOPBNB_3 position 350476
[16:13:02] Possible /pseudo 'Tyrosine recombinase XerD' at gnl|X|PEBOPBNB_4 position 36285
[16:13:02] Found 1732 unique /gene codes.
[16:13:02] Fixed 2 duplicate /gene - egtB_1 egtB_2
[16:13:02] Fixed 2 duplicate /gene - atpF_1 atpF_2
[16:13:02] Fixed 2 duplicate /gene - rfaP_1 rfaP_2
[16:13:02] Fixed 3 duplicate /gene - motB_1 motB_2 motB_3
[16:13:02] Fixed 2 duplicate /gene - nadE_1 nadE_2
[16:13:02] Fixed 2 duplicate /gene - pncC_1 pncC_2
[16:13:02] Fixed 4 duplicate /gene - qseC_1 qseC_2 qseC_3 qseC_4
[16:13:02] Fixed 6 duplicate /gene - dctM_1 dctM_2 dctM_3 dctM_4 dctM_5 dctM_6
[16:13:02] Fixed 3 duplicate /gene - ftsH_1 ftsH_2 ftsH_3
[16:13:02] Fixed 4 duplicate /gene - acsA_1 acsA_2 acsA_3 acsA_4
[16:13:02] Fixed 4 duplicate /gene - echA8_1 echA8_2 echA8_3 echA8_4
[16:13:02] Fixed 2 duplicate /gene - leuA_1 leuA_2
[16:13:02] Fixed 3 duplicate /gene - exbD_1 exbD_2 exbD_3
[16:13:02] Fixed 2 duplicate /gene - glgM_1 glgM_2
[16:13:02] Fixed 2 duplicate /gene - hppA_1 hppA_2
[16:13:02] Fixed 2 duplicate /gene - speE_1 speE_2
[16:13:02] Fixed 2 duplicate /gene - virS_1 virS_2
[16:13:02] Fixed 3 duplicate /gene - qmcA_1 qmcA_2 qmcA_3
[16:13:02] Fixed 3 duplicate /gene - epsF_1 epsF_2 epsF_3
[16:13:02] Fixed 3 duplicate /gene - macB_1 macB_2 macB_3
[16:13:02] Fixed 2 duplicate /gene - yusO_1 yusO_2
[16:13:02] Fixed 2 duplicate /gene - mftC_1 mftC_2
[16:13:02] Fixed 3 duplicate /gene - htpX_1 htpX_2 htpX_3
[16:13:02] Fixed 2 duplicate /gene - rsmB_1 rsmB_2
[16:13:02] Fixed 3 duplicate /gene - uctC_1 uctC_2 uctC_3
[16:13:02] Fixed 2 duplicate /gene - intA_1 intA_2
[16:13:02] Fixed 3 duplicate /gene - pilT_1 pilT_2 pilT_3
[16:13:02] Fixed 4 duplicate /gene - rhlE_1 rhlE_2 rhlE_3 rhlE_4
[16:13:02] Fixed 2 duplicate /gene - ftsE_1 ftsE_2
[16:13:02] Fixed 3 duplicate /gene - bioC_1 bioC_2 bioC_3
[16:13:02] Fixed 2 duplicate /gene - pdeB_1 pdeB_2
[16:13:02] Fixed 2 duplicate /gene - yjcH_1 yjcH_2
[16:13:02] Fixed 2 duplicate /gene - potA_1 potA_2
[16:13:02] Fixed 2 duplicate /gene - moeA_1 moeA_2
[16:13:02] Fixed 3 duplicate /gene - kefC_1 kefC_2 kefC_3
[16:13:02] Fixed 3 duplicate /gene - hupR1_1 hupR1_2 hupR1_3
[16:13:02] Fixed 2 duplicate /gene - kipR_1 kipR_2
[16:13:02] Fixed 2 duplicate /gene - hisH_1 hisH_2
[16:13:02] Fixed 8 duplicate /gene - pleD_1 pleD_2 pleD_3 pleD_4 pleD_5 pleD_6 pleD_7 pleD_8
[16:13:02] Fixed 3 duplicate /gene - nuoM_1 nuoM_2 nuoM_3
[16:13:02] Fixed 2 duplicate /gene - gloB_1 gloB_2
[16:13:02] Fixed 4 duplicate /gene - atoC_1 atoC_2 atoC_3 atoC_4
[16:13:02] Fixed 2 duplicate /gene - czcD_1 czcD_2
[16:13:02] Fixed 2 duplicate /gene - clcA_1 clcA_2
[16:13:02] Fixed 2 duplicate /gene - nuoF_1 nuoF_2
[16:13:02] Fixed 3 duplicate /gene - crp_1 crp_2 crp_3
[16:13:02] Fixed 2 duplicate /gene - wbpE_1 wbpE_2
[16:13:02] Fixed 2 duplicate /gene - pacL_1 pacL_2
[16:13:02] Fixed 3 duplicate /gene - phaC_1 phaC_2 phaC_3
[16:13:02] Fixed 2 duplicate /gene - fdx_1 fdx_2
[16:13:02] Fixed 2 duplicate /gene - wbgU_1 wbgU_2
[16:13:02] Fixed 2 duplicate /gene - maeB_1 maeB_2
[16:13:02] Fixed 2 duplicate /gene - lrp_1 lrp_2
[16:13:02] Fixed 4 duplicate /gene - prkC_1 prkC_2 prkC_3 prkC_4
[16:13:02] Fixed 2 duplicate /gene - tktA_1 tktA_2
[16:13:02] Fixed 2 duplicate /gene - pyrD_1 pyrD_2
[16:13:02] Fixed 2 duplicate /gene - phoU_1 phoU_2
[16:13:02] Fixed 2 duplicate /gene - ctaA_1 ctaA_2
[16:13:02] Fixed 2 duplicate /gene - pepN_1 pepN_2
[16:13:02] Fixed 2 duplicate /gene - accB_1 accB_2
[16:13:02] Fixed 2 duplicate /gene - accA1_1 accA1_2
[16:13:02] Fixed 2 duplicate /gene - mrpG_1 mrpG_2
[16:13:02] Fixed 2 duplicate /gene - amiD_1 amiD_2
[16:13:02] Fixed 2 duplicate /gene - rep_1 rep_2
[16:13:02] Fixed 2 duplicate /gene - nuoL_1 nuoL_2
[16:13:02] Fixed 2 duplicate /gene - glnQ_1 glnQ_2
[16:13:02] Fixed 2 duplicate /gene - lon_1 lon_2
[16:13:02] Fixed 2 duplicate /gene - mcpP_1 mcpP_2
[16:13:02] Fixed 2 duplicate /gene - acdA_1 acdA_2
[16:13:02] Fixed 4 duplicate /gene - mscS_1 mscS_2 mscS_3 mscS_4
[16:13:02] Fixed 3 duplicate /gene - mltC_1 mltC_2 mltC_3
[16:13:02] Fixed 2 duplicate /gene - polC_1 polC_2
[16:13:02] Fixed 2 duplicate /gene - bepE_1 bepE_2
[16:13:02] Fixed 2 duplicate /gene - fliY_1 fliY_2
[16:13:02] Fixed 2 duplicate /gene - acr3_1 acr3_2
[16:13:02] Fixed 5 duplicate /gene - livH_1 livH_2 livH_3 livH_4 livH_5
[16:13:02] Fixed 2 duplicate /gene - atpB_1 atpB_2
[16:13:02] Fixed 3 duplicate /gene - sspA_1 sspA_2 sspA_3
[16:13:02] Fixed 3 duplicate /gene - parA_1 parA_2 parA_3
[16:13:02] Fixed 2 duplicate /gene - macA_1 macA_2
[16:13:02] Fixed 2 duplicate /gene - ctaB_1 ctaB_2
[16:13:02] Fixed 2 duplicate /gene - cysL_1 cysL_2
[16:13:02] Fixed 2 duplicate /gene - sugE_1 sugE_2
[16:13:02] Fixed 2 duplicate /gene - acuI_1 acuI_2
[16:13:02] Fixed 4 duplicate /gene - yhcG_1 yhcG_2 yhcG_3 yhcG_4
[16:13:02] Fixed 2 duplicate /gene - yrdA_1 yrdA_2
[16:13:02] Fixed 3 duplicate /gene - glgB_1 glgB_2 glgB_3
[16:13:02] Fixed 2 duplicate /gene - pgaC_1 pgaC_2
[16:13:02] Fixed 2 duplicate /gene - cheA_1 cheA_2
[16:13:02] Fixed 2 duplicate /gene - hisF_1 hisF_2
[16:13:02] Fixed 2 duplicate /gene - pctA_1 pctA_2
[16:13:02] Fixed 2 duplicate /gene - regX3_1 regX3_2
[16:13:02] Fixed 2 duplicate /gene - trkH_1 trkH_2
[16:13:02] Fixed 4 duplicate /gene - glgX_1 glgX_2 glgX_3 glgX_4
[16:13:02] Fixed 2 duplicate /gene - ygaZ_1 ygaZ_2
[16:13:02] Fixed 2 duplicate /gene - atpA_1 atpA_2
[16:13:02] Fixed 2 duplicate /gene - msrB_1 msrB_2
[16:13:02] Fixed 2 duplicate /gene - cusS_1 cusS_2
[16:13:02] Fixed 2 duplicate /gene - zraR_1 zraR_2
[16:13:02] Fixed 2 duplicate /gene - dctQ_1 dctQ_2
[16:13:02] Fixed 4 duplicate /gene - carA_1 carA_2 carA_3 carA_4
[16:13:02] Fixed 4 duplicate /gene - zraS_1 zraS_2 zraS_3 zraS_4
[16:13:02] Fixed 2 duplicate /gene - ptsI_1 ptsI_2
[16:13:02] Fixed 4 duplicate /gene - guaB_1 guaB_2 guaB_3 guaB_4
[16:13:02] Fixed 2 duplicate /gene - wecA_1 wecA_2
[16:13:02] Fixed 4 duplicate /gene - czcB_1 czcB_2 czcB_3 czcB_4
[16:13:02] Fixed 2 duplicate /gene - trpG_1 trpG_2
[16:13:02] Fixed 2 duplicate /gene - hisC_1 hisC_2
[16:13:02] Fixed 3 duplicate /gene - pcm_1 pcm_2 pcm_3
[16:13:02] Fixed 3 duplicate /gene - glxR_1 glxR_2 glxR_3
[16:13:02] Fixed 2 duplicate /gene - rsmI_1 rsmI_2
[16:13:02] Fixed 2 duplicate /gene - hyi_1 hyi_2
[16:13:02] Fixed 2 duplicate /gene - pilQ_1 pilQ_2
[16:13:02] Fixed 5 duplicate /gene - fixL_1 fixL_2 fixL_3 fixL_4 fixL_5
[16:13:02] Fixed 2 duplicate /gene - malP_1 malP_2
[16:13:02] Fixed 4 duplicate /gene - asnB_1 asnB_2 asnB_3 asnB_4
[16:13:02] Fixed 4 duplicate /gene - gltI_1 gltI_2 gltI_3 gltI_4
[16:13:02] Fixed 2 duplicate /gene - ccmC_1 ccmC_2
[16:13:02] Fixed 2 duplicate /gene - cobB_1 cobB_2
[16:13:02] Fixed 2 duplicate /gene - glnB_1 glnB_2
[16:13:02] Fixed 2 duplicate /gene - hspX_1 hspX_2
[16:13:02] Fixed 5 duplicate /gene - actP_1 actP_2 actP_3 actP_4 actP_5
[16:13:02] Fixed 3 duplicate /gene - braC_1 braC_2 braC_3
[16:13:02] Fixed 3 duplicate /gene - yknY_1 yknY_2 yknY_3
[16:13:02] Fixed 3 duplicate /gene - artM_1 artM_2 artM_3
[16:13:02] Fixed 3 duplicate /gene - xerC_1 xerC_2 xerC_3
[16:13:02] Fixed 3 duplicate /gene - smc_1 smc_2 smc_3
[16:13:02] Fixed 3 duplicate /gene - pitA_1 pitA_2 pitA_3
[16:13:02] Fixed 2 duplicate /gene - folE2_1 folE2_2
[16:13:02] Fixed 2 duplicate /gene - fieF_1 fieF_2
[16:13:02] Fixed 2 duplicate /gene - mdtA_1 mdtA_2
[16:13:02] Fixed 2 duplicate /gene - mepH_1 mepH_2
[16:13:02] Fixed 3 duplicate /gene - hemN_1 hemN_2 hemN_3
[16:13:02] Fixed 2 duplicate /gene - nit1_1 nit1_2
[16:13:02] Fixed 2 duplicate /gene - glpE_1 glpE_2
[16:13:02] Fixed 2 duplicate /gene - ppx_1 ppx_2
[16:13:02] Fixed 3 duplicate /gene - fabG_1 fabG_2 fabG_3
[16:13:02] Fixed 2 duplicate /gene - bamE_1 bamE_2
[16:13:02] Fixed 3 duplicate /gene - pat_1 pat_2 pat_3
[16:13:02] Fixed 2 duplicate /gene - pta_1 pta_2
[16:13:02] Fixed 2 duplicate /gene - cysM_1 cysM_2
[16:13:02] Fixed 2 duplicate /gene - recQ_1 recQ_2
[16:13:02] Fixed 3 duplicate /gene - mrpA_1 mrpA_2 mrpA_3
[16:13:02] Fixed 2 duplicate /gene - xcpT_1 xcpT_2
[16:13:02] Fixed 2 duplicate /gene - btuF_1 btuF_2
[16:13:02] Fixed 3 duplicate /gene - traC_1 traC_2 traC_3
[16:13:02] Fixed 2 duplicate /gene - atpC_1 atpC_2
[16:13:02] Fixed 2 duplicate /gene - resE_1 resE_2
[16:13:02] Fixed 2 duplicate /gene - yfcA_1 yfcA_2
[16:13:02] Fixed 3 duplicate /gene - nhaR_1 nhaR_2 nhaR_3
[16:13:02] Fixed 2 duplicate /gene - trpB_1 trpB_2
[16:13:02] Fixed 2 duplicate /gene - dgcM_1 dgcM_2
[16:13:02] Fixed 2 duplicate /gene - tam_1 tam_2
[16:13:02] Fixed 2 duplicate /gene - fimA_1 fimA_2
[16:13:02] Fixed 3 duplicate /gene - mlaE_1 mlaE_2 mlaE_3
[16:13:02] Fixed 2 duplicate /gene - yadH_1 yadH_2
[16:13:02] Fixed 2 duplicate /gene - hflX_1 hflX_2
[16:13:02] Fixed 7 duplicate /gene - barA_1 barA_2 barA_3 barA_4 barA_5 barA_6 barA_7
[16:13:02] Fixed 4 duplicate /gene - cheY_1 cheY_2 cheY_3 cheY_4
[16:13:02] Fixed 2 duplicate /gene - soj_1 soj_2
[16:13:02] Fixed 2 duplicate /gene - rnr_1 rnr_2
[16:13:02] Fixed 2 duplicate /gene - bcp_1 bcp_2
[16:13:02] Fixed 2 duplicate /gene - tcdA_1 tcdA_2
[16:13:02] Fixed 2 duplicate /gene - rimO_1 rimO_2
[16:13:02] Fixed 5 duplicate /gene - livF_1 livF_2 livF_3 livF_4 livF_5
[16:13:02] Fixed 2 duplicate /gene - fadL_1 fadL_2
[16:13:02] Fixed 3 duplicate /gene - dctP_1 dctP_2 dctP_3
[16:13:02] Fixed 2 duplicate /gene - recF_1 recF_2
[16:13:02] Fixed 4 duplicate /gene - pkn1_1 pkn1_2 pkn1_3 pkn1_4
[16:13:02] Fixed 2 duplicate /gene - tctD_1 tctD_2
[16:13:02] Fixed 2 duplicate /gene - fbp_1 fbp_2
[16:13:02] Fixed 3 duplicate /gene - fmt_1 fmt_2 fmt_3
[16:13:02] Fixed 5 duplicate /gene - mscK_1 mscK_2 mscK_3 mscK_4 mscK_5
[16:13:02] Fixed 3 duplicate /gene - ypmQ_1 ypmQ_2 ypmQ_3
[16:13:02] Fixed 2 duplicate /gene - hyfB_1 hyfB_2
[16:13:02] Fixed 6 duplicate /gene - rapA_1 rapA_2 rapA_3 rapA_4 rapA_5 rapA_6
[16:13:02] Fixed 2 duplicate /gene - dksA_1 dksA_2
[16:13:02] Fixed 2 duplicate /gene - ftsA_1 ftsA_2
[16:13:02] Fixed 2 duplicate /gene - lcfB_1 lcfB_2
[16:13:02] Fixed 2 duplicate /gene - suhB_1 suhB_2
[16:13:02] Fixed 2 duplicate /gene - rppH_1 rppH_2
[16:13:02] Fixed 2 duplicate /gene - phoP_1 phoP_2
[16:13:02] Fixed 5 duplicate /gene - dmlR_1 dmlR_2 dmlR_3 dmlR_4 dmlR_5
[16:13:02] Fixed 2 duplicate /gene - cycA_1 cycA_2
[16:13:02] Fixed 2 duplicate /gene - trmB_1 trmB_2
[16:13:02] Fixed 2 duplicate /gene - bicA_1 bicA_2
[16:13:02] Fixed 2 duplicate /gene - fpr_1 fpr_2
[16:13:02] Fixed 2 duplicate /gene - kdsD_1 kdsD_2
[16:13:02] Fixed 2 duplicate /gene - atpE_1 atpE_2
[16:13:02] Fixed 2 duplicate /gene - flhB_1 flhB_2
[16:13:02] Fixed 2 duplicate /gene - gshA_1 gshA_2
[16:13:02] Fixed 2 duplicate /gene - parD1_1 parD1_2
[16:13:02] Fixed 2 duplicate /gene - mlaF_1 mlaF_2
[16:13:02] Fixed 2 duplicate /gene - nhaP_1 nhaP_2
[16:13:02] Fixed 3 duplicate /gene - lolD_1 lolD_2 lolD_3
[16:13:02] Fixed 2 duplicate /gene - oprF_1 oprF_2
[16:13:02] Fixed 3 duplicate /gene - cc4_1 cc4_2 cc4_3
[16:13:02] Fixed 2 duplicate /gene - lplT_1 lplT_2
[16:13:02] Fixed 2 duplicate /gene - malQ_1 malQ_2
[16:13:02] Fixed 2 duplicate /gene - cobD_1 cobD_2
[16:13:02] Fixed 2 duplicate /gene - traG_1 traG_2
[16:13:02] Fixed 2 duplicate /gene - sppA_1 sppA_2
[16:13:02] Fixed 3 duplicate /gene - epsE_1 epsE_2 epsE_3
[16:13:02] Fixed 2 duplicate /gene - yceI_1 yceI_2
[16:13:02] Fixed 2 duplicate /gene - fabI_1 fabI_2
[16:13:02] Fixed 2 duplicate /gene - cnrB_1 cnrB_2
[16:13:02] Fixed 2 duplicate /gene - atpG_1 atpG_2
[16:13:02] Fixed 3 duplicate /gene - dnaJ_1 dnaJ_2 dnaJ_3
[16:13:02] Fixed 2 duplicate /gene - yadG_1 yadG_2
[16:13:02] Fixed 3 duplicate /gene - nirS_1 nirS_2 nirS_3
[16:13:02] Fixed 2 duplicate /gene - argA_1 argA_2
[16:13:02] Fixed 2 duplicate /gene - dadA1_1 dadA1_2
[16:13:02] Fixed 3 duplicate /gene - slt_1 slt_2 slt_3
[16:13:02] Fixed 2 duplicate /gene - selD_1 selD_2
[16:13:02] Fixed 2 duplicate /gene - cat_1 cat_2
[16:13:02] Fixed 2 duplicate /gene - czcC_1 czcC_2
[16:13:02] Fixed 2 duplicate /gene - ubiE_1 ubiE_2
[16:13:02] Fixed 2 duplicate /gene - mepM_1 mepM_2
[16:13:02] Fixed 2 duplicate /gene - napG_1 napG_2
[16:13:02] Fixed 2 duplicate /gene - relA_1 relA_2
[16:13:02] Fixed 2 duplicate /gene - pknB_1 pknB_2
[16:13:02] Fixed 2 duplicate /gene - cheR_1 cheR_2
[16:13:02] Fixed 4 duplicate /gene - resA_1 resA_2 resA_3 resA_4
[16:13:02] Fixed 2 duplicate /gene - pgk/tpi_1 pgk/tpi_2
[16:13:02] Fixed 3 duplicate /gene - ydiK_1 ydiK_2 ydiK_3
[16:13:02] Fixed 2 duplicate /gene - clpX_1 clpX_2
[16:13:02] Fixed 2 duplicate /gene - mdtC_1 mdtC_2
[16:13:02] Fixed 3 duplicate /gene - ubiG_1 ubiG_2 ubiG_3
[16:13:02] Fixed 8 duplicate /gene - atoS_1 atoS_2 atoS_3 atoS_4 atoS_5 atoS_6 atoS_7 atoS_8
[16:13:02] Fixed 3 duplicate /gene - scpA_1 scpA_2 scpA_3
[16:13:02] Fixed 2 duplicate /gene - yccA_1 yccA_2
[16:13:02] Fixed 2 duplicate /gene - hspA_1 hspA_2
[16:13:02] Fixed 2 duplicate /gene - tolQ_1 tolQ_2
[16:13:02] Fixed 3 duplicate /gene - ihfB_1 ihfB_2 ihfB_3
[16:13:02] Fixed 2 duplicate /gene - lutR_1 lutR_2
[16:13:02] Fixed 2 duplicate /gene - glgC_1 glgC_2
[16:13:02] Fixed 2 duplicate /gene - nudC_1 nudC_2
[16:13:02] Fixed 2 duplicate /gene - rhtB_1 rhtB_2
[16:13:02] Fixed 2 duplicate /gene - mltB_1 mltB_2
[16:13:02] Fixed 4 duplicate /gene - cph1_1 cph1_2 cph1_3 cph1_4
[16:13:02] Fixed 2 duplicate /gene - ompA_1 ompA_2
[16:13:02] Fixed 2 duplicate /gene - ppa_1 ppa_2
[16:13:02] Fixed 2 duplicate /gene - cheV_1 cheV_2
[16:13:02] Fixed 2 duplicate /gene - oprB_1 oprB_2
[16:13:02] Fixed 2 duplicate /gene - pyk_1 pyk_2
[16:13:02] Fixed 2 duplicate /gene - nemA_1 nemA_2
[16:13:02] Fixed 2 duplicate /gene - tolC_1 tolC_2
[16:13:02] Fixed 2 duplicate /gene - arnA_1 arnA_2
[16:13:02] Fixed 2 duplicate /gene - gap3_1 gap3_2
[16:13:02] Fixed 2 duplicate /gene - mrpF_1 mrpF_2
[16:13:02] Fixed 2 duplicate /gene - luxQ_1 luxQ_2
[16:13:02] Fixed 2 duplicate /gene - crt_1 crt_2
[16:13:02] Fixed 2 duplicate /gene - rcp1_1 rcp1_2
[16:13:02] Fixed 2 duplicate /gene - dedA_1 dedA_2
[16:13:02] Fixed 4 duplicate /gene - secA_1 secA_2 secA_3 secA_4
[16:13:02] Fixed 3 duplicate /gene - arnT_1 arnT_2 arnT_3
[16:13:02] Fixed 2 duplicate /gene - glnD_1 glnD_2
[16:13:02] Fixed 2 duplicate /gene - qseB_1 qseB_2
[16:13:02] Fixed 2 duplicate /gene - kaiB_1 kaiB_2
[16:13:02] Fixed 2 duplicate /gene - ipdC_1 ipdC_2
[16:13:02] Fixed 2 duplicate /gene - nhaD_1 nhaD_2
[16:13:02] Fixed 2 duplicate /gene - copA_1 copA_2
[16:13:02] Fixed 2 duplicate /gene - lpxL_1 lpxL_2
[16:13:02] Fixed 2 duplicate /gene - davD_1 davD_2
[16:13:02] Fixed 2 duplicate /gene - yfkJ_1 yfkJ_2
[16:13:02] Fixed 4 duplicate /gene - mshA_1 mshA_2 mshA_3 mshA_4
[16:13:02] Fixed 2 duplicate /gene - fadD_1 fadD_2
[16:13:02] Fixed 2 duplicate /gene - czcA_1 czcA_2
[16:13:02] Fixed 2 duplicate /gene - feoB_1 feoB_2
[16:13:02] Fixed 2 duplicate /gene - gabR_1 gabR_2
[16:13:02] Fixed 2 duplicate /gene - leuB_1 leuB_2
[16:13:02] Fixed 2 duplicate /gene - mrpD_1 mrpD_2
[16:13:02] Fixed 2 duplicate /gene - tagH_1 tagH_2
[16:13:02] Fixed 3 duplicate /gene - oprM_1 oprM_2 oprM_3
[16:13:02] Fixed 2 duplicate /gene - lolE_1 lolE_2
[16:13:02] Fixed 2 duplicate /gene - rlpA_1 rlpA_2
[16:13:02] Fixed 3 duplicate /gene - ctpF_1 ctpF_2 ctpF_3
[16:13:02] Fixed 2 duplicate /gene - pyrE_1 pyrE_2
[16:13:02] Fixed 2 duplicate /gene - hsdS_1 hsdS_2
[16:13:02] Fixed 7 duplicate /gene - xerD_1 xerD_2 xerD_3 xerD_4 xerD_5 xerD_6 xerD_7
[16:13:02] Fixed 2 duplicate /gene - fusA_1 fusA_2
[16:13:02] Fixed 2 duplicate /gene - alaS_1 alaS_2
[16:13:02] Fixed 2 duplicate /gene - amtB_1 amtB_2
[16:13:02] Fixed 5 duplicate /gene - prpC_1 prpC_2 prpC_3 prpC_4 prpC_5
[16:13:02] Fixed 2 duplicate /gene - yajR_1 yajR_2
[16:13:02] Fixed 2 duplicate /gene - mdh_1 mdh_2
[16:13:02] Fixed 2 duplicate /gene - cphA_1 cphA_2
[16:13:02] Fixed 3 duplicate /gene - dnaK_1 dnaK_2 dnaK_3
[16:13:02] Fixed 4 duplicate /gene - cdgJ_1 cdgJ_2 cdgJ_3 cdgJ_4
[16:13:02] Fixed 2 duplicate /gene - ascD_1 ascD_2
[16:13:02] Fixed 2 duplicate /gene - napH_1 napH_2
[16:13:02] Fixed 2 duplicate /gene - mch_1 mch_2
[16:13:02] Fixed 4 duplicate /gene - atsA_1 atsA_2 atsA_3 atsA_4
[16:13:02] Fixed 2 duplicate /gene - ygiF_1 ygiF_2
[16:13:02] Fixed 7 duplicate /gene - bepA_1 bepA_2 bepA_3 bepA_4 bepA_5 bepA_6 bepA_7
[16:13:02] Fixed 2 duplicate /gene - lutA_1 lutA_2
[16:13:02] Fixed 2 duplicate /gene - rluB_1 rluB_2
[16:13:02] Fixed 3 duplicate /gene - gltA_1 gltA_2 gltA_3
[16:13:02] Fixed 2 duplicate /gene - dgkA_1 dgkA_2
[16:13:02] Fixed 299 colliding /gene names.
[16:13:02] Adding /locus_tag identifiers
[16:13:02] Assigned 3793 locus_tags to CDS and RNA features.
[16:13:02] Writing outputs to 2687453699/
[16:13:09] Generating annotation statistics file
[16:13:09] Generating Genbank and Sequin files
[16:13:09] Running: tbl2asn -V b -a r10k -l paired-ends -M n -N 1 -y 'Annotated using prokka 1.13 from https://github.com/tseemann/prokka' -Z 2687453699\/2687453699\.err -i 2687453699\/2687453699\.fsa 2> /dev/null
[16:13:20] Could not run command: tbl2asn -V b -a r10k -l paired-ends -M n -N 1 -y 'Annotated using prokka 1.13 from https://github.com/tseemann/prokka' -Z 2687453699\/2687453699\.err -i 2687453699\/2687453699\.fsa 2> /dev/null
