[16:23:09] This is prokka 1.13
[16:23:09] Written by Torsten Seemann <torsten.seemann@gmail.com>
[16:23:09] Homepage is https://github.com/tseemann/prokka
[16:23:09] Local time is Wed Apr  1 16:23:09 2020
[16:23:09] You are emcdaniel
[16:23:09] Operating system is darwin
[16:23:09] You have BioPerl 1.006924
[16:23:09] System has 4 cores.
[16:23:09] Will use maximum of 1 cores.
[16:23:09] Annotating as >>> Bacteria <<<
[16:23:09] Generating locus_tag from 'GCA_003332265.1.fna' contents.
[16:23:09] Setting --locustag BFLDHLJO from MD5 bf5d153832bec2c71e454f9f4d5b7cc9
[16:23:09] Enabling options to ensure Genbank/ENA/DDJB submission compliance.
[16:23:09] Creating new output folder: GCA_003332265.1
[16:23:09] Running: mkdir -p GCA_003332265\.1
[16:23:09] Using filename prefix: GCA_003332265.1.XXX
[16:23:09] Setting HMMER_NCPU=1
[16:23:09] Writing log to: GCA_003332265.1/GCA_003332265.1.log
[16:23:09] Command: /Users/emcdaniel/anaconda3/bin/prokka --outdir GCA_003332265.1 --prefix GCA_003332265.1 --cpus 1 GCA_003332265.1.fna --centre X --compliant
[16:23:09] Appending to PATH: /Users/emcdaniel/anaconda3/bin
[16:23:09] Looking for 'aragorn' - found /Users/emcdaniel/anaconda3/bin/aragorn
[16:23:09] Determined aragorn version is 1.2
[16:23:09] Looking for 'barrnap' - found /Users/emcdaniel/anaconda3/bin/barrnap
[16:23:09] Determined barrnap version is 0.9
[16:23:09] Looking for 'blastp' - found /Users/emcdaniel/anaconda3/bin/blastp
[16:23:09] Determined blastp version is 2.9
[16:23:09] Looking for 'cmpress' - found /Users/emcdaniel/anaconda3/bin/cmpress
[16:23:09] Determined cmpress version is 1.1
[16:23:09] Looking for 'cmscan' - found /Users/emcdaniel/anaconda3/bin/cmscan
[16:23:09] Determined cmscan version is 1.1
[16:23:09] Looking for 'egrep' - found /usr/bin/egrep
[16:23:09] Looking for 'find' - found /usr/bin/find
[16:23:09] Looking for 'grep' - found /usr/bin/grep
[16:23:09] Looking for 'hmmpress' - found /Users/emcdaniel/anaconda3/bin/hmmpress
[16:23:09] Determined hmmpress version is 3.3
[16:23:09] Looking for 'hmmscan' - found /Users/emcdaniel/anaconda3/bin/hmmscan
[16:23:09] Determined hmmscan version is 3.3
[16:23:09] Looking for 'java' - found /Users/emcdaniel/anaconda3/bin/java
[16:23:09] Looking for 'less' - found /usr/bin/less
[16:23:09] Looking for 'makeblastdb' - found /Users/emcdaniel/anaconda3/bin/makeblastdb
[16:23:09] Determined makeblastdb version is 2.9
[16:23:09] Looking for 'minced' - found /Users/emcdaniel/anaconda3/bin/minced
[16:23:10] Determined minced version is 4.2
[16:23:10] Looking for 'parallel' - found /Users/emcdaniel/anaconda3/bin/parallel
[16:23:10] Determined parallel version is 20170422
[16:23:10] Looking for 'prodigal' - found /Users/emcdaniel/anaconda3/bin/prodigal
[16:23:10] Determined prodigal version is 2.6
[16:23:10] Looking for 'prokka-genbank_to_fasta_db' - found /Users/emcdaniel/anaconda3/bin/prokka-genbank_to_fasta_db
[16:23:10] Looking for 'sed' - found /usr/bin/sed
[16:23:10] Looking for 'tbl2asn' - found /Users/emcdaniel/anaconda3/bin/tbl2asn
[16:23:10] Determined tbl2asn version is 25.7
[16:23:10] Using genetic code table 11.
[16:23:10] Loading and checking input file: GCA_003332265.1.fna
[16:23:10] Wrote 120 contigs totalling 4701482 bp.
[16:23:10] Predicting tRNAs and tmRNAs
[16:23:10] Running: aragorn -l -gc11  -w GCA_003332265\.1\/GCA_003332265\.1\.fna
[16:23:13] 1 tRNA-Arg c[10204,10280] 35 (acg)
[16:23:13] 2 tRNA-Leu [45658,45742] 35 (gag)
[16:23:13] 3 tRNA-Lys c[183438,183513] 34 (ttt)
[16:23:13] 4 tRNA-Ser c[399969,400062] 35 (gct)
[16:23:13] 1 tRNA-Arg c[184140,184212] 34 (cct)
[16:23:13] 1 tRNA-Asp [90794,90870] 35 (gtc)
[16:23:13] 1 tRNA-Ala c[38,113] 34 (ggc)
[16:23:13] 1 tRNA-Thr c[48655,48729] 33 (ggt)
[16:23:13] 2 tRNA-Gly c[48778,48851] 33 (tcc)
[16:23:13] 3 tRNA-Tyr c[48903,48987] 35 (gta)
[16:23:13] 1 tRNA-Val [80240,80315] 34 (tac)
[16:23:13] 2 tRNA-Asp [80339,80415] 35 (gtc)
[16:23:13] 3 tRNA-Met [85964,86040] 35 (cat)
[16:23:13] 1 tRNA-Pro c[16378,16454] 35 (cgg)
[16:23:13] 2 tRNA-Pro c[57643,57719] 35 (ggg)
[16:23:13] 1 tRNA-Thr c[40246,40321] 34 (cgt)
[16:23:13] 2 tRNA-Pro [45432,45508] 35 (tgg)
[16:23:13] 3 tRNA-Arg [45570,45646] 35 (tct)
[16:23:13] 4 tRNA-His [45658,45733] 34 (gtg)
[16:23:13] 1 tRNA-Arg [21496,21572] 35 (ccg)
[16:23:13] 1 tRNA-Met c[29200,29276] 35 (cat)
[16:23:13] 1 tRNA-Val [76161,76235] 33 (cac)
[16:23:13] 1 tRNA-Val [41620,41696] 35 (gac)
[16:23:13] 1 tRNA-Gly [11448,11523] 34 (gcc)
[16:23:13] 2 tRNA-Leu [11595,11679] 35 (taa)
[16:23:13] 1 tRNA-Leu [20151,20237] 35 (caa)
[16:23:13] 1 tRNA-Thr [12166,12239] 33 (tgt)
[16:23:13] 1 tmRNA* c[38149,38454] 183,215 ANDERFALAA*
[16:23:13] 1 tRNA-Gly [33841,33914] 33 (ccc)
[16:23:13] 1 tRNA-Cys c[5547,5620] 33 (gca)
[16:23:13] 2 tRNA-Gly c[5682,5757] 34 (gcc)
[16:23:13] 1 tRNA-Asn [4825,4900] 34 (gtt)
[16:23:13] 1 tRNA-Ala [34791,34866] 34 (cgc)
[16:23:13] 1 tRNA-Ser c[878,967] 35 (cga)
[16:23:13] 1 tRNA-Glu c[22199,22274] 35 (ttc)
[16:23:13] 2 tRNA-Ala c[22296,22371] 34 (ggc)
[16:23:13] 1 tRNA-Ser c[695,785] 35 (gga)
[16:23:13] 1 tRNA-Trp [271,346] 34 (cca)
[16:23:13] 1 tRNA-Ala [54505,54580] 34 (ggc)
[16:23:13] 2 tRNA-Glu [54606,54681] 35 (ttc)
[16:23:13] 3 tRNA-Val c[102986,103065] 36 (tac)
[16:23:13] 1 tRNA-Leu [1095,1181] 35 (cag)
[16:23:13] 1 tRNA-Ser c[97818,97905] 35 (tga)
[16:23:13] 1 tRNA-Phe c[3611,3686] 34 (gaa)
[16:23:13] Found 44 tRNAs
[16:23:13] Predicting Ribosomal RNAs
[16:23:13] Running Barrnap with 1 threads
[16:23:17] Found 0 rRNAs
[16:23:17] Skipping ncRNA search, enable with --rfam if desired.
[16:23:17] Total of 43 tRNA + rRNA features
[16:23:17] Searching for CRISPR repeats
[16:23:17] Found 0 CRISPRs
[16:23:17] Predicting coding sequences
[16:23:17] Contigs total 4701482 bp, so using single mode
[16:23:17] Running: prodigal -i GCA_003332265\.1\/GCA_003332265\.1\.fna -c -m -g 11 -p single -f sco -q
[16:23:25] Excluding CDS which overlaps existing RNA (tRNA) at gnl|X|BFLDHLJO_1:10047..10415 on + strand
[16:23:25] Excluding CDS which overlaps existing RNA (tRNA) at gnl|X|BFLDHLJO_1:400062..401342 on - strand
[16:23:29] Excluding CDS which overlaps existing RNA (tRNA) at gnl|X|BFLDHLJO_88:99224..104362 on - strand
[16:23:29] Found 4155 CDS
[16:23:29] Connecting features back to sequences
[16:23:29] Not using genus-specific database. Try --usegenus to enable it.
[16:23:29] Annotating CDS, please be patient.
[16:23:29] Will use 1 CPUs for similarity searching.
[16:23:31] There are still 4155 unannotated CDS left (started with 4155)
[16:23:31] Will use blast to search against /Users/emcdaniel/anaconda3/bin/../db/kingdom/Bacteria/sprot with 1 CPUs
[16:23:31] Running: cat GCA_003332265\.1\/sprot\.faa | parallel --gnu --plain -j 1 --block 686579 --recstart '>' --pipe blastp -query - -db /Users/emcdaniel/anaconda3/bin/../db/kingdom/Bacteria/sprot -evalue 1e-06 -num_threads 1 -num_descriptions 1 -num_alignments 1 -seg no > GCA_003332265\.1\/sprot\.blast 2> /dev/null
[16:28:58] Modify product: Uncharacterized protein NMB0459 => putative protein
[16:28:58] Modify product: UPF0225 protein YchJ => hypothetical protein
[16:28:58] Modify product: Uncharacterized ABC transporter ATP-binding protein TM_0288 => putative ABC transporter ATP-binding protein
[16:28:58] Modify product: Probable cyclic di-GMP phosphodiesterase VC_1348 => putative cyclic di-GMP phosphodiesterase
[16:28:58] Modify product: UPF0502 protein YceH => hypothetical protein
[16:28:59] Modify product: RNA-binding protein HI_1333 => RNA-binding protein
[16:28:59] Modify product: Uncharacterized protein Rv2575 => putative protein
[16:28:59] Modify product: SCO1 protein homolog => SCO1 protein 
[16:28:59] Modify product: Uncharacterized GTP-binding protein YjiA => putative GTP-binding protein YjiA
[16:28:59] Modify product: UPF0053 inner membrane protein YoaE => hypothetical protein
[16:28:59] Modify product: Uncharacterized protein YaeQ => putative protein YaeQ
[16:28:59] Modify product: Uncharacterized signaling protein PA1727 => putative signaling protein
[16:28:59] Modify product: Uncharacterized ABC transporter ATP-binding protein YxlF => putative ABC transporter ATP-binding protein YxlF
[16:28:59] Modify product: Uncharacterized glycosyltransferase sll0501 => putative glycosyltransferase
[16:28:59] Modify product: UPF0166 protein TM_0021 => hypothetical protein
[16:28:59] Modify product: Uncharacterized protease YhbU => putative protease YhbU
[16:28:59] Modify product: Uncharacterized oxidoreductase Rv0945 => putative oxidoreductase
[16:28:59] Modify product: Probable protein kinase UbiB => putative protein kinase UbiB
[16:28:59] Modify product: Probable nicotinate-nucleotide adenylyltransferase => putative nicotinate-nucleotide adenylyltransferase
[16:28:59] Modify product: Probable GTPase Rv1496 => putative GTPase
[16:28:59] Modify product: Probable enoyl-CoA hydratase echA8 => putative enoyl-CoA hydratase echA8
[16:28:59] Modify product: Sulfurtransferase Alvin_2599 => Sulfurtransferase
[16:28:59] Modify product: Outer membrane porin protein BP0840 => Outer membrane porin protein
[16:28:59] Modify product: Probable cation efflux system protein Rv2025c => putative cation efflux system protein
[16:28:59] Modify product: Uncharacterized protein YibN => putative protein YibN
[16:28:59] Modify product: UPF0070 protein HI_0370 => hypothetical protein
[16:28:59] Modify product: Uncharacterized protein HI_1048 => putative protein
[16:28:59] Modify product: Putative phosphoribosyl transferase MT0597 => Putative phosphoribosyl transferase
[16:28:59] Modify product: Uncharacterized protein Rv1288 => putative protein
[16:28:59] Modify product: Uncharacterized NTE family protein Rv1063c => putative NTE family protein
[16:28:59] Modify product: Uncharacterized HTH-type transcriptional regulator YddM => putative HTH-type transcriptional regulator YddM
[16:28:59] Modify product: Probable ATP-dependent helicase DinG homolog => putative ATP-dependent helicase DinG 
[16:28:59] Modify product: Probable copper-importing P-type ATPase A => putative copper-importing P-type ATPase A
[16:28:59] Modify product: Probable cyclic di-GMP phosphodiesterase VC_1348 => putative cyclic di-GMP phosphodiesterase
[16:28:59] Modify product: UPF0758 protein YsxA => hypothetical protein
[16:28:59] Modify product: Stringent starvation protein A homolog => Stringent starvation protein A 
[16:28:59] Modify product: Uncharacterized ABC transporter ATP-binding protein Rv1281c => putative ABC transporter ATP-binding protein
[16:28:59] Modify product: UPF0758 protein => hypothetical protein
[16:28:59] Modify product: Uncharacterized protein NMB0459 => putative protein
[16:28:59] Modify product: Probable GTPase Rv1496 => putative GTPase
[16:28:59] Modify product: Uncharacterized GST-like protein YibF => putative GST-like protein YibF
[16:28:59] Modify product: Probable 8-oxo-dGTP diphosphatase 1 => putative 8-oxo-dGTP diphosphatase 1
[16:28:59] Modify product: Uncharacterized MFS-type transporter YhjX => putative MFS-type transporter YhjX
[16:28:59] Modify product: Uncharacterized ABC transporter permease Rv0072 => putative ABC transporter permease
[16:28:59] Modify product: Uncharacterized HTH-type transcriptional regulator YusO => putative HTH-type transcriptional regulator YusO
[16:28:59] Modify product: Uncharacterized HTH-type transcriptional regulator Rv1985c => putative HTH-type transcriptional regulator
[16:28:59] Modify product: Uncharacterized protein Rv2307c => putative protein
[16:28:59] Modify product: Probable ABC transporter phosphite binding protein PhnD1 => putative ABC transporter phosphite binding protein PhnD1
[16:28:59] Modify product: Probable type I restriction enzyme BthVORF4518P M protein => putative type I restriction enzymeP M protein
[16:29:00] Modify product: Probable 3-hydroxyacyl-CoA dehydrogenase => putative 3-hydroxyacyl-CoA dehydrogenase
[16:29:00] Modify product: Putative outer membrane protein NMB0088 => Putative outer membrane protein
[16:29:00] Modify product: Uncharacterized acyl-CoA thioester hydrolase HI_0827 => putative acyl-CoA thioester hydrolase
[16:29:00] Modify product: Uncharacterized NTE family protein Rv1063c => putative NTE family protein
[16:29:00] Modify product: Uncharacterized lipoprotein YfhM => putative lipoprotein YfhM
[16:29:00] Modify product: Cytochrome b561 homolog 1 => Cytochrome b561 
[16:29:00] Modify product: Probable multidrug ABC transporter permease YbhR => putative multidrug ABC transporter permease YbhR
[16:29:00] Modify product: UPF0194 membrane protein YbhG => hypothetical protein
[16:29:00] Modify product: GTP cyclohydrolase 1 type 2 homolog => GTP cyclohydrolase 1 type 2 
[16:29:00] Modify product: PGL/p-HBAD biosynthesis glycosyltransferase Rv2957 => PGL/p-HBAD biosynthesis glycosyltransferase
[16:29:00] Modify product: Probable type I restriction enzyme BthVORF4518P M protein => putative type I restriction enzymeP M protein
[16:29:00] Modify product: Uncharacterized protein Rv0887c => putative protein
[16:29:00] Modify product: Uncharacterized ABC transporter ATP-binding protein Rv0986 => putative ABC transporter ATP-binding protein
[16:29:00] Modify product: Uncharacterized GMC-type oxidoreductase Rv0492c => putative GMC-type oxidoreductase
[16:29:00] Modify product: UPF0073 inner membrane protein YqfA => hypothetical protein
[16:29:00] Modify product: Probable sulfoacetate transporter SauU => putative sulfoacetate transporter SauU
[16:29:00] Modify product: Uncharacterized protein YqiC => putative protein YqiC
[16:29:00] Modify product: Probable 3-phenylpropionic acid transporter => putative 3-phenylpropionic acid transporter
[16:29:00] Modify product: Uncharacterized oxidoreductase Rv0945 => putative oxidoreductase
[16:29:00] Modify product: Uncharacterized protein Rv0647c => putative protein
[16:29:00] Modify product: UPF0065 protein in clcB-clcD intergenic region => hypothetical protein
[16:29:00] Modify product: UPF0053 protein HI_0107 => hypothetical protein
[16:29:00] Modify product: UPF0053 inner membrane protein YfjD => hypothetical protein
[16:29:00] Modify product: Universal stress protein MT2698 => Universal stress protein
[16:29:00] Modify product: Probable glycerol-3-phosphate acyltransferase => putative glycerol-3-phosphate acyltransferase
[16:29:00] Modify product: Uncharacterized HTH-type transcriptional regulator YddM => putative HTH-type transcriptional regulator YddM
[16:29:00] Modify product: Probable type I restriction enzyme BthVORF4518P M protein => putative type I restriction enzymeP M protein
[16:29:00] Modify product: Uncharacterized protease YdcP => putative protease YdcP
[16:29:00] Modify product: Uncharacterized HTH-type transcriptional regulator YfiR => putative HTH-type transcriptional regulator YfiR
[16:29:00] Modify product: UPF0307 protein YjgA => hypothetical protein
[16:29:00] Modify product: Probable peptidoglycan glycosyltransferase FtsW => putative peptidoglycan glycosyltransferase FtsW
[16:29:00] Modify product: Probable peptidoglycan D,D-transpeptidase PenA => putative peptidoglycan D,D-transpeptidase PenA
[16:29:00] Modify product: UPF0434 protein BB2007 => hypothetical protein
[16:29:00] Modify product: UPF0098 protein YbhB => hypothetical protein
[16:29:00] Modify product: Probable lipid II flippase MurJ => putative lipid II flippase MurJ
[16:29:00] Modify product: Probable enoyl-CoA hydratase echA8 => putative enoyl-CoA hydratase echA8
[16:29:00] Modify product: Uncharacterized protein Rv2581c => putative protein
[16:29:00] Modify product: Probable thiol:disulfide interchange protein DsbC => putative thiol:disulfide interchange protein DsbC
[16:29:00] Modify product: Uncharacterized protein YqeY => putative protein YqeY
[16:29:00] Modify product: UPF0053 protein HI_0107 => hypothetical protein
[16:29:00] Modify product: UPF0053 protein HI_0107 => hypothetical protein
[16:29:00] Modify product: UPF0053 protein HI_0107 => hypothetical protein
[16:29:00] Modify product: Uncharacterized protein Rv2569c => putative protein
[16:29:00] Modify product: Uncharacterized protein Rv2567 => putative protein
[16:29:00] Modify product: Uncharacterized protein Rv2569c => putative protein
[16:29:00] Modify product: Uncharacterized protein Rv2411c => putative protein
[16:29:00] Modify product: Uncharacterized ABC transporter ATP-binding protein YadG => putative ABC transporter ATP-binding protein YadG
[16:29:00] Modify product: Probable phospholipid-binding protein MlaC => putative phospholipid-binding protein MlaC
[16:29:00] Modify product: Probable phospholipid-binding lipoprotein MlaA => putative phospholipid-binding lipoprotein MlaA
[16:29:00] Modify product: Probable phospholipid ABC transporter-binding protein MlaD => putative phospholipid ABC transporter-binding protein MlaD
[16:29:00] Modify product: Probable phospholipid ABC transporter permease protein MlaE => putative phospholipid ABC transporter permease protein MlaE
[16:29:00] Modify product: Probable phospholipid import ATP-binding protein MlaF => putative phospholipid import ATP-binding protein MlaF
[16:29:00] Modify product: Uncharacterized signaling protein PA1727 => putative signaling protein
[16:29:00] Modify product: Uncharacterized HTH-type transcriptional regulator Rv1395 => putative HTH-type transcriptional regulator
[16:29:00] Modify product: UPF0225 protein YchJ => hypothetical protein
[16:29:00] Modify product: Probable cation-transporting ATPase F => putative cation-transporting ATPase F
[16:29:00] Modify product: UPF0047 protein Rv2556c => hypothetical protein
[16:29:00] Modify product: Uncharacterized HTH-type transcriptional regulator YtcD => putative HTH-type transcriptional regulator YtcD
[16:29:00] Modify product: UPF0246 protein YaaA => hypothetical protein
[16:29:00] Modify product: Uncharacterized signaling protein PA1727 => putative signaling protein
[16:29:00] Modify product: Probable DNA endonuclease SmrA => putative DNA endonuclease SmrA
[16:29:00] Modify product: SCO1 protein homolog => SCO1 protein 
[16:29:00] Modify product: Probable acrylyl-CoA reductase AcuI => putative acrylyl-CoA reductase AcuI
[16:29:00] Modify product: Uncharacterized oxidoreductase Rv1144 => putative oxidoreductase
[16:29:01] Modify product: UPF0235 protein YggU => hypothetical protein
[16:29:01] Modify product: UPF0301 protein VC_0467 => hypothetical protein
[16:29:01] Modify product: Uncharacterized isomerase YddE => putative isomerase YddE
[16:29:01] Modify product: Bifunctional protein FolD => Bifunctional protein FolD protein
[16:29:01] Modify product: UPF0394 inner membrane protein YedE => hypothetical protein
[16:29:01] Modify product: UPF0053 inner membrane protein YtfL => hypothetical protein
[16:29:01] Modify product: Probable amino-acid metabolite efflux pump => putative amino-acid metabolite efflux pump
[16:29:01] Modify product: Stringent starvation protein B homolog => Stringent starvation protein B 
[16:29:01] Modify product: Urea transporter DVU1160 => Urea transporter
[16:29:01] Modify product: Probable sulfate transporter Rv1739c => putative sulfate transporter
[16:29:01] Modify product: Probable sulfate transporter Rv1739c => putative sulfate transporter
[16:29:01] Modify product: Uncharacterized ABC transporter ATP-binding protein YadG => putative ABC transporter ATP-binding protein YadG
[16:29:01] Modify product: Probable nitrate transporter NarT => putative nitrate transporter NarT
[16:29:01] Modify product: Probable sulfate transporter Rv1739c => putative sulfate transporter
[16:29:01] Modify product: Probable chromosome-partitioning protein ParB => putative chromosome-partitioning protein ParB
[16:29:01] Modify product: Probable siderophore transport system ATP-binding protein YusV => putative siderophore transport system ATP-binding protein YusV
[16:29:01] Modify product: Uncharacterized signaling protein PA1727 => putative signaling protein
[16:29:01] Modify product: Uncharacterized ABC transporter ATP-binding protein YheS => putative ABC transporter ATP-binding protein YheS
[16:29:01] Modify product: Uncharacterized ABC transporter ATP-binding protein YbiT => putative ABC transporter ATP-binding protein YbiT
[16:29:01] Modify product: UPF0299 membrane protein YohJ => hypothetical protein
[16:29:01] Modify product: Uncharacterized protein Rv0628c => putative protein
[16:29:01] Modify product: Phosphate-specific transport system accessory protein PhoU homolog => Phosphate-specific transport system accessory protein PhoU 
[16:29:01] Modify product: Uncharacterized protein YgaU => putative protein YgaU
[16:29:01] Modify product: Uncharacterized zinc protease Rv2782c => putative zinc protease
[16:29:01] Modify product: Probable sulfate transporter Rv1739c => putative sulfate transporter
[16:29:01] Modify product: Uncharacterized FAD-linked oxidoreductase Rv2280 => putative FAD-linked oxidoreductase
[16:29:01] Modify product: Uncharacterized FAD-linked oxidoreductase Rv2280 => putative FAD-linked oxidoreductase
[16:29:01] Modify product: UPF0234 protein HI_1034 => hypothetical protein
[16:29:01] Modify product: Uncharacterized glycosyltransferase sll0501 => putative glycosyltransferase
[16:29:01] Modify product: Oxygen-independent coproporphyrinogen-III oxidase-like protein LL1139 => Oxygen-independent coproporphyrinogen-III oxidase-like protein
[16:29:01] Modify product: UPF0701 protein YicC => hypothetical protein
[16:29:01] Modify product: Uncharacterized metal-dependent hydrolase YjjV => putative metal-dependent hydrolase YjjV
[16:29:01] Modify product: Uncharacterized protein NMB0928 => putative protein
[16:29:01] Modify product: Putative universal stress protein SA1532 => Putative universal stress protein
[16:29:01] Modify product: Uncharacterized ABC transporter ATP-binding protein YknY => putative ABC transporter ATP-binding protein YknY
[16:29:01] Modify product: Probable parvulin-type peptidyl-prolyl cis-trans isomerase => putative parvulin-type peptidyl-prolyl cis-trans isomerase
[16:29:01] Modify product: Probable sulfate transporter Rv1739c => putative sulfate transporter
[16:29:01] Modify product: Uncharacterized methyltransferase YcgJ => putative methyltransferase YcgJ
[16:29:01] Modify product: Uncharacterized protein Rv2232 => putative protein
[16:29:01] Modify product: Probable malonic semialdehyde reductase RutE => putative malonic semialdehyde reductase RutE
[16:29:01] Modify product: Cytochrome b561 homolog 2 => Cytochrome b561 
[16:29:01] Modify product: Probable cyclic di-GMP phosphodiesterase PdeB => putative cyclic di-GMP phosphodiesterase PdeB
[16:29:01] Modify product: Putative esterase aq_1494 => Putative esterase
[16:29:01] Modify product: Uncharacterized HTH-type transcriptional regulator YurK => putative HTH-type transcriptional regulator YurK
[16:29:01] Modify product: Uncharacterized signaling protein PA1727 => putative signaling protein
[16:29:02] Modify product: Uncharacterized HTH-type transcriptional regulator YddM => putative HTH-type transcriptional regulator YddM
[16:29:02] Modify product: UPF0126 inner membrane protein YadS => hypothetical protein
[16:29:02] Modify product: Universal stress protein MSMEG_3950/MSMEI_3859 => Universal stress protein/MSMEI_3859
[16:29:02] Modify product: Phosphate-specific transport system accessory protein PhoU homolog => Phosphate-specific transport system accessory protein PhoU 
[16:29:02] Modify product: UPF0111 protein HI_1603 => hypothetical protein
[16:29:02] Modify product: Probable ABC transporter binding protein NosD => putative ABC transporter binding protein NosD
[16:29:02] Modify product: UPF0056 inner membrane protein YhgN => hypothetical protein
[16:29:02] Modify product: Uncharacterized protein Rv1290c => putative protein
[16:29:02] Modify product: Uncharacterized ABC transporter ATP-binding protein YknY => putative ABC transporter ATP-binding protein YknY
[16:29:02] Modify product: Uncharacterized signaling protein PA1727 => putative signaling protein
[16:29:02] Modify product: Probable L,D-transpeptidase YbiS => putative L,D-transpeptidase YbiS
[16:29:02] Modify product: Probable cardiolipin synthase YwiE => putative cardiolipin synthase YwiE
[16:29:02] Modify product: Uncharacterized transporter Rv2685 => putative transporter
[16:29:02] Modify product: Probable phosphatase Rv3661 => putative phosphatase
[16:29:02] Modify product: Uncharacterized signaling protein PA1727 => putative signaling protein
[16:29:02] Modify product: Putative quercetin 2,3-dioxygenase Rv0181c => Putative quercetin 2,3-dioxygenase
[16:29:02] Modify product: Uncharacterized protein YnbC => putative protein YnbC
[16:29:02] Modify product: Uncharacterized protein YnbD => putative protein YnbD
[16:29:02] Modify product: SCO1 protein homolog => SCO1 protein 
[16:29:02] Modify product: Probable ABC transporter binding protein NosD => putative ABC transporter binding protein NosD
[16:29:02] Modify product: Probable ABC transporter permease protein NosY => putative ABC transporter permease protein NosY
[16:29:02] Modify product: Uncharacterized symporter YjmB => putative symporter YjmB
[16:29:02] Modify product: Uncharacterized oxidoreductase SA2266 => putative oxidoreductase
[16:29:02] Modify product: Uncharacterized protein YbiB => putative protein YbiB
[16:29:02] Modify product: Uncharacterized protein YqjD => putative protein YqjD
[16:29:02] Modify product: Putative diacyglycerol O-acyltransferase Rv3740c => Putative diacyglycerol O-acyltransferase
[16:29:02] Modify product: Probable ABC transporter-binding protein DR_1438 => putative ABC transporter-binding protein
[16:29:02] Modify product: Probable Ni/Fe-hydrogenase 2 b-type cytochrome subunit => putative Ni/Fe-hydrogenase 2 b-type cytochrome subunit
[16:29:02] Modify product: Probable 2-phosphosulfolactate phosphatase => putative 2-phosphosulfolactate phosphatase
[16:29:02] Modify product: Uncharacterized protein YciH => putative protein YciH
[16:29:02] Modify product: Uncharacterized MscS family protein HI_0195.1 => putative MscS family protein.1
[16:29:02] Modify product: UPF0102 protein RPA0323 => hypothetical protein
[16:29:02] Modify product: Uncharacterized FAD-linked oxidoreductase Rv2280 => putative FAD-linked oxidoreductase
[16:29:02] Modify product: Probable GTP-binding protein EngB => putative GTP-binding protein EngB
[16:29:02] Modify product: Uncharacterized signaling protein PA1727 => putative signaling protein
[16:29:02] Modify product: UPF0153 protein YeiW => hypothetical protein
[16:29:02] Modify product: Uncharacterized signaling protein PA1727 => putative signaling protein
[16:29:02] Modify product: Probable phospholipid ABC transporter permease protein MlaE => putative phospholipid ABC transporter permease protein MlaE
[16:29:02] Modify product: Protease HtpX homolog => Protease HtpX 
[16:29:02] Modify product: Probable cystine transporter YijE => putative cystine transporter YijE
[16:29:02] Modify product: Cyclic di-GMP phosphodiesterase TM_0186 => Cyclic di-GMP phosphodiesterase
[16:29:02] Modify product: Stringent starvation protein A homolog => Stringent starvation protein A 
[16:29:02] Modify product: Uncharacterized ABC transporter ATP-binding protein YxlF => putative ABC transporter ATP-binding protein YxlF
[16:29:02] Modify product: Probable tRNA-dihydrouridine synthase => putative tRNA-dihydrouridine synthase
[16:29:02] Modify product: Probable siderophore biosynthesis protein SbnA => putative siderophore biosynthesis protein SbnA
[16:29:02] Modify product: Probable Fe(2+)-trafficking protein => putative Fe(2+)-trafficking protein
[16:29:02] Modify product: Uncharacterized zinc protease Rv2782c => putative zinc protease
[16:29:02] Modify product: Uncharacterized zinc protease Rv2782c => putative zinc protease
[16:29:02] Modify product: Putative monooxygenase Rv0793 => Putative monooxygenase
[16:29:02] Modify product: Uncharacterized protein Rv2008c => putative protein
[16:29:03] Modify product: Uncharacterized protein Rv2715 => putative protein
[16:29:03] Modify product: Probable phospholipid ABC transporter permease protein MlaE => putative phospholipid ABC transporter permease protein MlaE
[16:29:03] Modify product: Probable ribonucleotide transport ATP-binding protein mkl => putative ribonucleotide transport ATP-binding protein mkl
[16:29:03] Modify product: Probable enoyl-CoA hydratase echA8 => putative enoyl-CoA hydratase echA8
[16:29:03] Modify product: Uncharacterized protein MT2060 => putative protein
[16:29:03] Modify product: Uncharacterized protein YciO => putative protein YciO
[16:29:03] Modify product: Segregation and condensation protein B homolog => Segregation and condensation protein B 
[16:29:03] Modify product: Uncharacterized signaling protein PA1727 => putative signaling protein
[16:29:03] Modify product: Probable endoribonuclease MazF => putative endoribonuclease MazF
[16:29:03] Modify product: Probable membrane transporter protein YfcA => putative membrane transporter protein YfcA
[16:29:03] Modify product: Leu/Ile/Val-binding protein homolog 3 => Leu/Ile/Val-binding protein 
[16:29:03] Modify product: Putative trans-acting enoyl reductase Rv2449c => Putative trans-acting enoyl reductase
[16:29:03] Modify product: Uncharacterized ABC transporter ATP-binding protein YknY => putative ABC transporter ATP-binding protein YknY
[16:29:03] Modify product: Uncharacterized protein YyaP => putative protein YyaP
[16:29:03] Modify product: UPF0250 protein YbeD => hypothetical protein
[16:29:03] Modify product: Protease HtpX homolog => Protease HtpX 
[16:29:03] Modify product: Putative glutamine amidotransferase Rv2859c => Putative glutamine amidotransferase
[16:29:03] Modify product: Glycogen operon protein GlgX homolog => Glycogen operon protein GlgX 
[16:29:03] Modify product: Uncharacterized HTH-type transcriptional regulator YusO => putative HTH-type transcriptional regulator YusO
[16:29:03] Modify product: Uncharacterized oxidoreductase YdhV => putative oxidoreductase YdhV
[16:29:03] Modify product: UPF0125 protein RatB => hypothetical protein
[16:29:03] Modify product: Uncharacterized protein NMB1437 => putative protein
[16:29:03] Modify product: Probable cation-transporting ATPase F => putative cation-transporting ATPase F
[16:29:03] Modify product: UPF0271 protein YbgL => hypothetical protein
[16:29:03] Modify product: Uncharacterized protein YbgK => putative protein YbgK
[16:29:03] Modify product: Solute-binding protein Rfer_1840 => Solute-binding protein
[16:29:03] Modify product: Uncharacterized protein MSMEG_1279/MSMEI_1241 => putative protein/MSMEI_1241
[16:29:03] Modify product: SCO1 protein homolog => SCO1 protein 
[16:29:03] Modify product: Uncharacterized protein HI_1162 => putative protein
[16:29:03] Modify product: Uncharacterized protein HI_1162 => putative protein
[16:29:03] Modify product: Uncharacterized protein NMB0459 => putative protein
[16:29:03] Modify product: Probable hydrolase YcaC => putative hydrolase YcaC
[16:29:03] Modify product: Uncharacterized NTE family protein Rv2565 => putative NTE family protein
[16:29:03] Modify product: Monocarboxylate 2-oxoacid-binding periplasmic protein all3028 => Monocarboxylate 2-oxoacid-binding periplasmic protein
[16:29:03] Modify product: UPF0336 protein Rv0635 => hypothetical protein
[16:29:03] Modify product: Uncharacterized oxidoreductase Rv1144 => putative oxidoreductase
[16:29:03] Modify product: Lactate-binding periplasmic protein TTHA0766 => Lactate-binding periplasmic protein
[16:29:03] Modify product: Sulfurtransferase Alvin_2599 => Sulfurtransferase
[16:29:03] Modify product: Probable formate transporter 1 => putative formate transporter 1
[16:29:03] Modify product: Probable cyclic di-GMP phosphodiesterase VC_1348 => putative cyclic di-GMP phosphodiesterase
[16:29:03] Modify product: Cyclic di-GMP phosphodiesterase PA4108 => Cyclic di-GMP phosphodiesterase
[16:29:03] Modify product: Uncharacterized protein HI_0103 => putative protein
[16:29:03] Modify product: Uncharacterized FAD-linked oxidoreductase Rv2280 => putative FAD-linked oxidoreductase
[16:29:03] Modify product: Glycogen operon protein GlgX homolog => Glycogen operon protein GlgX 
[16:29:03] Modify product: Uncharacterized signaling protein PA1727 => putative signaling protein
[16:29:03] Modify product: Putative acetyltransferase SA2342 => Putative acetyltransferase
[16:29:03] Modify product: UPF0761 membrane protein YihY => hypothetical protein
[16:29:03] Modify product: Uncharacterized signaling protein PA1727 => putative signaling protein
[16:29:03] Modify product: Uncharacterized signaling protein PA1727 => putative signaling protein
[16:29:03] Modify product: Ribonuclease TTHA0252 => Ribonuclease
[16:29:03] Modify product: Uncharacterized protein Rv2307c => putative protein
[16:29:03] Cleaned 259 /product names
[16:29:03] Deleting unwanted file: GCA_003332265.1/sprot.faa
[16:29:03] Deleting unwanted file: GCA_003332265.1/sprot.blast
[16:29:04] There are still 1871 unannotated CDS left (started with 4155)
[16:29:04] Will use hmmer3 to search against /Users/emcdaniel/anaconda3/bin/../db/hmm/HAMAP.hmm with 1 CPUs
[16:29:04] Running: cat GCA_003332265\.1\/HAMAP\.hmm\.faa | parallel --gnu --plain -j 1 --block 247545 --recstart '>' --pipe hmmscan --noali --notextw --acc -E 1e-06 --cpu 1 /Users/emcdaniel/anaconda3/bin/../db/hmm/HAMAP.hmm /dev/stdin > GCA_003332265\.1\/HAMAP\.hmm\.hmmer3 2> /dev/null
[16:30:56] Modify product: Uncharacterized Nudix hydrolase NudL => putative Nudix hydrolase NudL
[16:30:56] Cleaned 1 /product names
[16:30:56] Deleting unwanted file: GCA_003332265.1/HAMAP.hmm.faa
[16:30:56] Deleting unwanted file: GCA_003332265.1/HAMAP.hmm.hmmer3
[16:30:56] Labelling remaining 1767 proteins as 'hypothetical protein'
[16:30:56] Possible /pseudo 'Cyanophycin synthetase' at gnl|X|BFLDHLJO_1 position 38900
[16:30:56] Possible /pseudo 'Type II secretion system protein G' at gnl|X|BFLDHLJO_1 position 171508
[16:30:56] Possible /pseudo 'Outer membrane porin protein 32' at gnl|X|BFLDHLJO_1 position 306999
[16:30:56] Possible /pseudo 'ATP-dependent DNA helicase RecQ' at gnl|X|BFLDHLJO_1 position 418372
[16:30:56] Possible /pseudo 'Homoserine O-acetyltransferase' at gnl|X|BFLDHLJO_2 position 5983
[16:30:56] Possible /pseudo 'Putative prophage major tail sheath protein' at gnl|X|BFLDHLJO_2 position 125349
[16:30:56] Possible /pseudo 'Multidrug efflux pump subunit AcrB' at gnl|X|BFLDHLJO_27 position 35522
[16:30:56] Possible /pseudo 'Lon protease' at gnl|X|BFLDHLJO_28 position 77657
[16:30:56] Possible /pseudo 'Quaternary ammonium compound-resistance protein SugE' at gnl|X|BFLDHLJO_31 position 51478
[16:30:56] Possible /pseudo 'putative protein' at gnl|X|BFLDHLJO_33 position 61978
[16:30:56] Possible /pseudo 'putative protein' at gnl|X|BFLDHLJO_33 position 64580
[16:30:56] Possible /pseudo 'Chaperone protein DnaK' at gnl|X|BFLDHLJO_34 position 8542
[16:30:56] Possible /pseudo '2-hydroxy-3-oxopropionate reductase' at gnl|X|BFLDHLJO_34 position 12948
[16:30:56] Possible /pseudo 'Heme A synthase' at gnl|X|BFLDHLJO_35 position 5316
[16:30:56] Possible /pseudo 'High-affinity branched-chain amino acid transport system permease protein LivH' at gnl|X|BFLDHLJO_37 position 23988
[16:30:56] Possible /pseudo 'Twitching mobility protein' at gnl|X|BFLDHLJO_37 position 32887
[16:30:56] Possible /pseudo 'putative sulfate transporter' at gnl|X|BFLDHLJO_40 position 36928
[16:30:56] Possible /pseudo 'D-glycero-beta-D-manno-heptose-1,7-bisphosphate 7-phosphatase' at gnl|X|BFLDHLJO_42 position 22850
[16:30:56] Possible /pseudo 'putative FAD-linked oxidoreductase' at gnl|X|BFLDHLJO_43 position 46075
[16:30:56] Possible /pseudo 'Serine/threonine-protein kinase pkn1' at gnl|X|BFLDHLJO_44 position 65946
[16:30:56] Possible /pseudo 'Calcium-transporting ATPase 1' at gnl|X|BFLDHLJO_45 position 33973
[16:30:56] Possible /pseudo 'Serine/threonine-protein kinase pkn1' at gnl|X|BFLDHLJO_46 position 12973
[16:30:56] Possible /pseudo 'Polyphosphate:ADP phosphotransferase 3' at gnl|X|BFLDHLJO_48 position 44686
[16:30:56] Possible /pseudo 'Protein YceI' at gnl|X|BFLDHLJO_49 position 5272
[16:30:56] Possible /pseudo 'Tyrosine recombinase XerC' at gnl|X|BFLDHLJO_51 position 2370
[16:30:56] Possible /pseudo 'Cytochrome c4' at gnl|X|BFLDHLJO_51 position 14985
[16:30:56] Possible /pseudo 'Acylase ACY 1 proenzyme' at gnl|X|BFLDHLJO_55 position 101758
[16:30:56] Possible /pseudo 'Cytochrome c4' at gnl|X|BFLDHLJO_58 position 15379
[16:30:56] Possible /pseudo '3-oxoacyl-[acyl-carrier-protein] reductase FabG' at gnl|X|BFLDHLJO_66 position 29620
[16:30:56] Possible /pseudo 'Copper resistance protein A' at gnl|X|BFLDHLJO_66 position 79531
[16:30:56] Possible /pseudo 'ATP-dependent RecD-like DNA helicase' at gnl|X|BFLDHLJO_66 position 131416
[16:30:56] Possible /pseudo 'putative zinc protease' at gnl|X|BFLDHLJO_76 position 14019
[16:30:56] Possible /pseudo 'Chemotaxis protein CheV' at gnl|X|BFLDHLJO_77 position 51973
[16:30:56] Possible /pseudo 'putative protein' at gnl|X|BFLDHLJO_99 position 17220
[16:30:56] Possible /pseudo 'Bifunctional PGK/TIM' at gnl|X|BFLDHLJO_99 position 66531
[16:30:56] Possible /pseudo '3-deoxy-D-manno-octulosonic acid kinase' at gnl|X|BFLDHLJO_110 position 29979
[16:30:56] Possible /pseudo 'putative signaling protein' at gnl|X|BFLDHLJO_115 position 3745
[16:30:56] Found 1674 unique /gene codes.
[16:30:56] Fixed 2 duplicate /gene - pyk_1 pyk_2
[16:30:56] Fixed 3 duplicate /gene - mscS_1 mscS_2 mscS_3
[16:30:56] Fixed 2 duplicate /gene - pvuIIM_1 pvuIIM_2
[16:30:56] Fixed 2 duplicate /gene - phoU_1 phoU_2
[16:30:56] Fixed 2 duplicate /gene - nuoF_1 nuoF_2
[16:30:56] Fixed 2 duplicate /gene - clsA_1 clsA_2
[16:30:56] Fixed 2 duplicate /gene - yhcG_1 yhcG_2
[16:30:56] Fixed 2 duplicate /gene - ftsA_1 ftsA_2
[16:30:56] Fixed 2 duplicate /gene - ppx_1 ppx_2
[16:30:56] Fixed 2 duplicate /gene - trxC_1 trxC_2
[16:30:56] Fixed 2 duplicate /gene - cobD_1 cobD_2
[16:30:56] Fixed 2 duplicate /gene - msrB_1 msrB_2
[16:30:56] Fixed 2 duplicate /gene - leuB_1 leuB_2
[16:30:56] Fixed 2 duplicate /gene - bcr_1 bcr_2
[16:30:56] Fixed 2 duplicate /gene - cysL_1 cysL_2
[16:30:56] Fixed 2 duplicate /gene - ctaA_1 ctaA_2
[16:30:56] Fixed 2 duplicate /gene - ptsI_1 ptsI_2
[16:30:56] Fixed 3 duplicate /gene - macA_1 macA_2 macA_3
[16:30:56] Fixed 2 duplicate /gene - acs_1 acs_2
[16:30:56] Fixed 2 duplicate /gene - egtB_1 egtB_2
[16:30:56] Fixed 2 duplicate /gene - leuA_1 leuA_2
[16:30:56] Fixed 2 duplicate /gene - yrdA_1 yrdA_2
[16:30:56] Fixed 6 duplicate /gene - atoC_1 atoC_2 atoC_3 atoC_4 atoC_5 atoC_6
[16:30:56] Fixed 4 duplicate /gene - ftsH_1 ftsH_2 ftsH_3 ftsH_4
[16:30:56] Fixed 8 duplicate /gene - xerC_1 xerC_2 xerC_3 xerC_4 xerC_5 xerC_6 xerC_7 xerC_8
[16:30:56] Fixed 3 duplicate /gene - exbD_1 exbD_2 exbD_3
[16:30:56] Fixed 6 duplicate /gene - xerD_1 xerD_2 xerD_3 xerD_4 xerD_5 xerD_6
[16:30:56] Fixed 3 duplicate /gene - traC_1 traC_2 traC_3
[16:30:56] Fixed 2 duplicate /gene - sdrD_1 sdrD_2
[16:30:56] Fixed 3 duplicate /gene - mopR_1 mopR_2 mopR_3
[16:30:56] Fixed 3 duplicate /gene - yddM_1 yddM_2 yddM_3
[16:30:56] Fixed 2 duplicate /gene - gcvA_1 gcvA_2
[16:30:56] Fixed 2 duplicate /gene - maeB_1 maeB_2
[16:30:56] Fixed 2 duplicate /gene - baeR_1 baeR_2
[16:30:56] Fixed 3 duplicate /gene - lcfB_1 lcfB_2 lcfB_3
[16:30:56] Fixed 3 duplicate /gene - tolQ_1 tolQ_2 tolQ_3
[16:30:56] Fixed 2 duplicate /gene - xcpT_1 xcpT_2
[16:30:56] Fixed 2 duplicate /gene - hcf136_1 hcf136_2
[16:30:56] Fixed 2 duplicate /gene - relA_1 relA_2
[16:30:56] Fixed 2 duplicate /gene - glgC_1 glgC_2
[16:30:56] Fixed 2 duplicate /gene - accA1_1 accA1_2
[16:30:56] Fixed 2 duplicate /gene - parD4_1 parD4_2
[16:30:56] Fixed 2 duplicate /gene - sugE_1 sugE_2
[16:30:56] Fixed 3 duplicate /gene - carA_1 carA_2 carA_3
[16:30:56] Fixed 2 duplicate /gene - acsA_1 acsA_2
[16:30:56] Fixed 3 duplicate /gene - gltI_1 gltI_2 gltI_3
[16:30:56] Fixed 2 duplicate /gene - mshA_1 mshA_2
[16:30:56] Fixed 3 duplicate /gene - motB_1 motB_2 motB_3
[16:30:56] Fixed 2 duplicate /gene - petE_1 petE_2
[16:30:56] Fixed 2 duplicate /gene - cheA_1 cheA_2
[16:30:56] Fixed 2 duplicate /gene - mepH_1 mepH_2
[16:30:56] Fixed 2 duplicate /gene - mltB_1 mltB_2
[16:30:56] Fixed 2 duplicate /gene - acuI_1 acuI_2
[16:30:56] Fixed 2 duplicate /gene - cpdA_1 cpdA_2
[16:30:56] Fixed 3 duplicate /gene - mdtA_1 mdtA_2 mdtA_3
[16:30:56] Fixed 3 duplicate /gene - yknY_1 yknY_2 yknY_3
[16:30:56] Fixed 4 duplicate /gene - mltC_1 mltC_2 mltC_3 mltC_4
[16:30:56] Fixed 2 duplicate /gene - kdkA_1 kdkA_2
[16:30:56] Fixed 2 duplicate /gene - nhaD_1 nhaD_2
[16:30:56] Fixed 4 duplicate /gene - fitB_1 fitB_2 fitB_3 fitB_4
[16:30:56] Fixed 2 duplicate /gene - oprF_1 oprF_2
[16:30:56] Fixed 2 duplicate /gene - mch_1 mch_2
[16:30:56] Fixed 2 duplicate /gene - higA-2_1 higA-2_2
[16:30:56] Fixed 4 duplicate /gene - hsdM_1 hsdM_2 hsdM_3 hsdM_4
[16:30:56] Fixed 2 duplicate /gene - wzc_1 wzc_2
[16:30:56] Fixed 2 duplicate /gene - amiC_1 amiC_2
[16:30:56] Fixed 2 duplicate /gene - davD_1 davD_2
[16:30:56] Fixed 2 duplicate /gene - lutA_1 lutA_2
[16:30:56] Fixed 2 duplicate /gene - cpxR_1 cpxR_2
[16:30:56] Fixed 2 duplicate /gene - pknB_1 pknB_2
[16:30:56] Fixed 3 duplicate /gene - phaC_1 phaC_2 phaC_3
[16:30:56] Fixed 2 duplicate /gene - trmB_1 trmB_2
[16:30:56] Fixed 2 duplicate /gene - rhtB_1 rhtB_2
[16:30:56] Fixed 2 duplicate /gene - parA_1 parA_2
[16:30:56] Fixed 2 duplicate /gene - ydiK_1 ydiK_2
[16:30:56] Fixed 2 duplicate /gene - asnB_1 asnB_2
[16:30:56] Fixed 2 duplicate /gene - cphA_1 cphA_2
[16:30:56] Fixed 2 duplicate /gene - trxA_1 trxA_2
[16:30:56] Fixed 2 duplicate /gene - alaS_1 alaS_2
[16:30:56] Fixed 4 duplicate /gene - ubiE_1 ubiE_2 ubiE_3 ubiE_4
[16:30:56] Fixed 4 duplicate /gene - qseC_1 qseC_2 qseC_3 qseC_4
[16:30:56] Fixed 2 duplicate /gene - cas2_1 cas2_2
[16:30:56] Fixed 3 duplicate /gene - phoP_1 phoP_2 phoP_3
[16:30:56] Fixed 2 duplicate /gene - glxR_1 glxR_2
[16:30:56] Fixed 2 duplicate /gene - ctpF_1 ctpF_2
[16:30:56] Fixed 2 duplicate /gene - hupR1_1 hupR1_2
[16:30:56] Fixed 2 duplicate /gene - paaK_1 paaK_2
[16:30:56] Fixed 2 duplicate /gene - copB_1 copB_2
[16:30:56] Fixed 15 duplicate /gene - pkn1_1 pkn1_2 pkn1_3 pkn1_4 pkn1_5 pkn1_6 pkn1_7 pkn1_8 pkn1_9 pkn1_10 pkn1_11 pkn1_12 pkn1_13 pkn1_14 pkn1_15
[16:30:56] Fixed 2 duplicate /gene - pctA_1 pctA_2
[16:30:56] Fixed 8 duplicate /gene - bepA_1 bepA_2 bepA_3 bepA_4 bepA_5 bepA_6 bepA_7 bepA_8
[16:30:56] Fixed 2 duplicate /gene - ygiF_1 ygiF_2
[16:30:56] Fixed 2 duplicate /gene - gap3_1 gap3_2
[16:30:56] Fixed 2 duplicate /gene - bioC_1 bioC_2
[16:30:56] Fixed 4 duplicate /gene - dnaK_1 dnaK_2 dnaK_3 dnaK_4
[16:30:56] Fixed 2 duplicate /gene - speE_1 speE_2
[16:30:56] Fixed 2 duplicate /gene - eno_1 eno_2
[16:30:56] Fixed 3 duplicate /gene - cdgJ_1 cdgJ_2 cdgJ_3
[16:30:56] Fixed 2 duplicate /gene - atpA_1 atpA_2
[16:30:56] Fixed 2 duplicate /gene - fixJ_1 fixJ_2
[16:30:56] Fixed 2 duplicate /gene - thiF_1 thiF_2
[16:30:56] Fixed 2 duplicate /gene - czcA_1 czcA_2
[16:30:56] Fixed 5 duplicate /gene - prpC_1 prpC_2 prpC_3 prpC_4 prpC_5
[16:30:56] Fixed 3 duplicate /gene - echA8_1 echA8_2 echA8_3
[16:30:56] Fixed 2 duplicate /gene - bpoC_1 bpoC_2
[16:30:56] Fixed 3 duplicate /gene - hin_1 hin_2 hin_3
[16:30:56] Fixed 2 duplicate /gene - atpF_1 atpF_2
[16:30:56] Fixed 3 duplicate /gene - radD_1 radD_2 radD_3
[16:30:56] Fixed 2 duplicate /gene - qseB_1 qseB_2
[16:30:56] Fixed 2 duplicate /gene - cheB_1 cheB_2
[16:30:56] Fixed 6 duplicate /gene - kefC_1 kefC_2 kefC_3 kefC_4 kefC_5 kefC_6
[16:30:56] Fixed 3 duplicate /gene - scpA_1 scpA_2 scpA_3
[16:30:56] Fixed 2 duplicate /gene - trpB_1 trpB_2
[16:30:56] Fixed 4 duplicate /gene - recD2_1 recD2_2 recD2_3 recD2_4
[16:30:56] Fixed 2 duplicate /gene - ybaT_1 ybaT_2
[16:30:56] Fixed 4 duplicate /gene - epsE_1 epsE_2 epsE_3 epsE_4
[16:30:56] Fixed 2 duplicate /gene - yccA_1 yccA_2
[16:30:56] Fixed 2 duplicate /gene - grpE_1 grpE_2
[16:30:56] Fixed 3 duplicate /gene - sspA_1 sspA_2 sspA_3
[16:30:56] Fixed 4 duplicate /gene - ypmQ_1 ypmQ_2 ypmQ_3 ypmQ_4
[16:30:56] Fixed 4 duplicate /gene - dmlR_1 dmlR_2 dmlR_3 dmlR_4
[16:30:56] Fixed 3 duplicate /gene - cusR_1 cusR_2 cusR_3
[16:30:56] Fixed 2 duplicate /gene - mcpQ_1 mcpQ_2
[16:30:56] Fixed 2 duplicate /gene - trkH_1 trkH_2
[16:30:56] Fixed 2 duplicate /gene - ymdB_1 ymdB_2
[16:30:56] Fixed 5 duplicate /gene - fixL_1 fixL_2 fixL_3 fixL_4 fixL_5
[16:30:56] Fixed 3 duplicate /gene - arnT_1 arnT_2 arnT_3
[16:30:56] Fixed 2 duplicate /gene - amtB_1 amtB_2
[16:30:56] Fixed 4 duplicate /gene - livF_1 livF_2 livF_3 livF_4
[16:30:56] Fixed 2 duplicate /gene - malP_1 malP_2
[16:30:56] Fixed 2 duplicate /gene - hflX_1 hflX_2
[16:30:56] Fixed 2 duplicate /gene - lysA_1 lysA_2
[16:30:56] Fixed 2 duplicate /gene - yadG_1 yadG_2
[16:30:56] Fixed 2 duplicate /gene - glgX_1 glgX_2
[16:30:56] Fixed 2 duplicate /gene - gspE_1 gspE_2
[16:30:56] Fixed 3 duplicate /gene - pat_1 pat_2 pat_3
[16:30:56] Fixed 2 duplicate /gene - atpB_1 atpB_2
[16:30:56] Fixed 2 duplicate /gene - lemA_1 lemA_2
[16:30:56] Fixed 2 duplicate /gene - glmU_1 glmU_2
[16:30:56] Fixed 4 duplicate /gene - cya_1 cya_2 cya_3 cya_4
[16:30:56] Fixed 2 duplicate /gene - fabI_1 fabI_2
[16:30:56] Fixed 2 duplicate /gene - mepM_1 mepM_2
[16:30:56] Fixed 2 duplicate /gene - tctD_1 tctD_2
[16:30:56] Fixed 2 duplicate /gene - crp_1 crp_2
[16:30:56] Fixed 3 duplicate /gene - pilT_1 pilT_2 pilT_3
[16:30:56] Fixed 2 duplicate /gene - oprB_1 oprB_2
[16:30:56] Fixed 3 duplicate /gene - glgB_1 glgB_2 glgB_3
[16:30:56] Fixed 2 duplicate /gene - nosD_1 nosD_2
[16:30:56] Fixed 2 duplicate /gene - lrp_1 lrp_2
[16:30:56] Fixed 2 duplicate /gene - selD_1 selD_2
[16:30:56] Fixed 2 duplicate /gene - davT_1 davT_2
[16:30:56] Fixed 2 duplicate /gene - yedK_1 yedK_2
[16:30:56] Fixed 3 duplicate /gene - wbgU_1 wbgU_2 wbgU_3
[16:30:56] Fixed 4 duplicate /gene - resA_1 resA_2 resA_3 resA_4
[16:30:56] Fixed 2 duplicate /gene - atpC_1 atpC_2
[16:30:56] Fixed 2 duplicate /gene - dadA1_1 dadA1_2
[16:30:56] Fixed 5 duplicate /gene - atoS_1 atoS_2 atoS_3 atoS_4 atoS_5
[16:30:56] Fixed 2 duplicate /gene - acr3_1 acr3_2
[16:30:56] Fixed 3 duplicate /gene - sppA_1 sppA_2 sppA_3
[16:30:56] Fixed 4 duplicate /gene - htpX_1 htpX_2 htpX_3 htpX_4
[16:30:56] Fixed 2 duplicate /gene - cph2_1 cph2_2
[16:30:56] Fixed 5 duplicate /gene - livH_1 livH_2 livH_3 livH_4 livH_5
[16:30:56] Fixed 3 duplicate /gene - recQ_1 recQ_2 recQ_3
[16:30:56] Fixed 2 duplicate /gene - pgk/tpi_1 pgk/tpi_2
[16:30:56] Fixed 2 duplicate /gene - mdeA_1 mdeA_2
[16:30:56] Fixed 6 duplicate /gene - vapC_1 vapC_2 vapC_3 vapC_4 vapC_5 vapC_6
[16:30:56] Fixed 4 duplicate /gene - cusS_1 cusS_2 cusS_3 cusS_4
[16:30:56] Fixed 3 duplicate /gene - lptB_1 lptB_2 lptB_3
[16:30:56] Fixed 2 duplicate /gene - pyrE_1 pyrE_2
[16:30:56] Fixed 2 duplicate /gene - atpG_1 atpG_2
[16:30:56] Fixed 4 duplicate /gene - nirS_1 nirS_2 nirS_3 nirS_4
[16:30:56] Fixed 2 duplicate /gene - nhaP_1 nhaP_2
[16:30:56] Fixed 2 duplicate /gene - ycf3_1 ycf3_2
[16:30:56] Fixed 2 duplicate /gene - yjcH_1 yjcH_2
[16:30:56] Fixed 2 duplicate /gene - dprA_1 dprA_2
[16:30:56] Fixed 2 duplicate /gene - rluB_1 rluB_2
[16:30:56] Fixed 3 duplicate /gene - mdtE_1 mdtE_2 mdtE_3
[16:30:56] Fixed 2 duplicate /gene - treS_1 treS_2
[16:30:56] Fixed 2 duplicate /gene - nadE_1 nadE_2
[16:30:56] Fixed 2 duplicate /gene - fbp_1 fbp_2
[16:30:56] Fixed 2 duplicate /gene - copZ_1 copZ_2
[16:30:56] Fixed 7 duplicate /gene - dctM_1 dctM_2 dctM_3 dctM_4 dctM_5 dctM_6 dctM_7
[16:30:56] Fixed 2 duplicate /gene - rnr_1 rnr_2
[16:30:56] Fixed 2 duplicate /gene - pilQ_1 pilQ_2
[16:30:56] Fixed 2 duplicate /gene - kipR_1 kipR_2
[16:30:56] Fixed 2 duplicate /gene - bamE_1 bamE_2
[16:30:56] Fixed 2 duplicate /gene - dnaJ_1 dnaJ_2
[16:30:56] Fixed 3 duplicate /gene - mscK_1 mscK_2 mscK_3
[16:30:56] Fixed 2 duplicate /gene - tolC_1 tolC_2
[16:30:56] Fixed 2 duplicate /gene - cheR_1 cheR_2
[16:30:56] Fixed 2 duplicate /gene - lplT_1 lplT_2
[16:30:56] Fixed 2 duplicate /gene - cheY_1 cheY_2
[16:30:56] Fixed 4 duplicate /gene - lon_1 lon_2 lon_3 lon_4
[16:30:56] Fixed 3 duplicate /gene - vgrG1_1 vgrG1_2 vgrG1_3
[16:30:56] Fixed 2 duplicate /gene - rng_1 rng_2
[16:30:56] Fixed 2 duplicate /gene - bcp_1 bcp_2
[16:30:56] Fixed 2 duplicate /gene - pitA_1 pitA_2
[16:30:56] Fixed 2 duplicate /gene - hisC_1 hisC_2
[16:30:56] Fixed 2 duplicate /gene - yceI_1 yceI_2
[16:30:56] Fixed 2 duplicate /gene - wecA_1 wecA_2
[16:30:56] Fixed 2 duplicate /gene - polC_1 polC_2
[16:30:56] Fixed 2 duplicate /gene - btuF_1 btuF_2
[16:30:56] Fixed 3 duplicate /gene - atsA_1 atsA_2 atsA_3
[16:30:56] Fixed 4 duplicate /gene - epsF_1 epsF_2 epsF_3 epsF_4
[16:30:56] Fixed 2 duplicate /gene - cdsA_1 cdsA_2
[16:30:56] Fixed 2 duplicate /gene - regX3_1 regX3_2
[16:30:56] Fixed 2 duplicate /gene - mraZ_1 mraZ_2
[16:30:56] Fixed 2 duplicate /gene - pncC_1 pncC_2
[16:30:56] Fixed 2 duplicate /gene - fimA_1 fimA_2
[16:30:56] Fixed 3 duplicate /gene - mlaE_1 mlaE_2 mlaE_3
[16:30:56] Fixed 7 duplicate /gene - pleD_1 pleD_2 pleD_3 pleD_4 pleD_5 pleD_6 pleD_7
[16:30:56] Fixed 5 duplicate /gene - guaB_1 guaB_2 guaB_3 guaB_4 guaB_5
[16:30:56] Fixed 3 duplicate /gene - ihfB_1 ihfB_2 ihfB_3
[16:30:56] Fixed 2 duplicate /gene - pta_1 pta_2
[16:30:56] Fixed 2 duplicate /gene - smtB_1 smtB_2
[16:30:56] Fixed 2 duplicate /gene - rlmB_1 rlmB_2
[16:30:56] Fixed 2 duplicate /gene - cysA_1 cysA_2
[16:30:56] Fixed 2 duplicate /gene - pcm_1 pcm_2
[16:30:56] Fixed 2 duplicate /gene - uctC_1 uctC_2
[16:30:56] Fixed 2 duplicate /gene - acyI_1 acyI_2
[16:30:56] Fixed 2 duplicate /gene - cycA_1 cycA_2
[16:30:56] Fixed 2 duplicate /gene - ftsN_1 ftsN_2
[16:30:56] Fixed 2 duplicate /gene - ascD_1 ascD_2
[16:30:56] Fixed 2 duplicate /gene - clsB_1 clsB_2
[16:30:56] Fixed 2 duplicate /gene - tam_1 tam_2
[16:30:56] Fixed 2 duplicate /gene - atpE_1 atpE_2
[16:30:56] Fixed 2 duplicate /gene - lolE_1 lolE_2
[16:30:56] Fixed 3 duplicate /gene - cusA_1 cusA_2 cusA_3
[16:30:56] Fixed 3 duplicate /gene - gltA_1 gltA_2 gltA_3
[16:30:56] Fixed 2 duplicate /gene - rep_1 rep_2
[16:30:56] Fixed 2 duplicate /gene - macB_1 macB_2
[16:30:56] Fixed 2 duplicate /gene - hisH_1 hisH_2
[16:30:56] Fixed 2 duplicate /gene - pepP_1 pepP_2
[16:30:56] Fixed 2 duplicate /gene - fmt_1 fmt_2
[16:30:56] Fixed 2 duplicate /gene - yusO_1 yusO_2
[16:30:56] Fixed 3 duplicate /gene - mdtB_1 mdtB_2 mdtB_3
[16:30:56] Fixed 2 duplicate /gene - moeA_1 moeA_2
[16:30:56] Fixed 7 duplicate /gene - hsdR_1 hsdR_2 hsdR_3 hsdR_4 hsdR_5 hsdR_6 hsdR_7
[16:30:56] Fixed 3 duplicate /gene - ubiG_1 ubiG_2 ubiG_3
[16:30:56] Fixed 2 duplicate /gene - nudF_1 nudF_2
[16:30:56] Fixed 3 duplicate /gene - walK_1 walK_2 walK_3
[16:30:56] Fixed 2 duplicate /gene - ctaB_1 ctaB_2
[16:30:56] Fixed 2 duplicate /gene - dltC_1 dltC_2
[16:30:56] Fixed 2 duplicate /gene - acrB_1 acrB_2
[16:30:56] Fixed 2 duplicate /gene - fusA_1 fusA_2
[16:30:56] Fixed 3 duplicate /gene - mboIIM_1 mboIIM_2 mboIIM_3
[16:30:56] Fixed 6 duplicate /gene - fabG_1 fabG_2 fabG_3 fabG_4 fabG_5 fabG_6
[16:30:56] Fixed 2 duplicate /gene - yeaX_1 yeaX_2
[16:30:56] Fixed 3 duplicate /gene - gpFI_1 gpFI_2 gpFI_3
[16:30:56] Fixed 6 duplicate /gene - actP_1 actP_2 actP_3 actP_4 actP_5 actP_6
[16:30:56] Fixed 4 duplicate /gene - rhlE_1 rhlE_2 rhlE_3 rhlE_4
[16:30:56] Fixed 3 duplicate /gene - prkC_1 prkC_2 prkC_3
[16:30:56] Fixed 2 duplicate /gene - smc_1 smc_2
[16:30:56] Fixed 2 duplicate /gene - flhB_1 flhB_2
[16:30:56] Fixed 2 duplicate /gene - rlpA_1 rlpA_2
[16:30:56] Fixed 2 duplicate /gene - sfrB_1 sfrB_2
[16:30:56] Fixed 5 duplicate /gene - copA_1 copA_2 copA_3 copA_4 copA_5
[16:30:56] Fixed 2 duplicate /gene - mexB_1 mexB_2
[16:30:56] Fixed 2 duplicate /gene - zntR_1 zntR_2
[16:30:56] Fixed 2 duplicate /gene - gloB_1 gloB_2
[16:30:56] Fixed 2 duplicate /gene - baeS_1 baeS_2
[16:30:56] Fixed 2 duplicate /gene - secA_1 secA_2
[16:30:56] Fixed 2 duplicate /gene - yadH_1 yadH_2
[16:30:56] Fixed 2 duplicate /gene - rsmI_1 rsmI_2
[16:30:56] Fixed 2 duplicate /gene - ompA_1 ompA_2
[16:30:56] Fixed 2 duplicate /gene - glnD_1 glnD_2
[16:30:56] Fixed 2 duplicate /gene - hisF_1 hisF_2
[16:30:56] Fixed 3 duplicate /gene - metXA_1 metXA_2 metXA_3
[16:30:56] Fixed 2 duplicate /gene - dmdC_1 dmdC_2
[16:30:56] Fixed 2 duplicate /gene - gshA_1 gshA_2
[16:30:56] Fixed 2 duplicate /gene - fpr_1 fpr_2
[16:30:56] Fixed 2 duplicate /gene - htrA_1 htrA_2
[16:30:56] Fixed 2 duplicate /gene - rpoS_1 rpoS_2
[16:30:56] Fixed 3 duplicate /gene - lolD_1 lolD_2 lolD_3
[16:30:56] Fixed 4 duplicate /gene - higB_1 higB_2 higB_3 higB_4
[16:30:56] Fixed 3 duplicate /gene - teaD_1 teaD_2 teaD_3
[16:30:56] Fixed 4 duplicate /gene - cc4_1 cc4_2 cc4_3 cc4_4
[16:30:56] Fixed 4 duplicate /gene - oprM_1 oprM_2 oprM_3 oprM_4
[16:30:56] Fixed 2 duplicate /gene - cheV_1 cheV_2
[16:30:56] Fixed 2 duplicate /gene - yxlF_1 yxlF_2
[16:30:56] Fixed 2 duplicate /gene - pdeB_1 pdeB_2
[16:30:56] Fixed 7 duplicate /gene - rapA_1 rapA_2 rapA_3 rapA_4 rapA_5 rapA_6 rapA_7
[16:30:56] Fixed 2 duplicate /gene - otnI_1 otnI_2
[16:30:56] Fixed 2 duplicate /gene - hemN_1 hemN_2
[16:30:56] Fixed 2 duplicate /gene - clpX_1 clpX_2
[16:30:56] Fixed 2 duplicate /gene - qmcA_1 qmcA_2
[16:30:56] Fixed 2 duplicate /gene - pepN_1 pepN_2
[16:30:56] Fixed 2 duplicate /gene - pyrD_1 pyrD_2
[16:30:56] Fixed 2 duplicate /gene - suhB_1 suhB_2
[16:30:56] Fixed 2 duplicate /gene - yfkJ_1 yfkJ_2
[16:30:56] Fixed 3 duplicate /gene - braC_1 braC_2 braC_3
[16:30:56] Fixed 291 colliding /gene names.
[16:30:56] Adding /locus_tag identifiers
[16:30:57] Assigned 4199 locus_tags to CDS and RNA features.
[16:30:57] Writing outputs to GCA_003332265.1/
[16:31:01] Generating annotation statistics file
[16:31:01] Generating Genbank and Sequin files
[16:31:01] Running: tbl2asn -V b -a r10k -l paired-ends -M n -N 1 -y 'Annotated using prokka 1.13 from https://github.com/tseemann/prokka' -Z GCA_003332265\.1\/GCA_003332265\.1\.err -i GCA_003332265\.1\/GCA_003332265\.1\.fsa 2> /dev/null
[16:31:12] Could not run command: tbl2asn -V b -a r10k -l paired-ends -M n -N 1 -y 'Annotated using prokka 1.13 from https://github.com/tseemann/prokka' -Z GCA_003332265\.1\/GCA_003332265\.1\.err -i GCA_003332265\.1\/GCA_003332265\.1\.fsa 2> /dev/null
