[12:41:25] This is prokka 1.13.3
[12:41:25] Written by Torsten Seemann <torsten.seemann@gmail.com>
[12:41:25] Homepage is https://github.com/tseemann/prokka
[12:41:25] Local time is Tue Mar  3 12:41:25 2020
[12:41:25] You are emcdaniel
[12:41:25] Operating system is linux
[12:41:25] You have BioPerl 1.007002
[12:41:25] System has 16 cores.
[12:41:25] Will use maximum of 15 cores.
[12:41:25] Annotating as >>> Bacteria <<<
[12:41:25] Generating locus_tag from 'Reactor4-bin.4.fna' contents.
[12:41:25] Setting --locustag CEKMHFBL from MD5 ce461fb5f85d52105d11c4c97a1b178d
[12:41:25] Enabling options to ensure Genbank/ENA/DDJB submission compliance.
[12:41:25] Creating new output folder: Reactor4-bin.4
[12:41:25] Running: mkdir -p Reactor4\-bin\.4
[12:41:25] Using filename prefix: Reactor4-bin.4.XXX
[12:41:25] Setting HMMER_NCPU=1
[12:41:25] Writing log to: Reactor4-bin.4/Reactor4-bin.4.log
[12:41:25] Command: /home/emcdaniel/anaconda3/envs/prokka3/bin/prokka --outdir Reactor4-bin.4 --prefix Reactor4-bin.4 --cpus 15 Reactor4-bin.4.fna --centre X --compliant
[12:41:25] Appending to PATH: /home/emcdaniel/anaconda3/envs/prokka3/bin
[12:41:25] Looking for 'aragorn' - found /home/emcdaniel/anaconda3/envs/prokka3/bin/aragorn
[12:41:25] Determined aragorn version is 1.2
[12:41:25] Looking for 'barrnap' - found /home/emcdaniel/anaconda3/envs/prokka3/bin/barrnap
[12:41:25] Determined barrnap version is 0.9
[12:41:25] Looking for 'blastp' - found /home/emcdaniel/anaconda3/envs/prokka3/bin/blastp
[12:41:25] Determined blastp version is 2.9
[12:41:25] Looking for 'cmpress' - found /home/emcdaniel/anaconda3/envs/prokka3/bin/cmpress
[12:41:25] Determined cmpress version is 1.1
[12:41:25] Looking for 'cmscan' - found /home/emcdaniel/anaconda3/envs/prokka3/bin/cmscan
[12:41:25] Determined cmscan version is 1.1
[12:41:25] Looking for 'egrep' - found /bin/egrep
[12:41:25] Looking for 'find' - found /usr/bin/find
[12:41:25] Looking for 'grep' - found /bin/grep
[12:41:25] Looking for 'hmmpress' - found /home/emcdaniel/anaconda3/envs/prokka3/bin/hmmpress
[12:41:25] Determined hmmpress version is 3.2
[12:41:25] Looking for 'hmmscan' - found /home/emcdaniel/anaconda3/envs/prokka3/bin/hmmscan
[12:41:25] Determined hmmscan version is 3.2
[12:41:25] Looking for 'java' - found /home/emcdaniel/anaconda3/envs/prokka3/bin/java
[12:41:25] Looking for 'less' - found /usr/bin/less
[12:41:25] Looking for 'makeblastdb' - found /home/emcdaniel/anaconda3/envs/prokka3/bin/makeblastdb
[12:41:25] Determined makeblastdb version is 2.9
[12:41:25] Looking for 'minced' - found /home/emcdaniel/anaconda3/envs/prokka3/bin/minced
[12:41:25] Determined minced version is 4.2
[12:41:25] Looking for 'parallel' - found /home/emcdaniel/anaconda3/envs/prokka3/bin/parallel
[12:41:25] Determined parallel version is 20190722
[12:41:25] Looking for 'prodigal' - found /home/emcdaniel/anaconda3/envs/prokka3/bin/prodigal
[12:41:25] Determined prodigal version is 2.6
[12:41:25] Looking for 'prokka-genbank_to_fasta_db' - found /home/emcdaniel/anaconda3/envs/prokka3/bin/prokka-genbank_to_fasta_db
[12:41:25] Looking for 'sed' - found /bin/sed
[12:41:25] Looking for 'tbl2asn' - found /home/emcdaniel/anaconda3/envs/prokka3/bin/tbl2asn
[12:41:25] Determined tbl2asn version is 25.7
[12:41:25] Using genetic code table 11.
[12:41:25] Loading and checking input file: Reactor4-bin.4.fna
[12:41:25] Wrote 102 contigs totalling 4870756 bp.
[12:41:25] Predicting tRNAs and tmRNAs
[12:41:25] Running: aragorn -l -gc11  -w Reactor4\-bin\.4\/Reactor4\-bin\.4\.fna
[12:41:28] 1 tRNA-Thr [63555,63646] 37 (agt)
[12:41:28] 2 tRNA-Leu [184703,184787] 35 (tag)
[12:41:28] 1 tRNA-Leu c[107269,107353] 35 (caa)
[12:41:28] 1 tRNA-Ser c[13365,13455] 35 (gga)
[12:41:28] 2 tRNA-Arg [42365,42437] 34 (cct)
[12:41:28] 3 tRNA-Pro [88926,89002] 35 (tgg)
[12:41:28] 4 tRNA-Arg [89084,89160] 35 (tct)
[12:41:28] 5 tRNA-His [89169,89244] 34 (gtg)
[12:41:28] 6 tRNA-Cys c[117477,117550] 33 (gca)
[12:41:28] 7 tRNA-Gly c[117614,117689] 34 (gcc)
[12:41:28] 1 tRNA-Ser [113894,113987] 35 (gct)
[12:41:28] 1 tRNA-Cys c[37892,37982] 31 (gca)
[12:41:28] 2 tRNA-Met c[39729,39805] 35 (cat)
[12:41:28] 1 tRNA-Glu c[46965,47040] 35 (ttc)
[12:41:28] 2 tRNA-Ala c[47066,47141] 34 (ggc)
[12:41:28] 1 tRNA-Leu c[22890,22976] 35 (taa)
[12:41:28] 2 tRNA-Gly c[23047,23122] 34 (gcc)
[12:41:28] 1 tRNA-Leu c[36182,36268] 35 (cag)
[12:41:28] tRNA [38808,38904] is a pseudo/wacky gene - skipping.
[12:41:28] 1 tRNA-Ser c[1221,1308] 35 (tga)
[12:41:28] 2 tRNA-Val [34605,34679] 33 (cac)
[12:41:28] 3 tRNA-Ala [43537,43612] 34 (ggc)
[12:41:28] 4 tRNA-Glu [43633,43708] 35 (ttc)
[12:41:28] 1 tRNA-Tyr [36396,36480] 35 (gta)
[12:41:28] 2 tRNA-Gly [36532,36605] 33 (tcc)
[12:41:28] 3 tRNA-Thr [36648,36722] 33 (ggt)
[12:41:28] 4 tRNA-Trp [38026,38101] 34 (cca)
[12:41:28] 1 tmRNA* [38183,38488] 183,215 ANDERFALAA*
[12:41:28] tRNA [47154,47242] is a pseudo/wacky gene - skipping.
[12:41:28] 2 tRNA-Arg [61120,61196] 35 (ccg)
[12:41:28] 1 tRNA-Met [26037,26111] 35 (cat)
[12:41:28] 1 tRNA-Thr c[22131,22204] 33 (tgt)
[12:41:28] 1 tRNA-Asn c[8151,8226] 34 (gtt)
[12:41:28] 2 tRNA-Ser [18543,18640] 38 (gct)
[12:41:28] 1 tRNA-Pro c[19093,19169] 35 (ggg)
[12:41:28] 2 tRNA-Leu c[59958,60042] 35 (gag)
[12:41:28] 1 tRNA-Pro c[20181,20257] 35 (cgg)
[12:41:28] 2 tRNA-Phe [59709,59784] 34 (gaa)
[12:41:28] 1 tRNA-Asp c[19951,20027] 35 (gtc)
[12:41:28] 2 tRNA-Val c[21891,21967] 35 (gac)
[12:41:28] 1 tRNA-Cys [53668,53762] 36 (gca)
[12:41:28] 1 tRNA-Lys c[30323,30398] 34 (ttt)
[12:41:28] 1 tRNA-Gly c[14941,15014] 33 (ccc)
[12:41:28] 1 tRNA-Ala [41725,41821] 37 (ggc)
[12:41:28] tRNA c[22124,22219] is a pseudo/wacky gene - skipping.
[12:41:29] 1 tRNA-Ser c[3283,3372] 35 (cga)
[12:41:29] 2 tRNA-Gln [28650,28726] 35 (ttg)
[12:41:29] 1 tRNA-Met c[220,296] 35 (cat)
[12:41:29] 2 tRNA-Asp c[4878,4954] 35 (gtc)
[12:41:29] 3 tRNA-Val c[4989,5064] 34 (tac)
[12:41:29] 1 tRNA-Ala c[19479,19554] 34 (cgc)
[12:41:29] 1 tRNA-Thr c[9977,10052] 34 (cgt)
[12:41:29] 1 tRNA-Arg [1523,1599] 35 (acg)
[12:41:29] Found 50 tRNAs
[12:41:29] Predicting Ribosomal RNAs
[12:41:29] Running Barrnap with 15 threads
[12:41:30] 1 gnl|X|CEKMHFBL_13 92454 16S ribosomal RNA (partial)
[12:41:30] Found 1 rRNAs
[12:41:30] Skipping ncRNA search, enable with --rfam if desired.
[12:41:30] Total of 50 tRNA + rRNA features
[12:41:30] Searching for CRISPR repeats
[12:41:30] CRISPR1 gnl|X|CEKMHFBL_5 120368 with 69 spacers
[12:41:30] CRISPR2 gnl|X|CEKMHFBL_9 52834 with 29 spacers
[12:41:30] CRISPR3 gnl|X|CEKMHFBL_53 36362 with 9 spacers
[12:41:31] Found 3 CRISPRs
[12:41:31] Predicting coding sequences
[12:41:31] Contigs total 4870756 bp, so using single mode
[12:41:31] Running: prodigal -i Reactor4\-bin\.4\/Reactor4\-bin\.4\.fna -c -m -g 11 -p single -f sco -q
[12:41:35] Excluding CDS which overlaps existing RNA (tRNA) at gnl|X|CEKMHFBL_1:62827..64878 on + strand
[12:41:35] Excluding CDS which overlaps existing RNA (repeat_region) at gnl|X|CEKMHFBL_5:123580..123813 on + strand
[12:41:36] Excluding CDS which overlaps existing RNA (tRNA) at gnl|X|CEKMHFBL_7:112614..113894 on + strand
[12:41:36] Excluding CDS which overlaps existing RNA (repeat_region) at gnl|X|CEKMHFBL_9:52167..52976 on + strand
[12:41:36] Excluding CDS which overlaps existing RNA (repeat_region) at gnl|X|CEKMHFBL_9:54697..55686 on - strand
[12:41:36] Excluding CDS which overlaps existing RNA (tRNA) at gnl|X|CEKMHFBL_12:37061..39502 on - strand
[12:41:36] Excluding CDS which overlaps existing RNA (rRNA) at gnl|X|CEKMHFBL_13:91826..92494 on - strand
[12:41:37] Excluding CDS which overlaps existing RNA (tRNA) at gnl|X|CEKMHFBL_28:25852..26883 on - strand
[12:41:37] Excluding CDS which overlaps existing RNA (tRNA) at gnl|X|CEKMHFBL_30:18417..18614 on + strand
[12:41:37] Excluding CDS which overlaps existing RNA (tRNA) at gnl|X|CEKMHFBL_33:20018..20161 on - strand
[12:41:37] Excluding CDS which overlaps existing RNA (tRNA) at gnl|X|CEKMHFBL_35:52897..53796 on - strand
[12:41:37] Excluding CDS which overlaps existing RNA (tRNA) at gnl|X|CEKMHFBL_40:14206..14976 on + strand
[12:41:38] Found 4228 CDS
[12:41:38] Connecting features back to sequences
[12:41:38] Not using genus-specific database. Try --usegenus to enable it.
[12:41:38] Annotating CDS, please be patient.
[12:41:38] Will use 15 CPUs for similarity searching.
[12:41:39] There are still 4228 unannotated CDS left (started with 4228)
[12:41:39] Will use blast to search against /home/emcdaniel/anaconda3/envs/prokka3/db/kingdom/Bacteria/IS with 15 CPUs
[12:41:39] Running: cat Reactor4\-bin\.4\/IS\.faa | parallel --gnu --plain -j 15 --block 48896 --recstart '>' --pipe blastp -query - -db /home/emcdaniel/anaconda3/envs/prokka3/db/kingdom/Bacteria/IS -evalue 1e-30 -qcov_hsp_perc 90 -num_threads 1 -num_descriptions 1 -num_alignments 1 -seg no > Reactor4\-bin\.4\/IS\.blast 2> /dev/null
[12:41:47] Deleting unwanted file: Reactor4-bin.4/IS.faa
[12:41:47] Deleting unwanted file: Reactor4-bin.4/IS.blast
[12:41:48] There are still 4208 unannotated CDS left (started with 4228)
[12:41:48] Will use blast to search against /home/emcdaniel/anaconda3/envs/prokka3/db/kingdom/Bacteria/AMR with 15 CPUs
[12:41:48] Running: cat Reactor4\-bin\.4\/AMR\.faa | parallel --gnu --plain -j 15 --block 48678 --recstart '>' --pipe blastp -query - -db /home/emcdaniel/anaconda3/envs/prokka3/db/kingdom/Bacteria/AMR -evalue 9.99999999999999e-301 -qcov_hsp_perc 90 -num_threads 1 -num_descriptions 1 -num_alignments 1 -seg no > Reactor4\-bin\.4\/AMR\.blast 2> /dev/null
[12:41:55] Deleting unwanted file: Reactor4-bin.4/AMR.faa
[12:41:55] Deleting unwanted file: Reactor4-bin.4/AMR.blast
[12:41:56] There are still 4208 unannotated CDS left (started with 4228)
[12:41:56] Will use blast to search against /home/emcdaniel/anaconda3/envs/prokka3/db/kingdom/Bacteria/sprot with 15 CPUs
[12:41:56] Running: cat Reactor4\-bin\.4\/sprot\.faa | parallel --gnu --plain -j 15 --block 48678 --recstart '>' --pipe blastp -query - -db /home/emcdaniel/anaconda3/envs/prokka3/db/kingdom/Bacteria/sprot -evalue 1e-09 -qcov_hsp_perc 80 -num_threads 1 -num_descriptions 1 -num_alignments 1 -seg no > Reactor4\-bin\.4\/sprot\.blast 2> /dev/null
[12:42:21] Modify product: Uncharacterized GMC-type oxidoreductase Rv0492c => putative GMC-type oxidoreductase
[12:42:21] Modify product: Putative esterase aq_1494 => Putative esterase
[12:42:21] Modify product: UPF0250 protein YbeD => hypothetical protein
[12:42:21] Modify product: Uncharacterized protein YqjD => putative protein YqjD
[12:42:21] Modify product: UPF0246 protein YaaA => hypothetical protein
[12:42:21] Modify product: Probable chromate transport protein => putative chromate transport protein
[12:42:21] Modify product: Universal stress protein A homolog => Universal stress protein A 
[12:42:21] Modify product: Uncharacterized protein HI_0291 => putative protein
[12:42:21] Modify product: Uncharacterized protein HI_1048 => putative protein
[12:42:21] Modify product: Uncharacterized metal-dependent hydrolase YcfH => putative metal-dependent hydrolase YcfH
[12:42:22] Modify product: Uncharacterized protein YqiC => putative protein YqiC
[12:42:22] Modify product: Uncharacterized GTP-binding protein YjiA => putative GTP-binding protein YjiA
[12:42:22] Modify product: Uncharacterized protein YibN => putative protein YibN
[12:42:22] Modify product: Probable HTH-type transcriptional regulator YgaV => putative HTH-type transcriptional regulator YgaV
[12:42:22] Modify product: Probable membrane transporter protein YfcA => putative membrane transporter protein YfcA
[12:42:22] Modify product: Uncharacterized protein Rv1507c => putative protein
[12:42:22] Modify product: Probable amino-acid import ATP-binding protein YxeO => putative amino-acid import ATP-binding protein YxeO
[12:42:22] Modify product: UPF0276 protein CCNA_03000 => hypothetical protein
[12:42:22] Modify product: Uncharacterized protease YdcP => putative protease YdcP
[12:42:22] Modify product: UPF0047 protein Rv2556c => hypothetical protein
[12:42:22] Modify product: Probable siderophore transport system ATP-binding protein YusV => putative siderophore transport system ATP-binding protein YusV
[12:42:22] Modify product: Uncharacterized protease YdcP => putative protease YdcP
[12:42:22] Modify product: Probable ABC transporter binding protein NosD => putative ABC transporter binding protein NosD
[12:42:22] Modify product: Uncharacterized ABC transporter ATP-binding protein YknY => putative ABC transporter ATP-binding protein YknY
[12:42:22] Modify product: Ribonuclease TTHA0252 => Ribonuclease
[12:42:22] Modify product: Uncharacterized ABC transporter ATP-binding protein Rv2564 => putative ABC transporter ATP-binding protein
[12:42:22] Modify product: Uncharacterized HTH-type transcriptional regulator YurK => putative HTH-type transcriptional regulator YurK
[12:42:22] Modify product: Probable 4-deoxy-4-formamido-L-arabinose-phosphoundecaprenol deformylase ArnD => putative 4-deoxy-4-formamido-L-arabinose-phosphoundecaprenol deformylase ArnD
[12:42:22] Modify product: Probable cation-transporting ATPase F => putative cation-transporting ATPase F
[12:42:22] Modify product: Uncharacterized protein Rv2411c => putative protein
[12:42:22] Modify product: Uncharacterized protein YbiB => putative protein YbiB
[12:42:22] Modify product: Uncharacterized HTH-type transcriptional regulator Rv1395 => putative HTH-type transcriptional regulator
[12:42:22] Modify product: Probable peptidoglycan D,D-transpeptidase PenA => putative peptidoglycan D,D-transpeptidase PenA
[12:42:22] Modify product: Probable peptidoglycan glycosyltransferase FtsW => putative peptidoglycan glycosyltransferase FtsW
[12:42:22] Modify product: UPF0307 protein YjgA => hypothetical protein
[12:42:22] Modify product: Probable GTPase Rv1496 => putative GTPase
[12:42:22] Modify product: Uncharacterized protein Rv2567 => putative protein
[12:42:22] Modify product: Uncharacterized protein Rv2569c => putative protein
[12:42:22] Modify product: Uncharacterized protein YfgD => putative protein YfgD
[12:42:22] Modify product: Uncharacterized ABC transporter ATP-binding protein YknY => putative ABC transporter ATP-binding protein YknY
[12:42:22] Modify product: UPF0053 inner membrane protein YoaE => hypothetical protein
[12:42:22] Modify product: Uncharacterized protein YbgK => putative protein YbgK
[12:42:22] Modify product: UPF0271 protein YbgL => hypothetical protein
[12:42:22] Modify product: Uncharacterized acyl-CoA thioester hydrolase HI_0827 => putative acyl-CoA thioester hydrolase
[12:42:22] Modify product: Probable cyclic di-GMP phosphodiesterase VC_1348 => putative cyclic di-GMP phosphodiesterase
[12:42:22] Modify product: Uncharacterized protein Rv2307c => putative protein
[12:42:22] Modify product: Uncharacterized protein NMB1437 => putative protein
[12:42:22] Modify product: Uncharacterized FAD-linked oxidoreductase Rv2280 => putative FAD-linked oxidoreductase
[12:42:22] Modify product: Putative universal stress protein SA1532 => Putative universal stress protein
[12:42:22] Modify product: Uncharacterized protein NMB0928 => putative protein
[12:42:22] Modify product: Probable type I restriction enzyme BthVORF4518P M protein => putative type I restriction enzymeP M protein
[12:42:22] Modify product: Probable 3-phenylpropionic acid transporter => putative 3-phenylpropionic acid transporter
[12:42:22] Modify product: Uncharacterized ABC transporter ATP-binding protein YadG => putative ABC transporter ATP-binding protein YadG
[12:42:22] Modify product: Probable phospholipid-binding lipoprotein MlaA => putative phospholipid-binding lipoprotein MlaA
[12:42:22] Modify product: Probable phospholipid ABC transporter-binding protein MlaD => putative phospholipid ABC transporter-binding protein MlaD
[12:42:22] Modify product: Probable phospholipid ABC transporter permease protein MlaE => putative phospholipid ABC transporter permease protein MlaE
[12:42:22] Modify product: Probable phospholipid import ATP-binding protein MlaF => putative phospholipid import ATP-binding protein MlaF
[12:42:22] Modify product: Uncharacterized ABC transporter ATP-binding protein YbiT => putative ABC transporter ATP-binding protein YbiT
[12:42:22] Modify product: Uncharacterized HTH-type transcriptional regulator Rv1985c => putative HTH-type transcriptional regulator
[12:42:22] Modify product: Putative peroxiredoxin Rv2521 => Putative peroxiredoxin
[12:42:22] Modify product: Uncharacterized ABC transporter ATP-binding protein YknY => putative ABC transporter ATP-binding protein YknY
[12:42:22] Modify product: Probable GTPase Rv1496 => putative GTPase
[12:42:22] Modify product: Uncharacterized GST-like protein YibF => putative GST-like protein YibF
[12:42:22] Modify product: Probable copper-importing P-type ATPase A => putative copper-importing P-type ATPase A
[12:42:22] Modify product: Uncharacterized protein HI_1048 => putative protein
[12:42:22] Modify product: Uncharacterized protein NMB0459 => putative protein
[12:42:22] Modify product: UPF0225 protein YchJ => hypothetical protein
[12:42:23] Modify product: UPF0070 protein HI_0370 => hypothetical protein
[12:42:23] Modify product: UPF0301 protein VC_0467 => hypothetical protein
[12:42:23] Modify product: Probable acrylyl-CoA reductase AcuI => putative acrylyl-CoA reductase AcuI
[12:42:23] Modify product: Chemotaxis protein CheY homolog => Chemotaxis protein CheY 
[12:42:23] Modify product: Probable ribonucleotide transport ATP-binding protein mkl => putative ribonucleotide transport ATP-binding protein mkl
[12:42:23] Modify product: Probable enoyl-CoA hydratase echA8 => putative enoyl-CoA hydratase echA8
[12:42:23] Modify product: Probable thiol:disulfide interchange protein DsbC => putative thiol:disulfide interchange protein DsbC
[12:42:23] Modify product: Putative esterase PA1618 => Putative esterase
[12:42:23] Modify product: Uncharacterized oxidoreductase Rv1144 => putative oxidoreductase
[12:42:23] Modify product: Uncharacterized ABC transporter ATP-binding protein YadG => putative ABC transporter ATP-binding protein YadG
[12:42:23] Modify product: Probable glycerol-3-phosphate acyltransferase => putative glycerol-3-phosphate acyltransferase
[12:42:23] Modify product: Uncharacterized protease YhbU => putative protease YhbU
[12:42:23] Modify product: Uncharacterized oxidoreductase Rv0945 => putative oxidoreductase
[12:42:23] Modify product: Probable protein kinase UbiB => putative protein kinase UbiB
[12:42:23] Modify product: Uncharacterized zinc protease Rv2782c => putative zinc protease
[12:42:23] Modify product: Probable Fe(2+)-trafficking protein => putative Fe(2+)-trafficking protein
[12:42:23] Modify product: UPF0053 inner membrane protein YtfL => hypothetical protein
[12:42:23] Modify product: GTP cyclohydrolase 1 type 2 homolog => GTP cyclohydrolase 1 type 2 
[12:42:23] Modify product: Uncharacterized lipoprotein YfhM => putative lipoprotein YfhM
[12:42:23] Modify product: Probable cyclic di-GMP phosphodiesterase VC_1348 => putative cyclic di-GMP phosphodiesterase
[12:42:23] Modify product: UPF0758 protein YsxA => hypothetical protein
[12:42:23] Modify product: Probable sulfate transporter Rv1739c => putative sulfate transporter
[12:42:23] Modify product: Probable ABC transporter permease protein NosY => putative ABC transporter permease protein NosY
[12:42:23] Modify product: Putative phosphoribosyl transferase MT0597 => Putative phosphoribosyl transferase
[12:42:23] Modify product: UPF0073 inner membrane protein YqfA => hypothetical protein
[12:42:23] Modify product: Uncharacterized protein YaeQ => putative protein YaeQ
[12:42:23] Modify product: Probable type I restriction enzyme BthVORF4518P M protein => putative type I restriction enzymeP M protein
[12:42:23] Modify product: Probable phosphite transport system-binding protein HtxB => putative phosphite transport system-binding protein HtxB
[12:42:23] Modify product: Uncharacterized protein Rv1507c => putative protein
[12:42:23] Modify product: Uncharacterized protein Rv1502 => putative protein
[12:42:23] Modify product: Uncharacterized metal-dependent hydrolase YjjV => putative metal-dependent hydrolase YjjV
[12:42:23] Modify product: UPF0053 protein HI_0107 => hypothetical protein
[12:42:23] Modify product: UPF0053 protein HI_0107 => hypothetical protein
[12:42:23] Modify product: UPF0053 protein HI_0107 => hypothetical protein
[12:42:23] Modify product: Universal stress protein MSMEG_3950/MSMEI_3859 => Universal stress protein/MSMEI_3859
[12:42:23] Modify product: UPF0053 inner membrane protein YfjD => hypothetical protein
[12:42:23] Modify product: UPF0701 protein HI_0467 => hypothetical protein
[12:42:23] Modify product: Oxygen-independent coproporphyrinogen-III oxidase-like protein LL1139 => Oxygen-independent coproporphyrinogen-III oxidase-like protein
[12:42:23] Modify product: UPF0056 inner membrane protein YhgN => hypothetical protein
[12:42:23] Modify product: Probable alcohol dehydrogenase AdhA => putative alcohol dehydrogenase AdhA
[12:42:23] Modify product: Uncharacterized ABC transporter ATP-binding protein YknY => putative ABC transporter ATP-binding protein YknY
[12:42:23] Modify product: Probable GTP-binding protein EngB => putative GTP-binding protein EngB
[12:42:23] Modify product: Uncharacterized glycosyltransferase YkoT => putative glycosyltransferase YkoT
[12:42:23] Modify product: Uncharacterized protein Rv1507c => putative protein
[12:42:23] Modify product: Putative diacyglycerol O-acyltransferase Rv1425 => Putative diacyglycerol O-acyltransferase
[12:42:23] Modify product: Probable diguanylate cyclase DgcC => putative diguanylate cyclase DgcC
[12:42:23] Modify product: UPF0761 membrane protein YihY => hypothetical protein
[12:42:23] Modify product: Probable parvulin-type peptidyl-prolyl cis-trans isomerase => putative parvulin-type peptidyl-prolyl cis-trans isomerase
[12:42:23] Modify product: Probable ATP-dependent helicase DinG homolog => putative ATP-dependent helicase DinG 
[12:42:23] Modify product: Probable sulfate transporter Rv1739c => putative sulfate transporter
[12:42:23] Modify product: UPF0394 inner membrane protein YeeE => hypothetical protein
[12:42:23] Modify product: UPF0053 inner membrane protein YtfL => hypothetical protein
[12:42:23] Modify product: UPF0178 protein YaiI => hypothetical protein
[12:42:23] Modify product: Probable Ni/Fe-hydrogenase 2 b-type cytochrome subunit => putative Ni/Fe-hydrogenase 2 b-type cytochrome subunit
[12:42:23] Modify product: UPF0056 inner membrane protein MarC => hypothetical protein
[12:42:23] Modify product: Probable sulfate transporter Rv1739c => putative sulfate transporter
[12:42:23] Modify product: UPF0394 membrane protein XF_0765 => hypothetical protein
[12:42:23] Modify product: UPF0394 membrane protein XF_0766 => hypothetical protein
[12:42:23] Modify product: Probable metallo-hydrolase BURPS1710b_2304 => putative metallo-hydrolase
[12:42:23] Modify product: Probable glutamine ABC transporter permease protein GlnM => putative glutamine ABC transporter permease protein GlnM
[12:42:23] Modify product: Probable nicotinate-nucleotide adenylyltransferase => putative nicotinate-nucleotide adenylyltransferase
[12:42:23] Modify product: Probable iron export permease protein FetB => putative iron export permease protein FetB
[12:42:23] Modify product: Probable iron export ATP-binding protein FetA => putative iron export ATP-binding protein FetA
[12:42:24] Modify product: Probable malonic semialdehyde reductase RutE => putative malonic semialdehyde reductase RutE
[12:42:24] Modify product: UPF0234 protein HI_1034 => hypothetical protein
[12:42:24] Modify product: UPF0502 protein YceH => hypothetical protein
[12:42:24] Modify product: Cyclic di-GMP phosphodiesterase PA4108 => Cyclic di-GMP phosphodiesterase
[12:42:24] Modify product: UPF0719 inner membrane protein YjfL => hypothetical protein
[12:42:24] Modify product: Uncharacterized FAD-linked oxidoreductase Rv2280 => putative FAD-linked oxidoreductase
[12:42:24] Modify product: Glycogen operon protein GlgX homolog => Glycogen operon protein GlgX 
[12:42:24] Modify product: Uncharacterized transporter Rv2685 => putative transporter
[12:42:24] Modify product: Probable deferrochelatase/peroxidase YfeX => putative deferrochelatase/peroxidase YfeX
[12:42:24] Modify product: Probable amino-acid metabolite efflux pump => putative amino-acid metabolite efflux pump
[12:42:24] Modify product: Uncharacterized protein MT2060 => putative protein
[12:42:24] Modify product: Uncharacterized protein Rv2008c => putative protein
[12:42:24] Modify product: Uncharacterized protein Rv2008c => putative protein
[12:42:24] Modify product: Probable S-adenosylmethionine-dependent methyltransferase MSMEG_2350/MSMEI_2290 => putative S-adenosylmethionine-dependent methyltransferase/MSMEI_2290
[12:42:24] Modify product: Probable sulfate transporter Rv1739c => putative sulfate transporter
[12:42:24] Modify product: Probable DNA endonuclease SmrA => putative DNA endonuclease SmrA
[12:42:24] Modify product: Probable enoyl-CoA hydratase echA8 => putative enoyl-CoA hydratase echA8
[12:42:24] Modify product: Probable sulfate transporter Rv1739c => putative sulfate transporter
[12:42:24] Modify product: UPF0434 protein BB2007 => hypothetical protein
[12:42:24] Modify product: UPF0098 protein YbhB => hypothetical protein
[12:42:24] Modify product: Probable lipid II flippase MurJ => putative lipid II flippase MurJ
[12:42:24] Modify product: Probable 3-hydroxyacyl-CoA dehydrogenase => putative 3-hydroxyacyl-CoA dehydrogenase
[12:42:24] Modify product: Probable Ni/Fe-hydrogenase B-type cytochrome subunit => putative Ni/Fe-hydrogenase B-type cytochrome subunit
[12:42:24] Modify product: Uncharacterized ABC transporter ATP-binding protein YheS => putative ABC transporter ATP-binding protein YheS
[12:42:24] Modify product: Probable diacyglycerol O-acyltransferase tgs2 => putative diacyglycerol O-acyltransferase tgs2
[12:42:24] Modify product: Bifunctional protein FolD => Bifunctional protein FolD protein
[12:42:24] Modify product: Phosphate-specific transport system accessory protein PhoU homolog => Phosphate-specific transport system accessory protein PhoU 
[12:42:24] Modify product: Probable phosphatase Rv3661 => putative phosphatase
[12:42:24] Modify product: UPF0145 protein YbjQ => hypothetical protein
[12:42:24] Modify product: Uncharacterized ABC transporter permease Rv0072 => putative ABC transporter permease
[12:42:24] Modify product: Putative diacyglycerol O-acyltransferase Rv3740c => Putative diacyglycerol O-acyltransferase
[12:42:24] Modify product: Uncharacterized oxidoreductase Rv1144 => putative oxidoreductase
[12:42:24] Modify product: Uncharacterized signaling protein PA1727 => putative signaling protein
[12:42:24] Modify product: Uncharacterized GST-like protein YibF => putative GST-like protein YibF
[12:42:24] Modify product: Probable amino-acid metabolite efflux pump => putative amino-acid metabolite efflux pump
[12:42:24] Modify product: Uncharacterized protein YciO => putative protein YciO
[12:42:24] Modify product: Segregation and condensation protein B homolog => Segregation and condensation protein B 
[12:42:24] Modify product: Probable tRNA-dihydrouridine synthase => putative tRNA-dihydrouridine synthase
[12:42:24] Modify product: Probable chromosome-partitioning protein ParB => putative chromosome-partitioning protein ParB
[12:42:24] Modify product: Uncharacterized signaling protein PA1727 => putative signaling protein
[12:42:24] Modify product: Uncharacterized protein YnbD => putative protein YnbD
[12:42:24] Modify product: Uncharacterized protein YnbC => putative protein YnbC
[12:42:24] Modify product: UPF0111 protein HI_1603 => hypothetical protein
[12:42:24] Modify product: Probable acyltransferase YihG => putative acyltransferase YihG
[12:42:24] Modify product: UPF0098 protein CT_736 => hypothetical protein
[12:42:24] Modify product: Probable sulfate transporter Rv1739c => putative sulfate transporter
[12:42:24] Modify product: Uncharacterized protein YgaU => putative protein YgaU
[12:42:24] Cleaned 177 /product names
[12:42:24] Deleting unwanted file: Reactor4-bin.4/sprot.faa
[12:42:24] Deleting unwanted file: Reactor4-bin.4/sprot.blast
[12:42:25] There are still 2395 unannotated CDS left (started with 4228)
[12:42:25] Will use hmmer3 to search against /home/emcdaniel/anaconda3/envs/prokka3/db/hmm/HAMAP.hmm with 15 CPUs
[12:42:25] Running: cat Reactor4\-bin\.4\/HAMAP\.hmm\.faa | parallel --gnu --plain -j 15 --block 26815 --recstart '>' --pipe hmmscan --noali --notextw --acc -E 1e-09 --cpu 1 /home/emcdaniel/anaconda3/envs/prokka3/db/hmm/HAMAP.hmm /dev/stdin > Reactor4\-bin\.4\/HAMAP\.hmm\.hmmer3 2> /dev/null
[12:43:03] Modify product: Uncharacterized Nudix hydrolase NudL => putative Nudix hydrolase NudL
[12:43:04] Cleaned 1 /product names
[12:43:04] Deleting unwanted file: Reactor4-bin.4/HAMAP.hmm.faa
[12:43:04] Deleting unwanted file: Reactor4-bin.4/HAMAP.hmm.hmmer3
[12:43:04] Labelling remaining 2090 proteins as 'hypothetical protein'
[12:43:04] Possible /pseudo 'Chemotaxis protein CheV' at gnl|X|CEKMHFBL_1 position 67857
[12:43:04] Possible /pseudo 'Twitching mobility protein' at gnl|X|CEKMHFBL_4 position 21051
[12:43:04] Possible /pseudo 'Sensor histidine kinase RcsC' at gnl|X|CEKMHFBL_4 position 41084
[12:43:04] Possible /pseudo '2-hydroxy-3-oxopropionate reductase' at gnl|X|CEKMHFBL_6 position 23053
[12:43:04] Possible /pseudo 'Bacterioferritin' at gnl|X|CEKMHFBL_7 position 7728
[12:43:04] Possible /pseudo 'Adaptive-response sensory-kinase SasA' at gnl|X|CEKMHFBL_8 position 83689
[12:43:04] Possible /pseudo 'CRISPR-associated endoribonuclease Cas2' at gnl|X|CEKMHFBL_9 position 49599
[12:43:04] Possible /pseudo 'Cation/acetate symporter ActP' at gnl|X|CEKMHFBL_10 position 73194
[12:43:04] Possible /pseudo 'UDP-glucose 4-epimerase' at gnl|X|CEKMHFBL_11 position 46815
[12:43:04] Possible /pseudo 'D-inositol-3-phosphate glycosyltransferase' at gnl|X|CEKMHFBL_11 position 76093
[12:43:04] Possible /pseudo 'putative protein' at gnl|X|CEKMHFBL_13 position 78529
[12:43:04] Possible /pseudo 'Adaptive-response sensory-kinase SasA' at gnl|X|CEKMHFBL_17 position 8843
[12:43:04] Possible /pseudo 'Heme A synthase' at gnl|X|CEKMHFBL_17 position 42578
[12:43:04] Possible /pseudo 'Bifunctional PGK/TIM' at gnl|X|CEKMHFBL_19 position 15173
[12:43:04] Possible /pseudo 'Macrolide export ATP-binding/permease protein MacB' at gnl|X|CEKMHFBL_19 position 58640
[12:43:04] Possible /pseudo '3-oxoacyl-[acyl-carrier-protein] synthase 1' at gnl|X|CEKMHFBL_22 position 48753
[12:43:04] Possible /pseudo 'Sensor histidine kinase RcsC' at gnl|X|CEKMHFBL_24 position 60621
[12:43:04] Possible /pseudo 'Sensor histidine kinase RcsC' at gnl|X|CEKMHFBL_24 position 62897
[12:43:04] Possible /pseudo 'putative protein' at gnl|X|CEKMHFBL_25 position 6171
[12:43:04] Possible /pseudo 'Efflux pump membrane transporter BepE' at gnl|X|CEKMHFBL_29 position 10636
[12:43:04] Possible /pseudo 'Phosphate import ATP-binding protein PstB 3' at gnl|X|CEKMHFBL_30 position 61379
[12:43:04] Possible /pseudo 'Cyanophycin synthetase' at gnl|X|CEKMHFBL_34 position 25494
[12:43:04] Possible /pseudo 'Protein hcp1' at gnl|X|CEKMHFBL_59 position 20299
[12:43:04] Possible /pseudo 'Type I restriction enzyme EcoR124II R protein' at gnl|X|CEKMHFBL_66 position 5068
[12:43:04] Found 1512 unique /gene codes.
[12:43:04] Fixed 2 duplicate /gene - cysW_1 cysW_2
[12:43:04] Fixed 3 duplicate /gene - cobB_1 cobB_2 cobB_3
[12:43:04] Fixed 2 duplicate /gene - ctaA_1 ctaA_2
[12:43:04] Fixed 2 duplicate /gene - steT_1 steT_2
[12:43:04] Fixed 2 duplicate /gene - parA_1 parA_2
[12:43:04] Fixed 12 duplicate /gene - egtB_1 egtB_2 egtB_3 egtB_4 egtB_5 egtB_6 egtB_7 egtB_8 egtB_9 egtB_10 egtB_11 egtB_12
[12:43:04] Fixed 2 duplicate /gene - leuD1_1 leuD1_2
[12:43:04] Fixed 2 duplicate /gene - lpxH_1 lpxH_2
[12:43:04] Fixed 7 duplicate /gene - fabG_1 fabG_2 fabG_3 fabG_4 fabG_5 fabG_6 fabG_7
[12:43:04] Fixed 2 duplicate /gene - secA_1 secA_2
[12:43:04] Fixed 2 duplicate /gene - hom_1 hom_2
[12:43:04] Fixed 3 duplicate /gene - malT_1 malT_2 malT_3
[12:43:04] Fixed 2 duplicate /gene - crp_1 crp_2
[12:43:04] Fixed 2 duplicate /gene - rlmB_1 rlmB_2
[12:43:04] Fixed 2 duplicate /gene - bfr_1 bfr_2
[12:43:04] Fixed 2 duplicate /gene - maeB_1 maeB_2
[12:43:04] Fixed 2 duplicate /gene - hemN_1 hemN_2
[12:43:04] Fixed 2 duplicate /gene - rep_1 rep_2
[12:43:04] Fixed 2 duplicate /gene - lapB_1 lapB_2
[12:43:04] Fixed 3 duplicate /gene - cysT_1 cysT_2 cysT_3
[12:43:04] Fixed 2 duplicate /gene - fabB_1 fabB_2
[12:43:04] Fixed 2 duplicate /gene - cheV_1 cheV_2
[12:43:04] Fixed 2 duplicate /gene - fccB_1 fccB_2
[12:43:04] Fixed 6 duplicate /gene - menH_1 menH_2 menH_3 menH_4 menH_5 menH_6
[12:43:04] Fixed 5 duplicate /gene - lolD_1 lolD_2 lolD_3 lolD_4 lolD_5
[12:43:04] Fixed 2 duplicate /gene - fusA_1 fusA_2
[12:43:04] Fixed 2 duplicate /gene - pyrK_1 pyrK_2
[12:43:04] Fixed 2 duplicate /gene - lplT_1 lplT_2
[12:43:04] Fixed 2 duplicate /gene - mrcA_1 mrcA_2
[12:43:04] Fixed 4 duplicate /gene - atoC_1 atoC_2 atoC_3 atoC_4
[12:43:04] Fixed 5 duplicate /gene - prpC_1 prpC_2 prpC_3 prpC_4 prpC_5
[12:43:04] Fixed 2 duplicate /gene - cas1_1 cas1_2
[12:43:04] Fixed 2 duplicate /gene - dnaE2_1 dnaE2_2
[12:43:04] Fixed 2 duplicate /gene - surA_1 surA_2
[12:43:04] Fixed 2 duplicate /gene - lrp_1 lrp_2
[12:43:04] Fixed 2 duplicate /gene - acs_1 acs_2
[12:43:04] Fixed 3 duplicate /gene - leuA_1 leuA_2 leuA_3
[12:43:04] Fixed 2 duplicate /gene - rfbB_1 rfbB_2
[12:43:04] Fixed 3 duplicate /gene - guaB_1 guaB_2 guaB_3
[12:43:04] Fixed 2 duplicate /gene - cheA_1 cheA_2
[12:43:04] Fixed 4 duplicate /gene - gltI_1 gltI_2 gltI_3 gltI_4
[12:43:04] Fixed 9 duplicate /gene - ubiE_1 ubiE_2 ubiE_3 ubiE_4 ubiE_5 ubiE_6 ubiE_7 ubiE_8 ubiE_9
[12:43:04] Fixed 3 duplicate /gene - glnQ_1 glnQ_2 glnQ_3
[12:43:04] Fixed 19 duplicate /gene - sasA_1 sasA_2 sasA_3 sasA_4 sasA_5 sasA_6 sasA_7 sasA_8 sasA_9 sasA_10 sasA_11 sasA_12 sasA_13 sasA_14 sasA_15 sasA_16 sasA_17 sasA_18 sasA_19
[12:43:04] Fixed 10 duplicate /gene - mshA_1 mshA_2 mshA_3 mshA_4 mshA_5 mshA_6 mshA_7 mshA_8 mshA_9 mshA_10
[12:43:04] Fixed 3 duplicate /gene - cc4_1 cc4_2 cc4_3
[12:43:04] Fixed 2 duplicate /gene - thiE_1 thiE_2
[12:43:04] Fixed 2 duplicate /gene - nemA_1 nemA_2
[12:43:04] Fixed 2 duplicate /gene - dctM_1 dctM_2
[12:43:04] Fixed 2 duplicate /gene - alaS_1 alaS_2
[12:43:04] Fixed 3 duplicate /gene - czcA_1 czcA_2 czcA_3
[12:43:04] Fixed 2 duplicate /gene - gltA_1 gltA_2
[12:43:04] Fixed 2 duplicate /gene - ilvE_1 ilvE_2
[12:43:04] Fixed 2 duplicate /gene - exbD_1 exbD_2
[12:43:04] Fixed 2 duplicate /gene - cphA_1 cphA_2
[12:43:04] Fixed 2 duplicate /gene - phoP_1 phoP_2
[12:43:04] Fixed 2 duplicate /gene - cysG_1 cysG_2
[12:43:04] Fixed 3 duplicate /gene - mltF_1 mltF_2 mltF_3
[12:43:04] Fixed 4 duplicate /gene - ubiG_1 ubiG_2 ubiG_3 ubiG_4
[12:43:04] Fixed 2 duplicate /gene - acpP_1 acpP_2
[12:43:04] Fixed 3 duplicate /gene - rhlE_1 rhlE_2 rhlE_3
[12:43:04] Fixed 4 duplicate /gene - glgB_1 glgB_2 glgB_3 glgB_4
[12:43:04] Fixed 3 duplicate /gene - clsA_1 clsA_2 clsA_3
[12:43:04] Fixed 3 duplicate /gene - pstB3_1 pstB3_2 pstB3_3
[12:43:04] Fixed 2 duplicate /gene - yibF_1 yibF_2
[12:43:04] Fixed 2 duplicate /gene - bepG_1 bepG_2
[12:43:04] Fixed 3 duplicate /gene - dmlR_1 dmlR_2 dmlR_3
[12:43:04] Fixed 2 duplicate /gene - yadG_1 yadG_2
[12:43:04] Fixed 2 duplicate /gene - tufA_1 tufA_2
[12:43:04] Fixed 2 duplicate /gene - ndhD1_1 ndhD1_2
[12:43:04] Fixed 2 duplicate /gene - lptA_1 lptA_2
[12:43:04] Fixed 2 duplicate /gene - clsB_1 clsB_2
[12:43:04] Fixed 2 duplicate /gene - nhaR_1 nhaR_2
[12:43:04] Fixed 3 duplicate /gene - ftsH_1 ftsH_2 ftsH_3
[12:43:04] Fixed 2 duplicate /gene - dksA_1 dksA_2
[12:43:04] Fixed 3 duplicate /gene - tuaD_1 tuaD_2 tuaD_3
[12:43:04] Fixed 2 duplicate /gene - rsmI_1 rsmI_2
[12:43:04] Fixed 2 duplicate /gene - rspR_1 rspR_2
[12:43:04] Fixed 2 duplicate /gene - motB_1 motB_2
[12:43:04] Fixed 2 duplicate /gene - yjcH_1 yjcH_2
[12:43:04] Fixed 3 duplicate /gene - macA_1 macA_2 macA_3
[12:43:04] Fixed 2 duplicate /gene - pka_1 pka_2
[12:43:04] Fixed 2 duplicate /gene - amtB_1 amtB_2
[12:43:04] Fixed 2 duplicate /gene - dadA1_1 dadA1_2
[12:43:04] Fixed 3 duplicate /gene - speE_1 speE_2 speE_3
[12:43:04] Fixed 3 duplicate /gene - scpA_1 scpA_2 scpA_3
[12:43:04] Fixed 2 duplicate /gene - fdx_1 fdx_2
[12:43:04] Fixed 2 duplicate /gene - ribD_1 ribD_2
[12:43:04] Fixed 3 duplicate /gene - virS_1 virS_2 virS_3
[12:43:04] Fixed 2 duplicate /gene - malQ_1 malQ_2
[12:43:04] Fixed 2 duplicate /gene - bigR_1 bigR_2
[12:43:04] Fixed 2 duplicate /gene - htpX_1 htpX_2
[12:43:04] Fixed 2 duplicate /gene - pacL_1 pacL_2
[12:43:04] Fixed 2 duplicate /gene - teaD_1 teaD_2
[12:43:04] Fixed 2 duplicate /gene - petB_1 petB_2
[12:43:04] Fixed 4 duplicate /gene - polC_1 polC_2 polC_3 polC_4
[12:43:04] Fixed 2 duplicate /gene - gpsA_1 gpsA_2
[12:43:04] Fixed 2 duplicate /gene - nuoM_1 nuoM_2
[12:43:04] Fixed 2 duplicate /gene - leuB_1 leuB_2
[12:43:04] Fixed 3 duplicate /gene - bepE_1 bepE_2 bepE_3
[12:43:04] Fixed 2 duplicate /gene - ureG_1 ureG_2
[12:43:04] Fixed 3 duplicate /gene - livH_1 livH_2 livH_3
[12:43:04] Fixed 2 duplicate /gene - hemL_1 hemL_2
[12:43:04] Fixed 2 duplicate /gene - zraR_1 zraR_2
[12:43:04] Fixed 2 duplicate /gene - tktA_1 tktA_2
[12:43:04] Fixed 4 duplicate /gene - xerC_1 xerC_2 xerC_3 xerC_4
[12:43:04] Fixed 4 duplicate /gene - yknY_1 yknY_2 yknY_3 yknY_4
[12:43:04] Fixed 2 duplicate /gene - echA8_1 echA8_2
[12:43:04] Fixed 2 duplicate /gene - mdtC_1 mdtC_2
[12:43:04] Fixed 7 duplicate /gene - asnB_1 asnB_2 asnB_3 asnB_4 asnB_5 asnB_6 asnB_7
[12:43:04] Fixed 2 duplicate /gene - menE_1 menE_2
[12:43:04] Fixed 2 duplicate /gene - ggt_1 ggt_2
[12:43:04] Fixed 2 duplicate /gene - ppdK_1 ppdK_2
[12:43:04] Fixed 3 duplicate /gene - pcm_1 pcm_2 pcm_3
[12:43:04] Fixed 3 duplicate /gene - cas2_1 cas2_2 cas2_3
[12:43:04] Fixed 2 duplicate /gene - dmdB_1 dmdB_2
[12:43:04] Fixed 2 duplicate /gene - artM_1 artM_2
[12:43:04] Fixed 2 duplicate /gene - sbp_1 sbp_2
[12:43:04] Fixed 2 duplicate /gene - clpX_1 clpX_2
[12:43:04] Fixed 2 duplicate /gene - ndhB_1 ndhB_2
[12:43:04] Fixed 2 duplicate /gene - gacA_1 gacA_2
[12:43:04] Fixed 2 duplicate /gene - btuF_1 btuF_2
[12:43:04] Fixed 2 duplicate /gene - lptC_1 lptC_2
[12:43:04] Fixed 4 duplicate /gene - resA_1 resA_2 resA_3 resA_4
[12:43:04] Fixed 2 duplicate /gene - glnD_1 glnD_2
[12:43:04] Fixed 2 duplicate /gene - tolQ_1 tolQ_2
[12:43:04] Fixed 2 duplicate /gene - lutA_1 lutA_2
[12:43:04] Fixed 2 duplicate /gene - nudC_1 nudC_2
[12:43:04] Fixed 2 duplicate /gene - moeB_1 moeB_2
[12:43:04] Fixed 2 duplicate /gene - napH_1 napH_2
[12:43:04] Fixed 14 duplicate /gene - rcsC_1 rcsC_2 rcsC_3 rcsC_4 rcsC_5 rcsC_6 rcsC_7 rcsC_8 rcsC_9 rcsC_10 rcsC_11 rcsC_12 rcsC_13 rcsC_14
[12:43:04] Fixed 5 duplicate /gene - oprM_1 oprM_2 oprM_3 oprM_4 oprM_5
[12:43:04] Fixed 3 duplicate /gene - napA_1 napA_2 napA_3
[12:43:04] Fixed 2 duplicate /gene - tdh_1 tdh_2
[12:43:04] Fixed 3 duplicate /gene - rssB_1 rssB_2 rssB_3
[12:43:04] Fixed 2 duplicate /gene - envC_1 envC_2
[12:43:04] Fixed 2 duplicate /gene - mltC_1 mltC_2
[12:43:04] Fixed 3 duplicate /gene - cmpR_1 cmpR_2 cmpR_3
[12:43:04] Fixed 2 duplicate /gene - modA_1 modA_2
[12:43:04] Fixed 2 duplicate /gene - degU_1 degU_2
[12:43:04] Fixed 2 duplicate /gene - nrdR_1 nrdR_2
[12:43:04] Fixed 2 duplicate /gene - creC_1 creC_2
[12:43:04] Fixed 2 duplicate /gene - rpoH_1 rpoH_2
[12:43:04] Fixed 8 duplicate /gene - bepA_1 bepA_2 bepA_3 bepA_4 bepA_5 bepA_6 bepA_7 bepA_8
[12:43:04] Fixed 5 duplicate /gene - cheB_1 cheB_2 cheB_3 cheB_4 cheB_5
[12:43:04] Fixed 2 duplicate /gene - ppx_1 ppx_2
[12:43:04] Fixed 2 duplicate /gene - erpA_1 erpA_2
[12:43:04] Fixed 2 duplicate /gene - ddl_1 ddl_2
[12:43:04] Fixed 2 duplicate /gene - yabJ_1 yabJ_2
[12:43:04] Fixed 2 duplicate /gene - ackA_1 ackA_2
[12:43:04] Fixed 2 duplicate /gene - czcD_1 czcD_2
[12:43:04] Fixed 2 duplicate /gene - mnmC_1 mnmC_2
[12:43:04] Fixed 2 duplicate /gene - ompR_1 ompR_2
[12:43:04] Fixed 4 duplicate /gene - lptB_1 lptB_2 lptB_3 lptB_4
[12:43:04] Fixed 2 duplicate /gene - nudF_1 nudF_2
[12:43:04] Fixed 3 duplicate /gene - copA_1 copA_2 copA_3
[12:43:04] Fixed 2 duplicate /gene - malP_1 malP_2
[12:43:04] Fixed 2 duplicate /gene - prsE_1 prsE_2
[12:43:04] Fixed 3 duplicate /gene - epsF_1 epsF_2 epsF_3
[12:43:04] Fixed 3 duplicate /gene - fabF_1 fabF_2 fabF_3
[12:43:04] Fixed 2 duplicate /gene - bioF_1 bioF_2
[12:43:04] Fixed 2 duplicate /gene - kdsD_1 kdsD_2
[12:43:04] Fixed 2 duplicate /gene - yfcG_1 yfcG_2
[12:43:04] Fixed 4 duplicate /gene - wbgU_1 wbgU_2 wbgU_3 wbgU_4
[12:43:04] Fixed 2 duplicate /gene - mrpD_1 mrpD_2
[12:43:04] Fixed 2 duplicate /gene - fmt_1 fmt_2
[12:43:04] Fixed 2 duplicate /gene - bcp_1 bcp_2
[12:43:04] Fixed 4 duplicate /gene - acsA_1 acsA_2 acsA_3 acsA_4
[12:43:04] Fixed 2 duplicate /gene - msrB_1 msrB_2
[12:43:04] Fixed 3 duplicate /gene - vapC_1 vapC_2 vapC_3
[12:43:04] Fixed 2 duplicate /gene - hspA_1 hspA_2
[12:43:04] Fixed 2 duplicate /gene - pckG_1 pckG_2
[12:43:04] Fixed 2 duplicate /gene - wbpI_1 wbpI_2
[12:43:04] Fixed 4 duplicate /gene - hisC_1 hisC_2 hisC_3 hisC_4
[12:43:04] Fixed 2 duplicate /gene - regX3_1 regX3_2
[12:43:04] Fixed 2 duplicate /gene - lepA_1 lepA_2
[12:43:04] Fixed 5 duplicate /gene - actP_1 actP_2 actP_3 actP_4 actP_5
[12:43:04] Fixed 2 duplicate /gene - pstA_1 pstA_2
[12:43:04] Fixed 2 duplicate /gene - acrA_1 acrA_2
[12:43:04] Fixed 2 duplicate /gene - cyt_1 cyt_2
[12:43:04] Fixed 3 duplicate /gene - gcvA_1 gcvA_2 gcvA_3
[12:43:04] Fixed 2 duplicate /gene - kdsC_1 kdsC_2
[12:43:04] Fixed 2 duplicate /gene - glxR_1 glxR_2
[12:43:04] Fixed 2 duplicate /gene - ydcP_1 ydcP_2
[12:43:04] Fixed 2 duplicate /gene - eamA_1 eamA_2
[12:43:04] Fixed 3 duplicate /gene - lcfB_1 lcfB_2 lcfB_3
[12:43:04] Fixed 10 duplicate /gene - btuD_1 btuD_2 btuD_3 btuD_4 btuD_5 btuD_6 btuD_7 btuD_8 btuD_9 btuD_10
[12:43:04] Fixed 2 duplicate /gene - dnaK_1 dnaK_2
[12:43:04] Fixed 2 duplicate /gene - pgk/tpi_1 pgk/tpi_2
[12:43:04] Fixed 2 duplicate /gene - hcp1_1 hcp1_2
[12:43:04] Fixed 2 duplicate /gene - ccp_1 ccp_2
[12:43:04] Fixed 2 duplicate /gene - dsbD_1 dsbD_2
[12:43:04] Fixed 2 duplicate /gene - fitB_1 fitB_2
[12:43:04] Fixed 3 duplicate /gene - qseC_1 qseC_2 qseC_3
[12:43:04] Fixed 2 duplicate /gene - ftsA_1 ftsA_2
[12:43:04] Fixed 2 duplicate /gene - recB_1 recB_2
[12:43:04] Fixed 2 duplicate /gene - ppc_1 ppc_2
[12:43:04] Fixed 2 duplicate /gene - leuC_1 leuC_2
[12:43:04] Fixed 2 duplicate /gene - tolC_1 tolC_2
[12:43:04] Fixed 2 duplicate /gene - galE_1 galE_2
[12:43:04] Fixed 2 duplicate /gene - folE2_1 folE2_2
[12:43:04] Fixed 2 duplicate /gene - mgl_1 mgl_2
[12:43:04] Fixed 2 duplicate /gene - psd_1 psd_2
[12:43:04] Fixed 2 duplicate /gene - glgX_1 glgX_2
[12:43:04] Fixed 2 duplicate /gene - cbiX_1 cbiX_2
[12:43:04] Fixed 3 duplicate /gene - dnaJ_1 dnaJ_2 dnaJ_3
[12:43:04] Fixed 2 duplicate /gene - queC_1 queC_2
[12:43:04] Fixed 2 duplicate /gene - atpH_1 atpH_2
[12:43:04] Fixed 2 duplicate /gene - yadH_1 yadH_2
[12:43:04] Fixed 2 duplicate /gene - fieF_1 fieF_2
[12:43:04] Fixed 2 duplicate /gene - feoB_1 feoB_2
[12:43:04] Fixed 2 duplicate /gene - lolE_1 lolE_2
[12:43:04] Fixed 3 duplicate /gene - gloB_1 gloB_2 gloB_3
[12:43:04] Fixed 3 duplicate /gene - smc_1 smc_2 smc_3
[12:43:04] Fixed 2 duplicate /gene - acuI_1 acuI_2
[12:43:04] Fixed 2 duplicate /gene - fadD_1 fadD_2
[12:43:04] Fixed 5 duplicate /gene - livF_1 livF_2 livF_3 livF_4 livF_5
[12:43:04] Fixed 2 duplicate /gene - eno_1 eno_2
[12:43:04] Fixed 3 duplicate /gene - qseB_1 qseB_2 qseB_3
[12:43:04] Fixed 2 duplicate /gene - fabD_1 fabD_2
[12:43:04] Fixed 2 duplicate /gene - cysA_1 cysA_2
[12:43:04] Fixed 2 duplicate /gene - nagZ_1 nagZ_2
[12:43:04] Fixed 3 duplicate /gene - cheY_1 cheY_2 cheY_3
[12:43:04] Fixed 3 duplicate /gene - fabI_1 fabI_2 fabI_3
[12:43:04] Fixed 2 duplicate /gene - cbiM_1 cbiM_2
[12:43:04] Fixed 2 duplicate /gene - bioC_1 bioC_2
[12:43:04] Fixed 2 duplicate /gene - ptsI_1 ptsI_2
[12:43:04] Fixed 3 duplicate /gene - ydiK_1 ydiK_2 ydiK_3
[12:43:04] Fixed 2 duplicate /gene - galE1_1 galE1_2
[12:43:04] Fixed 2 duplicate /gene - rne_1 rne_2
[12:43:04] Fixed 2 duplicate /gene - moeA_1 moeA_2
[12:43:04] Fixed 2 duplicate /gene - grxC_1 grxC_2
[12:43:04] Fixed 3 duplicate /gene - mmgC_1 mmgC_2 mmgC_3
[12:43:04] Fixed 3 duplicate /gene - macB_1 macB_2 macB_3
[12:43:04] Fixed 7 duplicate /gene - pknD_1 pknD_2 pknD_3 pknD_4 pknD_5 pknD_6 pknD_7
[12:43:04] Fixed 2 duplicate /gene - kup_1 kup_2
[12:43:04] Fixed 2 duplicate /gene - ruvB_1 ruvB_2
[12:43:04] Fixed 3 duplicate /gene - ubiB_1 ubiB_2 ubiB_3
[12:43:04] Fixed 2 duplicate /gene - tyrS_1 tyrS_2
[12:43:04] Fixed 2 duplicate /gene - nifS_1 nifS_2
[12:43:04] Fixed 2 duplicate /gene - trpB_1 trpB_2
[12:43:04] Fixed 2 duplicate /gene - secB_1 secB_2
[12:43:04] Fixed 2 duplicate /gene - trkH_1 trkH_2
[12:43:04] Fixed 2 duplicate /gene - tam_1 tam_2
[12:43:04] Fixed 5 duplicate /gene - kefC_1 kefC_2 kefC_3 kefC_4 kefC_5
[12:43:04] Fixed 3 duplicate /gene - pstS_1 pstS_2 pstS_3
[12:43:04] Fixed 2 duplicate /gene - lpxL_1 lpxL_2
[12:43:04] Fixed 2 duplicate /gene - ctaB_1 ctaB_2
[12:43:04] Fixed 3 duplicate /gene - rapA_1 rapA_2 rapA_3
[12:43:04] Fixed 2 duplicate /gene - rsmB_1 rsmB_2
[12:43:04] Fixed 2 duplicate /gene - yfkJ_1 yfkJ_2
[12:43:04] Fixed 3 duplicate /gene - pilT_1 pilT_2 pilT_3
[12:43:04] Fixed 2 duplicate /gene - grpE_1 grpE_2
[12:43:04] Fixed 2 duplicate /gene - phoB_1 phoB_2
[12:43:04] Fixed 3 duplicate /gene - hscA_1 hscA_2 hscA_3
[12:43:04] Fixed 2 duplicate /gene - fbp_1 fbp_2
[12:43:04] Fixed 2 duplicate /gene - atoS_1 atoS_2
[12:43:04] Fixed 2 duplicate /gene - fliY_1 fliY_2
[12:43:04] Fixed 2 duplicate /gene - msbA_1 msbA_2
[12:43:04] Fixed 3 duplicate /gene - ycf3_1 ycf3_2 ycf3_3
[12:43:04] Fixed 6 duplicate /gene - mdtA_1 mdtA_2 mdtA_3 mdtA_4 mdtA_5 mdtA_6
[12:43:04] Fixed 3 duplicate /gene - nirS_1 nirS_2 nirS_3
[12:43:04] Fixed 3 duplicate /gene - cdgJ_1 cdgJ_2 cdgJ_3
[12:43:04] Fixed 2 duplicate /gene - acdA_1 acdA_2
[12:43:04] Fixed 2 duplicate /gene - hsdR_1 hsdR_2
[12:43:04] Fixed 2 duplicate /gene - pyrR_1 pyrR_2
[12:43:04] Fixed 2 duplicate /gene - xerD_1 xerD_2
[12:43:04] Fixed 267 colliding /gene names.
[12:43:04] Adding /locus_tag identifiers
[12:43:04] Assigned 4279 locus_tags to CDS and RNA features.
[12:43:04] Writing outputs to Reactor4-bin.4/
[12:43:07] Generating annotation statistics file
[12:43:07] Generating Genbank and Sequin files
[12:43:07] Running: tbl2asn -V b -a r10k -l paired-ends -M n -N 1 -y 'Annotated using prokka 1.13.3 from https://github.com/tseemann/prokka' -Z Reactor4\-bin\.4\/Reactor4\-bin\.4\.err -i Reactor4\-bin\.4\/Reactor4\-bin\.4\.fsa 2> /dev/null
[12:43:16] Could not run command: tbl2asn -V b -a r10k -l paired-ends -M n -N 1 -y 'Annotated using prokka 1.13.3 from https://github.com/tseemann/prokka' -Z Reactor4\-bin\.4\/Reactor4\-bin\.4\.err -i Reactor4\-bin\.4\/Reactor4\-bin\.4\.fsa 2> /dev/null
