[12:38:58] This is prokka 1.13.3
[12:38:58] Written by Torsten Seemann <torsten.seemann@gmail.com>
[12:38:58] Homepage is https://github.com/tseemann/prokka
[12:38:58] Local time is Tue Mar  3 12:38:58 2020
[12:38:58] You are emcdaniel
[12:38:58] Operating system is linux
[12:38:58] You have BioPerl 1.007002
[12:38:58] System has 16 cores.
[12:38:58] Will use maximum of 15 cores.
[12:38:58] Annotating as >>> Bacteria <<<
[12:38:58] Generating locus_tag from '2767802455.fna' contents.
[12:38:58] Setting --locustag NHBDKAOG from MD5 71bd4a808e593abb315de622a2240197
[12:38:58] Enabling options to ensure Genbank/ENA/DDJB submission compliance.
[12:38:58] Creating new output folder: 2767802455
[12:38:58] Running: mkdir -p 2767802455
[12:38:58] Using filename prefix: 2767802455.XXX
[12:38:58] Setting HMMER_NCPU=1
[12:38:58] Writing log to: 2767802455/2767802455.log
[12:38:58] Command: /home/emcdaniel/anaconda3/envs/prokka3/bin/prokka --outdir 2767802455 --prefix 2767802455 --cpus 15 2767802455.fna --centre X --compliant
[12:38:58] Appending to PATH: /home/emcdaniel/anaconda3/envs/prokka3/bin
[12:38:58] Looking for 'aragorn' - found /home/emcdaniel/anaconda3/envs/prokka3/bin/aragorn
[12:38:58] Determined aragorn version is 1.2
[12:38:58] Looking for 'barrnap' - found /home/emcdaniel/anaconda3/envs/prokka3/bin/barrnap
[12:38:58] Determined barrnap version is 0.9
[12:38:58] Looking for 'blastp' - found /home/emcdaniel/anaconda3/envs/prokka3/bin/blastp
[12:38:58] Determined blastp version is 2.9
[12:38:58] Looking for 'cmpress' - found /home/emcdaniel/anaconda3/envs/prokka3/bin/cmpress
[12:38:58] Determined cmpress version is 1.1
[12:38:58] Looking for 'cmscan' - found /home/emcdaniel/anaconda3/envs/prokka3/bin/cmscan
[12:38:58] Determined cmscan version is 1.1
[12:38:58] Looking for 'egrep' - found /bin/egrep
[12:38:58] Looking for 'find' - found /usr/bin/find
[12:38:58] Looking for 'grep' - found /bin/grep
[12:38:58] Looking for 'hmmpress' - found /home/emcdaniel/anaconda3/envs/prokka3/bin/hmmpress
[12:38:58] Determined hmmpress version is 3.2
[12:38:58] Looking for 'hmmscan' - found /home/emcdaniel/anaconda3/envs/prokka3/bin/hmmscan
[12:38:58] Determined hmmscan version is 3.2
[12:38:58] Looking for 'java' - found /home/emcdaniel/anaconda3/envs/prokka3/bin/java
[12:38:58] Looking for 'less' - found /usr/bin/less
[12:38:58] Looking for 'makeblastdb' - found /home/emcdaniel/anaconda3/envs/prokka3/bin/makeblastdb
[12:38:58] Determined makeblastdb version is 2.9
[12:38:58] Looking for 'minced' - found /home/emcdaniel/anaconda3/envs/prokka3/bin/minced
[12:38:58] Determined minced version is 4.2
[12:38:58] Looking for 'parallel' - found /home/emcdaniel/anaconda3/envs/prokka3/bin/parallel
[12:38:58] Determined parallel version is 20190722
[12:38:58] Looking for 'prodigal' - found /home/emcdaniel/anaconda3/envs/prokka3/bin/prodigal
[12:38:58] Determined prodigal version is 2.6
[12:38:58] Looking for 'prokka-genbank_to_fasta_db' - found /home/emcdaniel/anaconda3/envs/prokka3/bin/prokka-genbank_to_fasta_db
[12:38:58] Looking for 'sed' - found /bin/sed
[12:38:58] Looking for 'tbl2asn' - found /home/emcdaniel/anaconda3/envs/prokka3/bin/tbl2asn
[12:38:58] Determined tbl2asn version is 25.7
[12:38:58] Using genetic code table 11.
[12:38:58] Loading and checking input file: 2767802455.fna
[12:38:58] Wrote 1 contigs totalling 5179050 bp.
[12:38:58] Predicting tRNAs and tmRNAs
[12:38:58] Running: aragorn -l -gc11  -w 2767802455\/2767802455\.fna
[12:39:01] 1 tRNA-Leu [469993,470079] 35 (taa)
[12:39:01] 2 tRNA-Glu c[673549,673624] 35 (ttc)
[12:39:01] 3 tRNA-Val c[909491,909565] 33 (cac)
[12:39:01] 4 tRNA-Leu [910586,910670] 35 (gag)
[12:39:01] 5 tRNA-Thr c[981165,981240] 34 (cgt)
[12:39:01] 6 tRNA-Glu c[1039955,1040030] 35 (ttc)
[12:39:01] 7 tRNA-Ala c[1040054,1040129] 34 (ggc)
[12:39:01] 8 tRNA-Arg c[1104156,1104232] 35 (acg)
[12:39:01] 9 tRNA-Tyr [1209694,1209776] 35 (gta)
[12:39:01] 10 tRNA-Gly [1209830,1209903] 33 (tcc)
[12:39:01] 11 tRNA-Thr [1209943,1210017] 33 (ggt)
[12:39:01] 12 tRNA-Trp [1210317,1210392] 34 (cca)
[12:39:01] 13 tRNA-Leu [1363947,1364031] 35 (tag)
[12:39:01] 14 tRNA-Arg c[1371237,1371313] 35 (ccg)
[12:39:01] 15 tRNA-Thr [1419316,1419391] 34 (cgt)
[12:39:01] 16 tRNA-Pro [1479207,1479283] 35 (ggg)
[12:39:01] 17 tRNA-Ser [1577807,1577896] 35 (cga)
[12:39:01] 18 tRNA-His c[1691685,1691760] 34 (gtg)
[12:39:01] 19 tRNA-Gln c[1701630,1701706] 35 (ttg)
[12:39:01] 20 tRNA-Leu c[1980329,1980415] 35 (cag)
[12:39:01] 21 tRNA-Arg [2089933,2090005] 34 (cct)
[12:39:01] 22 tRNA-Asn [2137571,2137646] 34 (gtt)
[12:39:01] 23 tRNA-Val [2273693,2273769] 35 (gac)
[12:39:01] 24 tRNA-Gly [2290115,2290188] 33 (ccc)
[12:39:01] 25 tRNA-Ala c[2392849,2392924] 34 (tgc)
[12:39:01] 26 tRNA-Ile c[2393016,2393092] 35 (gat)
[12:39:01] 27 tRNA-Met c[2393330,2393406] 35 (cat)
[12:39:01] 28 tRNA-Leu [2394582,2394679] 36 (taa)
[12:39:01] 29 tRNA-Asp c[2401783,2401859] 35 (gtc)
[12:39:01] 30 tRNA-Val c[2401886,2401961] 34 (tac)
[12:39:01] 31 tRNA-Asp c[2507243,2507319] 35 (gtc)
[12:39:01] 32 tRNA-Gly [2555507,2555603] 36 (acc)
[12:39:01] 33 tRNA-Cys c[2595256,2595329] 33 (gca)
[12:39:01] 34 tRNA-Gly c[2595415,2595490] 34 (gcc)
[12:39:01] 35 tRNA-Pro [2647886,2647962] 35 (tgg)
[12:39:01] 36 tRNA-Arg [2648049,2648125] 35 (tct)
[12:39:01] 37 tRNA-Ser [2774960,2775049] 35 (gga)
[12:39:01] 38 tRNA-Phe [2948536,2948611] 34 (gaa)
[12:39:01] 39 tRNA-Gly c[2986207,2986279] 34 (gcc)
[12:39:01] 40 tRNA-Arg [3146734,3146808] 33 (tct)
[12:39:01] 41 tRNA-Met c[3361566,3361639] 35 (cat)
[12:39:01] 42 tRNA-Gly c[3405699,3405772] 33 (ccc)
[12:39:01] 43 tRNA-Ser [3600852,3600939] 35 (tga)
[12:39:01] 44 tRNA-Pro c[3653993,3654069] 35 (cgg)
[12:39:01] 45 tRNA-Lys [3710195,3710270] 34 (ttt)
[12:39:01] 46 tRNA-Lys [3710310,3710385] 34 (ctt)
[12:39:01] 47 tRNA-Ala [3855371,3855459] 37 (cgc)
[12:39:01] 48 tRNA-Thr [4371394,4371467] 33 (tgt)
[12:39:01] 49 tRNA-Ala c[4443820,4443893] 34 (cgc)
[12:39:01] 50 tRNA-Glu c[4511343,4511418] 35 (ttc)
[12:39:01] 51 tRNA-Met [4536875,4536951] 35 (cat)
[12:39:01] 52 tRNA-Gly c[4603261,4603336] 34 (gcc)
[12:39:01] 53 tRNA-Ser c[4791091,4791177] 35 (cga)
[12:39:01] Found 53 tRNAs
[12:39:01] Predicting Ribosomal RNAs
[12:39:01] Running Barrnap with 15 threads
[12:39:02] Found 0 rRNAs
[12:39:02] Skipping ncRNA search, enable with --rfam if desired.
[12:39:02] Total of 53 tRNA + rRNA features
[12:39:02] Searching for CRISPR repeats
[12:39:03] CRISPR1 gnl|X|NHBDKAOG_1 2262944 with 5 spacers
[12:39:03] CRISPR2 gnl|X|NHBDKAOG_1 2447540 with 4 spacers
[12:39:03] CRISPR3 gnl|X|NHBDKAOG_1 2802126 with 50 spacers
[12:39:03] CRISPR4 gnl|X|NHBDKAOG_1 3601169 with 8 spacers
[12:39:03] CRISPR5 gnl|X|NHBDKAOG_1 4819325 with 44 spacers
[12:39:03] Found 5 CRISPRs
[12:39:03] Predicting coding sequences
[12:39:03] Contigs total 5179050 bp, so using single mode
[12:39:03] Running: prodigal -i 2767802455\/2767802455\.fna -c -m -g 11 -p single -f sco -q
[12:39:12] Excluding CDS which overlaps existing RNA (tRNA) at gnl|X|NHBDKAOG_1:673617..674330 on + strand
[12:39:12] Excluding CDS which overlaps existing RNA (tRNA) at gnl|X|NHBDKAOG_1:1039437..1040003 on + strand
[12:39:13] Excluding CDS which overlaps existing RNA (tRNA) at gnl|X|NHBDKAOG_1:2394582..2396243 on - strand
[12:39:13] Excluding CDS which overlaps existing RNA (tRNA) at gnl|X|NHBDKAOG_1:2555064..2556470 on + strand
[12:39:13] Excluding CDS which overlaps existing RNA (tRNA) at gnl|X|NHBDKAOG_1:2774588..2775154 on + strand
[12:39:13] Excluding CDS which overlaps existing RNA (repeat_region) at gnl|X|NHBDKAOG_1:2802384..2802638 on - strand
[12:39:13] Excluding CDS which overlaps existing RNA (repeat_region) at gnl|X|NHBDKAOG_1:2805000..2805161 on + strand
[12:39:13] Excluding CDS which overlaps existing RNA (repeat_region) at gnl|X|NHBDKAOG_1:2805240..2805434 on + strand
[12:39:14] Excluding CDS which overlaps existing RNA (tRNA) at gnl|X|NHBDKAOG_1:3146396..3146842 on - strand
[12:39:14] Excluding CDS which overlaps existing RNA (tRNA) at gnl|X|NHBDKAOG_1:3855125..3856219 on - strand
[12:39:15] Excluding CDS which overlaps existing RNA (tRNA) at gnl|X|NHBDKAOG_1:4511337..4513481 on + strand
[12:39:15] Excluding CDS which overlaps existing RNA (tRNA) at gnl|X|NHBDKAOG_1:4603218..4603325 on + strand
[12:39:15] Excluding CDS which overlaps existing RNA (tRNA) at gnl|X|NHBDKAOG_1:4790897..4791841 on + strand
[12:39:15] Excluding CDS which overlaps existing RNA (repeat_region) at gnl|X|NHBDKAOG_1:4819491..4820342 on + strand
[12:39:15] Found 4824 CDS
[12:39:15] Connecting features back to sequences
[12:39:15] Not using genus-specific database. Try --usegenus to enable it.
[12:39:15] Annotating CDS, please be patient.
[12:39:15] Will use 15 CPUs for similarity searching.
[12:39:16] There are still 4824 unannotated CDS left (started with 4824)
[12:39:16] Will use blast to search against /home/emcdaniel/anaconda3/envs/prokka3/db/kingdom/Bacteria/IS with 15 CPUs
[12:39:16] Running: cat 2767802455\/IS\.faa | parallel --gnu --plain -j 15 --block 52010 --recstart '>' --pipe blastp -query - -db /home/emcdaniel/anaconda3/envs/prokka3/db/kingdom/Bacteria/IS -evalue 1e-30 -qcov_hsp_perc 90 -num_threads 1 -num_descriptions 1 -num_alignments 1 -seg no > 2767802455\/IS\.blast 2> /dev/null
[12:39:26] Deleting unwanted file: 2767802455/IS.faa
[12:39:26] Deleting unwanted file: 2767802455/IS.blast
[12:39:27] There are still 4773 unannotated CDS left (started with 4824)
[12:39:27] Will use blast to search against /home/emcdaniel/anaconda3/envs/prokka3/db/kingdom/Bacteria/AMR with 15 CPUs
[12:39:27] Running: cat 2767802455\/AMR\.faa | parallel --gnu --plain -j 15 --block 51514 --recstart '>' --pipe blastp -query - -db /home/emcdaniel/anaconda3/envs/prokka3/db/kingdom/Bacteria/AMR -evalue 9.99999999999999e-301 -qcov_hsp_perc 90 -num_threads 1 -num_descriptions 1 -num_alignments 1 -seg no > 2767802455\/AMR\.blast 2> /dev/null
[12:39:34] Deleting unwanted file: 2767802455/AMR.faa
[12:39:34] Deleting unwanted file: 2767802455/AMR.blast
[12:39:36] There are still 4773 unannotated CDS left (started with 4824)
[12:39:36] Will use blast to search against /home/emcdaniel/anaconda3/envs/prokka3/db/kingdom/Bacteria/sprot with 15 CPUs
[12:39:36] Running: cat 2767802455\/sprot\.faa | parallel --gnu --plain -j 15 --block 51514 --recstart '>' --pipe blastp -query - -db /home/emcdaniel/anaconda3/envs/prokka3/db/kingdom/Bacteria/sprot -evalue 1e-09 -qcov_hsp_perc 80 -num_threads 1 -num_descriptions 1 -num_alignments 1 -seg no > 2767802455\/sprot\.blast 2> /dev/null
[12:40:02] Modify product: Probable Ni/Fe-hydrogenase 2 b-type cytochrome subunit => putative Ni/Fe-hydrogenase 2 b-type cytochrome subunit
[12:40:02] Modify product: Uncharacterized protein Rv2307c => putative protein
[12:40:02] Modify product: Uncharacterized metal-dependent hydrolase YcfH => putative metal-dependent hydrolase YcfH
[12:40:02] Modify product: Uncharacterized HTH-type transcriptional regulator YddM => putative HTH-type transcriptional regulator YddM
[12:40:02] Modify product: Uncharacterized protein NMB0459 => putative protein
[12:40:02] Modify product: Uncharacterized protein MSMEG_1279/MSMEI_1241 => putative protein/MSMEI_1241
[12:40:02] Modify product: Probable TonB-dependent receptor BfrD => putative TonB-dependent receptor BfrD
[12:40:02] Modify product: Probable cyclic di-GMP phosphodiesterase VC_1348 => putative cyclic di-GMP phosphodiesterase
[12:40:02] Modify product: GTP cyclohydrolase 1 type 2 homolog => GTP cyclohydrolase 1 type 2 
[12:40:02] Modify product: TelA-like protein SA1238 => TelA-like protein
[12:40:02] Modify product: Putative phosphoribosyl transferase MT0597 => Putative phosphoribosyl transferase
[12:40:02] Modify product: Uncharacterized GMC-type oxidoreductase Rv0492c => putative GMC-type oxidoreductase
[12:40:02] Modify product: Cyclic di-GMP phosphodiesterase PA4108 => Cyclic di-GMP phosphodiesterase
[12:40:02] Modify product: Probable enoyl-CoA hydratase echA8 => putative enoyl-CoA hydratase echA8
[12:40:02] Modify product: Uncharacterized oxidoreductase Rv1144 => putative oxidoreductase
[12:40:02] Modify product: UPF0336 protein Rv0637 => hypothetical protein
[12:40:02] Modify product: Probable protein kinase UbiB => putative protein kinase UbiB
[12:40:02] Modify product: Uncharacterized glycosyltransferase sll0501 => putative glycosyltransferase
[12:40:02] Modify product: Uncharacterized oxidoreductase Rv0945 => putative oxidoreductase
[12:40:02] Modify product: UPF0234 protein HI_1034 => hypothetical protein
[12:40:02] Modify product: Probable xanthine dehydrogenase subunit A => putative xanthine dehydrogenase subunit A
[12:40:02] Modify product: Uncharacterized protein YciO => putative protein YciO
[12:40:02] Modify product: Segregation and condensation protein B homolog => Segregation and condensation protein B 
[12:40:02] Modify product: Probable fructoselysine utilization operon transcriptional repressor => putative fructoselysine utilization operon transcriptional repressor
[12:40:02] Modify product: Uncharacterized protein MT2060 => putative protein
[12:40:03] Modify product: Uncharacterized protein Rv1708 => putative protein
[12:40:03] Modify product: Putative universal stress protein SA1532 => Putative universal stress protein
[12:40:03] Modify product: Uncharacterized glycosyltransferase sll0501 => putative glycosyltransferase
[12:40:03] Modify product: Probable membrane transporter protein YfcA => putative membrane transporter protein YfcA
[12:40:03] Modify product: Uncharacterized oxidoreductase Rv1144 => putative oxidoreductase
[12:40:03] Modify product: Probable 3-phenylpropionic acid transporter => putative 3-phenylpropionic acid transporter
[12:40:03] Modify product: Uncharacterized metal-dependent hydrolase YjjV => putative metal-dependent hydrolase YjjV
[12:40:03] Modify product: Probable copper-importing P-type ATPase A => putative copper-importing P-type ATPase A
[12:40:03] Modify product: Uncharacterized GST-like protein YibF => putative GST-like protein YibF
[12:40:03] Modify product: Probable GTPase Rv1496 => putative GTPase
[12:40:03] Modify product: Probable ATP-dependent helicase DinG homolog => putative ATP-dependent helicase DinG 
[12:40:03] Modify product: Uncharacterized zinc protease Rv2782c => putative zinc protease
[12:40:03] Modify product: Uncharacterized transporter Rv2685 => putative transporter
[12:40:03] Modify product: UPF0053 inner membrane protein YtfL => hypothetical protein
[12:40:03] Modify product: Probable Fe(2+)-trafficking protein => putative Fe(2+)-trafficking protein
[12:40:03] Modify product: Probable TonB-dependent receptor BfrD => putative TonB-dependent receptor BfrD
[12:40:03] Modify product: UPF0098 protein CT_736 => hypothetical protein
[12:40:03] Modify product: UPF0434 protein BB2007 => hypothetical protein
[12:40:03] Modify product: UPF0098 protein YbhB => hypothetical protein
[12:40:03] Modify product: Probable lipid II flippase MurJ => putative lipid II flippase MurJ
[12:40:03] Modify product: Uncharacterized protein Rv1507c => putative protein
[12:40:03] Modify product: UPF0719 inner membrane protein YjfL => hypothetical protein
[12:40:03] Modify product: Probable chromosome-partitioning protein ParB => putative chromosome-partitioning protein ParB
[12:40:03] Modify product: Uncharacterized protease YdcP => putative protease YdcP
[12:40:03] Modify product: Stress response UPF0229 protein YhbH => hypothetical protein
[12:40:03] Modify product: Probable nicotinate-nucleotide adenylyltransferase => putative nicotinate-nucleotide adenylyltransferase
[12:40:03] Modify product: Probable phosphite transport system-binding protein HtxB => putative phosphite transport system-binding protein HtxB
[12:40:03] Modify product: Putative O-methyltransferase MSMEG_5073/MSMEI_4947 => Putative O-methyltransferase/MSMEI_4947
[12:40:03] Modify product: UPF0276 protein CCNA_03000 => hypothetical protein
[12:40:03] Modify product: UPF0246 protein YaaA => hypothetical protein
[12:40:03] Modify product: UPF0761 membrane protein YihY => hypothetical protein
[12:40:03] Modify product: Probable acetyl-CoA acyltransferase => putative acetyl-CoA acyltransferase
[12:40:03] Modify product: UPF0336 protein Rv0504c => hypothetical protein
[12:40:03] Modify product: Probable 3-hydroxyacyl-CoA dehydrogenase => putative 3-hydroxyacyl-CoA dehydrogenase
[12:40:03] Modify product: Putative outer membrane protein NMB0088 => Putative outer membrane protein
[12:40:03] Modify product: Probable 3-hydroxyacyl-CoA dehydrogenase => putative 3-hydroxyacyl-CoA dehydrogenase
[12:40:03] Modify product: Probable acyltransferase YihG => putative acyltransferase YihG
[12:40:03] Modify product: UPF0111 protein HI_1603 => hypothetical protein
[12:40:03] Modify product: UPF0502 protein YceH => hypothetical protein
[12:40:03] Modify product: RNA-binding protein HI_1333 => RNA-binding protein
[12:40:03] Modify product: Probable thiol:disulfide interchange protein DsbC => putative thiol:disulfide interchange protein DsbC
[12:40:04] Modify product: Probable iron export permease protein FetB => putative iron export permease protein FetB
[12:40:04] Modify product: Probable iron export ATP-binding protein FetA => putative iron export ATP-binding protein FetA
[12:40:04] Modify product: Bifunctional protein FolD => Bifunctional protein FolD protein
[12:40:04] Modify product: Probable parvulin-type peptidyl-prolyl cis-trans isomerase => putative parvulin-type peptidyl-prolyl cis-trans isomerase
[12:40:04] Modify product: Uncharacterized ABC transporter ATP-binding protein YadG => putative ABC transporter ATP-binding protein YadG
[12:40:04] Modify product: Uncharacterized ABC transporter ATP-binding protein YbiT => putative ABC transporter ATP-binding protein YbiT
[12:40:04] Modify product: Uncharacterized HTH-type transcriptional regulator Rv1985c => putative HTH-type transcriptional regulator
[12:40:04] Modify product: UPF0070 protein HI_0370 => hypothetical protein
[12:40:04] Modify product: UPF0235 protein YggU => hypothetical protein
[12:40:04] Modify product: UPF0301 protein VC_0467 => hypothetical protein
[12:40:04] Modify product: Uncharacterized ABC transporter ATP-binding protein YheS => putative ABC transporter ATP-binding protein YheS
[12:40:04] Modify product: Probable diacyglycerol O-acyltransferase tgs2 => putative diacyglycerol O-acyltransferase tgs2
[12:40:04] Modify product: UPF0098 protein CT_736 => hypothetical protein
[12:40:04] Modify product: Probable diguanylate cyclase DgcQ => putative diguanylate cyclase DgcQ
[12:40:04] Modify product: Probable cadmium-transporting ATPase => putative cadmium-transporting ATPase
[12:40:04] Modify product: Probable amino-acid metabolite efflux pump => putative amino-acid metabolite efflux pump
[12:40:04] Modify product: Probable cation-transporting ATPase F => putative cation-transporting ATPase F
[12:40:04] Modify product: Cytochrome b561 homolog 2 => Cytochrome b561 
[12:40:04] Modify product: Probable malonic semialdehyde reductase RutE => putative malonic semialdehyde reductase RutE
[12:40:04] Modify product: UPF0758 protein CT0611 => hypothetical protein
[12:40:04] Modify product: Probable 4-deoxy-4-formamido-L-arabinose-phosphoundecaprenol deformylase ArnD => putative 4-deoxy-4-formamido-L-arabinose-phosphoundecaprenol deformylase ArnD
[12:40:04] Modify product: Probable tRNA-dihydrouridine synthase => putative tRNA-dihydrouridine synthase
[12:40:04] Modify product: Uncharacterized protein YbiB => putative protein YbiB
[12:40:04] Modify product: UPF0307 protein YjgA => hypothetical protein
[12:40:04] Modify product: Uncharacterized protein YqiC => putative protein YqiC
[12:40:04] Modify product: Uncharacterized HTH-type transcriptional regulator YddM => putative HTH-type transcriptional regulator YddM
[12:40:04] Modify product: Uncharacterized protein NMB0928 => putative protein
[12:40:04] Modify product: Probable phosphatase Rv3661 => putative phosphatase
[12:40:04] Modify product: Uncharacterized FAD-linked oxidoreductase Rv2280 => putative FAD-linked oxidoreductase
[12:40:04] Modify product: Uncharacterized protein YgaU => putative protein YgaU
[12:40:04] Modify product: Uncharacterized protein NMB1437 => putative protein
[12:40:04] Modify product: Uncharacterized signaling protein PA1727 => putative signaling protein
[12:40:04] Modify product: Uncharacterized protein MT2089 => putative protein
[12:40:04] Modify product: Probable sulfate transporter Rv1739c => putative sulfate transporter
[12:40:04] Modify product: UPF0073 inner membrane protein YqfA => hypothetical protein
[12:40:04] Modify product: Uncharacterized ABC transporter ATP-binding protein YknY => putative ABC transporter ATP-binding protein YknY
[12:40:04] Modify product: Probable enoyl-CoA hydratase echA8 => putative enoyl-CoA hydratase echA8
[12:40:04] Modify product: Probable GTPase Rv1496 => putative GTPase
[12:40:04] Modify product: Uncharacterized GST-like protein YibF => putative GST-like protein YibF
[12:40:04] Modify product: Uncharacterized glycosyltransferase sll0501 => putative glycosyltransferase
[12:40:04] Modify product: Uncharacterized protein YehL => putative protein YehL
[12:40:04] Modify product: Probable glutamine ABC transporter permease protein GlnM => putative glutamine ABC transporter permease protein GlnM
[12:40:04] Modify product: Probable sulfate transporter Rv1739c => putative sulfate transporter
[12:40:04] Modify product: UPF0250 protein YbeD => hypothetical protein
[12:40:04] Modify product: Uncharacterized protein YqjD => putative protein YqjD
[12:40:04] Modify product: Uncharacterized protein YfgD => putative protein YfgD
[12:40:04] Modify product: Uncharacterized ABC transporter ATP-binding protein YknY => putative ABC transporter ATP-binding protein YknY
[12:40:04] Modify product: Probable ribonucleotide transport ATP-binding protein mkl => putative ribonucleotide transport ATP-binding protein mkl
[12:40:04] Modify product: Probable enoyl-CoA hydratase echA8 => putative enoyl-CoA hydratase echA8
[12:40:04] Modify product: Probable phospholipid import ATP-binding protein MlaF => putative phospholipid import ATP-binding protein MlaF
[12:40:04] Modify product: Probable phospholipid ABC transporter permease protein MlaE => putative phospholipid ABC transporter permease protein MlaE
[12:40:04] Modify product: Probable phospholipid ABC transporter-binding protein MlaD => putative phospholipid ABC transporter-binding protein MlaD
[12:40:04] Modify product: Probable phospholipid-binding lipoprotein MlaA => putative phospholipid-binding lipoprotein MlaA
[12:40:04] Modify product: Probable phospholipid-binding protein MlaC => putative phospholipid-binding protein MlaC
[12:40:04] Modify product: Uncharacterized ABC transporter ATP-binding protein YadG => putative ABC transporter ATP-binding protein YadG
[12:40:04] Modify product: UPF0271 protein YbgL => hypothetical protein
[12:40:04] Modify product: Uncharacterized protein YbgK => putative protein YbgK
[12:40:04] Modify product: Cyclic di-GMP phosphodiesterase PA4108 => Cyclic di-GMP phosphodiesterase
[12:40:04] Modify product: UPF0053 inner membrane protein YfjD => hypothetical protein
[12:40:04] Modify product: UPF0053 protein HI_0107 => hypothetical protein
[12:40:04] Modify product: UPF0053 protein HI_0107 => hypothetical protein
[12:40:04] Modify product: UPF0053 protein HI_0107 => hypothetical protein
[12:40:04] Modify product: Probable cystine transporter YijE => putative cystine transporter YijE
[12:40:04] Modify product: Oxygen-independent coproporphyrinogen-III oxidase-like protein LL1139 => Oxygen-independent coproporphyrinogen-III oxidase-like protein
[12:40:04] Modify product: UPF0053 protein HI_0107 => hypothetical protein
[12:40:04] Modify product: Probable alcohol dehydrogenase AdhA => putative alcohol dehydrogenase AdhA
[12:40:04] Modify product: Uncharacterized ABC transporter ATP-binding protein YknY => putative ABC transporter ATP-binding protein YknY
[12:40:04] Modify product: Protease HtpX homolog => Protease HtpX 
[12:40:04] Modify product: Phosphate-specific transport system accessory protein PhoU homolog => Phosphate-specific transport system accessory protein PhoU 
[12:40:04] Modify product: Phosphate-specific transport system accessory protein PhoU homolog => Phosphate-specific transport system accessory protein PhoU 
[12:40:05] Modify product: Uncharacterized protein YibN => putative protein YibN
[12:40:05] Modify product: Uncharacterized protein Rv2569c => putative protein
[12:40:05] Modify product: Probable diacyglycerol O-acyltransferase tgs1 => putative diacyglycerol O-acyltransferase tgs1
[12:40:05] Modify product: Uncharacterized protein YnbC => putative protein YnbC
[12:40:05] Modify product: Uncharacterized protein YnbD => putative protein YnbD
[12:40:05] Modify product: Uncharacterized protein Rv2411c => putative protein
[12:40:05] Modify product: Uncharacterized protein Rv2567 => putative protein
[12:40:05] Modify product: Probable glycerol-3-phosphate acyltransferase => putative glycerol-3-phosphate acyltransferase
[12:40:05] Modify product: UPF0102 protein RPA0323 => hypothetical protein
[12:40:05] Modify product: Probable peptidoglycan D,D-transpeptidase PenA => putative peptidoglycan D,D-transpeptidase PenA
[12:40:05] Modify product: Probable peptidoglycan glycosyltransferase FtsW => putative peptidoglycan glycosyltransferase FtsW
[12:40:05] Modify product: Probable peptidoglycan D,D-transpeptidase PenA => putative peptidoglycan D,D-transpeptidase PenA
[12:40:05] Modify product: Probable peptidoglycan glycosyltransferase FtsW => putative peptidoglycan glycosyltransferase FtsW
[12:40:05] Modify product: Uncharacterized protease YhbU => putative protease YhbU
[12:40:05] Modify product: Probable glutamine ABC transporter permease protein GlnM => putative glutamine ABC transporter permease protein GlnM
[12:40:05] Modify product: UPF0194 membrane protein YbhG => hypothetical protein
[12:40:05] Modify product: Probable multidrug ABC transporter ATP-binding protein YbhF => putative multidrug ABC transporter ATP-binding protein YbhF
[12:40:05] Modify product: Probable multidrug ABC transporter permease YbhR => putative multidrug ABC transporter permease YbhR
[12:40:05] Modify product: Protease HtpX homolog => Protease HtpX 
[12:40:05] Modify product: UPF0053 inner membrane protein YtfL => hypothetical protein
[12:40:05] Modify product: Cyclic diguanosine monophosphate-binding protein PA4608 => Cyclic diguanosine monophosphate-binding protein
[12:40:05] Modify product: UPF0701 protein YicC => hypothetical protein
[12:40:05] Modify product: Uncharacterized protein SAV1875 => putative protein
[12:40:05] Modify product: Glycogen operon protein GlgX homolog => Glycogen operon protein GlgX 
[12:40:05] Modify product: Probable cyclic di-GMP phosphodiesterase VC_1348 => putative cyclic di-GMP phosphodiesterase
[12:40:05] Modify product: Chemotaxis protein CheY homolog => Chemotaxis protein CheY 
[12:40:05] Modify product: Uncharacterized ABC transporter ATP-binding protein Rv0986 => putative ABC transporter ATP-binding protein
[12:40:05] Modify product: UPF0394 membrane protein XF_0765 => hypothetical protein
[12:40:05] Modify product: Uncharacterized hydrolase YxeP => putative hydrolase YxeP
[12:40:05] Modify product: Glycogen operon protein GlgX homolog => Glycogen operon protein GlgX 
[12:40:05] Modify product: Glycogen operon protein GlgX homolog => Glycogen operon protein GlgX 
[12:40:05] Modify product: Uncharacterized FAD-linked oxidoreductase Rv2280 => putative FAD-linked oxidoreductase
[12:40:05] Modify product: Probable cyclic di-GMP phosphodiesterase VC_1348 => putative cyclic di-GMP phosphodiesterase
[12:40:05] Modify product: Uncharacterized protein Rv1405c => putative protein
[12:40:05] Modify product: UPF0098 protein YbcL => hypothetical protein
[12:40:05] Modify product: UPF0053 inner membrane protein YoaE => hypothetical protein
[12:40:05] Modify product: Uncharacterized signaling protein PA1727 => putative signaling protein
[12:40:05] Modify product: Probable GTP-binding protein EngB => putative GTP-binding protein EngB
[12:40:05] Modify product: Uncharacterized HTH-type transcriptional regulator Rv1395 => putative HTH-type transcriptional regulator
[12:40:05] Modify product: Probable ABC transporter phosphite binding protein PhnD1 => putative ABC transporter phosphite binding protein PhnD1
[12:40:05] Modify product: Uncharacterized protein Rv2067c => putative protein
[12:40:05] Modify product: Stringent starvation protein A homolog => Stringent starvation protein A 
[12:40:05] Cleaned 178 /product names
[12:40:05] Deleting unwanted file: 2767802455/sprot.faa
[12:40:05] Deleting unwanted file: 2767802455/sprot.blast
[12:40:06] There are still 2972 unannotated CDS left (started with 4824)
[12:40:06] Will use hmmer3 to search against /home/emcdaniel/anaconda3/envs/prokka3/db/hmm/HAMAP.hmm with 15 CPUs
[12:40:06] Running: cat 2767802455\/HAMAP\.hmm\.faa | parallel --gnu --plain -j 15 --block 30198 --recstart '>' --pipe hmmscan --noali --notextw --acc -E 1e-09 --cpu 1 /home/emcdaniel/anaconda3/envs/prokka3/db/hmm/HAMAP.hmm /dev/stdin > 2767802455\/HAMAP\.hmm\.hmmer3 2> /dev/null
[12:41:05] Modify product: Uncharacterized Nudix hydrolase NudL => putative Nudix hydrolase NudL
[12:41:05] Cleaned 1 /product names
[12:41:05] Deleting unwanted file: 2767802455/HAMAP.hmm.faa
[12:41:05] Deleting unwanted file: 2767802455/HAMAP.hmm.hmmer3
[12:41:05] Labelling remaining 2647 proteins as 'hypothetical protein'
[12:41:05] Possible /pseudo 'NAD(P) transhydrogenase subunit alpha' at gnl|X|NHBDKAOG_1 position 529325
[12:41:05] Possible /pseudo 'Type I secretion system ATP-binding protein PrsD' at gnl|X|NHBDKAOG_1 position 558873
[12:41:05] Possible /pseudo 'Cyanophycin synthetase' at gnl|X|NHBDKAOG_1 position 805175
[12:41:05] Possible /pseudo 'Chemotaxis protein CheV' at gnl|X|NHBDKAOG_1 position 860682
[12:41:05] Possible /pseudo 'Bifunctional PGK/TIM' at gnl|X|NHBDKAOG_1 position 1009971
[12:41:05] Possible /pseudo 'Twitching mobility protein' at gnl|X|NHBDKAOG_1 position 1167010
[12:41:05] Possible /pseudo 'Elongation factor Tu' at gnl|X|NHBDKAOG_1 position 1225996
[12:41:05] Possible /pseudo 'Adaptive-response sensory-kinase SasA' at gnl|X|NHBDKAOG_1 position 1455526
[12:41:05] Possible /pseudo 'Sensor histidine kinase RcsC' at gnl|X|NHBDKAOG_1 position 1679503
[12:41:05] Possible /pseudo 'NADH-quinone oxidoreductase subunit M' at gnl|X|NHBDKAOG_1 position 1726441
[12:41:05] Possible /pseudo 'Cobalt-precorrin-5A hydrolase' at gnl|X|NHBDKAOG_1 position 1821155
[12:41:05] Possible /pseudo 'Inositol 2-dehydrogenase/D-chiro-inositol 3-dehydrogenase' at gnl|X|NHBDKAOG_1 position 1964070
[12:41:05] Possible /pseudo 'CRISPR-associated endoribonuclease Cas2' at gnl|X|NHBDKAOG_1 position 2263762
[12:41:05] Possible /pseudo 'Protein YceI' at gnl|X|NHBDKAOG_1 position 2673344
[12:41:05] Possible /pseudo 'Cation/acetate symporter ActP' at gnl|X|NHBDKAOG_1 position 2966230
[12:41:05] Possible /pseudo 'Hercynine oxygenase' at gnl|X|NHBDKAOG_1 position 3024485
[12:41:05] Possible /pseudo 'ISAs1 family transposase ISTha1' at gnl|X|NHBDKAOG_1 position 3053319
[12:41:05] Possible /pseudo 'Outer membrane porin protein 32' at gnl|X|NHBDKAOG_1 position 3109626
[12:41:05] Possible /pseudo '2-hydroxy-3-oxopropionate reductase' at gnl|X|NHBDKAOG_1 position 3221419
[12:41:05] Possible /pseudo 'Macrolide export ATP-binding/permease protein MacB' at gnl|X|NHBDKAOG_1 position 3262369
[12:41:05] Possible /pseudo 'NAD-specific glutamate dehydrogenase' at gnl|X|NHBDKAOG_1 position 3370818
[12:41:05] Possible /pseudo 'Magnesium-transporting ATPase, P-type 1' at gnl|X|NHBDKAOG_1 position 3939535
[12:41:05] Possible /pseudo 'Phosphate-import permease protein PhnE' at gnl|X|NHBDKAOG_1 position 4173313
[12:41:05] Possible /pseudo 'UDP-glucose 4-epimerase' at gnl|X|NHBDKAOG_1 position 4190416
[12:41:05] Possible /pseudo 'Sensor histidine kinase RcsC' at gnl|X|NHBDKAOG_1 position 4896112
[12:41:05] Possible /pseudo 'IS630 family transposase ISMae22' at gnl|X|NHBDKAOG_1 position 5172918
[12:41:05] Found 1521 unique /gene codes.
[12:41:05] Fixed 2 duplicate /gene - pka_1 pka_2
[12:41:05] Fixed 2 duplicate /gene - lepA_1 lepA_2
[12:41:05] Fixed 2 duplicate /gene - rtcB_1 rtcB_2
[12:41:05] Fixed 7 duplicate /gene - cheB_1 cheB_2 cheB_3 cheB_4 cheB_5 cheB_6 cheB_7
[12:41:05] Fixed 2 duplicate /gene - mltC_1 mltC_2
[12:41:05] Fixed 2 duplicate /gene - yddM_1 yddM_2
[12:41:05] Fixed 2 duplicate /gene - ald_1 ald_2
[12:41:05] Fixed 2 duplicate /gene - yrdA_1 yrdA_2
[12:41:05] Fixed 3 duplicate /gene - pilT_1 pilT_2 pilT_3
[12:41:05] Fixed 3 duplicate /gene - nadE_1 nadE_2 nadE_3
[12:41:05] Fixed 2 duplicate /gene - macA_1 macA_2
[12:41:05] Fixed 2 duplicate /gene - selD_1 selD_2
[12:41:05] Fixed 3 duplicate /gene - dmlR_1 dmlR_2 dmlR_3
[12:41:05] Fixed 6 duplicate /gene - ubiE_1 ubiE_2 ubiE_3 ubiE_4 ubiE_5 ubiE_6
[12:41:05] Fixed 2 duplicate /gene - yadH_1 yadH_2
[12:41:05] Fixed 5 duplicate /gene - rssB_1 rssB_2 rssB_3 rssB_4 rssB_5
[12:41:05] Fixed 2 duplicate /gene - lplT_1 lplT_2
[12:41:05] Fixed 3 duplicate /gene - yhcG_1 yhcG_2 yhcG_3
[12:41:05] Fixed 2 duplicate /gene - tam_1 tam_2
[12:41:05] Fixed 2 duplicate /gene - grpE_1 grpE_2
[12:41:05] Fixed 2 duplicate /gene - cheR_1 cheR_2
[12:41:05] Fixed 2 duplicate /gene - steT_1 steT_2
[12:41:05] Fixed 2 duplicate /gene - moeA_1 moeA_2
[12:41:05] Fixed 3 duplicate /gene - rfbB_1 rfbB_2 rfbB_3
[12:41:05] Fixed 2 duplicate /gene - pntA_1 pntA_2
[12:41:05] Fixed 3 duplicate /gene - nagZ_1 nagZ_2 nagZ_3
[12:41:05] Fixed 2 duplicate /gene - hlyB_1 hlyB_2
[12:41:05] Fixed 2 duplicate /gene - nasD_1 nasD_2
[12:41:05] Fixed 3 duplicate /gene - gluQ_1 gluQ_2 gluQ_3
[12:41:05] Fixed 2 duplicate /gene - gltK_1 gltK_2
[12:41:05] Fixed 2 duplicate /gene - todT_1 todT_2
[12:41:05] Fixed 4 duplicate /gene - bepA_1 bepA_2 bepA_3 bepA_4
[12:41:05] Fixed 2 duplicate /gene - purD_1 purD_2
[12:41:05] Fixed 2 duplicate /gene - ilvB_1 ilvB_2
[12:41:05] Fixed 10 duplicate /gene - btuD_1 btuD_2 btuD_3 btuD_4 btuD_5 btuD_6 btuD_7 btuD_8 btuD_9 btuD_10
[12:41:05] Fixed 2 duplicate /gene - apxIB_1 apxIB_2
[12:41:05] Fixed 2 duplicate /gene - rlmB_1 rlmB_2
[12:41:05] Fixed 2 duplicate /gene - maeB_1 maeB_2
[12:41:05] Fixed 2 duplicate /gene - nuoB_1 nuoB_2
[12:41:05] Fixed 2 duplicate /gene - rspR_1 rspR_2
[12:41:05] Fixed 2 duplicate /gene - murD_1 murD_2
[12:41:05] Fixed 2 duplicate /gene - nirM_1 nirM_2
[12:41:05] Fixed 2 duplicate /gene - ftsW_1 ftsW_2
[12:41:05] Fixed 2 duplicate /gene - prsD_1 prsD_2
[12:41:05] Fixed 2 duplicate /gene - ureD_1 ureD_2
[12:41:05] Fixed 3 duplicate /gene - thiE_1 thiE_2 thiE_3
[12:41:05] Fixed 2 duplicate /gene - rfbF_1 rfbF_2
[12:41:05] Fixed 2 duplicate /gene - oprM_1 oprM_2
[12:41:05] Fixed 2 duplicate /gene - mdtB_1 mdtB_2
[12:41:05] Fixed 2 duplicate /gene - pstB_1 pstB_2
[12:41:05] Fixed 2 duplicate /gene - secA_1 secA_2
[12:41:05] Fixed 2 duplicate /gene - pncB2_1 pncB2_2
[12:41:05] Fixed 2 duplicate /gene - selU_1 selU_2
[12:41:05] Fixed 2 duplicate /gene - lcfB_1 lcfB_2
[12:41:05] Fixed 2 duplicate /gene - hmp_1 hmp_2
[12:41:05] Fixed 2 duplicate /gene - acs_1 acs_2
[12:41:05] Fixed 3 duplicate /gene - cysT_1 cysT_2 cysT_3
[12:41:05] Fixed 2 duplicate /gene - tolQ_1 tolQ_2
[12:41:05] Fixed 2 duplicate /gene - bigR_1 bigR_2
[12:41:05] Fixed 2 duplicate /gene - relA_1 relA_2
[12:41:05] Fixed 2 duplicate /gene - yibF_1 yibF_2
[12:41:05] Fixed 2 duplicate /gene - fabF_1 fabF_2
[12:41:05] Fixed 2 duplicate /gene - fmt_1 fmt_2
[12:41:05] Fixed 2 duplicate /gene - petC_1 petC_2
[12:41:05] Fixed 2 duplicate /gene - apaH_1 apaH_2
[12:41:05] Fixed 3 duplicate /gene - yknY_1 yknY_2 yknY_3
[12:41:05] Fixed 2 duplicate /gene - crt_1 crt_2
[12:41:05] Fixed 2 duplicate /gene - yceI_1 yceI_2
[12:41:05] Fixed 3 duplicate /gene - cysA_1 cysA_2 cysA_3
[12:41:05] Fixed 3 duplicate /gene - hscA_1 hscA_2 hscA_3
[12:41:05] Fixed 3 duplicate /gene - intA_1 intA_2 intA_3
[12:41:05] Fixed 20 duplicate /gene - rcsC_1 rcsC_2 rcsC_3 rcsC_4 rcsC_5 rcsC_6 rcsC_7 rcsC_8 rcsC_9 rcsC_10 rcsC_11 rcsC_12 rcsC_13 rcsC_14 rcsC_15 rcsC_16 rcsC_17 rcsC_18 rcsC_19 rcsC_20
[12:41:05] Fixed 4 duplicate /gene - prpC_1 prpC_2 prpC_3 prpC_4
[12:41:05] Fixed 2 duplicate /gene - norW_1 norW_2
[12:41:05] Fixed 5 duplicate /gene - actP_1 actP_2 actP_3 actP_4 actP_5
[12:41:05] Fixed 2 duplicate /gene - mraZ_1 mraZ_2
[12:41:05] Fixed 2 duplicate /gene - trpD_1 trpD_2
[12:41:05] Fixed 3 duplicate /gene - acpP_1 acpP_2 acpP_3
[12:41:05] Fixed 2 duplicate /gene - braC_1 braC_2
[12:41:05] Fixed 3 duplicate /gene - kup_1 kup_2 kup_3
[12:41:05] Fixed 3 duplicate /gene - guaB_1 guaB_2 guaB_3
[12:41:05] Fixed 3 duplicate /gene - mdtA_1 mdtA_2 mdtA_3
[12:41:05] Fixed 3 duplicate /gene - kefC_1 kefC_2 kefC_3
[12:41:05] Fixed 2 duplicate /gene - ydiK_1 ydiK_2
[12:41:05] Fixed 2 duplicate /gene - phnE_1 phnE_2
[12:41:05] Fixed 2 duplicate /gene - rsxC_1 rsxC_2
[12:41:05] Fixed 2 duplicate /gene - ecfA3_1 ecfA3_2
[12:41:05] Fixed 2 duplicate /gene - penA_1 penA_2
[12:41:05] Fixed 3 duplicate /gene - fieF_1 fieF_2 fieF_3
[12:41:05] Fixed 2 duplicate /gene - rsmI_1 rsmI_2
[12:41:05] Fixed 4 duplicate /gene - vapC_1 vapC_2 vapC_3 vapC_4
[12:41:05] Fixed 3 duplicate /gene - yjcH_1 yjcH_2 yjcH_3
[12:41:05] Fixed 2 duplicate /gene - lutA_1 lutA_2
[12:41:05] Fixed 2 duplicate /gene - xerD_1 xerD_2
[12:41:05] Fixed 3 duplicate /gene - trmB_1 trmB_2 trmB_3
[12:41:05] Fixed 3 duplicate /gene - rnfE_1 rnfE_2 rnfE_3
[12:41:05] Fixed 2 duplicate /gene - nifK_1 nifK_2
[12:41:05] Fixed 2 duplicate /gene - ctaB_1 ctaB_2
[12:41:05] Fixed 2 duplicate /gene - tesA_1 tesA_2
[12:41:05] Fixed 2 duplicate /gene - flhB_1 flhB_2
[12:41:05] Fixed 3 duplicate /gene - mmgC_1 mmgC_2 mmgC_3
[12:41:05] Fixed 2 duplicate /gene - yfkJ_1 yfkJ_2
[12:41:05] Fixed 4 duplicate /gene - livH_1 livH_2 livH_3 livH_4
[12:41:05] Fixed 2 duplicate /gene - cheV_1 cheV_2
[12:41:05] Fixed 2 duplicate /gene - glnM_1 glnM_2
[12:41:05] Fixed 3 duplicate /gene - trkH_1 trkH_2 trkH_3
[12:41:05] Fixed 3 duplicate /gene - glxR_1 glxR_2 glxR_3
[12:41:05] Fixed 2 duplicate /gene - fabG_1 fabG_2
[12:41:05] Fixed 4 duplicate /gene - exbD_1 exbD_2 exbD_3 exbD_4
[12:41:05] Fixed 2 duplicate /gene - bcp_1 bcp_2
[12:41:05] Fixed 4 duplicate /gene - lptB_1 lptB_2 lptB_3 lptB_4
[12:41:05] Fixed 2 duplicate /gene - cphA_1 cphA_2
[12:41:05] Fixed 2 duplicate /gene - cusA_1 cusA_2
[12:41:05] Fixed 2 duplicate /gene - murG_1 murG_2
[12:41:05] Fixed 3 duplicate /gene - fixL_1 fixL_2 fixL_3
[12:41:05] Fixed 2 duplicate /gene - purA_1 purA_2
[12:41:05] Fixed 2 duplicate /gene - rsxD_1 rsxD_2
[12:41:05] Fixed 2 duplicate /gene - iolG_1 iolG_2
[12:41:05] Fixed 2 duplicate /gene - fdx_1 fdx_2
[12:41:05] Fixed 3 duplicate /gene - asnB_1 asnB_2 asnB_3
[12:41:05] Fixed 2 duplicate /gene - kdpE_1 kdpE_2
[12:41:05] Fixed 2 duplicate /gene - nifA_1 nifA_2
[12:41:05] Fixed 2 duplicate /gene - mrcA_1 mrcA_2
[12:41:05] Fixed 5 duplicate /gene - gltI_1 gltI_2 gltI_3 gltI_4 gltI_5
[12:41:05] Fixed 6 duplicate /gene - atoC_1 atoC_2 atoC_3 atoC_4 atoC_5 atoC_6
[12:41:05] Fixed 2 duplicate /gene - rhtB_1 rhtB_2
[12:41:05] Fixed 2 duplicate /gene - btuF_1 btuF_2
[12:41:05] Fixed 2 duplicate /gene - parA_1 parA_2
[12:41:05] Fixed 2 duplicate /gene - nirS_1 nirS_2
[12:41:05] Fixed 2 duplicate /gene - fadH_1 fadH_2
[12:41:05] Fixed 19 duplicate /gene - sasA_1 sasA_2 sasA_3 sasA_4 sasA_5 sasA_6 sasA_7 sasA_8 sasA_9 sasA_10 sasA_11 sasA_12 sasA_13 sasA_14 sasA_15 sasA_16 sasA_17 sasA_18 sasA_19
[12:41:05] Fixed 2 duplicate /gene - ydjP_1 ydjP_2
[12:41:05] Fixed 5 duplicate /gene - cheY_1 cheY_2 cheY_3 cheY_4 cheY_5
[12:41:05] Fixed 2 duplicate /gene - cysL_1 cysL_2
[12:41:05] Fixed 2 duplicate /gene - tdiR_1 tdiR_2
[12:41:05] Fixed 2 duplicate /gene - creD_1 creD_2
[12:41:05] Fixed 2 duplicate /gene - resA_1 resA_2
[12:41:05] Fixed 2 duplicate /gene - cbiG_1 cbiG_2
[12:41:05] Fixed 3 duplicate /gene - menH_1 menH_2 menH_3
[12:41:05] Fixed 2 duplicate /gene - trpB_1 trpB_2
[12:41:05] Fixed 2 duplicate /gene - rpoE_1 rpoE_2
[12:41:05] Fixed 2 duplicate /gene - colD_1 colD_2
[12:41:05] Fixed 2 duplicate /gene - pyrR_1 pyrR_2
[12:41:05] Fixed 2 duplicate /gene - lrp_1 lrp_2
[12:41:05] Fixed 2 duplicate /gene - rnfG_1 rnfG_2
[12:41:05] Fixed 2 duplicate /gene - pgk/tpi_1 pgk/tpi_2
[12:41:05] Fixed 2 duplicate /gene - clsA_1 clsA_2
[12:41:05] Fixed 5 duplicate /gene - ubiG_1 ubiG_2 ubiG_3 ubiG_4 ubiG_5
[12:41:05] Fixed 2 duplicate /gene - atoS_1 atoS_2
[12:41:05] Fixed 2 duplicate /gene - rsmB_1 rsmB_2
[12:41:05] Fixed 3 duplicate /gene - copA_1 copA_2 copA_3
[12:41:05] Fixed 3 duplicate /gene - rnfH_1 rnfH_2 rnfH_3
[12:41:05] Fixed 2 duplicate /gene - nemA_1 nemA_2
[12:41:05] Fixed 3 duplicate /gene - rhlE_1 rhlE_2 rhlE_3
[12:41:05] Fixed 2 duplicate /gene - malT_1 malT_2
[12:41:05] Fixed 3 duplicate /gene - pcm_1 pcm_2 pcm_3
[12:41:05] Fixed 4 duplicate /gene - surA_1 surA_2 surA_3 surA_4
[12:41:05] Fixed 2 duplicate /gene - cheA_1 cheA_2
[12:41:05] Fixed 2 duplicate /gene - qseC_1 qseC_2
[12:41:05] Fixed 2 duplicate /gene - ndhB_1 ndhB_2
[12:41:05] Fixed 2 duplicate /gene - qseB_1 qseB_2
[12:41:05] Fixed 2 duplicate /gene - rsmH_1 rsmH_2
[12:41:05] Fixed 2 duplicate /gene - galE_1 galE_2
[12:41:05] Fixed 2 duplicate /gene - phoU_1 phoU_2
[12:41:05] Fixed 3 duplicate /gene - dnaJ_1 dnaJ_2 dnaJ_3
[12:41:05] Fixed 2 duplicate /gene - leuB_1 leuB_2
[12:41:05] Fixed 4 duplicate /gene - pstS_1 pstS_2 pstS_3 pstS_4
[12:41:05] Fixed 4 duplicate /gene - livF_1 livF_2 livF_3 livF_4
[12:41:05] Fixed 2 duplicate /gene - fabI_1 fabI_2
[12:41:05] Fixed 3 duplicate /gene - speE_1 speE_2 speE_3
[12:41:05] Fixed 2 duplicate /gene - malP_1 malP_2
[12:41:05] Fixed 2 duplicate /gene - cysW_1 cysW_2
[12:41:05] Fixed 3 duplicate /gene - amiC_1 amiC_2 amiC_3
[12:41:05] Fixed 3 duplicate /gene - nuoM_1 nuoM_2 nuoM_3
[12:41:05] Fixed 3 duplicate /gene - ftsA_1 ftsA_2 ftsA_3
[12:41:05] Fixed 2 duplicate /gene - eno_1 eno_2
[12:41:05] Fixed 4 duplicate /gene - macB_1 macB_2 macB_3 macB_4
[12:41:05] Fixed 2 duplicate /gene - glnQ_1 glnQ_2
[12:41:05] Fixed 2 duplicate /gene - kdpD_1 kdpD_2
[12:41:05] Fixed 2 duplicate /gene - fbp_1 fbp_2
[12:41:05] Fixed 2 duplicate /gene - uvrY_1 uvrY_2
[12:41:05] Fixed 14 duplicate /gene - egtB_1 egtB_2 egtB_3 egtB_4 egtB_5 egtB_6 egtB_7 egtB_8 egtB_9 egtB_10 egtB_11 egtB_12 egtB_13 egtB_14
[12:41:05] Fixed 2 duplicate /gene - gltA_1 gltA_2
[12:41:05] Fixed 4 duplicate /gene - czcA_1 czcA_2 czcA_3 czcA_4
[12:41:05] Fixed 2 duplicate /gene - napA_1 napA_2
[12:41:05] Fixed 5 duplicate /gene - rapA_1 rapA_2 rapA_3 rapA_4 rapA_5
[12:41:05] Fixed 2 duplicate /gene - envZ_1 envZ_2
[12:41:05] Fixed 2 duplicate /gene - clpX_1 clpX_2
[12:41:05] Fixed 10 duplicate /gene - pknD_1 pknD_2 pknD_3 pknD_4 pknD_5 pknD_6 pknD_7 pknD_8 pknD_9 pknD_10
[12:41:05] Fixed 2 duplicate /gene - potA_1 potA_2
[12:41:05] Fixed 3 duplicate /gene - leuA_1 leuA_2 leuA_3
[12:41:05] Fixed 3 duplicate /gene - polC_1 polC_2 polC_3
[12:41:05] Fixed 2 duplicate /gene - mtgA_1 mtgA_2
[12:41:05] Fixed 2 duplicate /gene - yadG_1 yadG_2
[12:41:05] Fixed 2 duplicate /gene - murC_1 murC_2
[12:41:05] Fixed 2 duplicate /gene - rfaF_1 rfaF_2
[12:41:05] Fixed 2 duplicate /gene - sbp_1 sbp_2
[12:41:05] Fixed 2 duplicate /gene - mcp4_1 mcp4_2
[12:41:05] Fixed 2 duplicate /gene - dusC_1 dusC_2
[12:41:05] Fixed 2 duplicate /gene - fadN_1 fadN_2
[12:41:05] Fixed 3 duplicate /gene - clsB_1 clsB_2 clsB_3
[12:41:05] Fixed 2 duplicate /gene - hemN_1 hemN_2
[12:41:05] Fixed 2 duplicate /gene - suhB_1 suhB_2
[12:41:05] Fixed 2 duplicate /gene - artM_1 artM_2
[12:41:05] Fixed 3 duplicate /gene - cobB_1 cobB_2 cobB_3
[12:41:05] Fixed 2 duplicate /gene - sfrB_1 sfrB_2
[12:41:05] Fixed 2 duplicate /gene - fadA_1 fadA_2
[12:41:05] Fixed 2 duplicate /gene - gloB_1 gloB_2
[12:41:05] Fixed 3 duplicate /gene - gcvA_1 gcvA_2 gcvA_3
[12:41:05] Fixed 2 duplicate /gene - murF_1 murF_2
[12:41:05] Fixed 2 duplicate /gene - wbgU_1 wbgU_2
[12:41:05] Fixed 2 duplicate /gene - ruvB_1 ruvB_2
[12:41:05] Fixed 2 duplicate /gene - phaC_1 phaC_2
[12:41:05] Fixed 2 duplicate /gene - cbiM_1 cbiM_2
[12:41:05] Fixed 3 duplicate /gene - scpA_1 scpA_2 scpA_3
[12:41:05] Fixed 2 duplicate /gene - glnD_1 glnD_2
[12:41:05] Fixed 5 duplicate /gene - acsA_1 acsA_2 acsA_3 acsA_4 acsA_5
[12:41:05] Fixed 4 duplicate /gene - dnaK_1 dnaK_2 dnaK_3 dnaK_4
[12:41:05] Fixed 2 duplicate /gene - bepE_1 bepE_2
[12:41:05] Fixed 2 duplicate /gene - bfrD_1 bfrD_2
[12:41:05] Fixed 2 duplicate /gene - bioC_1 bioC_2
[12:41:05] Fixed 2 duplicate /gene - tolC_1 tolC_2
[12:41:05] Fixed 2 duplicate /gene - lapB_1 lapB_2
[12:41:05] Fixed 5 duplicate /gene - hisC_1 hisC_2 hisC_3 hisC_4 hisC_5
[12:41:05] Fixed 4 duplicate /gene - ftsH_1 ftsH_2 ftsH_3 ftsH_4
[12:41:05] Fixed 2 duplicate /gene - lpxL_1 lpxL_2
[12:41:05] Fixed 2 duplicate /gene - cas1_1 cas1_2
[12:41:05] Fixed 2 duplicate /gene - motB_1 motB_2
[12:41:05] Fixed 2 duplicate /gene - rbn_1 rbn_2
[12:41:05] Fixed 2 duplicate /gene - msrB_1 msrB_2
[12:41:05] Fixed 2 duplicate /gene - ppa_1 ppa_2
[12:41:05] Fixed 2 duplicate /gene - cmpR_1 cmpR_2
[12:41:05] Fixed 2 duplicate /gene - ligA_1 ligA_2
[12:41:05] Fixed 3 duplicate /gene - echA8_1 echA8_2 echA8_3
[12:41:05] Fixed 2 duplicate /gene - lolD_1 lolD_2
[12:41:05] Fixed 2 duplicate /gene - mfd_1 mfd_2
[12:41:05] Fixed 2 duplicate /gene - mraY_1 mraY_2
[12:41:05] Fixed 2 duplicate /gene - pat_1 pat_2
[12:41:05] Fixed 2 duplicate /gene - petB_1 petB_2
[12:41:05] Fixed 2 duplicate /gene - tsaE_1 tsaE_2
[12:41:05] Fixed 3 duplicate /gene - smtB_1 smtB_2 smtB_3
[12:41:05] Fixed 2 duplicate /gene - hipA_1 hipA_2
[12:41:05] Fixed 2 duplicate /gene - rpsU_1 rpsU_2
[12:41:05] Fixed 2 duplicate /gene - acuI_1 acuI_2
[12:41:05] Fixed 2 duplicate /gene - sucD_1 sucD_2
[12:41:05] Fixed 2 duplicate /gene - rfbD_1 rfbD_2
[12:41:05] Fixed 2 duplicate /gene - glgC_1 glgC_2
[12:41:05] Fixed 2 duplicate /gene - gdh_1 gdh_2
[12:41:05] Fixed 2 duplicate /gene - alaS_1 alaS_2
[12:41:05] Fixed 4 duplicate /gene - epsF_1 epsF_2 epsF_3 epsF_4
[12:41:05] Fixed 2 duplicate /gene - fbaA_1 fbaA_2
[12:41:05] Fixed 3 duplicate /gene - dmdB_1 dmdB_2 dmdB_3
[12:41:05] Fixed 2 duplicate /gene - iscS_1 iscS_2
[12:41:05] Fixed 2 duplicate /gene - murE_1 murE_2
[12:41:05] Fixed 5 duplicate /gene - xerC_1 xerC_2 xerC_3 xerC_4 xerC_5
[12:41:05] Fixed 2 duplicate /gene - ddl_1 ddl_2
[12:41:05] Fixed 2 duplicate /gene - petJ_1 petJ_2
[12:41:05] Fixed 4 duplicate /gene - cheW_1 cheW_2 cheW_3 cheW_4
[12:41:05] Fixed 2 duplicate /gene - ftsL_1 ftsL_2
[12:41:05] Fixed 2 duplicate /gene - ampD_1 ampD_2
[12:41:05] Fixed 6 duplicate /gene - mshA_1 mshA_2 mshA_3 mshA_4 mshA_5 mshA_6
[12:41:05] Fixed 2 duplicate /gene - nifS_1 nifS_2
[12:41:05] Fixed 2 duplicate /gene - neuB_1 neuB_2
[12:41:05] Fixed 2 duplicate /gene - atpH_1 atpH_2
[12:41:05] Fixed 4 duplicate /gene - glgX_1 glgX_2 glgX_3 glgX_4
[12:41:05] Fixed 2 duplicate /gene - nudC_1 nudC_2
[12:41:05] Fixed 2 duplicate /gene - modA_1 modA_2
[12:41:05] Fixed 2 duplicate /gene - ftsQ_1 ftsQ_2
[12:41:05] Fixed 2 duplicate /gene - tobZ_1 tobZ_2
[12:41:05] Fixed 2 duplicate /gene - ompR_1 ompR_2
[12:41:05] Fixed 3 duplicate /gene - cas2_1 cas2_2 cas2_3
[12:41:05] Fixed 2 duplicate /gene - ubiB_1 ubiB_2
[12:41:05] Fixed 2 duplicate /gene - dksA_1 dksA_2
[12:41:05] Fixed 4 duplicate /gene - htpX_1 htpX_2 htpX_3 htpX_4
[12:41:05] Fixed 2 duplicate /gene - topB_1 topB_2
[12:41:05] Fixed 275 colliding /gene names.
[12:41:05] Adding /locus_tag identifiers
[12:41:06] Assigned 4877 locus_tags to CDS and RNA features.
[12:41:06] Writing outputs to 2767802455/
[12:41:09] Generating annotation statistics file
[12:41:09] Generating Genbank and Sequin files
[12:41:09] Running: tbl2asn -V b -a r10k -l paired-ends -M n -N 1 -y 'Annotated using prokka 1.13.3 from https://github.com/tseemann/prokka' -Z 2767802455\/2767802455\.err -i 2767802455\/2767802455\.fsa 2> /dev/null
[12:41:25] Could not run command: tbl2asn -V b -a r10k -l paired-ends -M n -N 1 -y 'Annotated using prokka 1.13.3 from https://github.com/tseemann/prokka' -Z 2767802455\/2767802455\.err -i 2767802455\/2767802455\.fsa 2> /dev/null
