[16:13:20] This is prokka 1.13
[16:13:20] Written by Torsten Seemann <torsten.seemann@gmail.com>
[16:13:20] Homepage is https://github.com/tseemann/prokka
[16:13:20] Local time is Wed Apr  1 16:13:20 2020
[16:13:20] You are emcdaniel
[16:13:20] Operating system is darwin
[16:13:20] You have BioPerl 1.006924
[16:13:21] System has 4 cores.
[16:13:21] Will use maximum of 1 cores.
[16:13:21] Annotating as >>> Bacteria <<<
[16:13:21] Generating locus_tag from '644736333.fna' contents.
[16:13:21] Setting --locustag MCBBHCNB from MD5 6cbb1c7b99a8fb0275eba33116822fc6
[16:13:21] Enabling options to ensure Genbank/ENA/DDJB submission compliance.
[16:13:21] Creating new output folder: 644736333
[16:13:21] Running: mkdir -p 644736333
[16:13:21] Using filename prefix: 644736333.XXX
[16:13:21] Setting HMMER_NCPU=1
[16:13:21] Writing log to: 644736333/644736333.log
[16:13:21] Command: /Users/emcdaniel/anaconda3/bin/prokka --outdir 644736333 --prefix 644736333 --cpus 1 644736333.fna --centre X --compliant
[16:13:21] Appending to PATH: /Users/emcdaniel/anaconda3/bin
[16:13:21] Looking for 'aragorn' - found /Users/emcdaniel/anaconda3/bin/aragorn
[16:13:21] Determined aragorn version is 1.2
[16:13:21] Looking for 'barrnap' - found /Users/emcdaniel/anaconda3/bin/barrnap
[16:13:21] Determined barrnap version is 0.9
[16:13:21] Looking for 'blastp' - found /Users/emcdaniel/anaconda3/bin/blastp
[16:13:21] Determined blastp version is 2.9
[16:13:21] Looking for 'cmpress' - found /Users/emcdaniel/anaconda3/bin/cmpress
[16:13:21] Determined cmpress version is 1.1
[16:13:21] Looking for 'cmscan' - found /Users/emcdaniel/anaconda3/bin/cmscan
[16:13:21] Determined cmscan version is 1.1
[16:13:21] Looking for 'egrep' - found /usr/bin/egrep
[16:13:21] Looking for 'find' - found /usr/bin/find
[16:13:21] Looking for 'grep' - found /usr/bin/grep
[16:13:21] Looking for 'hmmpress' - found /Users/emcdaniel/anaconda3/bin/hmmpress
[16:13:21] Determined hmmpress version is 3.3
[16:13:21] Looking for 'hmmscan' - found /Users/emcdaniel/anaconda3/bin/hmmscan
[16:13:21] Determined hmmscan version is 3.3
[16:13:21] Looking for 'java' - found /Users/emcdaniel/anaconda3/bin/java
[16:13:21] Looking for 'less' - found /usr/bin/less
[16:13:21] Looking for 'makeblastdb' - found /Users/emcdaniel/anaconda3/bin/makeblastdb
[16:13:21] Determined makeblastdb version is 2.9
[16:13:21] Looking for 'minced' - found /Users/emcdaniel/anaconda3/bin/minced
[16:13:21] Determined minced version is 4.2
[16:13:21] Looking for 'parallel' - found /Users/emcdaniel/anaconda3/bin/parallel
[16:13:22] Determined parallel version is 20170422
[16:13:22] Looking for 'prodigal' - found /Users/emcdaniel/anaconda3/bin/prodigal
[16:13:22] Determined prodigal version is 2.6
[16:13:22] Looking for 'prokka-genbank_to_fasta_db' - found /Users/emcdaniel/anaconda3/bin/prokka-genbank_to_fasta_db
[16:13:22] Looking for 'sed' - found /usr/bin/sed
[16:13:22] Looking for 'tbl2asn' - found /Users/emcdaniel/anaconda3/bin/tbl2asn
[16:13:22] Determined tbl2asn version is 25.7
[16:13:22] Using genetic code table 11.
[16:13:22] Loading and checking input file: 644736333.fna
[16:13:22] Wrote 4 contigs totalling 5306133 bp.
[16:13:22] Predicting tRNAs and tmRNAs
[16:13:22] Running: aragorn -l -gc11  -w 644736333\/644736333\.fna
[16:13:26] 1 tRNA-Ala [22372,22447] 34 (ggc)
[16:13:26] 2 tRNA-Glu [22473,22548] 35 (ttc)
[16:13:26] 3 tRNA-Ala [151551,151626] 34 (cgc)
[16:13:26] 4 tRNA-Thr c[252477,252550] 33 (tgt)
[16:13:26] 5 tRNA-Phe [283938,284013] 34 (gaa)
[16:13:26] 6 tRNA-Met c[648278,648354] 35 (cat)
[16:13:26] 7 tRNA-Val [727411,727485] 33 (cac)
[16:13:26] 8 tRNA-Lys c[866005,866080] 34 (ctt)
[16:13:26] 9 tRNA-Lys c[866133,866208] 34 (ttt)
[16:13:26] 10 tRNA-Pro [886543,886619] 35 (cgg)
[16:13:26] 11 tRNA-Ser c[1024100,1024187] 35 (tga)
[16:13:26] 12 tRNA-Ala c[1114409,1114484] 34 (ggc)
[16:13:26] 13 tRNA-Pro [1390264,1390340] 35 (ggg)
[16:13:26] 14 tRNA-Gly [1433127,1433200] 33 (ccc)
[16:13:26] 15 tRNA-Gly [1768549,1768624] 34 (gcc)
[16:13:26] 16 tRNA-Cys [1768688,1768761] 33 (gca)
[16:13:26] 17 tRNA-Leu [2106087,2106171] 35 (tag)
[16:13:26] 18 tRNA-Gly [2148202,2148277] 34 (gcc)
[16:13:26] 19 tRNA-Leu [2148350,2148434] 35 (taa)
[16:13:26] 20 tRNA-Val [2591406,2591481] 34 (tac)
[16:13:26] 21 tRNA-Asp [2591514,2591590] 35 (gtc)
[16:13:26] 22 tRNA-Met [2600193,2600269] 35 (cat)
[16:13:26] 23 tRNA-Ile [2602029,2602105] 35 (gat)
[16:13:26] 24 tRNA-Ala [2602185,2602260] 34 (tgc)
[16:13:26] 25 tRNA-Val c[2620218,2620294] 35 (gac)
[16:13:26] 26 tRNA-His c[2667364,2667439] 34 (gtg)
[16:13:26] 27 tRNA-Arg c[2667448,2667524] 35 (tct)
[16:13:26] 28 tRNA-Pro c[2667585,2667661] 35 (tgg)
[16:13:26] 29 tRNA-Asn [2676814,2676889] 34 (gtt)
[16:13:26] 30 tRNA-Arg c[2812417,2812489] 34 (cct)
[16:13:26] 31 tRNA-Leu c[2867343,2867429] 35 (caa)
[16:13:26] 32 tRNA-Gln [3163008,3163084] 35 (ttg)
[16:13:26] 33 tmRNA* c[3247541,3247846] 183,215 ANDERFALAA*
[16:13:26] 34 tRNA-Ala c[3261965,3262058] 36 (tgc)
[16:13:26] 35 tRNA-Ser c[3307438,3307528] 35 (gga)
[16:13:26] 36 tRNA-Asp [3502805,3502881] 35 (gtc)
[16:13:26] 37 tRNA-Ser c[3602126,3602215] 35 (cga)
[16:13:26] 38 tRNA-Thr c[3630096,3630171] 34 (cgt)
[16:13:26] 39 tRNA-Trp c[4020401,4020476] 34 (cca)
[16:13:26] 40 tRNA-Thr c[4021776,4021850] 33 (ggt)
[16:13:26] 41 tRNA-Gly c[4021890,4021963] 33 (tcc)
[16:13:26] 42 tRNA-Tyr c[4022014,4022098] 35 (gta)
[16:13:26] 43 tRNA-Arg [4155093,4155169] 35 (acg)
[16:13:26] 44 tRNA-Leu c[4326874,4326958] 35 (gag)
[16:13:26] 45 tRNA-Leu [4478675,4478761] 35 (cag)
[16:13:26] 46 tRNA-Ala c[4569416,4569491] 34 (tgc)
[16:13:26] 47 tRNA-Ile c[4569571,4569647] 35 (gat)
[16:13:26] 48 tRNA-Glu c[4672620,4672695] 35 (ttc)
[16:13:26] 49 tRNA-Ala c[4672723,4672798] 34 (ggc)
[16:13:26] 50 tRNA-Ser [4675041,4675134] 35 (gct)
[16:13:26] 51 tRNA-Arg [4899088,4899164] 35 (ccg)
[16:13:26] Found 51 tRNAs
[16:13:26] Predicting Ribosomal RNAs
[16:13:26] Running Barrnap with 1 threads
[16:13:31] 1 gnl|X|MCBBHCNB_4 2600433 16S ribosomal RNA
[16:13:31] 2 gnl|X|MCBBHCNB_4 2602485 23S ribosomal RNA
[16:13:31] 3 gnl|X|MCBBHCNB_4 4566308 23S ribosomal RNA
[16:13:31] 4 gnl|X|MCBBHCNB_4 4569710 16S ribosomal RNA
[16:13:31] Found 4 rRNAs
[16:13:31] Skipping ncRNA search, enable with --rfam if desired.
[16:13:31] Total of 54 tRNA + rRNA features
[16:13:31] Searching for CRISPR repeats
[16:13:31] Found 0 CRISPRs
[16:13:31] Predicting coding sequences
[16:13:31] Contigs total 5306133 bp, so using single mode
[16:13:31] Running: prodigal -i 644736333\/644736333\.fna -c -m -g 11 -p single -f sco -q
[16:13:46] Excluding CDS which overlaps existing RNA (tRNA) at gnl|X|MCBBHCNB_4:151205..151558 on - strand
[16:13:47] Excluding CDS which overlaps existing RNA (tRNA) at gnl|X|MCBBHCNB_4:1114170..1114832 on + strand
[16:13:47] Excluding CDS which overlaps existing RNA (tRNA) at gnl|X|MCBBHCNB_4:1433152..1433787 on - strand
[16:13:48] Excluding CDS which overlaps existing RNA (tRNA) at gnl|X|MCBBHCNB_4:2105757..2106371 on + strand
[16:13:49] Excluding CDS which overlaps existing RNA (tRNA) at gnl|X|MCBBHCNB_4:3261227..3262522 on - strand
[16:13:49] Excluding CDS which overlaps existing RNA (tRNA) at gnl|X|MCBBHCNB_4:3502781..3503071 on - strand
[16:13:50] Excluding CDS which overlaps existing RNA (tRNA) at gnl|X|MCBBHCNB_4:4673761..4675041 on + strand
[16:13:50] Found 4706 CDS
[16:13:50] Connecting features back to sequences
[16:13:50] Not using genus-specific database. Try --usegenus to enable it.
[16:13:50] Annotating CDS, please be patient.
[16:13:50] Will use 1 CPUs for similarity searching.
[16:13:57] There are still 4706 unannotated CDS left (started with 4706)
[16:13:57] Will use blast to search against /Users/emcdaniel/anaconda3/bin/../db/kingdom/Bacteria/sprot with 1 CPUs
[16:13:57] Running: cat 644736333\/sprot\.faa | parallel --gnu --plain -j 1 --block 800218 --recstart '>' --pipe blastp -query - -db /Users/emcdaniel/anaconda3/bin/../db/kingdom/Bacteria/sprot -evalue 1e-06 -num_threads 1 -num_descriptions 1 -num_alignments 1 -seg no > 644736333\/sprot\.blast 2> /dev/null
[16:20:29] Modify product: Probable cadmium-transporting ATPase => putative cadmium-transporting ATPase
[16:20:29] Modify product: Uncharacterized protein Rv1954A => putative proteinA
[16:20:29] Modify product: Probable cadmium-transporting ATPase => putative cadmium-transporting ATPase
[16:20:29] Modify product: Probable N-glycosylase/DNA lyase => putative N-glycosylase/DNA lyase
[16:20:29] Modify product: Probable chromosome-partitioning protein ParB => putative chromosome-partitioning protein ParB
[16:20:29] Modify product: UPF0060 membrane protein YnfA => hypothetical protein
[16:20:29] Modify product: Probable cadmium-transporting ATPase => putative cadmium-transporting ATPase
[16:20:29] Modify product: UPF0053 inner membrane protein YtfL => hypothetical protein
[16:20:29] Modify product: UPF0053 inner membrane protein YgdQ => hypothetical protein
[16:20:29] Modify product: Probable lipoprotein YiaD => putative lipoprotein YiaD
[16:20:29] Modify product: Protease HtpX homolog => Protease HtpX 
[16:20:29] Modify product: Probable sulfoacetate transporter SauU => putative sulfoacetate transporter SauU
[16:20:29] Modify product: Uncharacterized oxidoreductase YjhC => putative oxidoreductase YjhC
[16:20:29] Modify product: Probable cyclic di-GMP phosphodiesterase PdeB => putative cyclic di-GMP phosphodiesterase PdeB
[16:20:29] Modify product: Cyclic di-GMP phosphodiesterase TM_0186 => Cyclic di-GMP phosphodiesterase
[16:20:29] Modify product: Uncharacterized signaling protein PA1727 => putative signaling protein
[16:20:29] Modify product: UPF0056 inner membrane protein YhgN => hypothetical protein
[16:20:29] Modify product: UPF0719 inner membrane protein YjfL => hypothetical protein
[16:20:29] Modify product: Uncharacterized glycosyltransferase EpsJ => putative glycosyltransferase EpsJ
[16:20:29] Modify product: Uncharacterized FAD-linked oxidoreductase Rv2280 => putative FAD-linked oxidoreductase
[16:20:29] Modify product: Glycogen operon protein GlgX homolog => Glycogen operon protein GlgX 
[16:20:29] Modify product: Uncharacterized signaling protein PA1727 => putative signaling protein
[16:20:29] Modify product: Probable GTP-binding protein EngB => putative GTP-binding protein EngB
[16:20:29] Modify product: Uncharacterized oxidoreductase YdhV => putative oxidoreductase YdhV
[16:20:29] Modify product: Stringent starvation protein B homolog => Stringent starvation protein B 
[16:20:29] Modify product: Uncharacterized FAD-linked oxidoreductase Rv2280 => putative FAD-linked oxidoreductase
[16:20:29] Modify product: Probable lipoprotein YiaD => putative lipoprotein YiaD
[16:20:29] Modify product: Probable type I restriction enzyme BthVORF4518P M protein => putative type I restriction enzymeP M protein
[16:20:29] Modify product: Uncharacterized protein NMB0459 => putative protein
[16:20:29] Modify product: Probable lipid II flippase MurJ => putative lipid II flippase MurJ
[16:20:29] Modify product: UPF0098 protein YbhB => hypothetical protein
[16:20:29] Modify product: UPF0434 protein BB2007 => hypothetical protein
[16:20:29] Modify product: UPF0178 protein YaiI => hypothetical protein
[16:20:29] Modify product: Probable cation-transporting ATPase F => putative cation-transporting ATPase F
[16:20:29] Modify product: Uncharacterized protein YqeY => putative protein YqeY
[16:20:29] Modify product: Uncharacterized signaling protein CC_0091 => putative signaling protein
[16:20:29] Modify product: Uncharacterized HTH-type transcriptional regulator Rv1395 => putative HTH-type transcriptional regulator
[16:20:29] Modify product: Probable L-galactonate transporter => putative L-galactonate transporter
[16:20:29] Modify product: Uncharacterized protease YdcP => putative protease YdcP
[16:20:29] Modify product: Uncharacterized HTH-type transcriptional regulator YfiR => putative HTH-type transcriptional regulator YfiR
[16:20:29] Modify product: UPF0307 protein YjgA => hypothetical protein
[16:20:29] Modify product: Probable peptidoglycan glycosyltransferase FtsW => putative peptidoglycan glycosyltransferase FtsW
[16:20:29] Modify product: Probable peptidoglycan D,D-transpeptidase PenA => putative peptidoglycan D,D-transpeptidase PenA
[16:20:29] Modify product: UPF0102 protein RPA0323 => hypothetical protein
[16:20:29] Modify product: Probable glycerol-3-phosphate acyltransferase => putative glycerol-3-phosphate acyltransferase
[16:20:29] Modify product: UPF0299 membrane protein YohJ => hypothetical protein
[16:20:29] Modify product: Uncharacterized protein Rv0887c => putative protein
[16:20:29] Modify product: Thioredoxin-like protein slr0233 => Thioredoxin-like protein
[16:20:29] Modify product: Uncharacterized protein Rv2411c => putative protein
[16:20:29] Modify product: Uncharacterized ABC transporter ATP-binding protein YadG => putative ABC transporter ATP-binding protein YadG
[16:20:29] Modify product: Probable phospholipid-binding protein MlaC => putative phospholipid-binding protein MlaC
[16:20:29] Modify product: Probable phospholipid-binding lipoprotein MlaA => putative phospholipid-binding lipoprotein MlaA
[16:20:29] Modify product: Probable phospholipid ABC transporter-binding protein MlaD => putative phospholipid ABC transporter-binding protein MlaD
[16:20:30] Modify product: Probable phospholipid ABC transporter permease protein MlaE => putative phospholipid ABC transporter permease protein MlaE
[16:20:30] Modify product: Probable phospholipid import ATP-binding protein MlaF => putative phospholipid import ATP-binding protein MlaF
[16:20:30] Modify product: Uncharacterized protein YjiK => putative protein YjiK
[16:20:30] Modify product: Uncharacterized protein YqjD => putative protein YqjD
[16:20:30] Modify product: UPF0250 protein YbeD => hypothetical protein
[16:20:30] Modify product: Uncharacterized protein YqiC => putative protein YqiC
[16:20:30] Modify product: Probable sulfoacetate transporter SauU => putative sulfoacetate transporter SauU
[16:20:30] Modify product: Probable tRNA-dihydrouridine synthase => putative tRNA-dihydrouridine synthase
[16:20:30] Modify product: Uncharacterized protein NMB0459 => putative protein
[16:20:30] Modify product: Probable type I restriction enzyme BthVORF4518P M protein => putative type I restriction enzymeP M protein
[16:20:30] Modify product: Probable 4-deoxy-4-formamido-L-arabinose-phosphoundecaprenol deformylase ArnD => putative 4-deoxy-4-formamido-L-arabinose-phosphoundecaprenol deformylase ArnD
[16:20:30] Modify product: Uncharacterized protein Rv2569c => putative protein
[16:20:30] Modify product: Uncharacterized GTP-binding protein YjiA => putative GTP-binding protein YjiA
[16:20:30] Modify product: Uncharacterized metal-dependent hydrolase YjjV => putative metal-dependent hydrolase YjjV
[16:20:30] Modify product: Uncharacterized metal-dependent hydrolase YjjV => putative metal-dependent hydrolase YjjV
[16:20:30] Modify product: UPF0701 protein HI_0467 => hypothetical protein
[16:20:30] Modify product: Oxygen-independent coproporphyrinogen-III oxidase-like protein Rv2388c => Oxygen-independent coproporphyrinogen-III oxidase-like protein
[16:20:30] Modify product: Probable protein kinase UbiB => putative protein kinase UbiB
[16:20:30] Modify product: Uncharacterized oxidoreductase Rv0945 => putative oxidoreductase
[16:20:30] Modify product: Uncharacterized protease YhbU => putative protease YhbU
[16:20:30] Modify product: UPF0166 protein TM_0021 => hypothetical protein
[16:20:30] Modify product: UPF0053 protein HI_0107 => hypothetical protein
[16:20:30] Modify product: UPF0053 protein HI_0107 => hypothetical protein
[16:20:30] Modify product: Uncharacterized protein YbgK => putative protein YbgK
[16:20:30] Modify product: UPF0271 protein YbgL => hypothetical protein
[16:20:30] Modify product: Cyclic di-GMP phosphodiesterase PA4108 => Cyclic di-GMP phosphodiesterase
[16:20:30] Modify product: Uncharacterized oxidoreductase Rv1144 => putative oxidoreductase
[16:20:30] Modify product: Uncharacterized protein Rv2715 => putative protein
[16:20:30] Modify product: Probable phospholipid ABC transporter permease protein MlaE => putative phospholipid ABC transporter permease protein MlaE
[16:20:30] Modify product: Probable phospholipid import ATP-binding protein MlaF => putative phospholipid import ATP-binding protein MlaF
[16:20:30] Modify product: Probable enoyl-CoA hydratase echA8 => putative enoyl-CoA hydratase echA8
[16:20:30] Modify product: Probable diguanylate cyclase DgcC => putative diguanylate cyclase DgcC
[16:20:30] Modify product: Probable sulfate transporter Rv1739c => putative sulfate transporter
[16:20:30] Modify product: Probable glutamine ABC transporter permease protein GlnM => putative glutamine ABC transporter permease protein GlnM
[16:20:30] Modify product: Probable nicotinate-nucleotide adenylyltransferase => putative nicotinate-nucleotide adenylyltransferase
[16:20:30] Modify product: Uncharacterized protein NMB0459 => putative protein
[16:20:30] Modify product: Probable GTPase Rv1496 => putative GTPase
[16:20:30] Modify product: Probable enoyl-CoA hydratase echA8 => putative enoyl-CoA hydratase echA8
[16:20:30] Modify product: Probable 3-phenylpropionic acid transporter => putative 3-phenylpropionic acid transporter
[16:20:30] Modify product: UPF0056 inner membrane protein MarC => hypothetical protein
[16:20:30] Modify product: Probable sulfate transporter Rv1739c => putative sulfate transporter
[16:20:30] Modify product: Probable parvulin-type peptidyl-prolyl cis-trans isomerase => putative parvulin-type peptidyl-prolyl cis-trans isomerase
[16:20:30] Modify product: Uncharacterized NTE family protein Rv1063c => putative NTE family protein
[16:20:30] Modify product: Uncharacterized ABC transporter ATP-binding protein YxlF => putative ABC transporter ATP-binding protein YxlF
[16:20:30] Modify product: Uncharacterized protein Rv2008c => putative protein
[16:20:30] Modify product: Uncharacterized protein NMB0928 => putative protein
[16:20:31] Modify product: Putative universal stress protein SA1532 => Putative universal stress protein
[16:20:31] Modify product: Uncharacterized glycosyltransferase sll0501 => putative glycosyltransferase
[16:20:31] Modify product: Probable S-adenosylmethionine-dependent methyltransferase MSMEG_2350/MSMEI_2290 => putative S-adenosylmethionine-dependent methyltransferase/MSMEI_2290
[16:20:31] Modify product: Uncharacterized oxidoreductase Rv2073c => putative oxidoreductase
[16:20:31] Modify product: Uncharacterized signaling protein PA1727 => putative signaling protein
[16:20:31] Modify product: Probable cystine transporter YijE => putative cystine transporter YijE
[16:20:31] Modify product: Probable bifunctional transcriptional activator/DNA repair enzyme AlkA => putative bifunctional transcriptional activator/DNA repair enzyme AlkA
[16:20:31] Modify product: Uncharacterized protein YibN => putative protein YibN
[16:20:31] Modify product: Probable sulfate transporter Rv1739c => putative sulfate transporter
[16:20:31] Modify product: Uncharacterized protein Rv2232 => putative protein
[16:20:31] Modify product: Uncharacterized protein Rv0508 => putative protein
[16:20:31] Modify product: Protease HtpX homolog => Protease HtpX 
[16:20:31] Modify product: Glycogen operon protein GlgX homolog => Glycogen operon protein GlgX 
[16:20:31] Modify product: Uncharacterized signaling protein PA1727 => putative signaling protein
[16:20:31] Modify product: Probable alcohol dehydrogenase AdhA => putative alcohol dehydrogenase AdhA
[16:20:31] Modify product: Probable diguanylate cyclase DgcE => putative diguanylate cyclase DgcE
[16:20:31] Modify product: Uncharacterized ABC transporter ATP-binding protein YknY => putative ABC transporter ATP-binding protein YknY
[16:20:31] Modify product: Putative glutaredoxin Rv3198.1 => Putative glutaredoxin.1
[16:20:31] Modify product: Probable phosphite transport system-binding protein HtxB => putative phosphite transport system-binding protein HtxB
[16:20:31] Modify product: Uncharacterized protein Rv0647c => putative protein
[16:20:31] Modify product: Cytochrome b561 homolog 2 => Cytochrome b561 
[16:20:31] Modify product: Probable sulfate transporter Rv1739c => putative sulfate transporter
[16:20:31] Modify product: Phosphate-specific transport system accessory protein PhoU homolog => Phosphate-specific transport system accessory protein PhoU 
[16:20:31] Modify product: SCO1 protein homolog => SCO1 protein 
[16:20:31] Modify product: SCO1 protein homolog => SCO1 protein 
[16:20:31] Modify product: Virulence protein STM3117 => Virulence protein
[16:20:31] Modify product: Bifunctional protein FolD => Bifunctional protein FolD protein
[16:20:31] Modify product: Probable multidrug ABC transporter permease YbhR => putative multidrug ABC transporter permease YbhR
[16:20:31] Modify product: Probable malonic semialdehyde reductase RutE => putative malonic semialdehyde reductase RutE
[16:20:31] Modify product: Uncharacterized protein YgaU => putative protein YgaU
[16:20:31] Modify product: Probable acrylyl-CoA reductase AcuI => putative acrylyl-CoA reductase AcuI
[16:20:31] Modify product: UPF0125 protein RatB => hypothetical protein
[16:20:31] Modify product: Uncharacterized protein NMB1437 => putative protein
[16:20:31] Modify product: Uncharacterized protein Rv2307c => putative protein
[16:20:31] Modify product: Probable low molecular weight protein-tyrosine-phosphatase AmsI => putative low molecular weight protein-tyrosine-phosphatase AmsI
[16:20:31] Modify product: Uncharacterized ABC transporter ATP-binding protein YknY => putative ABC transporter ATP-binding protein YknY
[16:20:31] Modify product: Phosphate-specific transport system accessory protein PhoU homolog => Phosphate-specific transport system accessory protein PhoU 
[16:20:31] Modify product: Uncharacterized FAD-linked oxidoreductase Rv2280 => putative FAD-linked oxidoreductase
[16:20:31] Modify product: Uncharacterized FAD-linked oxidoreductase Rv2280 => putative FAD-linked oxidoreductase
[16:20:31] Modify product: Uncharacterized oxidoreductase YdgJ => putative oxidoreductase YdgJ
[16:20:31] Modify product: UPF0065 protein in clcB-clcD intergenic region => hypothetical protein
[16:20:31] Modify product: UPF0098 protein CT_736 => hypothetical protein
[16:20:31] Modify product: UPF0070 protein HI_0370 => hypothetical protein
[16:20:31] Modify product: Uncharacterized signaling protein PA1727 => putative signaling protein
[16:20:31] Modify product: Probable type I restriction enzyme BthVORF4518P M protein => putative type I restriction enzymeP M protein
[16:20:31] Modify product: UPF0056 inner membrane protein MarC => hypothetical protein
[16:20:31] Modify product: Uncharacterized signaling protein PA1727 => putative signaling protein
[16:20:31] Modify product: Leu/Ile/Val-binding protein homolog 3 => Leu/Ile/Val-binding protein 
[16:20:31] Modify product: Leu/Ile/Val-binding protein homolog 3 => Leu/Ile/Val-binding protein 
[16:20:31] Modify product: UPF0194 membrane protein YbhG => hypothetical protein
[16:20:31] Modify product: Uncharacterized protein MT2089 => putative protein
[16:20:31] Modify product: Cyclic di-GMP phosphodiesterase PA4108 => Cyclic di-GMP phosphodiesterase
[16:20:31] Modify product: Uncharacterized GMC-type oxidoreductase Rv0492c => putative GMC-type oxidoreductase
[16:20:32] Modify product: Uncharacterized protein HI_1048 => putative protein
[16:20:32] Modify product: UPF0073 inner membrane protein YqfA => hypothetical protein
[16:20:32] Modify product: Probable Ni/Fe-hydrogenase 2 b-type cytochrome subunit => putative Ni/Fe-hydrogenase 2 b-type cytochrome subunit
[16:20:32] Modify product: Probable Ni/Fe-hydrogenase 2 b-type cytochrome subunit => putative Ni/Fe-hydrogenase 2 b-type cytochrome subunit
[16:20:32] Modify product: Probable DNA endonuclease SmrA => putative DNA endonuclease SmrA
[16:20:32] Modify product: Uncharacterized signaling protein PA1727 => putative signaling protein
[16:20:32] Modify product: Leu/Ile/Val-binding protein homolog 3 => Leu/Ile/Val-binding protein 
[16:20:32] Modify product: Uncharacterized protein YisK => putative protein YisK
[16:20:32] Modify product: Probable iron export ATP-binding protein FetA => putative iron export ATP-binding protein FetA
[16:20:32] Modify product: Probable iron export permease protein FetB => putative iron export permease protein FetB
[16:20:32] Modify product: Probable sulfate transporter Rv1739c => putative sulfate transporter
[16:20:32] Modify product: Probable sulfate transporter Rv1739c => putative sulfate transporter
[16:20:32] Modify product: Putative esterase aq_1494 => Putative esterase
[16:20:32] Modify product: Probable sensor histidine kinase TcrY => putative sensor histidine kinase TcrY
[16:20:32] Modify product: Probable fructoselysine utilization operon transcriptional repressor => putative fructoselysine utilization operon transcriptional repressor
[16:20:32] Modify product: Cyclic di-GMP phosphodiesterase PA4108 => Cyclic di-GMP phosphodiesterase
[16:20:32] Modify product: Uncharacterized NTE family protein Rv1063c => putative NTE family protein
[16:20:32] Modify product: Uncharacterized metal-dependent hydrolase YcfH => putative metal-dependent hydrolase YcfH
[16:20:32] Modify product: Cyclic nucleotide-gated potassium channel mll3241 => Cyclic nucleotide-gated potassium channel
[16:20:32] Modify product: Probable 2-phosphosulfolactate phosphatase => putative 2-phosphosulfolactate phosphatase
[16:20:32] Modify product: Probable GTPase Rv1496 => putative GTPase
[16:20:32] Modify product: Uncharacterized GST-like protein YibF => putative GST-like protein YibF
[16:20:32] Modify product: Probable copper-importing P-type ATPase A => putative copper-importing P-type ATPase A
[16:20:32] Modify product: Uncharacterized signaling protein PA1727 => putative signaling protein
[16:20:32] Modify product: Uncharacterized signaling protein PA1727 => putative signaling protein
[16:20:32] Modify product: Uncharacterized protein Rv1276c => putative protein
[16:20:32] Modify product: Sulfurtransferase Alvin_2599 => Sulfurtransferase
[16:20:32] Modify product: Probable cyclic di-GMP phosphodiesterase VC_1348 => putative cyclic di-GMP phosphodiesterase
[16:20:32] Modify product: Putative phosphoribosyl transferase MT0597 => Putative phosphoribosyl transferase
[16:20:32] Modify product: UPF0047 protein Rv2556c => hypothetical protein
[16:20:32] Modify product: UPF0246 protein YaaA => hypothetical protein
[16:20:32] Modify product: TelA-like protein SA1238 => TelA-like protein
[16:20:32] Modify product: Uncharacterized protein HI_1048 => putative protein
[16:20:32] Modify product: Uncharacterized zinc protease Rv2782c => putative zinc protease
[16:20:32] Modify product: Uncharacterized protein NMB0459 => putative protein
[16:20:32] Modify product: Probable cyclic di-GMP phosphodiesterase VC_1348 => putative cyclic di-GMP phosphodiesterase
[16:20:32] Modify product: Uncharacterized protein YbiB => putative protein YbiB
[16:20:32] Modify product: Putative multidrug export ATP-binding/permease protein SA1683 => Putative multidrug export ATP-binding/permease protein
[16:20:32] Modify product: Uncharacterized signaling protein PA1727 => putative signaling protein
[16:20:32] Modify product: Probable diguanylate cyclase DgcC => putative diguanylate cyclase DgcC
[16:20:32] Modify product: Uncharacterized protein MT2060 => putative protein
[16:20:32] Modify product: UPF0758 protein YsxA => hypothetical protein
[16:20:32] Modify product: Uncharacterized MscS family protein HI_0195.1 => putative MscS family protein.1
[16:20:32] Modify product: Uncharacterized protein YnbC => putative protein YnbC
[16:20:32] Modify product: Uncharacterized protein YnbD => putative protein YnbD
[16:20:32] Modify product: Probable metallo-hydrolase YflN => putative metallo-hydrolase YflN
[16:20:32] Modify product: PGL/p-HBAD biosynthesis glycosyltransferase Rv2958c => PGL/p-HBAD biosynthesis glycosyltransferase
[16:20:32] Modify product: Uncharacterized protein Rv0628c => putative protein
[16:20:32] Modify product: Segregation and condensation protein B homolog => Segregation and condensation protein B 
[16:20:32] Modify product: Uncharacterized protein YciO => putative protein YciO
[16:20:32] Modify product: Probable lipoprotein YiaD => putative lipoprotein YiaD
[16:20:32] Modify product: Uncharacterized HTH-type transcriptional regulator Rv0196 => putative HTH-type transcriptional regulator
[16:20:32] Modify product: Uncharacterized protein Rv2008c => putative protein
[16:20:33] Modify product: Uncharacterized ABC transporter ATP-binding protein Rv1281c => putative ABC transporter ATP-binding protein
[16:20:33] Modify product: Uncharacterized protein Rv1405c => putative protein
[16:20:33] Modify product: Probable fused nickel transport protein LarMN => putative fused nickel transport protein LarMN
[16:20:33] Modify product: Probable cation efflux system protein Rv2025c => putative cation efflux system protein
[16:20:33] Modify product: UPF0234 protein HI_1034 => hypothetical protein
[16:20:33] Modify product: Uncharacterized glycosyltransferase EpsJ => putative glycosyltransferase EpsJ
[16:20:33] Modify product: Uncharacterized metallophosphoesterase YhaO => putative metallophosphoesterase YhaO
[16:20:33] Modify product: Uncharacterized protein YhaN => putative protein YhaN
[16:20:33] Modify product: Uncharacterized protein HI_1163 => putative protein
[16:20:33] Modify product: Probable type I restriction enzyme BthVORF4518P M protein => putative type I restriction enzymeP M protein
[16:20:33] Modify product: Probable diacyglycerol O-acyltransferase tgs2 => putative diacyglycerol O-acyltransferase tgs2
[16:20:33] Modify product: Probable protein kinase UbiB => putative protein kinase UbiB
[16:20:33] Modify product: Uncharacterized protein Rv2307c => putative protein
[16:20:33] Modify product: UPF0336 protein Rv0637 => hypothetical protein
[16:20:33] Modify product: Uncharacterized oxidoreductase Rv1144 => putative oxidoreductase
[16:20:33] Modify product: Probable enoyl-CoA hydratase echA8 => putative enoyl-CoA hydratase echA8
[16:20:33] Modify product: Probable xanthine dehydrogenase subunit A => putative xanthine dehydrogenase subunit A
[16:20:33] Modify product: Uncharacterized HTH-type transcriptional regulator Rv1985c => putative HTH-type transcriptional regulator
[16:20:33] Modify product: Uncharacterized protein MSMEG_1279/MSMEI_1241 => putative protein/MSMEI_1241
[16:20:33] Modify product: Uncharacterized signaling protein PA1727 => putative signaling protein
[16:20:33] Modify product: Probable ATP-dependent helicase DinG homolog => putative ATP-dependent helicase DinG 
[16:20:33] Modify product: Probable 4-deoxy-4-formamido-L-arabinose-phosphoundecaprenol deformylase ArnD => putative 4-deoxy-4-formamido-L-arabinose-phosphoundecaprenol deformylase ArnD
[16:20:33] Modify product: Probable 4-amino-4-deoxy-L-arabinose-phosphoundecaprenol flippase subunit ArnF => putative 4-amino-4-deoxy-L-arabinose-phosphoundecaprenol flippase subunit ArnF
[16:20:33] Modify product: Probable parvulin-type peptidyl-prolyl cis-trans isomerase => putative parvulin-type peptidyl-prolyl cis-trans isomerase
[16:20:33] Modify product: Leu/Ile/Val-binding protein homolog 3 => Leu/Ile/Val-binding protein 
[16:20:33] Modify product: Putative peroxiredoxin Rv2521 => Putative peroxiredoxin
[16:20:33] Modify product: Probable hydrolase YcaC => putative hydrolase YcaC
[16:20:33] Modify product: Probable diacyglycerol O-acyltransferase tgs1 => putative diacyglycerol O-acyltransferase tgs1
[16:20:33] Modify product: Uncharacterized HTH-type transcriptional regulator TtgW => putative HTH-type transcriptional regulator TtgW
[16:20:33] Modify product: Uncharacterized NTE family protein Rv2565 => putative NTE family protein
[16:20:33] Modify product: Uncharacterized GST-like protein YibF => putative GST-like protein YibF
[16:20:33] Modify product: Uncharacterized ABC transporter ATP-binding protein TM_0288 => putative ABC transporter ATP-binding protein
[16:20:33] Modify product: Probable ABC transporter permease protein NosY => putative ABC transporter permease protein NosY
[16:20:33] Modify product: Probable ABC transporter binding protein NosD => putative ABC transporter binding protein NosD
[16:20:33] Modify product: SCO1 protein homolog => SCO1 protein 
[16:20:33] Modify product: Uncharacterized signaling protein PA1727 => putative signaling protein
[16:20:33] Modify product: Chemotaxis protein CheY homolog => Chemotaxis protein CheY 
[16:20:33] Modify product: Probable 3-hydroxyacyl-CoA dehydrogenase => putative 3-hydroxyacyl-CoA dehydrogenase
[16:20:33] Modify product: Putative outer membrane protein NMB0088 => Putative outer membrane protein
[16:20:33] Modify product: Uncharacterized acyl-CoA thioester hydrolase HI_0827 => putative acyl-CoA thioester hydrolase
[16:20:33] Modify product: Uncharacterized FAD-linked oxidoreductase Rv2280 => putative FAD-linked oxidoreductase
[16:20:33] Modify product: Probable amino-acid metabolite efflux pump => putative amino-acid metabolite efflux pump
[16:20:33] Modify product: Uncharacterized isomerase YddE => putative isomerase YddE
[16:20:33] Modify product: UPF0301 protein VC_0467 => hypothetical protein
[16:20:33] Modify product: UPF0235 protein YggU => hypothetical protein
[16:20:33] Modify product: UPF0225 protein YchJ => hypothetical protein
[16:20:33] Modify product: Probable diguanylate cyclase DgcQ => putative diguanylate cyclase DgcQ
[16:20:33] Modify product: Uncharacterized protein YaeQ => putative protein YaeQ
[16:20:33] Modify product: Solute-binding protein Veis_3954 => Solute-binding protein
[16:20:33] Modify product: Uncharacterized ABC transporter ATP-binding protein YbiT => putative ABC transporter ATP-binding protein YbiT
[16:20:33] Modify product: Uncharacterized signaling protein PA1727 => putative signaling protein
[16:20:33] Modify product: Uncharacterized GTP-binding protein YjiA => putative GTP-binding protein YjiA
[16:20:33] Modify product: SCO1 protein homolog => SCO1 protein 
[16:20:33] Modify product: Uncharacterized protein Rv2575 => putative protein
[16:20:33] Modify product: RNA-binding protein HI_1333 => RNA-binding protein
[16:20:33] Modify product: RutC family protein HI_0719 => RutC family protein
[16:20:33] Modify product: UPF0502 protein PSPTO_2686 => hypothetical protein
[16:20:33] Modify product: UPF0502 protein YceH => hypothetical protein
[16:20:33] Modify product: UPF0111 protein HI_1603 => hypothetical protein
[16:20:33] Modify product: Probable acyltransferase YihG => putative acyltransferase YihG
[16:20:33] Modify product: Uncharacterized signaling protein PA1727 => putative signaling protein
[16:20:33] Modify product: UPF0053 inner membrane protein YoaE => hypothetical protein
[16:20:33] Modify product: Uncharacterized protein Rv2569c => putative protein
[16:20:33] Modify product: Uncharacterized RNA pseudouridine synthase Rv1711 => putative RNA pseudouridine synthase
[16:20:33] Modify product: Uncharacterized ABC transporter ATP-binding protein TM_0288 => putative ABC transporter ATP-binding protein
[16:20:33] Modify product: pH-sensitive adenylate cyclase Rv1264 => pH-sensitive adenylate cyclase
[16:20:34] Modify product: Uncharacterized ABC transporter ATP-binding protein YheS => putative ABC transporter ATP-binding protein YheS
[16:20:34] Modify product: Uncharacterized signaling protein PA1727 => putative signaling protein
[16:20:34] Modify product: Putative ligase MSMEG_5435/MSMEI_5285 => Putative ligase/MSMEI_5285
[16:20:34] Modify product: Probable ABC transporter binding protein NosD => putative ABC transporter binding protein NosD
[16:20:34] Modify product: Uncharacterized signaling protein PA1727 => putative signaling protein
[16:20:34] Modify product: Uncharacterized oxidoreductase SA2266 => putative oxidoreductase
[16:20:34] Modify product: Uncharacterized symporter YjmB => putative symporter YjmB
[16:20:34] Modify product: Uncharacterized ABC transporter ATP-binding protein YknY => putative ABC transporter ATP-binding protein YknY
[16:20:34] Modify product: Uncharacterized zinc protease Rv2782c => putative zinc protease
[16:20:34] Modify product: Uncharacterized zinc protease Rv2782c => putative zinc protease
[16:20:34] Modify product: Probable Fe(2+)-trafficking protein => putative Fe(2+)-trafficking protein
[16:20:34] Modify product: UPF0053 inner membrane protein YtfL => hypothetical protein
[16:20:34] Modify product: GTP cyclohydrolase 1 type 2 homolog => GTP cyclohydrolase 1 type 2 
[16:20:34] Modify product: Uncharacterized signaling protein PA1727 => putative signaling protein
[16:20:34] Modify product: Uncharacterized MscS family protein HI_0195.1 => putative MscS family protein.1
[16:20:34] Modify product: Uncharacterized protein Rv2567 => putative protein
[16:20:34] Modify product: Uncharacterized protein Rv2569c => putative protein
[16:20:34] Modify product: Putative monooxygenase Rv1533 => Putative monooxygenase
[16:20:34] Modify product: Uncharacterized ABC transporter ATP-binding protein YknY => putative ABC transporter ATP-binding protein YknY
[16:20:34] Modify product: UPF0761 membrane protein YihY => hypothetical protein
[16:20:34] Modify product: UPF0276 protein CCNA_03000 => hypothetical protein
[16:20:34] Modify product: Cyclic di-GMP phosphodiesterase PA4108 => Cyclic di-GMP phosphodiesterase
[16:20:34] Modify product: Probable amino-acid metabolite efflux pump => putative amino-acid metabolite efflux pump
[16:20:34] Modify product: Probable amino-acid metabolite efflux pump => putative amino-acid metabolite efflux pump
[16:20:34] Modify product: Cyclic diguanosine monophosphate-binding protein PA4608 => Cyclic diguanosine monophosphate-binding protein
[16:20:34] Modify product: Uncharacterized protein YfgD => putative protein YfgD
[16:20:34] Modify product: Uncharacterized GTP-binding protein YjiA => putative GTP-binding protein YjiA
[16:20:34] Modify product: Uncharacterized GTP-binding protein YjiA => putative GTP-binding protein YjiA
[16:20:34] Modify product: Uncharacterized membrane protein Rv2637 => putative membrane protein
[16:20:34] Modify product: Uncharacterized ABC transporter ATP-binding protein YknY => putative ABC transporter ATP-binding protein YknY
[16:20:34] Modify product: Probable type I restriction enzyme BthVORF4518P M protein => putative type I restriction enzymeP M protein
[16:20:34] Modify product: Acetyltransferase Atu2258 => Acetyltransferase
[16:20:34] Modify product: Probable thiol:disulfide interchange protein DsbC => putative thiol:disulfide interchange protein DsbC
[16:20:34] Modify product: Probable enoyl-CoA hydratase echA8 => putative enoyl-CoA hydratase echA8
[16:20:34] Modify product: Putative esterase PA1618 => Putative esterase
[16:20:34] Modify product: Probable chromosome-partitioning protein ParB => putative chromosome-partitioning protein ParB
[16:20:34] Modify product: Probable sulfate transporter Rv1739c => putative sulfate transporter
[16:20:34] Modify product: Leu/Ile/Val-binding protein homolog 3 => Leu/Ile/Val-binding protein 
[16:20:34] Modify product: Probable membrane transporter protein YfcA => putative membrane transporter protein YfcA
[16:20:34] Cleaned 310 /product names
[16:20:34] Deleting unwanted file: 644736333/sprot.faa
[16:20:34] Deleting unwanted file: 644736333/sprot.blast
[16:20:37] There are still 2004 unannotated CDS left (started with 4706)
[16:20:37] Will use hmmer3 to search against /Users/emcdaniel/anaconda3/bin/../db/hmm/HAMAP.hmm with 1 CPUs
[16:20:37] Running: cat 644736333\/HAMAP\.hmm\.faa | parallel --gnu --plain -j 1 --block 271673 --recstart '>' --pipe hmmscan --noali --notextw --acc -E 1e-06 --cpu 1 /Users/emcdaniel/anaconda3/bin/../db/hmm/HAMAP.hmm /dev/stdin > 644736333\/HAMAP\.hmm\.hmmer3 2> /dev/null
[16:22:38] Modify product: Uncharacterized Nudix hydrolase NudL => putative Nudix hydrolase NudL
[16:22:38] Cleaned 1 /product names
[16:22:38] Deleting unwanted file: 644736333/HAMAP.hmm.faa
[16:22:38] Deleting unwanted file: 644736333/HAMAP.hmm.hmmer3
[16:22:38] Labelling remaining 1887 proteins as 'hypothetical protein'
[16:22:38] Possible /pseudo 'Sulfate/thiosulfate import ATP-binding protein CysA' at gnl|X|MCBBHCNB_3 position 108594
[16:22:38] Possible /pseudo 'Cytochrome c-554(548)' at gnl|X|MCBBHCNB_3 position 121563
[16:22:38] Possible /pseudo 'Tyrosine recombinase XerC' at gnl|X|MCBBHCNB_3 position 126373
[16:22:38] Possible /pseudo 'Trk system potassium uptake protein TrkH' at gnl|X|MCBBHCNB_4 position 60997
[16:22:38] Possible /pseudo 'CRISPR-associated nuclease/helicase Cas3 subtype I-F/YPEST' at gnl|X|MCBBHCNB_4 position 285000
[16:22:38] Possible /pseudo 'Bifunctional PGK/TIM' at gnl|X|MCBBHCNB_4 position 584372
[16:22:38] Possible /pseudo 'Cytochrome c-type biogenesis protein CcmH' at gnl|X|MCBBHCNB_4 position 841887
[16:22:38] Possible /pseudo 'GDP-mannose 4,6-dehydratase' at gnl|X|MCBBHCNB_4 position 968981
[16:22:38] Possible /pseudo 'Outer membrane porin protein 32' at gnl|X|MCBBHCNB_4 position 1320792
[16:22:38] Possible /pseudo 'Fimbrial protein' at gnl|X|MCBBHCNB_4 position 1507720
[16:22:38] Possible /pseudo 'Protein YceI' at gnl|X|MCBBHCNB_4 position 1951214
[16:22:38] Possible /pseudo 'Heme A synthase' at gnl|X|MCBBHCNB_4 position 2020134
[16:22:38] Possible /pseudo 'putative FAD-linked oxidoreductase' at gnl|X|MCBBHCNB_4 position 2281817
[16:22:38] Possible /pseudo 'Leu/Ile/Val-binding protein ' at gnl|X|MCBBHCNB_4 position 2498557
[16:22:38] Possible /pseudo 'putative sulfate transporter' at gnl|X|MCBBHCNB_4 position 2666328
[16:22:38] Possible /pseudo 'putative signaling protein' at gnl|X|MCBBHCNB_4 position 2949765
[16:22:38] Possible /pseudo 'Response regulator rcp1' at gnl|X|MCBBHCNB_4 position 2951644
[16:22:38] Possible /pseudo 'Phytochrome-like protein cph1' at gnl|X|MCBBHCNB_4 position 2953724
[16:22:38] Possible /pseudo 'Cobalt-precorrin-5A hydrolase' at gnl|X|MCBBHCNB_4 position 3014444
[16:22:38] Possible /pseudo 'Chaperone protein DnaK' at gnl|X|MCBBHCNB_4 position 3032396
[16:22:38] Possible /pseudo '2-hydroxy-3-oxopropionate reductase' at gnl|X|MCBBHCNB_4 position 3037194
[16:22:38] Possible /pseudo 'Multidrug transporter EmrE' at gnl|X|MCBBHCNB_4 position 3384224
[16:22:38] Possible /pseudo 'Lipoprotein-releasing system transmembrane protein LolE' at gnl|X|MCBBHCNB_4 position 3386958
[16:22:38] Possible /pseudo '4-hydroxy-4-methyl-2-oxoglutarate aldolase/4-carboxy-4-hydroxy-2-oxoadipate aldolase' at gnl|X|MCBBHCNB_4 position 3442538
[16:22:38] Possible /pseudo 'Bifunctional polymyxin resistance protein ArnA' at gnl|X|MCBBHCNB_4 position 3790166
[16:22:38] Possible /pseudo 'Twitching mobility protein' at gnl|X|MCBBHCNB_4 position 4110303
[16:22:38] Possible /pseudo 'High-affinity branched-chain amino acid transport system permease protein LivH' at gnl|X|MCBBHCNB_4 position 4118915
[16:22:38] Possible /pseudo 'Chemotaxis protein CheV' at gnl|X|MCBBHCNB_4 position 4381751
[16:22:38] Possible /pseudo 'NADH-quinone oxidoreductase subunit M' at gnl|X|MCBBHCNB_4 position 4412078
[16:22:38] Possible /pseudo 'Cyanophycin synthetase' at gnl|X|MCBBHCNB_4 position 4443245
[16:22:38] Possible /pseudo 'putative zinc protease' at gnl|X|MCBBHCNB_4 position 4579150
[16:22:38] Possible /pseudo 'Polyamine aminopropyltransferase' at gnl|X|MCBBHCNB_4 position 4629875
[16:22:38] Possible /pseudo 'putative protein' at gnl|X|MCBBHCNB_4 position 4645702
[16:22:38] Possible /pseudo 'Serine/threonine-protein kinase toxin HipA' at gnl|X|MCBBHCNB_4 position 4988137
[16:22:38] Found 1845 unique /gene codes.
[16:22:38] Fixed 2 duplicate /gene - emrE_1 emrE_2
[16:22:38] Fixed 3 duplicate /gene - gloB_1 gloB_2 gloB_3
[16:22:38] Fixed 2 duplicate /gene - cusA_1 cusA_2
[16:22:38] Fixed 3 duplicate /gene - rhtB_1 rhtB_2 rhtB_3
[16:22:38] Fixed 3 duplicate /gene - dnaJ_1 dnaJ_2 dnaJ_3
[16:22:38] Fixed 3 duplicate /gene - lcfB_1 lcfB_2 lcfB_3
[16:22:38] Fixed 2 duplicate /gene - gpx1_1 gpx1_2
[16:22:38] Fixed 2 duplicate /gene - kdpD_1 kdpD_2
[16:22:38] Fixed 3 duplicate /gene - dksA_1 dksA_2 dksA_3
[16:22:38] Fixed 2 duplicate /gene - atoS_1 atoS_2
[16:22:38] Fixed 2 duplicate /gene - leuB_1 leuB_2
[16:22:38] Fixed 2 duplicate /gene - parB_1 parB_2
[16:22:38] Fixed 2 duplicate /gene - ascD_1 ascD_2
[16:22:38] Fixed 2 duplicate /gene - uvrD_1 uvrD_2
[16:22:38] Fixed 6 duplicate /gene - fixL_1 fixL_2 fixL_3 fixL_4 fixL_5 fixL_6
[16:22:38] Fixed 2 duplicate /gene - sppA_1 sppA_2
[16:22:38] Fixed 2 duplicate /gene - bamE_1 bamE_2
[16:22:38] Fixed 2 duplicate /gene - mcp4_1 mcp4_2
[16:22:38] Fixed 2 duplicate /gene - hsdM_1 hsdM_2
[16:22:38] Fixed 2 duplicate /gene - pyrC_1 pyrC_2
[16:22:38] Fixed 3 duplicate /gene - ccmH_1 ccmH_2 ccmH_3
[16:22:38] Fixed 6 duplicate /gene - fabG_1 fabG_2 fabG_3 fabG_4 fabG_5 fabG_6
[16:22:38] Fixed 3 duplicate /gene - cheA_1 cheA_2 cheA_3
[16:22:38] Fixed 3 duplicate /gene - cysT_1 cysT_2 cysT_3
[16:22:38] Fixed 3 duplicate /gene - carA_1 carA_2 carA_3
[16:22:38] Fixed 2 duplicate /gene - clpX_1 clpX_2
[16:22:38] Fixed 2 duplicate /gene - glrR_1 glrR_2
[16:22:38] Fixed 2 duplicate /gene - bcr_1 bcr_2
[16:22:38] Fixed 2 duplicate /gene - feoB_1 feoB_2
[16:22:38] Fixed 6 duplicate /gene - czcA_1 czcA_2 czcA_3 czcA_4 czcA_5 czcA_6
[16:22:38] Fixed 2 duplicate /gene - tufA_1 tufA_2
[16:22:38] Fixed 2 duplicate /gene - accB_1 accB_2
[16:22:38] Fixed 2 duplicate /gene - atpF_1 atpF_2
[16:22:38] Fixed 2 duplicate /gene - sauU_1 sauU_2
[16:22:38] Fixed 2 duplicate /gene - glxR_1 glxR_2
[16:22:38] Fixed 2 duplicate /gene - arnC_1 arnC_2
[16:22:38] Fixed 2 duplicate /gene - rcp1_1 rcp1_2
[16:22:38] Fixed 2 duplicate /gene - mrcA_1 mrcA_2
[16:22:38] Fixed 6 duplicate /gene - ltrA_1 ltrA_2 ltrA_3 ltrA_4 ltrA_5 ltrA_6
[16:22:38] Fixed 3 duplicate /gene - scpA_1 scpA_2 scpA_3
[16:22:38] Fixed 4 duplicate /gene - yjiA_1 yjiA_2 yjiA_3 yjiA_4
[16:22:38] Fixed 2 duplicate /gene - thrS_1 thrS_2
[16:22:38] Fixed 2 duplicate /gene - mltD_1 mltD_2
[16:22:38] Fixed 2 duplicate /gene - ppx_1 ppx_2
[16:22:38] Fixed 4 duplicate /gene - epsF_1 epsF_2 epsF_3 epsF_4
[16:22:38] Fixed 2 duplicate /gene - arnD_1 arnD_2
[16:22:38] Fixed 2 duplicate /gene - trpB_1 trpB_2
[16:22:38] Fixed 2 duplicate /gene - can_1 can_2
[16:22:38] Fixed 3 duplicate /gene - cmpR_1 cmpR_2 cmpR_3
[16:22:38] Fixed 3 duplicate /gene - braC_1 braC_2 braC_3
[16:22:38] Fixed 7 duplicate /gene - speE_1 speE_2 speE_3 speE_4 speE_5 speE_6 speE_7
[16:22:38] Fixed 4 duplicate /gene - acpP_1 acpP_2 acpP_3 acpP_4
[16:22:38] Fixed 5 duplicate /gene - asnB_1 asnB_2 asnB_3 asnB_4 asnB_5
[16:22:38] Fixed 3 duplicate /gene - rhlE_1 rhlE_2 rhlE_3
[16:22:38] Fixed 2 duplicate /gene - kdpE_1 kdpE_2
[16:22:38] Fixed 2 duplicate /gene - purU_1 purU_2
[16:22:38] Fixed 2 duplicate /gene - pta_1 pta_2
[16:22:38] Fixed 2 duplicate /gene - yfkJ_1 yfkJ_2
[16:22:38] Fixed 2 duplicate /gene - trfB_1 trfB_2
[16:22:38] Fixed 2 duplicate /gene - nhaX_1 nhaX_2
[16:22:38] Fixed 2 duplicate /gene - purA_1 purA_2
[16:22:38] Fixed 2 duplicate /gene - rimO_1 rimO_2
[16:22:38] Fixed 2 duplicate /gene - cshA_1 cshA_2
[16:22:38] Fixed 2 duplicate /gene - fusA_1 fusA_2
[16:22:38] Fixed 2 duplicate /gene - fliY_1 fliY_2
[16:22:38] Fixed 2 duplicate /gene - trkH_1 trkH_2
[16:22:38] Fixed 2 duplicate /gene - mftC_1 mftC_2
[16:22:38] Fixed 2 duplicate /gene - yveL_1 yveL_2
[16:22:38] Fixed 2 duplicate /gene - artM_1 artM_2
[16:22:38] Fixed 2 duplicate /gene - pepN_1 pepN_2
[16:22:38] Fixed 2 duplicate /gene - ompA_1 ompA_2
[16:22:38] Fixed 2 duplicate /gene - phoB_1 phoB_2
[16:22:38] Fixed 2 duplicate /gene - pyrD_1 pyrD_2
[16:22:38] Fixed 2 duplicate /gene - pstB_1 pstB_2
[16:22:38] Fixed 2 duplicate /gene - suhB_1 suhB_2
[16:22:38] Fixed 2 duplicate /gene - rsmB_1 rsmB_2
[16:22:38] Fixed 3 duplicate /gene - arnT_1 arnT_2 arnT_3
[16:22:38] Fixed 6 duplicate /gene - resA_1 resA_2 resA_3 resA_4 resA_5 resA_6
[16:22:38] Fixed 3 duplicate /gene - cc4_1 cc4_2 cc4_3
[16:22:38] Fixed 2 duplicate /gene - pyrR_1 pyrR_2
[16:22:38] Fixed 2 duplicate /gene - cheR_1 cheR_2
[16:22:38] Fixed 2 duplicate /gene - phlB_1 phlB_2
[16:22:38] Fixed 2 duplicate /gene - bcp_1 bcp_2
[16:22:38] Fixed 2 duplicate /gene - bktB_1 bktB_2
[16:22:38] Fixed 2 duplicate /gene - cheV_1 cheV_2
[16:22:38] Fixed 2 duplicate /gene - parA_1 parA_2
[16:22:38] Fixed 7 duplicate /gene - hin_1 hin_2 hin_3 hin_4 hin_5 hin_6 hin_7
[16:22:38] Fixed 3 duplicate /gene - gltA_1 gltA_2 gltA_3
[16:22:38] Fixed 2 duplicate /gene - mch_1 mch_2
[16:22:38] Fixed 2 duplicate /gene - lplT_1 lplT_2
[16:22:38] Fixed 2 duplicate /gene - cas2_1 cas2_2
[16:22:38] Fixed 2 duplicate /gene - nirS_1 nirS_2
[16:22:38] Fixed 2 duplicate /gene - acnB_1 acnB_2
[16:22:38] Fixed 2 duplicate /gene - tgpA_1 tgpA_2
[16:22:38] Fixed 2 duplicate /gene - pckG_1 pckG_2
[16:22:38] Fixed 4 duplicate /gene - pdeB_1 pdeB_2 pdeB_3 pdeB_4
[16:22:38] Fixed 2 duplicate /gene - walK_1 walK_2
[16:22:38] Fixed 2 duplicate /gene - tsr_1 tsr_2
[16:22:38] Fixed 3 duplicate /gene - slt_1 slt_2 slt_3
[16:22:38] Fixed 2 duplicate /gene - ppa_1 ppa_2
[16:22:38] Fixed 3 duplicate /gene - ubiE_1 ubiE_2 ubiE_3
[16:22:38] Fixed 2 duplicate /gene - cah_1 cah_2
[16:22:38] Fixed 3 duplicate /gene - glnQ_1 glnQ_2 glnQ_3
[16:22:38] Fixed 5 duplicate /gene - cadA_1 cadA_2 cadA_3 cadA_4 cadA_5
[16:22:38] Fixed 2 duplicate /gene - cdsA_1 cdsA_2
[16:22:38] Fixed 2 duplicate /gene - grpE_1 grpE_2
[16:22:38] Fixed 5 duplicate /gene - guaB_1 guaB_2 guaB_3 guaB_4 guaB_5
[16:22:38] Fixed 2 duplicate /gene - fepC_1 fepC_2
[16:22:38] Fixed 4 duplicate /gene - zraS_1 zraS_2 zraS_3 zraS_4
[16:22:38] Fixed 2 duplicate /gene - cnrB_1 cnrB_2
[16:22:38] Fixed 4 duplicate /gene - ihfB_1 ihfB_2 ihfB_3 ihfB_4
[16:22:38] Fixed 3 duplicate /gene - pknB_1 pknB_2 pknB_3
[16:22:38] Fixed 4 duplicate /gene - gcvA_1 gcvA_2 gcvA_3 gcvA_4
[16:22:38] Fixed 2 duplicate /gene - wecA_1 wecA_2
[16:22:38] Fixed 2 duplicate /gene - nifS_1 nifS_2
[16:22:38] Fixed 2 duplicate /gene - ygaZ_1 ygaZ_2
[16:22:38] Fixed 2 duplicate /gene - hflX_1 hflX_2
[16:22:38] Fixed 2 duplicate /gene - dnaX_1 dnaX_2
[16:22:38] Fixed 2 duplicate /gene - erpA_1 erpA_2
[16:22:38] Fixed 4 duplicate /gene - cysW_1 cysW_2 cysW_3 cysW_4
[16:22:38] Fixed 2 duplicate /gene - polC_1 polC_2
[16:22:38] Fixed 2 duplicate /gene - phoU_1 phoU_2
[16:22:38] Fixed 2 duplicate /gene - ligA_1 ligA_2
[16:22:38] Fixed 3 duplicate /gene - ftsH_1 ftsH_2 ftsH_3
[16:22:38] Fixed 5 duplicate /gene - livF_1 livF_2 livF_3 livF_4 livF_5
[16:22:38] Fixed 3 duplicate /gene - hemN_1 hemN_2 hemN_3
[16:22:38] Fixed 2 duplicate /gene - glgX_1 glgX_2
[16:22:38] Fixed 3 duplicate /gene - eamA_1 eamA_2 eamA_3
[16:22:38] Fixed 2 duplicate /gene - hisC_1 hisC_2
[16:22:38] Fixed 2 duplicate /gene - dmdC_1 dmdC_2
[16:22:38] Fixed 2 duplicate /gene - vapB1_1 vapB1_2
[16:22:38] Fixed 2 duplicate /gene - gloC_1 gloC_2
[16:22:38] Fixed 2 duplicate /gene - yccA_1 yccA_2
[16:22:38] Fixed 2 duplicate /gene - tktA_1 tktA_2
[16:22:38] Fixed 2 duplicate /gene - rnr_1 rnr_2
[16:22:38] Fixed 2 duplicate /gene - rrrD_1 rrrD_2
[16:22:38] Fixed 2 duplicate /gene - glgB_1 glgB_2
[16:22:38] Fixed 3 duplicate /gene - cdgJ_1 cdgJ_2 cdgJ_3
[16:22:38] Fixed 2 duplicate /gene - mshA_1 mshA_2
[16:22:38] Fixed 2 duplicate /gene - hppA_1 hppA_2
[16:22:38] Fixed 2 duplicate /gene - yadH_1 yadH_2
[16:22:38] Fixed 2 duplicate /gene - accA1_1 accA1_2
[16:22:38] Fixed 2 duplicate /gene - cas3_1 cas3_2
[16:22:38] Fixed 2 duplicate /gene - pncC_1 pncC_2
[16:22:38] Fixed 4 duplicate /gene - prpC_1 prpC_2 prpC_3 prpC_4
[16:22:38] Fixed 2 duplicate /gene - oprB_1 oprB_2
[16:22:38] Fixed 6 duplicate /gene - livH_1 livH_2 livH_3 livH_4 livH_5 livH_6
[16:22:38] Fixed 3 duplicate /gene - yrdA_1 yrdA_2 yrdA_3
[16:22:38] Fixed 2 duplicate /gene - mscK_1 mscK_2
[16:22:38] Fixed 2 duplicate /gene - mepH_1 mepH_2
[16:22:38] Fixed 2 duplicate /gene - modB_1 modB_2
[16:22:38] Fixed 2 duplicate /gene - lpxD_1 lpxD_2
[16:22:38] Fixed 2 duplicate /gene - nagZ_1 nagZ_2
[16:22:38] Fixed 2 duplicate /gene - fadD_1 fadD_2
[16:22:38] Fixed 2 duplicate /gene - dosC_1 dosC_2
[16:22:38] Fixed 3 duplicate /gene - dsbD_1 dsbD_2 dsbD_3
[16:22:38] Fixed 4 duplicate /gene - teaD_1 teaD_2 teaD_3 teaD_4
[16:22:38] Fixed 4 duplicate /gene - htrA_1 htrA_2 htrA_3 htrA_4
[16:22:38] Fixed 3 duplicate /gene - radD_1 radD_2 radD_3
[16:22:38] Fixed 8 duplicate /gene - cysA_1 cysA_2 cysA_3 cysA_4 cysA_5 cysA_6 cysA_7 cysA_8
[16:22:38] Fixed 2 duplicate /gene - cpdA_1 cpdA_2
[16:22:38] Fixed 2 duplicate /gene - btuB_1 btuB_2
[16:22:38] Fixed 3 duplicate /gene - macA_1 macA_2 macA_3
[16:22:38] Fixed 2 duplicate /gene - cheW_1 cheW_2
[16:22:38] Fixed 2 duplicate /gene - cbiN_1 cbiN_2
[16:22:38] Fixed 2 duplicate /gene - nudC_1 nudC_2
[16:22:38] Fixed 2 duplicate /gene - atpB_1 atpB_2
[16:22:38] Fixed 2 duplicate /gene - modA_1 modA_2
[16:22:38] Fixed 2 duplicate /gene - purN_1 purN_2
[16:22:38] Fixed 2 duplicate /gene - cysM_1 cysM_2
[16:22:38] Fixed 2 duplicate /gene - hisF_1 hisF_2
[16:22:38] Fixed 3 duplicate /gene - recF_1 recF_2 recF_3
[16:22:38] Fixed 9 duplicate /gene - pkn1_1 pkn1_2 pkn1_3 pkn1_4 pkn1_5 pkn1_6 pkn1_7 pkn1_8 pkn1_9
[16:22:38] Fixed 2 duplicate /gene - rsmI_1 rsmI_2
[16:22:38] Fixed 5 duplicate /gene - luxQ_1 luxQ_2 luxQ_3 luxQ_4 luxQ_5
[16:22:38] Fixed 2 duplicate /gene - pdhR_1 pdhR_2
[16:22:38] Fixed 2 duplicate /gene - bioC_1 bioC_2
[16:22:38] Fixed 2 duplicate /gene - rlmB_1 rlmB_2
[16:22:38] Fixed 3 duplicate /gene - ygiF_1 ygiF_2 ygiF_3
[16:22:38] Fixed 2 duplicate /gene - copR_1 copR_2
[16:22:38] Fixed 2 duplicate /gene - mlaF_1 mlaF_2
[16:22:38] Fixed 5 duplicate /gene - yknY_1 yknY_2 yknY_3 yknY_4 yknY_5
[16:22:38] Fixed 6 duplicate /gene - epsE_1 epsE_2 epsE_3 epsE_4 epsE_5 epsE_6
[16:22:38] Fixed 2 duplicate /gene - cphA_1 cphA_2
[16:22:38] Fixed 2 duplicate /gene - rcnA_1 rcnA_2
[16:22:38] Fixed 2 duplicate /gene - noc_1 noc_2
[16:22:38] Fixed 2 duplicate /gene - fitB_1 fitB_2
[16:22:38] Fixed 3 duplicate /gene - rfaP_1 rfaP_2 rfaP_3
[16:22:38] Fixed 2 duplicate /gene - epsJ_1 epsJ_2
[16:22:38] Fixed 2 duplicate /gene - oprF_1 oprF_2
[16:22:38] Fixed 2 duplicate /gene - nemA_1 nemA_2
[16:22:38] Fixed 2 duplicate /gene - gnu_1 gnu_2
[16:22:38] Fixed 2 duplicate /gene - yibF_1 yibF_2
[16:22:38] Fixed 3 duplicate /gene - actP_1 actP_2 actP_3
[16:22:38] Fixed 2 duplicate /gene - lpxL_1 lpxL_2
[16:22:38] Fixed 2 duplicate /gene - gmd_1 gmd_2
[16:22:38] Fixed 3 duplicate /gene - hisG_1 hisG_2 hisG_3
[16:22:38] Fixed 2 duplicate /gene - kpsD_1 kpsD_2
[16:22:38] Fixed 2 duplicate /gene - glnD_1 glnD_2
[16:22:38] Fixed 3 duplicate /gene - lolD_1 lolD_2 lolD_3
[16:22:38] Fixed 3 duplicate /gene - dctM_1 dctM_2 dctM_3
[16:22:38] Fixed 2 duplicate /gene - mlaE_1 mlaE_2
[16:22:38] Fixed 2 duplicate /gene - lolA_1 lolA_2
[16:22:38] Fixed 2 duplicate /gene - prsE_1 prsE_2
[16:22:38] Fixed 3 duplicate /gene - hsdS_1 hsdS_2 hsdS_3
[16:22:38] Fixed 2 duplicate /gene - wapA_1 wapA_2
[16:22:38] Fixed 2 duplicate /gene - mltB_1 mltB_2
[16:22:38] Fixed 2 duplicate /gene - ntrC_1 ntrC_2
[16:22:38] Fixed 2 duplicate /gene - mnmC_1 mnmC_2
[16:22:38] Fixed 2 duplicate /gene - tdiR_1 tdiR_2
[16:22:38] Fixed 2 duplicate /gene - atpA_1 atpA_2
[16:22:38] Fixed 2 duplicate /gene - corA_1 corA_2
[16:22:38] Fixed 2 duplicate /gene - ampG_1 ampG_2
[16:22:38] Fixed 2 duplicate /gene - malP_1 malP_2
[16:22:38] Fixed 2 duplicate /gene - cusB_1 cusB_2
[16:22:38] Fixed 2 duplicate /gene - atpE_1 atpE_2
[16:22:38] Fixed 3 duplicate /gene - nuoM_1 nuoM_2 nuoM_3
[16:22:38] Fixed 4 duplicate /gene - kefC_1 kefC_2 kefC_3 kefC_4
[16:22:38] Fixed 3 duplicate /gene - kup_1 kup_2 kup_3
[16:22:38] Fixed 3 duplicate /gene - fabF_1 fabF_2 fabF_3
[16:22:38] Fixed 2 duplicate /gene - ptsI_1 ptsI_2
[16:22:38] Fixed 4 duplicate /gene - mcpS_1 mcpS_2 mcpS_3 mcpS_4
[16:22:38] Fixed 2 duplicate /gene - mscS_1 mscS_2
[16:22:38] Fixed 4 duplicate /gene - pilT_1 pilT_2 pilT_3 pilT_4
[16:22:38] Fixed 2 duplicate /gene - fdx_1 fdx_2
[16:22:38] Fixed 3 duplicate /gene - lolE_1 lolE_2 lolE_3
[16:22:38] Fixed 2 duplicate /gene - cobB_1 cobB_2
[16:22:38] Fixed 5 duplicate /gene - atoC_1 atoC_2 atoC_3 atoC_4 atoC_5
[16:22:38] Fixed 4 duplicate /gene - ydiK_1 ydiK_2 ydiK_3 ydiK_4
[16:22:38] Fixed 2 duplicate /gene - bepD_1 bepD_2
[16:22:38] Fixed 2 duplicate /gene - yjcH_1 yjcH_2
[16:22:38] Fixed 2 duplicate /gene - cph2_1 cph2_2
[16:22:38] Fixed 5 duplicate /gene - ubiG_1 ubiG_2 ubiG_3 ubiG_4 ubiG_5
[16:22:38] Fixed 2 duplicate /gene - vgrG1_1 vgrG1_2
[16:22:38] Fixed 2 duplicate /gene - rstB_1 rstB_2
[16:22:38] Fixed 2 duplicate /gene - flhB_1 flhB_2
[16:22:38] Fixed 2 duplicate /gene - nhaR_1 nhaR_2
[16:22:38] Fixed 7 duplicate /gene - tnpA_1 tnpA_2 tnpA_3 tnpA_4 tnpA_5 tnpA_6 tnpA_7
[16:22:38] Fixed 2 duplicate /gene - amtB_1 amtB_2
[16:22:38] Fixed 2 duplicate /gene - dgcC_1 dgcC_2
[16:22:38] Fixed 2 duplicate /gene - rlpA_1 rlpA_2
[16:22:38] Fixed 9 duplicate /gene - bepA_1 bepA_2 bepA_3 bepA_4 bepA_5 bepA_6 bepA_7 bepA_8 bepA_9
[16:22:38] Fixed 2 duplicate /gene - flgB_1 flgB_2
[16:22:38] Fixed 3 duplicate /gene - rpoE_1 rpoE_2 rpoE_3
[16:22:38] Fixed 2 duplicate /gene - dltC_1 dltC_2
[16:22:38] Fixed 4 duplicate /gene - arnA_1 arnA_2 arnA_3 arnA_4
[16:22:38] Fixed 4 duplicate /gene - lptB_1 lptB_2 lptB_3 lptB_4
[16:22:38] Fixed 5 duplicate /gene - dmlR_1 dmlR_2 dmlR_3 dmlR_4 dmlR_5
[16:22:38] Fixed 6 duplicate /gene - htpX_1 htpX_2 htpX_3 htpX_4 htpX_5 htpX_6
[16:22:38] Fixed 2 duplicate /gene - nifK_1 nifK_2
[16:22:38] Fixed 2 duplicate /gene - folE2_1 folE2_2
[16:22:38] Fixed 2 duplicate /gene - rayT_1 rayT_2
[16:22:38] Fixed 3 duplicate /gene - yiaD_1 yiaD_2 yiaD_3
[16:22:38] Fixed 3 duplicate /gene - petA_1 petA_2 petA_3
[16:22:38] Fixed 2 duplicate /gene - csoR_1 csoR_2
[16:22:38] Fixed 2 duplicate /gene - motB_1 motB_2
[16:22:38] Fixed 2 duplicate /gene - garA_1 garA_2
[16:22:38] Fixed 2 duplicate /gene - tesA_1 tesA_2
[16:22:38] Fixed 2 duplicate /gene - maeB_1 maeB_2
[16:22:38] Fixed 3 duplicate /gene - hipA_1 hipA_2 hipA_3
[16:22:38] Fixed 6 duplicate /gene - smc_1 smc_2 smc_3 smc_4 smc_5 smc_6
[16:22:38] Fixed 4 duplicate /gene - dnaK_1 dnaK_2 dnaK_3 dnaK_4
[16:22:38] Fixed 2 duplicate /gene - hxuB_1 hxuB_2
[16:22:38] Fixed 2 duplicate /gene - lutA_1 lutA_2
[16:22:38] Fixed 2 duplicate /gene - ubiB_1 ubiB_2
[16:22:38] Fixed 2 duplicate /gene - nifD_1 nifD_2
[16:22:38] Fixed 2 duplicate /gene - yidD_1 yidD_2
[16:22:38] Fixed 4 duplicate /gene - echA8_1 echA8_2 echA8_3 echA8_4
[16:22:38] Fixed 2 duplicate /gene - tam_1 tam_2
[16:22:38] Fixed 2 duplicate /gene - napG_1 napG_2
[16:22:38] Fixed 3 duplicate /gene - mltC_1 mltC_2 mltC_3
[16:22:38] Fixed 7 duplicate /gene - cya_1 cya_2 cya_3 cya_4 cya_5 cya_6 cya_7
[16:22:38] Fixed 2 duplicate /gene - btuF_1 btuF_2
[16:22:38] Fixed 2 duplicate /gene - yfcG_1 yfcG_2
[16:22:38] Fixed 2 duplicate /gene - pstS_1 pstS_2
[16:22:38] Fixed 2 duplicate /gene - yjjV_1 yjjV_2
[16:22:38] Fixed 3 duplicate /gene - mepM_1 mepM_2 mepM_3
[16:22:38] Fixed 2 duplicate /gene - iscU_1 iscU_2
[16:22:38] Fixed 2 duplicate /gene - nuoL_1 nuoL_2
[16:22:38] Fixed 2 duplicate /gene - rep_1 rep_2
[16:22:38] Fixed 4 duplicate /gene - pcm_1 pcm_2 pcm_3 pcm_4
[16:22:38] Fixed 3 duplicate /gene - menG_1 menG_2 menG_3
[16:22:38] Fixed 2 duplicate /gene - kinE_1 kinE_2
[16:22:38] Fixed 2 duplicate /gene - glnK_1 glnK_2
[16:22:38] Fixed 2 duplicate /gene - rsxD_1 rsxD_2
[16:22:38] Fixed 2 duplicate /gene - pleC_1 pleC_2
[16:22:38] Fixed 4 duplicate /gene - barA_1 barA_2 barA_3 barA_4
[16:22:38] Fixed 2 duplicate /gene - zur_1 zur_2
[16:22:38] Fixed 6 duplicate /gene - vapC_1 vapC_2 vapC_3 vapC_4 vapC_5 vapC_6
[16:22:38] Fixed 2 duplicate /gene - cysS_1 cysS_2
[16:22:38] Fixed 5 duplicate /gene - yhcG_1 yhcG_2 yhcG_3 yhcG_4 yhcG_5
[16:22:38] Fixed 2 duplicate /gene - hlyD_1 hlyD_2
[16:22:38] Fixed 2 duplicate /gene - pgk/tpi_1 pgk/tpi_2
[16:22:38] Fixed 3 duplicate /gene - tolQ_1 tolQ_2 tolQ_3
[16:22:38] Fixed 3 duplicate /gene - recQ_1 recQ_2 recQ_3
[16:22:38] Fixed 2 duplicate /gene - algD_1 algD_2
[16:22:38] Fixed 2 duplicate /gene - yceD_1 yceD_2
[16:22:38] Fixed 2 duplicate /gene - arnB_1 arnB_2
[16:22:38] Fixed 2 duplicate /gene - queC_1 queC_2
[16:22:38] Fixed 2 duplicate /gene - nosD_1 nosD_2
[16:22:38] Fixed 2 duplicate /gene - trmB_1 trmB_2
[16:22:38] Fixed 3 duplicate /gene - fabI_1 fabI_2 fabI_3
[16:22:38] Fixed 2 duplicate /gene - ybaK_1 ybaK_2
[16:22:38] Fixed 4 duplicate /gene - prkC_1 prkC_2 prkC_3 prkC_4
[16:22:38] Fixed 4 duplicate /gene - czcC_1 czcC_2 czcC_3 czcC_4
[16:22:38] Fixed 2 duplicate /gene - rspR_1 rspR_2
[16:22:38] Fixed 2 duplicate /gene - cbiG_1 cbiG_2
[16:22:38] Fixed 4 duplicate /gene - acsA_1 acsA_2 acsA_3 acsA_4
[16:22:38] Fixed 4 duplicate /gene - atsA_1 atsA_2 atsA_3 atsA_4
[16:22:38] Fixed 2 duplicate /gene - lrp_1 lrp_2
[16:22:38] Fixed 4 duplicate /gene - secA_1 secA_2 secA_3 secA_4
[16:22:38] Fixed 2 duplicate /gene - napH_1 napH_2
[16:22:38] Fixed 2 duplicate /gene - korB_1 korB_2
[16:22:38] Fixed 3 duplicate /gene - qseB_1 qseB_2 qseB_3
[16:22:38] Fixed 2 duplicate /gene - glgM_1 glgM_2
[16:22:38] Fixed 3 duplicate /gene - copA_1 copA_2 copA_3
[16:22:38] Fixed 5 duplicate /gene - qseC_1 qseC_2 qseC_3 qseC_4 qseC_5
[16:22:38] Fixed 2 duplicate /gene - yceI_1 yceI_2
[16:22:38] Fixed 2 duplicate /gene - hybB_1 hybB_2
[16:22:38] Fixed 2 duplicate /gene - cho_1 cho_2
[16:22:38] Fixed 4 duplicate /gene - cheY_1 cheY_2 cheY_3 cheY_4
[16:22:38] Fixed 2 duplicate /gene - pat_1 pat_2
[16:22:38] Fixed 4 duplicate /gene - soj_1 soj_2 soj_3 soj_4
[16:22:38] Fixed 2 duplicate /gene - recB_1 recB_2
[16:22:38] Fixed 2 duplicate /gene - sphX_1 sphX_2
[16:22:38] Fixed 2 duplicate /gene - hisH_1 hisH_2
[16:22:38] Fixed 3 duplicate /gene - pitA_1 pitA_2 pitA_3
[16:22:38] Fixed 2 duplicate /gene - pilE_1 pilE_2
[16:22:38] Fixed 2 duplicate /gene - selD_1 selD_2
[16:22:38] Fixed 2 duplicate /gene - acuI_1 acuI_2
[16:22:38] Fixed 2 duplicate /gene - ctaB_1 ctaB_2
[16:22:38] Fixed 2 duplicate /gene - alkA_1 alkA_2
[16:22:38] Fixed 4 duplicate /gene - mcpP_1 mcpP_2 mcpP_3 mcpP_4
[16:22:38] Fixed 2 duplicate /gene - ecfA3_1 ecfA3_2
[16:22:38] Fixed 5 duplicate /gene - macB_1 macB_2 macB_3 macB_4 macB_5
[16:22:38] Fixed 2 duplicate /gene - pdeR_1 pdeR_2
[16:22:38] Fixed 2 duplicate /gene - resE_1 resE_2
[16:22:38] Fixed 6 duplicate /gene - xerD_1 xerD_2 xerD_3 xerD_4 xerD_5 xerD_6
[16:22:38] Fixed 2 duplicate /gene - ctaA_1 ctaA_2
[16:22:38] Fixed 2 duplicate /gene - cbiX_1 cbiX_2
[16:22:38] Fixed 2 duplicate /gene - tolC_1 tolC_2
[16:22:38] Fixed 5 duplicate /gene - mdtA_1 mdtA_2 mdtA_3 mdtA_4 mdtA_5
[16:22:38] Fixed 2 duplicate /gene - uvrY_1 uvrY_2
[16:22:38] Fixed 5 duplicate /gene - merR1_1 merR1_2 merR1_3 merR1_4 merR1_5
[16:22:38] Fixed 3 duplicate /gene - todT_1 todT_2 todT_3
[16:22:38] Fixed 3 duplicate /gene - bicA_1 bicA_2 bicA_3
[16:22:38] Fixed 2 duplicate /gene - regX3_1 regX3_2
[16:22:38] Fixed 2 duplicate /gene - smtB_1 smtB_2
[16:22:38] Fixed 3 duplicate /gene - exbD_1 exbD_2 exbD_3
[16:22:38] Fixed 2 duplicate /gene - wbpI_1 wbpI_2
[16:22:38] Fixed 2 duplicate /gene - cobD_1 cobD_2
[16:22:38] Fixed 6 duplicate /gene - xerC_1 xerC_2 xerC_3 xerC_4 xerC_5 xerC_6
[16:22:38] Fixed 4 duplicate /gene - mcpQ_1 mcpQ_2 mcpQ_3 mcpQ_4
[16:22:38] Fixed 2 duplicate /gene - glpD_1 glpD_2
[16:22:38] Fixed 2 duplicate /gene - cycA_1 cycA_2
[16:22:38] Fixed 3 duplicate /gene - copK_1 copK_2 copK_3
[16:22:38] Fixed 7 duplicate /gene - rapA_1 rapA_2 rapA_3 rapA_4 rapA_5 rapA_6 rapA_7
[16:22:38] Fixed 2 duplicate /gene - ogt_1 ogt_2
[16:22:38] Fixed 4 duplicate /gene - bepE_1 bepE_2 bepE_3 bepE_4
[16:22:38] Fixed 2 duplicate /gene - atpG_1 atpG_2
[16:22:38] Fixed 2 duplicate /gene - ftsA_1 ftsA_2
[16:22:38] Fixed 2 duplicate /gene - pgaC_1 pgaC_2
[16:22:38] Fixed 2 duplicate /gene - pgdA_1 pgdA_2
[16:22:38] Fixed 2 duplicate /gene - egtB_1 egtB_2
[16:22:38] Fixed 2 duplicate /gene - lapB_1 lapB_2
[16:22:38] Fixed 2 duplicate /gene - eno_1 eno_2
[16:22:38] Fixed 2 duplicate /gene - gstB_1 gstB_2
[16:22:38] Fixed 2 duplicate /gene - pspB_1 pspB_2
[16:22:38] Fixed 6 duplicate /gene - oprM_1 oprM_2 oprM_3 oprM_4 oprM_5 oprM_6
[16:22:38] Fixed 2 duplicate /gene - ycgR_1 ycgR_2
[16:22:38] Fixed 2 duplicate /gene - scpB_1 scpB_2
[16:22:38] Fixed 2 duplicate /gene - hpnP_1 hpnP_2
[16:22:38] Fixed 5 duplicate /gene - lspA_1 lspA_2 lspA_3 lspA_4 lspA_5
[16:22:38] Fixed 3 duplicate /gene - tolB_1 tolB_2 tolB_3
[16:22:38] Fixed 2 duplicate /gene - clsA_1 clsA_2
[16:22:38] Fixed 2 duplicate /gene - trfA_1 trfA_2
[16:22:38] Fixed 2 duplicate /gene - ltxB_1 ltxB_2
[16:22:38] Fixed 5 duplicate /gene - gltI_1 gltI_2 gltI_3 gltI_4 gltI_5
[16:22:38] Fixed 3 duplicate /gene - mmgC_1 mmgC_2 mmgC_3
[16:22:38] Fixed 2 duplicate /gene - relA_1 relA_2
[16:22:38] Fixed 2 duplicate /gene - alaS_1 alaS_2
[16:22:38] Fixed 2 duplicate /gene - cysL_1 cysL_2
[16:22:38] Fixed 2 duplicate /gene - hepC_1 hepC_2
[16:22:38] Fixed 4 duplicate /gene - phaC_1 phaC_2 phaC_3 phaC_4
[16:22:38] Fixed 2 duplicate /gene - amiC_1 amiC_2
[16:22:38] Fixed 3 duplicate /gene - sbp_1 sbp_2 sbp_3
[16:22:38] Fixed 2 duplicate /gene - fbcH_1 fbcH_2
[16:22:38] Fixed 2 duplicate /gene - cbiM_1 cbiM_2
[16:22:38] Fixed 2 duplicate /gene - cph1_1 cph1_2
[16:22:38] Fixed 4 duplicate /gene - ypmQ_1 ypmQ_2 ypmQ_3 ypmQ_4
[16:22:38] Fixed 2 duplicate /gene - rnfE_1 rnfE_2
[16:22:38] Fixed 2 duplicate /gene - hsdR_1 hsdR_2
[16:22:38] Fixed 3 duplicate /gene - hisI_1 hisI_2 hisI_3
[16:22:38] Fixed 2 duplicate /gene - gerN_1 gerN_2
[16:22:38] Fixed 3 duplicate /gene - fbp_1 fbp_2 fbp_3
[16:22:38] Fixed 2 duplicate /gene - atpC_1 atpC_2
[16:22:38] Fixed 2 duplicate /gene - dmdB_1 dmdB_2
[16:22:38] Fixed 2 duplicate /gene - acdA_1 acdA_2
[16:22:38] Fixed 2 duplicate /gene - pyrE_1 pyrE_2
[16:22:38] Fixed 2 duplicate /gene - mdh_1 mdh_2
[16:22:38] Fixed 2 duplicate /gene - cusS_1 cusS_2
[16:22:38] Fixed 3 duplicate /gene - proA_1 proA_2 proA_3
[16:22:38] Fixed 8 duplicate /gene - pleD_1 pleD_2 pleD_3 pleD_4 pleD_5 pleD_6 pleD_7 pleD_8
[16:22:38] Fixed 3 duplicate /gene - leuA_1 leuA_2 leuA_3
[16:22:38] Fixed 3 duplicate /gene - crp_1 crp_2 crp_3
[16:22:38] Fixed 2 duplicate /gene - draG_1 draG_2
[16:22:38] Fixed 406 colliding /gene names.
[16:22:38] Adding /locus_tag identifiers
[16:22:39] Assigned 4761 locus_tags to CDS and RNA features.
[16:22:39] Writing outputs to 644736333/
[16:22:52] Generating annotation statistics file
[16:22:52] Generating Genbank and Sequin files
[16:22:52] Running: tbl2asn -V b -a r10k -l paired-ends -M n -N 1 -y 'Annotated using prokka 1.13 from https://github.com/tseemann/prokka' -Z 644736333\/644736333\.err -i 644736333\/644736333\.fsa 2> /dev/null
[16:23:08] Could not run command: tbl2asn -V b -a r10k -l paired-ends -M n -N 1 -y 'Annotated using prokka 1.13 from https://github.com/tseemann/prokka' -Z 644736333\/644736333\.err -i 644736333\/644736333\.fsa 2> /dev/null
