[12:43:17] This is prokka 1.13.3
[12:43:17] Written by Torsten Seemann <torsten.seemann@gmail.com>
[12:43:17] Homepage is https://github.com/tseemann/prokka
[12:43:17] Local time is Tue Mar  3 12:43:17 2020
[12:43:17] You are emcdaniel
[12:43:17] Operating system is linux
[12:43:17] You have BioPerl 1.007002
[12:43:17] System has 16 cores.
[12:43:17] Will use maximum of 15 cores.
[12:43:17] Annotating as >>> Bacteria <<<
[12:43:17] Generating locus_tag from 'spades-bin.32.fna' contents.
[12:43:17] Setting --locustag BBLLADNB from MD5 bb55ad7b4d0226063993998304bfc6b9
[12:43:17] Enabling options to ensure Genbank/ENA/DDJB submission compliance.
[12:43:17] Creating new output folder: spades-bin.32
[12:43:17] Running: mkdir -p spades\-bin\.32
[12:43:17] Using filename prefix: spades-bin.32.XXX
[12:43:17] Setting HMMER_NCPU=1
[12:43:17] Writing log to: spades-bin.32/spades-bin.32.log
[12:43:17] Command: /home/emcdaniel/anaconda3/envs/prokka3/bin/prokka --outdir spades-bin.32 --prefix spades-bin.32 --cpus 15 spades-bin.32.fna --centre X --compliant
[12:43:17] Appending to PATH: /home/emcdaniel/anaconda3/envs/prokka3/bin
[12:43:17] Looking for 'aragorn' - found /home/emcdaniel/anaconda3/envs/prokka3/bin/aragorn
[12:43:17] Determined aragorn version is 1.2
[12:43:17] Looking for 'barrnap' - found /home/emcdaniel/anaconda3/envs/prokka3/bin/barrnap
[12:43:17] Determined barrnap version is 0.9
[12:43:17] Looking for 'blastp' - found /home/emcdaniel/anaconda3/envs/prokka3/bin/blastp
[12:43:17] Determined blastp version is 2.9
[12:43:17] Looking for 'cmpress' - found /home/emcdaniel/anaconda3/envs/prokka3/bin/cmpress
[12:43:17] Determined cmpress version is 1.1
[12:43:17] Looking for 'cmscan' - found /home/emcdaniel/anaconda3/envs/prokka3/bin/cmscan
[12:43:17] Determined cmscan version is 1.1
[12:43:17] Looking for 'egrep' - found /bin/egrep
[12:43:17] Looking for 'find' - found /usr/bin/find
[12:43:17] Looking for 'grep' - found /bin/grep
[12:43:17] Looking for 'hmmpress' - found /home/emcdaniel/anaconda3/envs/prokka3/bin/hmmpress
[12:43:17] Determined hmmpress version is 3.2
[12:43:17] Looking for 'hmmscan' - found /home/emcdaniel/anaconda3/envs/prokka3/bin/hmmscan
[12:43:17] Determined hmmscan version is 3.2
[12:43:17] Looking for 'java' - found /home/emcdaniel/anaconda3/envs/prokka3/bin/java
[12:43:17] Looking for 'less' - found /usr/bin/less
[12:43:17] Looking for 'makeblastdb' - found /home/emcdaniel/anaconda3/envs/prokka3/bin/makeblastdb
[12:43:17] Determined makeblastdb version is 2.9
[12:43:17] Looking for 'minced' - found /home/emcdaniel/anaconda3/envs/prokka3/bin/minced
[12:43:17] Determined minced version is 4.2
[12:43:17] Looking for 'parallel' - found /home/emcdaniel/anaconda3/envs/prokka3/bin/parallel
[12:43:17] Determined parallel version is 20190722
[12:43:17] Looking for 'prodigal' - found /home/emcdaniel/anaconda3/envs/prokka3/bin/prodigal
[12:43:17] Determined prodigal version is 2.6
[12:43:17] Looking for 'prokka-genbank_to_fasta_db' - found /home/emcdaniel/anaconda3/envs/prokka3/bin/prokka-genbank_to_fasta_db
[12:43:17] Looking for 'sed' - found /bin/sed
[12:43:17] Looking for 'tbl2asn' - found /home/emcdaniel/anaconda3/envs/prokka3/bin/tbl2asn
[12:43:17] Determined tbl2asn version is 25.7
[12:43:17] Using genetic code table 11.
[12:43:17] Loading and checking input file: spades-bin.32.fna
[12:43:17] Wrote 358 contigs totalling 4288117 bp.
[12:43:17] Predicting tRNAs and tmRNAs
[12:43:17] Running: aragorn -l -gc11  -w spades\-bin\.32\/spades\-bin\.32\.fna
[12:43:19] 1 tRNA-Pro [6790,6866] 35 (ggg)
[12:43:19] 2 tRNA-Pro [64581,64657] 35 (cgg)
[12:43:19] 1 tRNA-Leu [48657,48741] 35 (tag)
[12:43:19] 1 tRNA-Ala c[21642,21737] 39 (agc)
[12:43:19] 1 tRNA-Ser [31767,31857] 35 (gga)
[12:43:19] 1 tRNA-Ser c[3922,4007] 38 (cga)
[12:43:19] 1 tRNA-Ser [26266,26359] 35 (gct)
[12:43:19] 1 tRNA-Ala [20114,20189] 34 (ggc)
[12:43:19] 2 tRNA-Glu [20215,20290] 35 (ttc)
[12:43:19] 1 tRNA-Thr c[8895,8970] 34 (cgt)
[12:43:19] 2 tRNA-Pro [13997,14073] 35 (tgg)
[12:43:19] 3 tRNA-Arg [14143,14219] 35 (tct)
[12:43:19] 4 tRNA-His [14228,14303] 34 (gtg)
[12:43:19] 1 tRNA-Ala [17704,17779] 34 (ggc)
[12:43:19] 2 tRNA-Glu [17801,17876] 35 (ttc)
[12:43:19] 1 tRNA-Ser c[8861,8950] 35 (cga)
[12:43:19] 1 tRNA-Trp [181,256] 34 (cca)
[12:43:19] 1 tRNA-Phe [11740,11815] 34 (gaa)
[12:43:19] 1 tRNA-Asn c[14594,14669] 34 (gtt)
[12:43:19] 1 tRNA-Cys c[6829,6902] 33 (gca)
[12:43:19] 2 tRNA-Gly c[6965,7040] 34 (gcc)
[12:43:19] 1 tRNA-Lys [178,253] 34 (ttt)
[12:43:19] 1 tRNA-Val c[6393,6467] 33 (cac)
[12:43:19] 1 tRNA-Gly [668,741] 33 (ccc)
[12:43:19] 1 tRNA-Ala c[6164,6241] 38 (ggc)
[12:43:19] 1 tRNA-Ser c[4506,4586] 36 (tga)
[12:43:19] 1 tRNA-Gln [10228,10317] 31 (ctg)
[12:43:19] 1 tRNA-Met [6050,6126] 35 (cat)
[12:43:19] 1 tRNA-His c[13799,13874] 34 (gtg)
[12:43:19] 1 tRNA-Leu c[9368,9452] 35 (gag)
[12:43:19] 1 tRNA-Arg c[7476,7552] 35 (acg)
[12:43:19] 1 tRNA-Leu [5906,5992] 35 (cag)
[12:43:19] 1 tRNA-Leu c[4787,4871] 35 (taa)
[12:43:19] 2 tRNA-Gly c[4943,5018] 34 (gcc)
[12:43:19] 1 tRNA-Arg c[6050,6124] 34 (cct)
[12:43:19] 1 tRNA-Asn c[6755,6845] 31 (att)
[12:43:19] 1 tRNA-Asp c[3968,4044] 35 (gtc)
[12:43:20] 1 tRNA-Arg [4065,4141] 35 (ccg)
[12:43:20] 1 tRNA-Ala [2888,2963] 34 (cgc)
[12:43:20] tRNA [3378,3468] is a pseudo/wacky gene - skipping.
[12:43:20] 1 tRNA-Thr c[98,171] 33 (tgt)
[12:43:20] 1 tRNA-Gln [4429,4505] 35 (ttg)
[12:43:20] 1 tRNA-Val [1745,1821] 35 (gac)
[12:43:20] 1 tmRNA* c[-33,273] 183,215 ANDERFALAA*
[12:43:20] 1 tRNA-Ser c[848,934] 35 (tga)
[12:43:20] Found 44 tRNAs
[12:43:20] Predicting Ribosomal RNAs
[12:43:20] Running Barrnap with 15 threads
[12:43:21] Found 0 rRNAs
[12:43:21] Skipping ncRNA search, enable with --rfam if desired.
[12:43:21] Total of 43 tRNA + rRNA features
[12:43:21] Searching for CRISPR repeats
[12:43:21] CRISPR1 gnl|X|BBLLADNB_56 13182 with 13 spacers
[12:43:21] Found 1 CRISPRs
[12:43:21] Predicting coding sequences
[12:43:21] Contigs total 4288117 bp, so using single mode
[12:43:21] Running: prodigal -i spades\-bin\.32\/spades\-bin\.32\.fna -c -m -g 11 -p single -f sco -q
[12:43:25] Excluding CDS which overlaps existing RNA (tRNA) at gnl|X|BBLLADNB_7:2944..5664 on - strand
[12:43:25] Excluding CDS which overlaps existing RNA (tRNA) at gnl|X|BBLLADNB_13:24986..26266 on + strand
[12:43:26] Excluding CDS which overlaps existing RNA (repeat_region) at gnl|X|BBLLADNB_56:12968..13546 on - strand
[12:43:26] Excluding CDS which overlaps existing RNA (tRNA) at gnl|X|BBLLADNB_83:3012..6356 on - strand
[12:43:26] Excluding CDS which overlaps existing RNA (tRNA) at gnl|X|BBLLADNB_93:8767..10539 on - strand
[12:43:27] Excluding CDS which overlaps existing RNA (tRNA) at gnl|X|BBLLADNB_142:5574..7298 on + strand
[12:43:27] Found 3875 CDS
[12:43:27] Connecting features back to sequences
[12:43:27] Not using genus-specific database. Try --usegenus to enable it.
[12:43:27] Annotating CDS, please be patient.
[12:43:27] Will use 15 CPUs for similarity searching.
[12:43:28] There are still 3875 unannotated CDS left (started with 3875)
[12:43:28] Will use blast to search against /home/emcdaniel/anaconda3/envs/prokka3/db/kingdom/Bacteria/IS with 15 CPUs
[12:43:28] Running: cat spades\-bin\.32\/IS\.faa | parallel --gnu --plain -j 15 --block 41716 --recstart '>' --pipe blastp -query - -db /home/emcdaniel/anaconda3/envs/prokka3/db/kingdom/Bacteria/IS -evalue 1e-30 -qcov_hsp_perc 90 -num_threads 1 -num_descriptions 1 -num_alignments 1 -seg no > spades\-bin\.32\/IS\.blast 2> /dev/null
[12:43:36] Deleting unwanted file: spades-bin.32/IS.faa
[12:43:36] Deleting unwanted file: spades-bin.32/IS.blast
[12:43:37] There are still 3843 unannotated CDS left (started with 3875)
[12:43:37] Will use blast to search against /home/emcdaniel/anaconda3/envs/prokka3/db/kingdom/Bacteria/AMR with 15 CPUs
[12:43:37] Running: cat spades\-bin\.32\/AMR\.faa | parallel --gnu --plain -j 15 --block 41329 --recstart '>' --pipe blastp -query - -db /home/emcdaniel/anaconda3/envs/prokka3/db/kingdom/Bacteria/AMR -evalue 9.99999999999999e-301 -qcov_hsp_perc 90 -num_threads 1 -num_descriptions 1 -num_alignments 1 -seg no > spades\-bin\.32\/AMR\.blast 2> /dev/null
[12:43:43] Deleting unwanted file: spades-bin.32/AMR.faa
[12:43:43] Deleting unwanted file: spades-bin.32/AMR.blast
[12:43:44] There are still 3843 unannotated CDS left (started with 3875)
[12:43:44] Will use blast to search against /home/emcdaniel/anaconda3/envs/prokka3/db/kingdom/Bacteria/sprot with 15 CPUs
[12:43:44] Running: cat spades\-bin\.32\/sprot\.faa | parallel --gnu --plain -j 15 --block 41329 --recstart '>' --pipe blastp -query - -db /home/emcdaniel/anaconda3/envs/prokka3/db/kingdom/Bacteria/sprot -evalue 1e-09 -qcov_hsp_perc 80 -num_threads 1 -num_descriptions 1 -num_alignments 1 -seg no > spades\-bin\.32\/sprot\.blast 2> /dev/null
[12:44:08] Modify product: Uncharacterized HTH-type transcriptional regulator Rv1395 => putative HTH-type transcriptional regulator
[12:44:08] Modify product: UPF0145 protein BC_1012 => hypothetical protein
[12:44:08] Modify product: Uncharacterized protein Rv2411c => putative protein
[12:44:08] Modify product: Probable acyltransferase YihG => putative acyltransferase YihG
[12:44:08] Modify product: UPF0111 protein HI_1603 => hypothetical protein
[12:44:08] Modify product: Uncharacterized ABC transporter ATP-binding protein YknY => putative ABC transporter ATP-binding protein YknY
[12:44:08] Modify product: Uncharacterized protein YqeY => putative protein YqeY
[12:44:08] Modify product: UPF0053 protein HI_0107 => hypothetical protein
[12:44:08] Modify product: UPF0053 protein HI_0107 => hypothetical protein
[12:44:08] Modify product: UPF0053 protein HI_0107 => hypothetical protein
[12:44:08] Modify product: Uncharacterized protein Rv2569c => putative protein
[12:44:08] Modify product: Uncharacterized protein Rv2567 => putative protein
[12:44:08] Modify product: Probable parvulin-type peptidyl-prolyl cis-trans isomerase => putative parvulin-type peptidyl-prolyl cis-trans isomerase
[12:44:08] Modify product: Glycogen operon protein GlgX homolog => Glycogen operon protein GlgX 
[12:44:08] Modify product: Uncharacterized GST-like protein YibF => putative GST-like protein YibF
[12:44:08] Modify product: Putative diacyglycerol O-acyltransferase Rv1425 => Putative diacyglycerol O-acyltransferase
[12:44:08] Modify product: Probable cyclic di-GMP phosphodiesterase VC_1348 => putative cyclic di-GMP phosphodiesterase
[12:44:08] Modify product: UPF0502 protein YceH => hypothetical protein
[12:44:08] Modify product: UPF0250 protein YbeD => hypothetical protein
[12:44:08] Modify product: Probable ribonucleotide transport ATP-binding protein mkl => putative ribonucleotide transport ATP-binding protein mkl
[12:44:08] Modify product: Probable enoyl-CoA hydratase echA8 => putative enoyl-CoA hydratase echA8
[12:44:08] Modify product: UPF0098 protein CT_736 => hypothetical protein
[12:44:08] Modify product: Protease HtpX homolog => Protease HtpX 
[12:44:08] Modify product: Uncharacterized protein YciH => putative protein YciH
[12:44:08] Modify product: Putative formate dehydrogenase SA2102 => Putative formate dehydrogenase
[12:44:08] Modify product: Glycogen operon protein GlgX homolog => Glycogen operon protein GlgX 
[12:44:08] Modify product: Probable malonic semialdehyde reductase RutE => putative malonic semialdehyde reductase RutE
[12:44:08] Modify product: Cytochrome b561 homolog 2 => Cytochrome b561 
[12:44:08] Modify product: Probable 4-amino-4-deoxy-L-arabinose-phosphoundecaprenol flippase subunit ArnF => putative 4-amino-4-deoxy-L-arabinose-phosphoundecaprenol flippase subunit ArnF
[12:44:08] Modify product: Probable 4-deoxy-4-formamido-L-arabinose-phosphoundecaprenol deformylase ArnD => putative 4-deoxy-4-formamido-L-arabinose-phosphoundecaprenol deformylase ArnD
[12:44:08] Modify product: Glycogen operon protein GlgX homolog => Glycogen operon protein GlgX 
[12:44:08] Modify product: Uncharacterized protein Rv0887c => putative protein
[12:44:09] Modify product: Uncharacterized protein NMB1437 => putative protein
[12:44:09] Modify product: UPF0056 inner membrane protein YhgN => hypothetical protein
[12:44:09] Modify product: UPF0307 protein YjgA => hypothetical protein
[12:44:09] Modify product: Probable peptidoglycan glycosyltransferase FtsW => putative peptidoglycan glycosyltransferase FtsW
[12:44:09] Modify product: UPF0235 protein YggU => hypothetical protein
[12:44:09] Modify product: UPF0301 protein VC_0467 => hypothetical protein
[12:44:09] Modify product: Uncharacterized oxidoreductase Rv1144 => putative oxidoreductase
[12:44:09] Modify product: Lactate-binding periplasmic protein TTHA0766 => Lactate-binding periplasmic protein
[12:44:09] Modify product: Probable GTPase Rv1496 => putative GTPase
[12:44:09] Modify product: Probable enoyl-CoA hydratase echA8 => putative enoyl-CoA hydratase echA8
[12:44:09] Modify product: Uncharacterized protein Rv1507c => putative protein
[12:44:09] Modify product: Glycogen operon protein GlgX homolog => Glycogen operon protein GlgX 
[12:44:09] Modify product: UPF0194 membrane protein YbhG => hypothetical protein
[12:44:09] Modify product: Probable multidrug ABC transporter ATP-binding protein YbhF => putative multidrug ABC transporter ATP-binding protein YbhF
[12:44:09] Modify product: Probable multidrug ABC transporter permease YbhS => putative multidrug ABC transporter permease YbhS
[12:44:09] Modify product: Probable multidrug ABC transporter permease YbhR => putative multidrug ABC transporter permease YbhR
[12:44:09] Modify product: UPF0056 inner membrane protein MarC => hypothetical protein
[12:44:09] Modify product: Cyclic diguanosine monophosphate-binding protein PA4608 => Cyclic diguanosine monophosphate-binding protein
[12:44:09] Modify product: UPF0053 inner membrane protein YtfL => hypothetical protein
[12:44:09] Modify product: Probable iron export ATP-binding protein FetA => putative iron export ATP-binding protein FetA
[12:44:09] Modify product: Probable iron export permease protein FetB => putative iron export permease protein FetB
[12:44:09] Modify product: Uncharacterized metal-dependent hydrolase YcfH => putative metal-dependent hydrolase YcfH
[12:44:09] Modify product: Probable thiol:disulfide interchange protein DsbC => putative thiol:disulfide interchange protein DsbC
[12:44:09] Modify product: Probable phospholipid ABC transporter permease protein MlaE => putative phospholipid ABC transporter permease protein MlaE
[12:44:09] Modify product: Probable phospholipid ABC transporter-binding protein MlaD => putative phospholipid ABC transporter-binding protein MlaD
[12:44:09] Modify product: Probable phospholipid-binding lipoprotein MlaA => putative phospholipid-binding lipoprotein MlaA
[12:44:09] Modify product: Probable phospholipid-binding protein MlaC => putative phospholipid-binding protein MlaC
[12:44:09] Modify product: Uncharacterized ABC transporter ATP-binding protein YadG => putative ABC transporter ATP-binding protein YadG
[12:44:09] Modify product: Probable cyclic di-GMP phosphodiesterase VC_1348 => putative cyclic di-GMP phosphodiesterase
[12:44:09] Modify product: Cyclic di-GMP phosphodiesterase PA4108 => Cyclic di-GMP phosphodiesterase
[12:44:09] Modify product: Probable 3-phenylpropionic acid transporter => putative 3-phenylpropionic acid transporter
[12:44:09] Modify product: Probable sulfoacetate transporter SauU => putative sulfoacetate transporter SauU
[12:44:09] Modify product: Probable acetyl-CoA acyltransferase => putative acetyl-CoA acyltransferase
[12:44:09] Modify product: Putative outer membrane protein NMB0088 => Putative outer membrane protein
[12:44:09] Modify product: Probable 3-hydroxyacyl-CoA dehydrogenase => putative 3-hydroxyacyl-CoA dehydrogenase
[12:44:09] Modify product: Uncharacterized ABC transporter ATP-binding protein YheS => putative ABC transporter ATP-binding protein YheS
[12:44:09] Modify product: Uncharacterized ABC transporter ATP-binding protein YbiT => putative ABC transporter ATP-binding protein YbiT
[12:44:09] Modify product: Probable lipoprotein YiaD => putative lipoprotein YiaD
[12:44:09] Modify product: UPF0434 protein BB2007 => hypothetical protein
[12:44:09] Modify product: UPF0098 protein YbhB => hypothetical protein
[12:44:09] Modify product: Probable lipid II flippase MurJ => putative lipid II flippase MurJ
[12:44:09] Modify product: UPF0246 protein YaaA => hypothetical protein
[12:44:09] Modify product: Probable copper-importing P-type ATPase A => putative copper-importing P-type ATPase A
[12:44:09] Modify product: Uncharacterized ABC transporter ATP-binding protein YknY => putative ABC transporter ATP-binding protein YknY
[12:44:09] Modify product: Probable GTP-binding protein EngB => putative GTP-binding protein EngB
[12:44:09] Modify product: Probable thiol:disulfide interchange protein DsbC => putative thiol:disulfide interchange protein DsbC
[12:44:09] Modify product: UPF0070 protein HI_0370 => hypothetical protein
[12:44:09] Modify product: GTP cyclohydrolase 1 type 2 homolog => GTP cyclohydrolase 1 type 2 
[12:44:09] Modify product: UPF0053 protein Rv1842c => hypothetical protein
[12:44:09] Modify product: Putative diacyglycerol O-acyltransferase Rv3480c => Putative diacyglycerol O-acyltransferase
[12:44:09] Modify product: PGL/p-HBAD biosynthesis glycosyltransferase Rv2957 => PGL/p-HBAD biosynthesis glycosyltransferase
[12:44:09] Modify product: Probable peptidoglycan D,D-transpeptidase PenA => putative peptidoglycan D,D-transpeptidase PenA
[12:44:09] Modify product: UPF0102 protein RPA0323 => hypothetical protein
[12:44:09] Modify product: Uncharacterized signaling protein PA1727 => putative signaling protein
[12:44:09] Modify product: Uncharacterized NTE family protein Rv1063c => putative NTE family protein
[12:44:09] Modify product: Uncharacterized protein YbiB => putative protein YbiB
[12:44:09] Modify product: Probable tRNA-dihydrouridine synthase => putative tRNA-dihydrouridine synthase
[12:44:09] Modify product: Probable enoyl-CoA hydratase echA8 => putative enoyl-CoA hydratase echA8
[12:44:09] Modify product: UPF0234 protein HI_1034 => hypothetical protein
[12:44:09] Modify product: Uncharacterized glycosyltransferase sll0501 => putative glycosyltransferase
[12:44:09] Modify product: Probable phosphatase Rv3661 => putative phosphatase
[12:44:10] Modify product: Uncharacterized protein HI_1048 => putative protein
[12:44:10] Modify product: Solute-binding protein Veis_3954 => Solute-binding protein
[12:44:10] Modify product: UPF0053 protein HI_0107 => hypothetical protein
[12:44:10] Modify product: Universal stress protein MT2698 => Universal stress protein
[12:44:10] Modify product: Uncharacterized protease YdcP => putative protease YdcP
[12:44:10] Modify product: Probable ABC transporter-binding protein DR_1438 => putative ABC transporter-binding protein
[12:44:10] Modify product: Uncharacterized HTH-type transcriptional regulator Rv1985c => putative HTH-type transcriptional regulator
[12:44:10] Modify product: Probable endoribonuclease MazF => putative endoribonuclease MazF
[12:44:10] Modify product: Uncharacterized protein YgaU => putative protein YgaU
[12:44:10] Modify product: UPF0337 protein YjbJ => hypothetical protein
[12:44:10] Modify product: Probable cation-transporting ATPase F => putative cation-transporting ATPase F
[12:44:10] Modify product: Probable cation-transporting ATPase F => putative cation-transporting ATPase F
[12:44:10] Modify product: Uncharacterized metal-dependent hydrolase YjjV => putative metal-dependent hydrolase YjjV
[12:44:10] Modify product: Probable ATP-dependent helicase DinG homolog => putative ATP-dependent helicase DinG 
[12:44:10] Modify product: Uncharacterized protein YfgD => putative protein YfgD
[12:44:10] Modify product: Oxygen-independent coproporphyrinogen-III oxidase-like protein LL1139 => Oxygen-independent coproporphyrinogen-III oxidase-like protein
[12:44:10] Modify product: UPF0701 protein HI_0467 => hypothetical protein
[12:44:10] Modify product: Probable type I restriction enzyme BthVORF4518P M protein => putative type I restriction enzymeP M protein
[12:44:10] Modify product: Uncharacterized protein NMB0459 => putative protein
[12:44:10] Modify product: Probable Ni/Fe-hydrogenase 2 b-type cytochrome subunit => putative Ni/Fe-hydrogenase 2 b-type cytochrome subunit
[12:44:10] Modify product: Probable enoyl-CoA hydratase echA8 => putative enoyl-CoA hydratase echA8
[12:44:10] Modify product: Zinc-type alcohol dehydrogenase-like protein SA1988 => Zinc-type alcohol dehydrogenase-like protein
[12:44:10] Modify product: Uncharacterized protein Rv2232 => putative protein
[12:44:10] Modify product: Bifunctional protein FolD => Bifunctional protein FolD protein
[12:44:10] Modify product: Uncharacterized protein Rv2307c => putative protein
[12:44:10] Modify product: Putative phosphoribosyl transferase MT0597 => Putative phosphoribosyl transferase
[12:44:10] Modify product: Ribonuclease TTHA0252 => Ribonuclease
[12:44:10] Modify product: Probable chromosome-partitioning protein ParB => putative chromosome-partitioning protein ParB
[12:44:10] Modify product: Probable sulfate transporter Rv1739c => putative sulfate transporter
[12:44:10] Modify product: Probable nicotinate-nucleotide adenylyltransferase => putative nicotinate-nucleotide adenylyltransferase
[12:44:10] Modify product: Probable protein kinase UbiB => putative protein kinase UbiB
[12:44:10] Modify product: Uncharacterized RNA pseudouridine synthase Rv1711 => putative RNA pseudouridine synthase
[12:44:10] Modify product: Probable cyclic di-GMP phosphodiesterase PdeB => putative cyclic di-GMP phosphodiesterase PdeB
[12:44:10] Modify product: Uncharacterized protein Rv2569c => putative protein
[12:44:10] Modify product: UPF0271 protein YbgL => hypothetical protein
[12:44:10] Modify product: Uncharacterized protein YbgK => putative protein YbgK
[12:44:10] Modify product: Putative universal stress protein SA1532 => Putative universal stress protein
[12:44:10] Modify product: Uncharacterized oxidoreductase Rv1144 => putative oxidoreductase
[12:44:10] Modify product: Probable membrane transporter protein YfcA => putative membrane transporter protein YfcA
[12:44:10] Modify product: Uncharacterized ABC transporter ATP-binding protein YadG => putative ABC transporter ATP-binding protein YadG
[12:44:10] Modify product: Uncharacterized HTH-type transcriptional regulator YurK => putative HTH-type transcriptional regulator YurK
[12:44:10] Modify product: UPF0178 protein YaiI => hypothetical protein
[12:44:10] Modify product: Probable cation-transporting ATPase F => putative cation-transporting ATPase F
[12:44:10] Modify product: Probable phospholipid import ATP-binding protein MlaF => putative phospholipid import ATP-binding protein MlaF
[12:44:10] Modify product: Probable Fe(2+)-trafficking protein => putative Fe(2+)-trafficking protein
[12:44:10] Modify product: Uncharacterized protein HI_0103 => putative protein
[12:44:10] Modify product: Cyclic di-GMP phosphodiesterase PA4108 => Cyclic di-GMP phosphodiesterase
[12:44:10] Modify product: Probable sulfate transporter Rv1739c => putative sulfate transporter
[12:44:10] Modify product: Probable low molecular weight protein-tyrosine-phosphatase AmsI => putative low molecular weight protein-tyrosine-phosphatase AmsI
[12:44:10] Modify product: Uncharacterized oxidoreductase Rv0945 => putative oxidoreductase
[12:44:10] Modify product: Uncharacterized ABC transporter ATP-binding protein Rv1281c => putative ABC transporter ATP-binding protein
[12:44:10] Modify product: Stringent starvation protein A homolog => Stringent starvation protein A 
[12:44:10] Modify product: UPF0758 protein YsxA => hypothetical protein
[12:44:10] Modify product: Putative multidrug export ATP-binding/permease protein SA1683 => Putative multidrug export ATP-binding/permease protein
[12:44:10] Modify product: Uncharacterized ABC transporter ATP-binding protein YknY => putative ABC transporter ATP-binding protein YknY
[12:44:10] Modify product: Uncharacterized protein YciO => putative protein YciO
[12:44:10] Modify product: Segregation and condensation protein B homolog => Segregation and condensation protein B 
[12:44:10] Modify product: Uncharacterized protein MSMEG_1279/MSMEI_1241 => putative protein/MSMEI_1241
[12:44:10] Modify product: Uncharacterized glycosyltransferase YkoT => putative glycosyltransferase YkoT
[12:44:10] Modify product: Putative esterase aq_1494 => Putative esterase
[12:44:10] Modify product: Uncharacterized ABC transporter ATP-binding protein YadG => putative ABC transporter ATP-binding protein YadG
[12:44:10] Modify product: Uncharacterized protein YaeQ => putative protein YaeQ
[12:44:10] Modify product: Uncharacterized protein YqjD => putative protein YqjD
[12:44:10] Modify product: Probable ABC transporter permease protein NosY => putative ABC transporter permease protein NosY
[12:44:10] Modify product: Probable cyclic di-GMP phosphodiesterase VC_1348 => putative cyclic di-GMP phosphodiesterase
[12:44:11] Modify product: UPF0126 inner membrane protein YadS => hypothetical protein
[12:44:11] Modify product: Uncharacterized protein NMB0928 => putative protein
[12:44:11] Modify product: Probable formate transporter 1 => putative formate transporter 1
[12:44:11] Modify product: Peroxiredoxin sll1621 => Peroxiredoxin
[12:44:11] Modify product: Probable type I restriction enzyme BthVORF4518P M protein => putative type I restriction enzymeP M protein
[12:44:11] Modify product: Phosphate-specific transport system accessory protein PhoU homolog => Phosphate-specific transport system accessory protein PhoU 
[12:44:11] Modify product: Uncharacterized zinc protease Rv2782c => putative zinc protease
[12:44:11] Modify product: Uncharacterized protein Rv2008c => putative protein
[12:44:11] Modify product: Probable Ni/Fe-hydrogenase B-type cytochrome subunit => putative Ni/Fe-hydrogenase B-type cytochrome subunit
[12:44:11] Modify product: Uncharacterized ABC transporter ATP-binding protein YknY => putative ABC transporter ATP-binding protein YknY
[12:44:11] Modify product: Probable ABC transporter phosphite binding protein PhnD1 => putative ABC transporter phosphite binding protein PhnD1
[12:44:11] Modify product: Probable cation-transporting ATPase F => putative cation-transporting ATPase F
[12:44:11] Modify product: Probable DNA endonuclease SmrA => putative DNA endonuclease SmrA
[12:44:11] Modify product: Probable glycerol-3-phosphate acyltransferase => putative glycerol-3-phosphate acyltransferase
[12:44:11] Modify product: Riboflavin biosynthesis protein VVA0006 => Riboflavin biosynthesis protein
[12:44:11] Modify product: Probable sulfate transporter Rv1739c => putative sulfate transporter
[12:44:11] Cleaned 174 /product names
[12:44:11] Deleting unwanted file: spades-bin.32/sprot.faa
[12:44:11] Deleting unwanted file: spades-bin.32/sprot.blast
[12:44:11] There are still 2213 unannotated CDS left (started with 3875)
[12:44:11] Will use hmmer3 to search against /home/emcdaniel/anaconda3/envs/prokka3/db/hmm/HAMAP.hmm with 15 CPUs
[12:44:11] Running: cat spades\-bin\.32\/HAMAP\.hmm\.faa | parallel --gnu --plain -j 15 --block 22576 --recstart '>' --pipe hmmscan --noali --notextw --acc -E 1e-09 --cpu 1 /home/emcdaniel/anaconda3/envs/prokka3/db/hmm/HAMAP.hmm /dev/stdin > spades\-bin\.32\/HAMAP\.hmm\.hmmer3 2> /dev/null
[12:44:57] Modify product: Uncharacterized Nudix hydrolase NudL => putative Nudix hydrolase NudL
[12:44:58] Cleaned 1 /product names
[12:44:58] Deleting unwanted file: spades-bin.32/HAMAP.hmm.faa
[12:44:58] Deleting unwanted file: spades-bin.32/HAMAP.hmm.hmmer3
[12:44:58] Labelling remaining 1943 proteins as 'hypothetical protein'
[12:44:58] Possible /pseudo '3-isopropylmalate dehydratase large subunit' at gnl|X|BBLLADNB_1 position 29063
[12:44:58] Possible /pseudo 'Protein YceI' at gnl|X|BBLLADNB_7 position 11238
[12:44:58] Possible /pseudo 'Bifunctional polymyxin resistance protein ArnA' at gnl|X|BBLLADNB_7 position 40674
[12:44:58] Possible /pseudo 'Adaptive-response sensory-kinase SasA' at gnl|X|BBLLADNB_10 position 2709
[12:44:58] Possible /pseudo 'D-inositol-3-phosphate glycosyltransferase' at gnl|X|BBLLADNB_16 position 4418
[12:44:58] Possible /pseudo 'GDP-mannose 4,6-dehydratase' at gnl|X|BBLLADNB_16 position 23870
[12:44:58] Possible /pseudo 'Twitching mobility protein' at gnl|X|BBLLADNB_24 position 21038
[12:44:58] Possible /pseudo 'Outer membrane porin protein 32' at gnl|X|BBLLADNB_29 position 16870
[12:44:58] Possible /pseudo 'Tyrosine recombinase XerC' at gnl|X|BBLLADNB_50 position 6372
[12:44:58] Possible /pseudo '1,4-alpha-glucan branching enzyme GlgB' at gnl|X|BBLLADNB_54 position 14199
[12:44:58] Possible /pseudo 'putative protein' at gnl|X|BBLLADNB_75 position 9785
[12:44:58] Possible /pseudo 'Sensor histidine kinase RcsC' at gnl|X|BBLLADNB_76 position 8383
[12:44:58] Possible /pseudo 'Penicillin-binding protein 1A' at gnl|X|BBLLADNB_82 position 5120
[12:44:58] Possible /pseudo 'Chemotaxis protein CheV' at gnl|X|BBLLADNB_136 position 3407
[12:44:58] Possible /pseudo 'Cyanophycin synthetase' at gnl|X|BBLLADNB_154 position 8120
[12:44:58] Possible /pseudo 'NADH-quinone oxidoreductase subunit M' at gnl|X|BBLLADNB_185 position 1638
[12:44:58] Possible /pseudo 'Quaternary ammonium compound-resistance protein SugE' at gnl|X|BBLLADNB_195 position 7062
[12:44:58] Possible /pseudo 'Chaperone protein HscA' at gnl|X|BBLLADNB_244 position 1755
[12:44:58] Possible /pseudo 'IS3 family transposase ISPye42' at gnl|X|BBLLADNB_341 position 2376
[12:44:58] Found 1408 unique /gene codes.
[12:44:58] Fixed 3 duplicate /gene - nirS_1 nirS_2 nirS_3
[12:44:58] Fixed 2 duplicate /gene - phaC_1 phaC_2
[12:44:58] Fixed 3 duplicate /gene - gloB_1 gloB_2 gloB_3
[12:44:58] Fixed 2 duplicate /gene - nemA_1 nemA_2
[12:44:58] Fixed 2 duplicate /gene - zraR_1 zraR_2
[12:44:58] Fixed 5 duplicate /gene - ubiE_1 ubiE_2 ubiE_3 ubiE_4 ubiE_5
[12:44:58] Fixed 2 duplicate /gene - fpr_1 fpr_2
[12:44:58] Fixed 2 duplicate /gene - wbpI_1 wbpI_2
[12:44:58] Fixed 2 duplicate /gene - wbgU_1 wbgU_2
[12:44:58] Fixed 3 duplicate /gene - nuoM_1 nuoM_2 nuoM_3
[12:44:58] Fixed 2 duplicate /gene - gmd_1 gmd_2
[12:44:58] Fixed 2 duplicate /gene - mscS_1 mscS_2
[12:44:58] Fixed 2 duplicate /gene - mltC_1 mltC_2
[12:44:58] Fixed 2 duplicate /gene - cphA_1 cphA_2
[12:44:58] Fixed 2 duplicate /gene - hldD_1 hldD_2
[12:44:58] Fixed 3 duplicate /gene - ubiB_1 ubiB_2 ubiB_3
[12:44:58] Fixed 2 duplicate /gene - acsA_1 acsA_2
[12:44:58] Fixed 2 duplicate /gene - fadD_1 fadD_2
[12:44:58] Fixed 2 duplicate /gene - eno_1 eno_2
[12:44:58] Fixed 2 duplicate /gene - gltA_1 gltA_2
[12:44:58] Fixed 3 duplicate /gene - epsF_1 epsF_2 epsF_3
[12:44:58] Fixed 2 duplicate /gene - ppa_1 ppa_2
[12:44:58] Fixed 2 duplicate /gene - ruvB_1 ruvB_2
[12:44:58] Fixed 3 duplicate /gene - atoC_1 atoC_2 atoC_3
[12:44:58] Fixed 7 duplicate /gene - rssB_1 rssB_2 rssB_3 rssB_4 rssB_5 rssB_6 rssB_7
[12:44:58] Fixed 2 duplicate /gene - czcD_1 czcD_2
[12:44:58] Fixed 2 duplicate /gene - pyrK_1 pyrK_2
[12:44:58] Fixed 2 duplicate /gene - hemE_1 hemE_2
[12:44:58] Fixed 2 duplicate /gene - trmB_1 trmB_2
[12:44:58] Fixed 2 duplicate /gene - tktA_1 tktA_2
[12:44:58] Fixed 2 duplicate /gene - bepE_1 bepE_2
[12:44:58] Fixed 2 duplicate /gene - sspA_1 sspA_2
[12:44:58] Fixed 2 duplicate /gene - qseC_1 qseC_2
[12:44:58] Fixed 2 duplicate /gene - ahpC_1 ahpC_2
[12:44:58] Fixed 2 duplicate /gene - rapA_1 rapA_2
[12:44:58] Fixed 2 duplicate /gene - cysL_1 cysL_2
[12:44:58] Fixed 2 duplicate /gene - dadA1_1 dadA1_2
[12:44:58] Fixed 2 duplicate /gene - tsaD_1 tsaD_2
[12:44:58] Fixed 2 duplicate /gene - dsbC_1 dsbC_2
[12:44:58] Fixed 3 duplicate /gene - qseB_1 qseB_2 qseB_3
[12:44:58] Fixed 2 duplicate /gene - mdh_1 mdh_2
[12:44:58] Fixed 4 duplicate /gene - glgX_1 glgX_2 glgX_3 glgX_4
[12:44:58] Fixed 2 duplicate /gene - motB_1 motB_2
[12:44:58] Fixed 2 duplicate /gene - hupR1_1 hupR1_2
[12:44:58] Fixed 2 duplicate /gene - oprM_1 oprM_2
[12:44:58] Fixed 2 duplicate /gene - gabR_1 gabR_2
[12:44:58] Fixed 2 duplicate /gene - bioC_1 bioC_2
[12:44:58] Fixed 2 duplicate /gene - ftsY_1 ftsY_2
[12:44:58] Fixed 2 duplicate /gene - copA_1 copA_2
[12:44:58] Fixed 4 duplicate /gene - ctpF_1 ctpF_2 ctpF_3 ctpF_4
[12:44:58] Fixed 2 duplicate /gene - zapE_1 zapE_2
[12:44:58] Fixed 2 duplicate /gene - acr3_1 acr3_2
[12:44:58] Fixed 2 duplicate /gene - braC_1 braC_2
[12:44:58] Fixed 2 duplicate /gene - glgC_1 glgC_2
[12:44:58] Fixed 2 duplicate /gene - pilT_1 pilT_2
[12:44:58] Fixed 2 duplicate /gene - lptB_1 lptB_2
[12:44:58] Fixed 3 duplicate /gene - uvrA_1 uvrA_2 uvrA_3
[12:44:58] Fixed 2 duplicate /gene - dnaJ_1 dnaJ_2
[12:44:58] Fixed 4 duplicate /gene - bepA_1 bepA_2 bepA_3 bepA_4
[12:44:58] Fixed 2 duplicate /gene - arnC_1 arnC_2
[12:44:58] Fixed 2 duplicate /gene - kdsD_1 kdsD_2
[12:44:58] Fixed 2 duplicate /gene - rcp1_1 rcp1_2
[12:44:58] Fixed 2 duplicate /gene - cc4_1 cc4_2
[12:44:58] Fixed 2 duplicate /gene - murI_1 murI_2
[12:44:58] Fixed 2 duplicate /gene - tam_1 tam_2
[12:44:58] Fixed 2 duplicate /gene - selD_1 selD_2
[12:44:58] Fixed 2 duplicate /gene - cobB_1 cobB_2
[12:44:58] Fixed 2 duplicate /gene - glnD_1 glnD_2
[12:44:58] Fixed 2 duplicate /gene - rfaE_1 rfaE_2
[12:44:58] Fixed 3 duplicate /gene - dctM_1 dctM_2 dctM_3
[12:44:58] Fixed 2 duplicate /gene - dgkA_1 dgkA_2
[12:44:58] Fixed 7 duplicate /gene - pknD_1 pknD_2 pknD_3 pknD_4 pknD_5 pknD_6 pknD_7
[12:44:58] Fixed 4 duplicate /gene - glgB_1 glgB_2 glgB_3 glgB_4
[12:44:58] Fixed 2 duplicate /gene - atpB_1 atpB_2
[12:44:58] Fixed 3 duplicate /gene - atpG_1 atpG_2 atpG_3
[12:44:58] Fixed 2 duplicate /gene - atpF_1 atpF_2
[12:44:58] Fixed 2 duplicate /gene - uctC_1 uctC_2
[12:44:58] Fixed 2 duplicate /gene - patB_1 patB_2
[12:44:58] Fixed 2 duplicate /gene - fieF_1 fieF_2
[12:44:58] Fixed 2 duplicate /gene - rimP_1 rimP_2
[12:44:58] Fixed 2 duplicate /gene - rfbE_1 rfbE_2
[12:44:58] Fixed 2 duplicate /gene - rpsM_1 rpsM_2
[12:44:58] Fixed 2 duplicate /gene - mch_1 mch_2
[12:44:58] Fixed 4 duplicate /gene - livH_1 livH_2 livH_3 livH_4
[12:44:58] Fixed 2 duplicate /gene - acdA_1 acdA_2
[12:44:58] Fixed 2 duplicate /gene - rnr_1 rnr_2
[12:44:58] Fixed 2 duplicate /gene - fusA_1 fusA_2
[12:44:58] Fixed 5 duplicate /gene - menH_1 menH_2 menH_3 menH_4 menH_5
[12:44:58] Fixed 5 duplicate /gene - cheB_1 cheB_2 cheB_3 cheB_4 cheB_5
[12:44:58] Fixed 2 duplicate /gene - lepA_1 lepA_2
[12:44:58] Fixed 2 duplicate /gene - tolQ_1 tolQ_2
[12:44:58] Fixed 2 duplicate /gene - ndvB_1 ndvB_2
[12:44:58] Fixed 2 duplicate /gene - arnA_1 arnA_2
[12:44:58] Fixed 3 duplicate /gene - fabG_1 fabG_2 fabG_3
[12:44:58] Fixed 3 duplicate /gene - htpX_1 htpX_2 htpX_3
[12:44:58] Fixed 4 duplicate /gene - ndhB_1 ndhB_2 ndhB_3 ndhB_4
[12:44:58] Fixed 2 duplicate /gene - cobD_1 cobD_2
[12:44:58] Fixed 4 duplicate /gene - actP_1 actP_2 actP_3 actP_4
[12:44:58] Fixed 3 duplicate /gene - livF_1 livF_2 livF_3
[12:44:58] Fixed 2 duplicate /gene - napA_1 napA_2
[12:44:58] Fixed 2 duplicate /gene - trkH_1 trkH_2
[12:44:58] Fixed 2 duplicate /gene - parA_1 parA_2
[12:44:58] Fixed 2 duplicate /gene - bacC_1 bacC_2
[12:44:58] Fixed 5 duplicate /gene - xerC_1 xerC_2 xerC_3 xerC_4 xerC_5
[12:44:58] Fixed 2 duplicate /gene - nhaD_1 nhaD_2
[12:44:58] Fixed 2 duplicate /gene - msrB_1 msrB_2
[12:44:58] Fixed 2 duplicate /gene - tolC_1 tolC_2
[12:44:58] Fixed 6 duplicate /gene - egtB_1 egtB_2 egtB_3 egtB_4 egtB_5 egtB_6
[12:44:58] Fixed 2 duplicate /gene - yceI_1 yceI_2
[12:44:58] Fixed 2 duplicate /gene - hisI_1 hisI_2
[12:44:58] Fixed 2 duplicate /gene - kefC_1 kefC_2
[12:44:58] Fixed 2 duplicate /gene - wecA_1 wecA_2
[12:44:58] Fixed 3 duplicate /gene - pcm_1 pcm_2 pcm_3
[12:44:58] Fixed 2 duplicate /gene - ihfB_1 ihfB_2
[12:44:58] Fixed 2 duplicate /gene - yadH_1 yadH_2
[12:44:58] Fixed 3 duplicate /gene - hisC_1 hisC_2 hisC_3
[12:44:58] Fixed 3 duplicate /gene - dctP_1 dctP_2 dctP_3
[12:44:58] Fixed 2 duplicate /gene - leuC_1 leuC_2
[12:44:58] Fixed 2 duplicate /gene - cysS_1 cysS_2
[12:44:58] Fixed 2 duplicate /gene - cheY_1 cheY_2
[12:44:58] Fixed 4 duplicate /gene - macB_1 macB_2 macB_3 macB_4
[12:44:58] Fixed 2 duplicate /gene - sugE_1 sugE_2
[12:44:58] Fixed 3 duplicate /gene - yadG_1 yadG_2 yadG_3
[12:44:58] Fixed 2 duplicate /gene - lpxL_1 lpxL_2
[12:44:58] Fixed 2 duplicate /gene - crt_1 crt_2
[12:44:58] Fixed 4 duplicate /gene - rep_1 rep_2 rep_3 rep_4
[12:44:58] Fixed 4 duplicate /gene - prpC_1 prpC_2 prpC_3 prpC_4
[12:44:58] Fixed 2 duplicate /gene - davD_1 davD_2
[12:44:58] Fixed 2 duplicate /gene - yccA_1 yccA_2
[12:44:58] Fixed 2 duplicate /gene - arnB_1 arnB_2
[12:44:58] Fixed 2 duplicate /gene - cdgJ_1 cdgJ_2
[12:44:58] Fixed 4 duplicate /gene - secA_1 secA_2 secA_3 secA_4
[12:44:58] Fixed 2 duplicate /gene - dksA_1 dksA_2
[12:44:58] Fixed 2 duplicate /gene - gatA_1 gatA_2
[12:44:58] Fixed 2 duplicate /gene - cheV_1 cheV_2
[12:44:58] Fixed 2 duplicate /gene - bioA_1 bioA_2
[12:44:58] Fixed 2 duplicate /gene - cmpR_1 cmpR_2
[12:44:58] Fixed 3 duplicate /gene - polC_1 polC_2 polC_3
[12:44:58] Fixed 3 duplicate /gene - rhlE_1 rhlE_2 rhlE_3
[12:44:58] Fixed 3 duplicate /gene - potA_1 potA_2 potA_3
[12:44:58] Fixed 2 duplicate /gene - fbp_1 fbp_2
[12:44:58] Fixed 2 duplicate /gene - recD2_1 recD2_2
[12:44:58] Fixed 7 duplicate /gene - btuD_1 btuD_2 btuD_3 btuD_4 btuD_5 btuD_6 btuD_7
[12:44:58] Fixed 2 duplicate /gene - dxs_1 dxs_2
[12:44:58] Fixed 2 duplicate /gene - fabI_1 fabI_2
[12:44:58] Fixed 2 duplicate /gene - bcp_1 bcp_2
[12:44:58] Fixed 2 duplicate /gene - hemH_1 hemH_2
[12:44:58] Fixed 2 duplicate /gene - glnQ_1 glnQ_2
[12:44:58] Fixed 2 duplicate /gene - petJ_1 petJ_2
[12:44:58] Fixed 2 duplicate /gene - clsB_1 clsB_2
[12:44:58] Fixed 3 duplicate /gene - atpH_1 atpH_2 atpH_3
[12:44:58] Fixed 2 duplicate /gene - mrpF_1 mrpF_2
[12:44:58] Fixed 2 duplicate /gene - lplT_1 lplT_2
[12:44:58] Fixed 5 duplicate /gene - dmlR_1 dmlR_2 dmlR_3 dmlR_4 dmlR_5
[12:44:58] Fixed 2 duplicate /gene - lcfB_1 lcfB_2
[12:44:58] Fixed 2 duplicate /gene - mrcA_1 mrcA_2
[12:44:58] Fixed 3 duplicate /gene - mdtA_1 mdtA_2 mdtA_3
[12:44:58] Fixed 2 duplicate /gene - ppx_1 ppx_2
[12:44:58] Fixed 2 duplicate /gene - smc_1 smc_2
[12:44:58] Fixed 2 duplicate /gene - hemN_1 hemN_2
[12:44:58] Fixed 2 duplicate /gene - folE2_1 folE2_2
[12:44:58] Fixed 2 duplicate /gene - speE_1 speE_2
[12:44:58] Fixed 3 duplicate /gene - nhaR_1 nhaR_2 nhaR_3
[12:44:58] Fixed 2 duplicate /gene - acrE_1 acrE_2
[12:44:58] Fixed 2 duplicate /gene - trpB_1 trpB_2
[12:44:58] Fixed 2 duplicate /gene - maeB_1 maeB_2
[12:44:58] Fixed 2 duplicate /gene - mscK_1 mscK_2
[12:44:58] Fixed 2 duplicate /gene - xerD_1 xerD_2
[12:44:58] Fixed 2 duplicate /gene - tmoT_1 tmoT_2
[12:44:58] Fixed 2 duplicate /gene - ygaZ_1 ygaZ_2
[12:44:58] Fixed 2 duplicate /gene - rpsK_1 rpsK_2
[12:44:58] Fixed 2 duplicate /gene - cusS_1 cusS_2
[12:44:58] Fixed 4 duplicate /gene - echA8_1 echA8_2 echA8_3 echA8_4
[12:44:58] Fixed 2 duplicate /gene - exbD_1 exbD_2
[12:44:58] Fixed 2 duplicate /gene - kaiB_1 kaiB_2
[12:44:58] Fixed 2 duplicate /gene - atpA_1 atpA_2
[12:44:58] Fixed 2 duplicate /gene - mrpA_1 mrpA_2
[12:44:58] Fixed 2 duplicate /gene - amtB_1 amtB_2
[12:44:58] Fixed 4 duplicate /gene - ubiG_1 ubiG_2 ubiG_3 ubiG_4
[12:44:58] Fixed 2 duplicate /gene - pat_1 pat_2
[12:44:58] Fixed 2 duplicate /gene - lrp_1 lrp_2
[12:44:58] Fixed 2 duplicate /gene - clpX_1 clpX_2
[12:44:58] Fixed 2 duplicate /gene - ftsA_1 ftsA_2
[12:44:58] Fixed 2 duplicate /gene - rsmI_1 rsmI_2
[12:44:58] Fixed 2 duplicate /gene - mtaD_1 mtaD_2
[12:44:58] Fixed 2 duplicate /gene - malP_1 malP_2
[12:44:58] Fixed 2 duplicate /gene - glpE_1 glpE_2
[12:44:58] Fixed 2 duplicate /gene - alaS_1 alaS_2
[12:44:58] Fixed 2 duplicate /gene - ftsE_1 ftsE_2
[12:44:58] Fixed 2 duplicate /gene - hemC_1 hemC_2
[12:44:58] Fixed 2 duplicate /gene - yfkJ_1 yfkJ_2
[12:44:58] Fixed 3 duplicate /gene - resA_1 resA_2 resA_3
[12:44:58] Fixed 2 duplicate /gene - nudC_1 nudC_2
[12:44:58] Fixed 3 duplicate /gene - scpA_1 scpA_2 scpA_3
[12:44:58] Fixed 2 duplicate /gene - leuA_1 leuA_2
[12:44:58] Fixed 4 duplicate /gene - yknY_1 yknY_2 yknY_3 yknY_4
[12:44:58] Fixed 2 duplicate /gene - rsxC_1 rsxC_2
[12:44:58] Fixed 2 duplicate /gene - rpoS_1 rpoS_2
[12:44:58] Fixed 3 duplicate /gene - gltI_1 gltI_2 gltI_3
[12:44:58] Fixed 2 duplicate /gene - mexB_1 mexB_2
[12:44:58] Fixed 8 duplicate /gene - mshA_1 mshA_2 mshA_3 mshA_4 mshA_5 mshA_6 mshA_7 mshA_8
[12:44:58] Fixed 2 duplicate /gene - gap3_1 gap3_2
[12:44:58] Fixed 12 duplicate /gene - rcsC_1 rcsC_2 rcsC_3 rcsC_4 rcsC_5 rcsC_6 rcsC_7 rcsC_8 rcsC_9 rcsC_10 rcsC_11 rcsC_12
[12:44:58] Fixed 3 duplicate /gene - hscA_1 hscA_2 hscA_3
[12:44:58] Fixed 24 duplicate /gene - sasA_1 sasA_2 sasA_3 sasA_4 sasA_5 sasA_6 sasA_7 sasA_8 sasA_9 sasA_10 sasA_11 sasA_12 sasA_13 sasA_14 sasA_15 sasA_16 sasA_17 sasA_18 sasA_19 sasA_20 sasA_21 sasA_22 sasA_23 sasA_24
[12:44:58] Fixed 2 duplicate /gene - ydiK_1 ydiK_2
[12:44:58] Fixed 3 duplicate /gene - dapH_1 dapH_2 dapH_3
[12:44:58] Fixed 3 duplicate /gene - asnB_1 asnB_2 asnB_3
[12:44:58] Fixed 2 duplicate /gene - accB_1 accB_2
[12:44:58] Fixed 209 colliding /gene names.
[12:44:58] Adding /locus_tag identifiers
[12:44:58] Assigned 3919 locus_tags to CDS and RNA features.
[12:44:58] Writing outputs to spades-bin.32/
[12:45:01] Generating annotation statistics file
[12:45:01] Generating Genbank and Sequin files
[12:45:01] Running: tbl2asn -V b -a r10k -l paired-ends -M n -N 1 -y 'Annotated using prokka 1.13.3 from https://github.com/tseemann/prokka' -Z spades\-bin\.32\/spades\-bin\.32\.err -i spades\-bin\.32\/spades\-bin\.32\.fsa 2> /dev/null
[12:45:10] Could not run command: tbl2asn -V b -a r10k -l paired-ends -M n -N 1 -y 'Annotated using prokka 1.13.3 from https://github.com/tseemann/prokka' -Z spades\-bin\.32\/spades\-bin\.32\.err -i spades\-bin\.32\/spades\-bin\.32\.fsa 2> /dev/null
